[0.006s] Invoking command in '/home/danirob/handIA2/rosHandIA/build/roshandmsg_pkg': CMAKE_PREFIX_PATH=${CMAKE_PREFIX_PATH}:/home/danirob/handIA2/rosHandIA/install/roshandia_pkg:/opt/ros/jazzy DEBUGINFOD_URLS=https://debuginfod.ubuntu.com PS1=(handIA2) \[\e]0;\u@\h: \w\a\]${debian_chroot:+($debian_chroot)}\[\033[01;32m\]\u@\h\[\033[00m\]:\[\033[01;34m\]\w\[\033[00m\]\$ VIRTUAL_ENV_PROMPT=(handIA2) /usr/bin/cmake /home/danirob/handIA2/rosHandIA/src/roshandmsg_pkg -DCMAKE_INSTALL_PREFIX=/home/danirob/handIA2/rosHandIA/install/roshandmsg_pkg
[0.052s] -- The C compiler identification is GNU 13.3.0
[0.101s] -- The CXX compiler identification is GNU 13.3.0
[0.112s] -- Detecting C compiler ABI info
[0.177s] -- Detecting C compiler ABI info - done
[0.184s] -- Check for working C compiler: /usr/bin/cc - skipped
[0.184s] -- Detecting C compile features
[0.185s] -- Detecting C compile features - done
[0.193s] -- Detecting CXX compiler ABI info
[0.265s] -- Detecting CXX compiler ABI info - done
[0.271s] -- Check for working CXX compiler: /usr/bin/c++ - skipped
[0.272s] -- Detecting CXX compile features
[0.272s] -- Detecting CXX compile features - done
[0.274s] -- Found ament_cmake: 2.5.4 (/opt/ros/jazzy/share/ament_cmake/cmake)
[0.357s] -- Found Python3: /home/danirob/handIA2/handIA2/bin/python3 (found version "3.12.3") found components: Interpreter 
[0.425s] -- Found rosidl_default_generators: 1.6.0 (/opt/ros/jazzy/share/rosidl_default_generators/cmake)
[0.428s] -- Using all available rosidl_typesupport_c: rosidl_typesupport_fastrtps_c;rosidl_typesupport_introspection_c
[0.460s] -- Using all available rosidl_typesupport_cpp: rosidl_typesupport_fastrtps_cpp;rosidl_typesupport_introspection_cpp
[0.486s] -- Found rosidl_adapter: 4.6.6 (/opt/ros/jazzy/share/rosidl_adapter/cmake)
[0.853s] -- Found ament_cmake_ros: 0.12.0 (/opt/ros/jazzy/share/ament_cmake_ros/cmake)
[1.108s] -- Using all available rosidl_typesupport_c: rosidl_typesupport_fastrtps_c;rosidl_typesupport_introspection_c
[1.437s] -- Using all available rosidl_typesupport_cpp: rosidl_typesupport_fastrtps_cpp;rosidl_typesupport_introspection_cpp
[1.438s] -- Found python_cmake_module: 0.11.1 (/opt/ros/jazzy/share/python_cmake_module/cmake)
[1.518s] -- Found PythonExtra: /home/danirob/handIA2/handIA2/bin/python3  
[1.876s] -- Found Python3: /home/danirob/handIA2/handIA2/bin/python3 (found version "3.12.3") found components: Interpreter Development NumPy Development.Module Development.Embed 
[1.898s] -- Found ament_lint_auto: 0.17.3 (/opt/ros/jazzy/share/ament_lint_auto/cmake)
[1.910s] -- Added test 'lint_cmake' to check CMake code style
[1.911s] -- Added test 'xmllint' to check XML markup files
[1.912s] -- Configuring done (1.9s)
[1.932s] -- Generating done (0.0s)
[1.940s] -- Build files have been written to: /home/danirob/handIA2/rosHandIA/build/roshandmsg_pkg
[1.945s] Invoked command in '/home/danirob/handIA2/rosHandIA/build/roshandmsg_pkg' returned '0': CMAKE_PREFIX_PATH=${CMAKE_PREFIX_PATH}:/home/danirob/handIA2/rosHandIA/install/roshandia_pkg:/opt/ros/jazzy DEBUGINFOD_URLS=https://debuginfod.ubuntu.com PS1=(handIA2) \[\e]0;\u@\h: \w\a\]${debian_chroot:+($debian_chroot)}\[\033[01;32m\]\u@\h\[\033[00m\]:\[\033[01;34m\]\w\[\033[00m\]\$ VIRTUAL_ENV_PROMPT=(handIA2) /usr/bin/cmake /home/danirob/handIA2/rosHandIA/src/roshandmsg_pkg -DCMAKE_INSTALL_PREFIX=/home/danirob/handIA2/rosHandIA/install/roshandmsg_pkg
[1.946s] Invoking command in '/home/danirob/handIA2/rosHandIA/build/roshandmsg_pkg': CMAKE_PREFIX_PATH=${CMAKE_PREFIX_PATH}:/home/danirob/handIA2/rosHandIA/install/roshandia_pkg:/opt/ros/jazzy DEBUGINFOD_URLS=https://debuginfod.ubuntu.com PS1=(handIA2) \[\e]0;\u@\h: \w\a\]${debian_chroot:+($debian_chroot)}\[\033[01;32m\]\u@\h\[\033[00m\]:\[\033[01;34m\]\w\[\033[00m\]\$ VIRTUAL_ENV_PROMPT=(handIA2) /usr/bin/cmake --build /home/danirob/handIA2/rosHandIA/build/roshandmsg_pkg -- -j12 -l12
[1.980s] [  2%] [34m[1mGenerating type hashes for ROS interfaces[0m
[1.986s] [  2%] Built target ament_cmake_python_copy_roshandmsg_pkg
[2.118s] [  2%] Built target roshandmsg_pkg__rosidl_generator_type_description
[2.123s] running egg_info
[2.124s] creating roshandmsg_pkg.egg-info
[2.125s] [  5%] [34m[1mGenerating C code for ROS interfaces[0m
[2.132s] writing roshandmsg_pkg.egg-info/PKG-INFO
[2.132s] writing dependency_links to roshandmsg_pkg.egg-info/dependency_links.txt
[2.132s] writing top-level names to roshandmsg_pkg.egg-info/top_level.txt
[2.132s] writing manifest file 'roshandmsg_pkg.egg-info/SOURCES.txt'
[2.132s] [  8%] [34m[1mGenerating C++ code for ROS interfaces[0m
[2.157s] reading manifest file 'roshandmsg_pkg.egg-info/SOURCES.txt'
[2.158s] writing manifest file 'roshandmsg_pkg.egg-info/SOURCES.txt'
[2.184s] [  8%] Built target ament_cmake_python_build_roshandmsg_pkg_egg
[2.315s] [  8%] Built target roshandmsg_pkg__cpp
[2.342s] [ 17%] [32mBuilding C object CMakeFiles/roshandmsg_pkg__rosidl_generator_c.dir/rosidl_generator_c/roshandmsg_pkg/msg/detail/msg_hand__description.c.o[0m
[2.342s] [ 17%] [32mBuilding C object CMakeFiles/roshandmsg_pkg__rosidl_generator_c.dir/rosidl_generator_c/roshandmsg_pkg/msg/detail/msg_hand__type_support.c.o[0m
[2.342s] [ 17%] [32mBuilding C object CMakeFiles/roshandmsg_pkg__rosidl_generator_c.dir/rosidl_generator_c/roshandmsg_pkg/msg/detail/msg_hand__functions.c.o[0m
[2.375s] [ 20%] [32m[1mLinking C shared library libroshandmsg_pkg__rosidl_generator_c.so[0m
[2.400s] [ 20%] Built target roshandmsg_pkg__rosidl_generator_c
[2.407s] [ 35%] [34m[1mGenerating C type support dispatch for ROS interfaces[0m
[2.408s] [ 35%] [34m[1mGenerating C++ type support for eProsima Fast-RTPS[0m
[2.408s] [ 35%] [34m[1mGenerating C++ type support dispatch for ROS interfaces[0m
[2.408s] [ 35%] [34m[1mGenerating C type support for eProsima Fast-RTPS[0m
[2.408s] [ 35%] [34m[1mGenerating C++ introspection for ROS interfaces[0m
[2.408s] [ 38%] [34m[1mGenerating C introspection for ROS interfaces[0m
[2.587s] [ 41%] [32mBuilding CXX object CMakeFiles/roshandmsg_pkg__rosidl_typesupport_c.dir/rosidl_typesupport_c/roshandmsg_pkg/msg/msg_hand__type_support.cpp.o[0m
[2.587s] [ 44%] [32mBuilding CXX object CMakeFiles/roshandmsg_pkg__rosidl_typesupport_cpp.dir/rosidl_typesupport_cpp/roshandmsg_pkg/msg/msg_hand__type_support.cpp.o[0m
[2.602s] [ 47%] [32mBuilding C object CMakeFiles/roshandmsg_pkg__rosidl_typesupport_introspection_c.dir/rosidl_typesupport_introspection_c/roshandmsg_pkg/msg/detail/msg_hand__type_support.c.o[0m
[2.605s] [ 50%] [32mBuilding CXX object CMakeFiles/roshandmsg_pkg__rosidl_typesupport_introspection_cpp.dir/rosidl_typesupport_introspection_cpp/roshandmsg_pkg/msg/detail/msg_hand__type_support.cpp.o[0m
[2.617s] [ 52%] [32m[1mLinking CXX shared library libroshandmsg_pkg__rosidl_typesupport_c.so[0m
[2.626s] [ 55%] [32mBuilding CXX object CMakeFiles/roshandmsg_pkg__rosidl_typesupport_fastrtps_c.dir/rosidl_typesupport_fastrtps_c/roshandmsg_pkg/msg/detail/msg_hand__type_support_c.cpp.o[0m
[2.627s] [ 58%] [32mBuilding CXX object CMakeFiles/roshandmsg_pkg__rosidl_typesupport_fastrtps_cpp.dir/rosidl_typesupport_fastrtps_cpp/roshandmsg_pkg/msg/detail/dds_fastrtps/msg_hand__type_support.cpp.o[0m
[2.628s] [ 61%] [32m[1mLinking C shared library libroshandmsg_pkg__rosidl_typesupport_introspection_c.so[0m
[2.647s] [ 61%] Built target roshandmsg_pkg__rosidl_typesupport_c
[2.649s] [ 61%] Built target roshandmsg_pkg__rosidl_typesupport_introspection_c
[2.811s] [ 64%] [32m[1mLinking CXX shared library libroshandmsg_pkg__rosidl_typesupport_cpp.so[0m
[2.823s] [ 67%] [32m[1mLinking CXX shared library libroshandmsg_pkg__rosidl_typesupport_introspection_cpp.so[0m
[2.840s] [ 67%] Built target roshandmsg_pkg__rosidl_typesupport_cpp
[2.853s] [ 67%] Built target roshandmsg_pkg__rosidl_typesupport_introspection_cpp
[2.954s] [ 73%] [32m[1mLinking CXX shared library libroshandmsg_pkg__rosidl_typesupport_fastrtps_c.so[0m
[2.954s] [ 73%] [32m[1mLinking CXX shared library libroshandmsg_pkg__rosidl_typesupport_fastrtps_cpp.so[0m
[2.987s] [ 73%] Built target roshandmsg_pkg__rosidl_typesupport_fastrtps_cpp
[2.988s] [ 73%] Built target roshandmsg_pkg__rosidl_typesupport_fastrtps_c
[3.001s] [ 73%] Built target roshandmsg_pkg
[3.015s] [ 76%] [34m[1mGenerating Python code for ROS interfaces[0m
[3.232s] [ 76%] Built target roshandmsg_pkg__py
[3.245s] [ 79%] [32mBuilding C object CMakeFiles/roshandmsg_pkg__rosidl_generator_py.dir/rosidl_generator_py/roshandmsg_pkg/msg/_msg_hand_s.c.o[0m
[3.327s] [ 82%] [32m[1mLinking C shared library libroshandmsg_pkg__rosidl_generator_py.so[0m
[3.354s] [ 82%] Built target roshandmsg_pkg__rosidl_generator_py
[3.369s] [ 91%] [32mBuilding C object CMakeFiles/roshandmsg_pkg_s__rosidl_typesupport_fastrtps_c.dir/rosidl_generator_py/roshandmsg_pkg/_roshandmsg_pkg_s.ep.rosidl_typesupport_fastrtps_c.c.o[0m
[3.369s] [ 91%] [32mBuilding C object CMakeFiles/roshandmsg_pkg_s__rosidl_typesupport_introspection_c.dir/rosidl_generator_py/roshandmsg_pkg/_roshandmsg_pkg_s.ep.rosidl_typesupport_introspection_c.c.o[0m
[3.369s] [ 91%] [32mBuilding C object CMakeFiles/roshandmsg_pkg_s__rosidl_typesupport_c.dir/rosidl_generator_py/roshandmsg_pkg/_roshandmsg_pkg_s.ep.rosidl_typesupport_c.c.o[0m
[3.438s] [ 94%] [32m[1mLinking C shared module rosidl_generator_py/roshandmsg_pkg/roshandmsg_pkg_s__rosidl_typesupport_c.so[0m
[3.438s] [ 97%] [32m[1mLinking C shared module rosidl_generator_py/roshandmsg_pkg/roshandmsg_pkg_s__rosidl_typesupport_introspection_c.so[0m
[3.440s] [100%] [32m[1mLinking C shared module rosidl_generator_py/roshandmsg_pkg/roshandmsg_pkg_s__rosidl_typesupport_fastrtps_c.so[0m
[3.459s] [100%] Built target roshandmsg_pkg_s__rosidl_typesupport_introspection_c
[3.459s] [100%] Built target roshandmsg_pkg_s__rosidl_typesupport_c
[3.461s] [100%] Built target roshandmsg_pkg_s__rosidl_typesupport_fastrtps_c
[3.469s] Invoked command in '/home/danirob/handIA2/rosHandIA/build/roshandmsg_pkg' returned '0': CMAKE_PREFIX_PATH=${CMAKE_PREFIX_PATH}:/home/danirob/handIA2/rosHandIA/install/roshandia_pkg:/opt/ros/jazzy DEBUGINFOD_URLS=https://debuginfod.ubuntu.com PS1=(handIA2) \[\e]0;\u@\h: \w\a\]${debian_chroot:+($debian_chroot)}\[\033[01;32m\]\u@\h\[\033[00m\]:\[\033[01;34m\]\w\[\033[00m\]\$ VIRTUAL_ENV_PROMPT=(handIA2) /usr/bin/cmake --build /home/danirob/handIA2/rosHandIA/build/roshandmsg_pkg -- -j12 -l12
[3.476s] Invoking command in '/home/danirob/handIA2/rosHandIA/build/roshandmsg_pkg': CMAKE_PREFIX_PATH=${CMAKE_PREFIX_PATH}:/home/danirob/handIA2/rosHandIA/install/roshandia_pkg:/opt/ros/jazzy DEBUGINFOD_URLS=https://debuginfod.ubuntu.com PS1=(handIA2) \[\e]0;\u@\h: \w\a\]${debian_chroot:+($debian_chroot)}\[\033[01;32m\]\u@\h\[\033[00m\]:\[\033[01;34m\]\w\[\033[00m\]\$ VIRTUAL_ENV_PROMPT=(handIA2) /usr/bin/cmake --install /home/danirob/handIA2/rosHandIA/build/roshandmsg_pkg
[3.482s] -- Install configuration: ""
[3.482s] -- Installing: /home/danirob/handIA2/rosHandIA/install/roshandmsg_pkg/share/ament_index/resource_index/rosidl_interfaces/roshandmsg_pkg
[3.483s] -- Installing: /home/danirob/handIA2/rosHandIA/install/roshandmsg_pkg/share/roshandmsg_pkg/msg/MsgHand.json
[3.483s] -- Installing: /home/danirob/handIA2/rosHandIA/install/roshandmsg_pkg/include/roshandmsg_pkg/roshandmsg_pkg
[3.483s] -- Installing: /home/danirob/handIA2/rosHandIA/install/roshandmsg_pkg/include/roshandmsg_pkg/roshandmsg_pkg/msg
[3.483s] -- Installing: /home/danirob/handIA2/rosHandIA/install/roshandmsg_pkg/include/roshandmsg_pkg/roshandmsg_pkg/msg/rosidl_generator_c__visibility_control.h
[3.483s] -- Installing: /home/danirob/handIA2/rosHandIA/install/roshandmsg_pkg/include/roshandmsg_pkg/roshandmsg_pkg/msg/detail
[3.483s] -- Installing: /home/danirob/handIA2/rosHandIA/install/roshandmsg_pkg/include/roshandmsg_pkg/roshandmsg_pkg/msg/detail/msg_hand__type_support.h
[3.483s] -- Installing: /home/danirob/handIA2/rosHandIA/install/roshandmsg_pkg/include/roshandmsg_pkg/roshandmsg_pkg/msg/detail/msg_hand__description.c
[3.483s] -- Installing: /home/danirob/handIA2/rosHandIA/install/roshandmsg_pkg/include/roshandmsg_pkg/roshandmsg_pkg/msg/detail/msg_hand__type_support.c
[3.483s] -- Installing: /home/danirob/handIA2/rosHandIA/install/roshandmsg_pkg/include/roshandmsg_pkg/roshandmsg_pkg/msg/detail/msg_hand__struct.h
[3.483s] -- Installing: /home/danirob/handIA2/rosHandIA/install/roshandmsg_pkg/include/roshandmsg_pkg/roshandmsg_pkg/msg/detail/msg_hand__functions.c
[3.483s] -- Installing: /home/danirob/handIA2/rosHandIA/install/roshandmsg_pkg/include/roshandmsg_pkg/roshandmsg_pkg/msg/detail/msg_hand__functions.h
[3.483s] -- Installing: /home/danirob/handIA2/rosHandIA/install/roshandmsg_pkg/include/roshandmsg_pkg/roshandmsg_pkg/msg/msg_hand.h
[3.483s] -- Installing: /home/danirob/handIA2/rosHandIA/install/roshandmsg_pkg/share/roshandmsg_pkg/environment/library_path.sh
[3.483s] -- Installing: /home/danirob/handIA2/rosHandIA/install/roshandmsg_pkg/share/roshandmsg_pkg/environment/library_path.dsv
[3.483s] -- Installing: /home/danirob/handIA2/rosHandIA/install/roshandmsg_pkg/lib/libroshandmsg_pkg__rosidl_generator_c.so
[3.484s] -- Set non-toolchain portion of runtime path of "/home/danirob/handIA2/rosHandIA/install/roshandmsg_pkg/lib/libroshandmsg_pkg__rosidl_generator_c.so" to ""
[3.484s] -- Up-to-date: /home/danirob/handIA2/rosHandIA/install/roshandmsg_pkg/include/roshandmsg_pkg/roshandmsg_pkg
[3.484s] -- Up-to-date: /home/danirob/handIA2/rosHandIA/install/roshandmsg_pkg/include/roshandmsg_pkg/roshandmsg_pkg/msg
[3.484s] -- Up-to-date: /home/danirob/handIA2/rosHandIA/install/roshandmsg_pkg/include/roshandmsg_pkg/roshandmsg_pkg/msg/detail
[3.484s] -- Installing: /home/danirob/handIA2/rosHandIA/install/roshandmsg_pkg/include/roshandmsg_pkg/roshandmsg_pkg/msg/detail/msg_hand__rosidl_typesupport_fastrtps_c.h
[3.484s] -- Installing: /home/danirob/handIA2/rosHandIA/install/roshandmsg_pkg/include/roshandmsg_pkg/roshandmsg_pkg/msg/rosidl_typesupport_fastrtps_c__visibility_control.h
[3.484s] -- Installing: /home/danirob/handIA2/rosHandIA/install/roshandmsg_pkg/lib/libroshandmsg_pkg__rosidl_typesupport_fastrtps_c.so
[3.484s] -- Set non-toolchain portion of runtime path of "/home/danirob/handIA2/rosHandIA/install/roshandmsg_pkg/lib/libroshandmsg_pkg__rosidl_typesupport_fastrtps_c.so" to ""
[3.484s] -- Up-to-date: /home/danirob/handIA2/rosHandIA/install/roshandmsg_pkg/include/roshandmsg_pkg/roshandmsg_pkg
[3.484s] -- Up-to-date: /home/danirob/handIA2/rosHandIA/install/roshandmsg_pkg/include/roshandmsg_pkg/roshandmsg_pkg/msg
[3.484s] -- Up-to-date: /home/danirob/handIA2/rosHandIA/install/roshandmsg_pkg/include/roshandmsg_pkg/roshandmsg_pkg/msg/detail
[3.484s] -- Installing: /home/danirob/handIA2/rosHandIA/install/roshandmsg_pkg/include/roshandmsg_pkg/roshandmsg_pkg/msg/detail/msg_hand__rosidl_typesupport_introspection_c.h
[3.484s] -- Up-to-date: /home/danirob/handIA2/rosHandIA/install/roshandmsg_pkg/include/roshandmsg_pkg/roshandmsg_pkg/msg/detail/msg_hand__type_support.c
[3.484s] -- Installing: /home/danirob/handIA2/rosHandIA/install/roshandmsg_pkg/include/roshandmsg_pkg/roshandmsg_pkg/msg/rosidl_typesupport_introspection_c__visibility_control.h
[3.484s] -- Installing: /home/danirob/handIA2/rosHandIA/install/roshandmsg_pkg/lib/libroshandmsg_pkg__rosidl_typesupport_introspection_c.so
[3.485s] -- Set non-toolchain portion of runtime path of "/home/danirob/handIA2/rosHandIA/install/roshandmsg_pkg/lib/libroshandmsg_pkg__rosidl_typesupport_introspection_c.so" to ""
[3.485s] -- Installing: /home/danirob/handIA2/rosHandIA/install/roshandmsg_pkg/lib/libroshandmsg_pkg__rosidl_typesupport_c.so
[3.485s] -- Set non-toolchain portion of runtime path of "/home/danirob/handIA2/rosHandIA/install/roshandmsg_pkg/lib/libroshandmsg_pkg__rosidl_typesupport_c.so" to ""
[3.485s] -- Up-to-date: /home/danirob/handIA2/rosHandIA/install/roshandmsg_pkg/include/roshandmsg_pkg/roshandmsg_pkg
[3.485s] -- Up-to-date: /home/danirob/handIA2/rosHandIA/install/roshandmsg_pkg/include/roshandmsg_pkg/roshandmsg_pkg/msg
[3.485s] -- Up-to-date: /home/danirob/handIA2/rosHandIA/install/roshandmsg_pkg/include/roshandmsg_pkg/roshandmsg_pkg/msg/detail
[3.485s] -- Installing: /home/danirob/handIA2/rosHandIA/install/roshandmsg_pkg/include/roshandmsg_pkg/roshandmsg_pkg/msg/detail/msg_hand__traits.hpp
[3.485s] -- Installing: /home/danirob/handIA2/rosHandIA/install/roshandmsg_pkg/include/roshandmsg_pkg/roshandmsg_pkg/msg/detail/msg_hand__struct.hpp
[3.485s] -- Installing: /home/danirob/handIA2/rosHandIA/install/roshandmsg_pkg/include/roshandmsg_pkg/roshandmsg_pkg/msg/detail/msg_hand__builder.hpp
[3.485s] -- Installing: /home/danirob/handIA2/rosHandIA/install/roshandmsg_pkg/include/roshandmsg_pkg/roshandmsg_pkg/msg/detail/msg_hand__type_support.hpp
[3.485s] -- Installing: /home/danirob/handIA2/rosHandIA/install/roshandmsg_pkg/include/roshandmsg_pkg/roshandmsg_pkg/msg/rosidl_generator_cpp__visibility_control.hpp
[3.485s] -- Installing: /home/danirob/handIA2/rosHandIA/install/roshandmsg_pkg/include/roshandmsg_pkg/roshandmsg_pkg/msg/msg_hand.hpp
[3.485s] -- Up-to-date: /home/danirob/handIA2/rosHandIA/install/roshandmsg_pkg/include/roshandmsg_pkg/roshandmsg_pkg
[3.485s] -- Up-to-date: /home/danirob/handIA2/rosHandIA/install/roshandmsg_pkg/include/roshandmsg_pkg/roshandmsg_pkg/msg
[3.485s] -- Up-to-date: /home/danirob/handIA2/rosHandIA/install/roshandmsg_pkg/include/roshandmsg_pkg/roshandmsg_pkg/msg/detail
[3.485s] -- Installing: /home/danirob/handIA2/rosHandIA/install/roshandmsg_pkg/include/roshandmsg_pkg/roshandmsg_pkg/msg/detail/msg_hand__rosidl_typesupport_fastrtps_cpp.hpp
[3.485s] -- Installing: /home/danirob/handIA2/rosHandIA/install/roshandmsg_pkg/include/roshandmsg_pkg/roshandmsg_pkg/msg/detail/dds_fastrtps
[3.485s] -- Installing: /home/danirob/handIA2/rosHandIA/install/roshandmsg_pkg/include/roshandmsg_pkg/roshandmsg_pkg/msg/rosidl_typesupport_fastrtps_cpp__visibility_control.h
[3.486s] -- Installing: /home/danirob/handIA2/rosHandIA/install/roshandmsg_pkg/lib/libroshandmsg_pkg__rosidl_typesupport_fastrtps_cpp.so
[3.486s] -- Set non-toolchain portion of runtime path of "/home/danirob/handIA2/rosHandIA/install/roshandmsg_pkg/lib/libroshandmsg_pkg__rosidl_typesupport_fastrtps_cpp.so" to ""
[3.486s] -- Up-to-date: /home/danirob/handIA2/rosHandIA/install/roshandmsg_pkg/include/roshandmsg_pkg/roshandmsg_pkg
[3.486s] -- Up-to-date: /home/danirob/handIA2/rosHandIA/install/roshandmsg_pkg/include/roshandmsg_pkg/roshandmsg_pkg/msg
[3.486s] -- Up-to-date: /home/danirob/handIA2/rosHandIA/install/roshandmsg_pkg/include/roshandmsg_pkg/roshandmsg_pkg/msg/detail
[3.486s] -- Installing: /home/danirob/handIA2/rosHandIA/install/roshandmsg_pkg/include/roshandmsg_pkg/roshandmsg_pkg/msg/detail/msg_hand__rosidl_typesupport_introspection_cpp.hpp
[3.486s] -- Installing: /home/danirob/handIA2/rosHandIA/install/roshandmsg_pkg/include/roshandmsg_pkg/roshandmsg_pkg/msg/detail/msg_hand__type_support.cpp
[3.486s] -- Installing: /home/danirob/handIA2/rosHandIA/install/roshandmsg_pkg/lib/libroshandmsg_pkg__rosidl_typesupport_introspection_cpp.so
[3.486s] -- Set non-toolchain portion of runtime path of "/home/danirob/handIA2/rosHandIA/install/roshandmsg_pkg/lib/libroshandmsg_pkg__rosidl_typesupport_introspection_cpp.so" to ""
[3.486s] -- Installing: /home/danirob/handIA2/rosHandIA/install/roshandmsg_pkg/lib/libroshandmsg_pkg__rosidl_typesupport_cpp.so
[3.486s] -- Set non-toolchain portion of runtime path of "/home/danirob/handIA2/rosHandIA/install/roshandmsg_pkg/lib/libroshandmsg_pkg__rosidl_typesupport_cpp.so" to ""
[3.486s] -- Installing: /home/danirob/handIA2/rosHandIA/install/roshandmsg_pkg/share/roshandmsg_pkg/environment/pythonpath.sh
[3.486s] -- Installing: /home/danirob/handIA2/rosHandIA/install/roshandmsg_pkg/share/roshandmsg_pkg/environment/pythonpath.dsv
[3.486s] -- Installing: /home/danirob/handIA2/rosHandIA/install/roshandmsg_pkg/lib/python3.12/site-packages/roshandmsg_pkg-0.0.0-py3.12.egg-info
[3.486s] -- Installing: /home/danirob/handIA2/rosHandIA/install/roshandmsg_pkg/lib/python3.12/site-packages/roshandmsg_pkg-0.0.0-py3.12.egg-info/top_level.txt
[3.486s] -- Installing: /home/danirob/handIA2/rosHandIA/install/roshandmsg_pkg/lib/python3.12/site-packages/roshandmsg_pkg-0.0.0-py3.12.egg-info/PKG-INFO
[3.486s] -- Installing: /home/danirob/handIA2/rosHandIA/install/roshandmsg_pkg/lib/python3.12/site-packages/roshandmsg_pkg-0.0.0-py3.12.egg-info/SOURCES.txt
[3.486s] -- Installing: /home/danirob/handIA2/rosHandIA/install/roshandmsg_pkg/lib/python3.12/site-packages/roshandmsg_pkg-0.0.0-py3.12.egg-info/dependency_links.txt
[3.487s] -- Installing: /home/danirob/handIA2/rosHandIA/install/roshandmsg_pkg/lib/python3.12/site-packages/roshandmsg_pkg
[3.487s] -- Installing: /home/danirob/handIA2/rosHandIA/install/roshandmsg_pkg/lib/python3.12/site-packages/roshandmsg_pkg/__init__.py
[3.487s] -- Installing: /home/danirob/handIA2/rosHandIA/install/roshandmsg_pkg/lib/python3.12/site-packages/roshandmsg_pkg/msg
[3.487s] -- Installing: /home/danirob/handIA2/rosHandIA/install/roshandmsg_pkg/lib/python3.12/site-packages/roshandmsg_pkg/msg/__init__.py
[3.487s] -- Installing: /home/danirob/handIA2/rosHandIA/install/roshandmsg_pkg/lib/python3.12/site-packages/roshandmsg_pkg/msg/_msg_hand.py
[3.487s] -- Installing: /home/danirob/handIA2/rosHandIA/install/roshandmsg_pkg/lib/python3.12/site-packages/roshandmsg_pkg/msg/_msg_hand_s.c
[3.487s] -- Installing: /home/danirob/handIA2/rosHandIA/install/roshandmsg_pkg/lib/python3.12/site-packages/roshandmsg_pkg/roshandmsg_pkg_s__rosidl_typesupport_c.so
[3.487s] -- Installing: /home/danirob/handIA2/rosHandIA/install/roshandmsg_pkg/lib/python3.12/site-packages/roshandmsg_pkg/_roshandmsg_pkg_s.ep.rosidl_typesupport_introspection_c.c
[3.487s] -- Installing: /home/danirob/handIA2/rosHandIA/install/roshandmsg_pkg/lib/python3.12/site-packages/roshandmsg_pkg/roshandmsg_pkg_s__rosidl_typesupport_fastrtps_c.so
[3.487s] -- Installing: /home/danirob/handIA2/rosHandIA/install/roshandmsg_pkg/lib/python3.12/site-packages/roshandmsg_pkg/_roshandmsg_pkg_s.ep.rosidl_typesupport_fastrtps_c.c
[3.487s] -- Installing: /home/danirob/handIA2/rosHandIA/install/roshandmsg_pkg/lib/python3.12/site-packages/roshandmsg_pkg/roshandmsg_pkg_s__rosidl_typesupport_introspection_c.so
[3.487s] -- Installing: /home/danirob/handIA2/rosHandIA/install/roshandmsg_pkg/lib/python3.12/site-packages/roshandmsg_pkg/_roshandmsg_pkg_s.ep.rosidl_typesupport_c.c
[3.516s] Listing '/home/danirob/handIA2/rosHandIA/install/roshandmsg_pkg/lib/python3.12/site-packages/roshandmsg_pkg'...
[3.516s] Compiling '/home/danirob/handIA2/rosHandIA/install/roshandmsg_pkg/lib/python3.12/site-packages/roshandmsg_pkg/__init__.py'...
[3.516s] Listing '/home/danirob/handIA2/rosHandIA/install/roshandmsg_pkg/lib/python3.12/site-packages/roshandmsg_pkg/msg'...
[3.516s] Compiling '/home/danirob/handIA2/rosHandIA/install/roshandmsg_pkg/lib/python3.12/site-packages/roshandmsg_pkg/msg/__init__.py'...
[3.516s] Compiling '/home/danirob/handIA2/rosHandIA/install/roshandmsg_pkg/lib/python3.12/site-packages/roshandmsg_pkg/msg/_msg_hand.py'...
[3.520s] -- Installing: /home/danirob/handIA2/rosHandIA/install/roshandmsg_pkg/lib/python3.12/site-packages/roshandmsg_pkg/roshandmsg_pkg_s__rosidl_typesupport_fastrtps_c.so
[3.520s] -- Set non-toolchain portion of runtime path of "/home/danirob/handIA2/rosHandIA/install/roshandmsg_pkg/lib/python3.12/site-packages/roshandmsg_pkg/roshandmsg_pkg_s__rosidl_typesupport_fastrtps_c.so" to ""
[3.520s] -- Installing: /home/danirob/handIA2/rosHandIA/install/roshandmsg_pkg/lib/python3.12/site-packages/roshandmsg_pkg/roshandmsg_pkg_s__rosidl_typesupport_introspection_c.so
[3.520s] -- Set non-toolchain portion of runtime path of "/home/danirob/handIA2/rosHandIA/install/roshandmsg_pkg/lib/python3.12/site-packages/roshandmsg_pkg/roshandmsg_pkg_s__rosidl_typesupport_introspection_c.so" to ""
[3.521s] -- Installing: /home/danirob/handIA2/rosHandIA/install/roshandmsg_pkg/lib/python3.12/site-packages/roshandmsg_pkg/roshandmsg_pkg_s__rosidl_typesupport_c.so
[3.521s] -- Set non-toolchain portion of runtime path of "/home/danirob/handIA2/rosHandIA/install/roshandmsg_pkg/lib/python3.12/site-packages/roshandmsg_pkg/roshandmsg_pkg_s__rosidl_typesupport_c.so" to ""
[3.521s] -- Installing: /home/danirob/handIA2/rosHandIA/install/roshandmsg_pkg/lib/libroshandmsg_pkg__rosidl_generator_py.so
[3.521s] -- Set non-toolchain portion of runtime path of "/home/danirob/handIA2/rosHandIA/install/roshandmsg_pkg/lib/libroshandmsg_pkg__rosidl_generator_py.so" to ""
[3.521s] -- Installing: /home/danirob/handIA2/rosHandIA/install/roshandmsg_pkg/share/roshandmsg_pkg/msg/MsgHand.idl
[3.521s] -- Installing: /home/danirob/handIA2/rosHandIA/install/roshandmsg_pkg/share/roshandmsg_pkg/msg/MsgHand.msg
[3.521s] -- Installing: /home/danirob/handIA2/rosHandIA/install/roshandmsg_pkg/share/ament_index/resource_index/package_run_dependencies/roshandmsg_pkg
[3.521s] -- Installing: /home/danirob/handIA2/rosHandIA/install/roshandmsg_pkg/share/ament_index/resource_index/parent_prefix_path/roshandmsg_pkg
[3.521s] -- Installing: /home/danirob/handIA2/rosHandIA/install/roshandmsg_pkg/share/roshandmsg_pkg/environment/ament_prefix_path.sh
[3.521s] -- Installing: /home/danirob/handIA2/rosHandIA/install/roshandmsg_pkg/share/roshandmsg_pkg/environment/ament_prefix_path.dsv
[3.521s] -- Installing: /home/danirob/handIA2/rosHandIA/install/roshandmsg_pkg/share/roshandmsg_pkg/environment/path.sh
[3.521s] -- Installing: /home/danirob/handIA2/rosHandIA/install/roshandmsg_pkg/share/roshandmsg_pkg/environment/path.dsv
[3.522s] -- Installing: /home/danirob/handIA2/rosHandIA/install/roshandmsg_pkg/share/roshandmsg_pkg/local_setup.bash
[3.522s] -- Installing: /home/danirob/handIA2/rosHandIA/install/roshandmsg_pkg/share/roshandmsg_pkg/local_setup.sh
[3.522s] -- Installing: /home/danirob/handIA2/rosHandIA/install/roshandmsg_pkg/share/roshandmsg_pkg/local_setup.zsh
[3.522s] -- Installing: /home/danirob/handIA2/rosHandIA/install/roshandmsg_pkg/share/roshandmsg_pkg/local_setup.dsv
[3.522s] -- Installing: /home/danirob/handIA2/rosHandIA/install/roshandmsg_pkg/share/roshandmsg_pkg/package.dsv
[3.522s] -- Installing: /home/danirob/handIA2/rosHandIA/install/roshandmsg_pkg/share/ament_index/resource_index/packages/roshandmsg_pkg
[3.522s] -- Installing: /home/danirob/handIA2/rosHandIA/install/roshandmsg_pkg/share/roshandmsg_pkg/cmake/export_roshandmsg_pkg__rosidl_generator_cExport.cmake
[3.522s] -- Installing: /home/danirob/handIA2/rosHandIA/install/roshandmsg_pkg/share/roshandmsg_pkg/cmake/export_roshandmsg_pkg__rosidl_generator_cExport-noconfig.cmake
[3.522s] -- Installing: /home/danirob/handIA2/rosHandIA/install/roshandmsg_pkg/share/roshandmsg_pkg/cmake/export_roshandmsg_pkg__rosidl_typesupport_fastrtps_cExport.cmake
[3.522s] -- Installing: /home/danirob/handIA2/rosHandIA/install/roshandmsg_pkg/share/roshandmsg_pkg/cmake/export_roshandmsg_pkg__rosidl_typesupport_fastrtps_cExport-noconfig.cmake
[3.522s] -- Installing: /home/danirob/handIA2/rosHandIA/install/roshandmsg_pkg/share/roshandmsg_pkg/cmake/roshandmsg_pkg__rosidl_typesupport_introspection_cExport.cmake
[3.522s] -- Installing: /home/danirob/handIA2/rosHandIA/install/roshandmsg_pkg/share/roshandmsg_pkg/cmake/roshandmsg_pkg__rosidl_typesupport_introspection_cExport-noconfig.cmake
[3.522s] -- Installing: /home/danirob/handIA2/rosHandIA/install/roshandmsg_pkg/share/roshandmsg_pkg/cmake/roshandmsg_pkg__rosidl_typesupport_cExport.cmake
[3.522s] -- Installing: /home/danirob/handIA2/rosHandIA/install/roshandmsg_pkg/share/roshandmsg_pkg/cmake/roshandmsg_pkg__rosidl_typesupport_cExport-noconfig.cmake
[3.523s] -- Installing: /home/danirob/handIA2/rosHandIA/install/roshandmsg_pkg/share/roshandmsg_pkg/cmake/export_roshandmsg_pkg__rosidl_generator_cppExport.cmake
[3.523s] -- Installing: /home/danirob/handIA2/rosHandIA/install/roshandmsg_pkg/share/roshandmsg_pkg/cmake/export_roshandmsg_pkg__rosidl_typesupport_fastrtps_cppExport.cmake
[3.523s] -- Installing: /home/danirob/handIA2/rosHandIA/install/roshandmsg_pkg/share/roshandmsg_pkg/cmake/export_roshandmsg_pkg__rosidl_typesupport_fastrtps_cppExport-noconfig.cmake
[3.523s] -- Installing: /home/danirob/handIA2/rosHandIA/install/roshandmsg_pkg/share/roshandmsg_pkg/cmake/roshandmsg_pkg__rosidl_typesupport_introspection_cppExport.cmake
[3.523s] -- Installing: /home/danirob/handIA2/rosHandIA/install/roshandmsg_pkg/share/roshandmsg_pkg/cmake/roshandmsg_pkg__rosidl_typesupport_introspection_cppExport-noconfig.cmake
[3.523s] -- Installing: /home/danirob/handIA2/rosHandIA/install/roshandmsg_pkg/share/roshandmsg_pkg/cmake/roshandmsg_pkg__rosidl_typesupport_cppExport.cmake
[3.523s] -- Installing: /home/danirob/handIA2/rosHandIA/install/roshandmsg_pkg/share/roshandmsg_pkg/cmake/roshandmsg_pkg__rosidl_typesupport_cppExport-noconfig.cmake
[3.523s] -- Installing: /home/danirob/handIA2/rosHandIA/install/roshandmsg_pkg/share/roshandmsg_pkg/cmake/export_roshandmsg_pkg__rosidl_generator_pyExport.cmake
[3.523s] -- Installing: /home/danirob/handIA2/rosHandIA/install/roshandmsg_pkg/share/roshandmsg_pkg/cmake/export_roshandmsg_pkg__rosidl_generator_pyExport-noconfig.cmake
[3.523s] -- Installing: /home/danirob/handIA2/rosHandIA/install/roshandmsg_pkg/share/roshandmsg_pkg/cmake/rosidl_cmake-extras.cmake
[3.523s] -- Installing: /home/danirob/handIA2/rosHandIA/install/roshandmsg_pkg/share/roshandmsg_pkg/cmake/ament_cmake_export_include_directories-extras.cmake
[3.523s] -- Installing: /home/danirob/handIA2/rosHandIA/install/roshandmsg_pkg/share/roshandmsg_pkg/cmake/ament_cmake_export_libraries-extras.cmake
[3.523s] -- Installing: /home/danirob/handIA2/rosHandIA/install/roshandmsg_pkg/share/roshandmsg_pkg/cmake/ament_cmake_export_targets-extras.cmake
[3.523s] -- Installing: /home/danirob/handIA2/rosHandIA/install/roshandmsg_pkg/share/roshandmsg_pkg/cmake/rosidl_cmake_export_typesupport_targets-extras.cmake
[3.524s] -- Installing: /home/danirob/handIA2/rosHandIA/install/roshandmsg_pkg/share/roshandmsg_pkg/cmake/ament_cmake_export_dependencies-extras.cmake
[3.524s] -- Installing: /home/danirob/handIA2/rosHandIA/install/roshandmsg_pkg/share/roshandmsg_pkg/cmake/rosidl_cmake_export_typesupport_libraries-extras.cmake
[3.524s] -- Installing: /home/danirob/handIA2/rosHandIA/install/roshandmsg_pkg/share/roshandmsg_pkg/cmake/roshandmsg_pkgConfig.cmake
[3.524s] -- Installing: /home/danirob/handIA2/rosHandIA/install/roshandmsg_pkg/share/roshandmsg_pkg/cmake/roshandmsg_pkgConfig-version.cmake
[3.524s] -- Installing: /home/danirob/handIA2/rosHandIA/install/roshandmsg_pkg/share/roshandmsg_pkg/package.xml
[3.526s] Invoked command in '/home/danirob/handIA2/rosHandIA/build/roshandmsg_pkg' returned '0': CMAKE_PREFIX_PATH=${CMAKE_PREFIX_PATH}:/home/danirob/handIA2/rosHandIA/install/roshandia_pkg:/opt/ros/jazzy DEBUGINFOD_URLS=https://debuginfod.ubuntu.com PS1=(handIA2) \[\e]0;\u@\h: \w\a\]${debian_chroot:+($debian_chroot)}\[\033[01;32m\]\u@\h\[\033[00m\]:\[\033[01;34m\]\w\[\033[00m\]\$ VIRTUAL_ENV_PROMPT=(handIA2) /usr/bin/cmake --install /home/danirob/handIA2/rosHandIA/build/roshandmsg_pkg
