/home/danirob/handIA2/rosHandIA/install/roshandia_pkg/lib/python3.12/site-packages/roshandia_pkg/__init__.py
/home/danirob/handIA2/rosHandIA/install/roshandia_pkg/lib/python3.12/site-packages/roshandia_pkg/handPyReader.py
/home/danirob/handIA2/rosHandIA/install/roshandia_pkg/lib/python3.12/site-packages/roshandia_pkg/connectHand.py
/home/danirob/handIA2/rosHandIA/install/roshandia_pkg/lib/python3.12/site-packages/roshandia_pkg/joinState_sim.py
/home/danirob/handIA2/rosHandIA/install/roshandia_pkg/lib/python3.12/site-packages/roshandia_pkg/handRead01.py
/home/danirob/handIA2/rosHandIA/install/roshandia_pkg/lib/python3.12/site-packages/roshandia_pkg/handArmReader.py
/home/danirob/handIA2/rosHandIA/install/roshandia_pkg/lib/python3.12/site-packages/roshandia_pkg/joinStatePublisher.py
/home/danirob/handIA2/rosHandIA/install/roshandia_pkg/lib/python3.12/site-packages/roshandia_pkg/__pycache__/__init__.cpython-312.pyc
/home/danirob/handIA2/rosHandIA/install/roshandia_pkg/lib/python3.12/site-packages/roshandia_pkg/__pycache__/handPyReader.cpython-312.pyc
/home/danirob/handIA2/rosHandIA/install/roshandia_pkg/lib/python3.12/site-packages/roshandia_pkg/__pycache__/connectHand.cpython-312.pyc
/home/danirob/handIA2/rosHandIA/install/roshandia_pkg/lib/python3.12/site-packages/roshandia_pkg/__pycache__/joinState_sim.cpython-312.pyc
/home/danirob/handIA2/rosHandIA/install/roshandia_pkg/lib/python3.12/site-packages/roshandia_pkg/__pycache__/handRead01.cpython-312.pyc
/home/danirob/handIA2/rosHandIA/install/roshandia_pkg/lib/python3.12/site-packages/roshandia_pkg/__pycache__/handArmReader.cpython-312.pyc
/home/danirob/handIA2/rosHandIA/install/roshandia_pkg/lib/python3.12/site-packages/roshandia_pkg/__pycache__/joinStatePublisher.cpython-312.pyc
/home/danirob/handIA2/rosHandIA/install/roshandia_pkg/share/ament_index/resource_index/packages/roshandia_pkg
/home/danirob/handIA2/rosHandIA/install/roshandia_pkg/share/roshandia_pkg/package.xml
/home/danirob/handIA2/rosHandIA/install/roshandia_pkg/share/roshandia_pkg/urdf/hand.urdf
/home/danirob/handIA2/rosHandIA/install/roshandia_pkg/share/roshandia_pkg/launch/display.launch.py
/home/danirob/handIA2/rosHandIA/install/roshandia_pkg/share/roshandia_pkg/launch/spawn_robot.launch.py
/home/danirob/handIA2/rosHandIA/install/roshandia_pkg/share/roshandia_pkg/launch/launcher.launch.py
/home/danirob/handIA2/rosHandIA/install/roshandia_pkg/share/roshandia_pkg/launch/publish_urdf.launch.py
/home/danirob/handIA2/rosHandIA/install/roshandia_pkg/share/roshandia_pkg/launch/spawn_world.launch.py
/home/danirob/handIA2/rosHandIA/install/roshandia_pkg/share/roshandia_pkg/launch/start_world.launch.py
/home/danirob/handIA2/rosHandIA/install/roshandia_pkg/share/roshandia_pkg/urdf/mesh/finger3.stl
/home/danirob/handIA2/rosHandIA/install/roshandia_pkg/share/roshandia_pkg/urdf/mesh/handHidenFingersF.stl
/home/danirob/handIA2/rosHandIA/install/roshandia_pkg/share/roshandia_pkg/urdf/mesh/arm.stl
/home/danirob/handIA2/rosHandIA/install/roshandia_pkg/share/roshandia_pkg/urdf/mesh/finger1.stl
/home/danirob/handIA2/rosHandIA/install/roshandia_pkg/share/roshandia_pkg/urdf/mesh/blade.stl
/home/danirob/handIA2/rosHandIA/install/roshandia_pkg/share/roshandia_pkg/urdf/mesh/hand.stl
/home/danirob/handIA2/rosHandIA/install/roshandia_pkg/share/roshandia_pkg/urdf/mesh/finger2.stl
/home/danirob/handIA2/rosHandIA/install/roshandia_pkg/share/roshandia_pkg/urdf/mesh/finger4.stl
/home/danirob/handIA2/rosHandIA/install/roshandia_pkg/share/roshandia_pkg/urdf/mesh/finger5.stl
/home/danirob/handIA2/rosHandIA/install/roshandia_pkg/share/roshandia_pkg/rviz2/config.rviz
/home/danirob/handIA2/rosHandIA/install/roshandia_pkg/share/roshandia_pkg/rviz2/my_config.rviz
/home/danirob/handIA2/rosHandIA/install/roshandia_pkg/share/roshandia_pkg/config/bridge_config.yaml
/home/danirob/handIA2/rosHandIA/install/roshandia_pkg/share/roshandia_pkg/worlds/world.sdf
/home/danirob/handIA2/rosHandIA/install/roshandia_pkg/share/roshandia_pkg/worlds/world2.sdf
/home/danirob/handIA2/rosHandIA/install/roshandia_pkg/lib/python3.12/site-packages/roshandia_pkg-0.0.0-py3.12.egg-info/top_level.txt
/home/danirob/handIA2/rosHandIA/install/roshandia_pkg/lib/python3.12/site-packages/roshandia_pkg-0.0.0-py3.12.egg-info/requires.txt
/home/danirob/handIA2/rosHandIA/install/roshandia_pkg/lib/python3.12/site-packages/roshandia_pkg-0.0.0-py3.12.egg-info/PKG-INFO
/home/danirob/handIA2/rosHandIA/install/roshandia_pkg/lib/python3.12/site-packages/roshandia_pkg-0.0.0-py3.12.egg-info/SOURCES.txt
/home/danirob/handIA2/rosHandIA/install/roshandia_pkg/lib/python3.12/site-packages/roshandia_pkg-0.0.0-py3.12.egg-info/entry_points.txt
/home/danirob/handIA2/rosHandIA/install/roshandia_pkg/lib/python3.12/site-packages/roshandia_pkg-0.0.0-py3.12.egg-info/dependency_links.txt
/home/danirob/handIA2/rosHandIA/install/roshandia_pkg/lib/python3.12/site-packages/roshandia_pkg-0.0.0-py3.12.egg-info/zip-safe
/home/danirob/handIA2/rosHandIA/install/roshandia_pkg/lib/roshandia_pkg/connectHand
/home/danirob/handIA2/rosHandIA/install/roshandia_pkg/lib/roshandia_pkg/handRead01
/home/danirob/handIA2/rosHandIA/install/roshandia_pkg/lib/roshandia_pkg/joinStatePublisher
/home/danirob/handIA2/rosHandIA/install/roshandia_pkg/lib/roshandia_pkg/joinStatePublisherSim
