running egg_info
creating ../../build/roshandia_pkg/roshandia_pkg.egg-info
writing ../../build/roshandia_pkg/roshandia_pkg.egg-info/PKG-INFO
writing dependency_links to ../../build/roshandia_pkg/roshandia_pkg.egg-info/dependency_links.txt
writing entry points to ../../build/roshandia_pkg/roshandia_pkg.egg-info/entry_points.txt
writing requirements to ../../build/roshandia_pkg/roshandia_pkg.egg-info/requires.txt
writing top-level names to ../../build/roshandia_pkg/roshandia_pkg.egg-info/top_level.txt
writing manifest file '../../build/roshandia_pkg/roshandia_pkg.egg-info/SOURCES.txt'
reading manifest file '../../build/roshandia_pkg/roshandia_pkg.egg-info/SOURCES.txt'
writing manifest file '../../build/roshandia_pkg/roshandia_pkg.egg-info/SOURCES.txt'
running build
running build_py
creating /home/daniel-robayo/handIA2/ros/build/roshandia_pkg/build
creating /home/daniel-robayo/handIA2/ros/build/roshandia_pkg/build/lib
creating /home/daniel-robayo/handIA2/ros/build/roshandia_pkg/build/lib/roshandia_pkg
copying roshandia_pkg/handPyReader.py -> /home/daniel-robayo/handIA2/ros/build/roshandia_pkg/build/lib/roshandia_pkg
copying roshandia_pkg/__init__.py -> /home/daniel-robayo/handIA2/ros/build/roshandia_pkg/build/lib/roshandia_pkg
copying roshandia_pkg/joinStatePublisher.py -> /home/daniel-robayo/handIA2/ros/build/roshandia_pkg/build/lib/roshandia_pkg
copying roshandia_pkg/connectHand.py -> /home/daniel-robayo/handIA2/ros/build/roshandia_pkg/build/lib/roshandia_pkg
copying roshandia_pkg/handRead01.py -> /home/daniel-robayo/handIA2/ros/build/roshandia_pkg/build/lib/roshandia_pkg
running install
running install_lib
creating /home/daniel-robayo/handIA2/ros/install/roshandia_pkg/lib/python3.12/site-packages/roshandia_pkg
copying /home/daniel-robayo/handIA2/ros/build/roshandia_pkg/build/lib/roshandia_pkg/handPyReader.py -> /home/daniel-robayo/handIA2/ros/install/roshandia_pkg/lib/python3.12/site-packages/roshandia_pkg
copying /home/daniel-robayo/handIA2/ros/build/roshandia_pkg/build/lib/roshandia_pkg/__init__.py -> /home/daniel-robayo/handIA2/ros/install/roshandia_pkg/lib/python3.12/site-packages/roshandia_pkg
copying /home/daniel-robayo/handIA2/ros/build/roshandia_pkg/build/lib/roshandia_pkg/joinStatePublisher.py -> /home/daniel-robayo/handIA2/ros/install/roshandia_pkg/lib/python3.12/site-packages/roshandia_pkg
copying /home/daniel-robayo/handIA2/ros/build/roshandia_pkg/build/lib/roshandia_pkg/connectHand.py -> /home/daniel-robayo/handIA2/ros/install/roshandia_pkg/lib/python3.12/site-packages/roshandia_pkg
copying /home/daniel-robayo/handIA2/ros/build/roshandia_pkg/build/lib/roshandia_pkg/handRead01.py -> /home/daniel-robayo/handIA2/ros/install/roshandia_pkg/lib/python3.12/site-packages/roshandia_pkg
byte-compiling /home/daniel-robayo/handIA2/ros/install/roshandia_pkg/lib/python3.12/site-packages/roshandia_pkg/handPyReader.py to handPyReader.cpython-312.pyc
byte-compiling /home/daniel-robayo/handIA2/ros/install/roshandia_pkg/lib/python3.12/site-packages/roshandia_pkg/__init__.py to __init__.cpython-312.pyc
byte-compiling /home/daniel-robayo/handIA2/ros/install/roshandia_pkg/lib/python3.12/site-packages/roshandia_pkg/joinStatePublisher.py to joinStatePublisher.cpython-312.pyc
byte-compiling /home/daniel-robayo/handIA2/ros/install/roshandia_pkg/lib/python3.12/site-packages/roshandia_pkg/connectHand.py to connectHand.cpython-312.pyc
byte-compiling /home/daniel-robayo/handIA2/ros/install/roshandia_pkg/lib/python3.12/site-packages/roshandia_pkg/handRead01.py to handRead01.cpython-312.pyc
running install_data
creating /home/daniel-robayo/handIA2/ros/install/roshandia_pkg/share/ament_index
creating /home/daniel-robayo/handIA2/ros/install/roshandia_pkg/share/ament_index/resource_index
creating /home/daniel-robayo/handIA2/ros/install/roshandia_pkg/share/ament_index/resource_index/packages
copying resource/roshandia_pkg -> /home/daniel-robayo/handIA2/ros/install/roshandia_pkg/share/ament_index/resource_index/packages
copying package.xml -> /home/daniel-robayo/handIA2/ros/install/roshandia_pkg/share/roshandia_pkg
creating /home/daniel-robayo/handIA2/ros/install/roshandia_pkg/share/roshandia_pkg/urdf
copying urdf/hand.urdf -> /home/daniel-robayo/handIA2/ros/install/roshandia_pkg/share/roshandia_pkg/urdf
creating /home/daniel-robayo/handIA2/ros/install/roshandia_pkg/share/roshandia_pkg/launch
copying launch/display.launch.py -> /home/daniel-robayo/handIA2/ros/install/roshandia_pkg/share/roshandia_pkg/launch
creating /home/daniel-robayo/handIA2/ros/install/roshandia_pkg/share/roshandia_pkg/urdf/mesh
copying urdf/mesh/handHidenFingersF.stl -> /home/daniel-robayo/handIA2/ros/install/roshandia_pkg/share/roshandia_pkg/urdf/mesh
copying urdf/mesh/blade.stl -> /home/daniel-robayo/handIA2/ros/install/roshandia_pkg/share/roshandia_pkg/urdf/mesh
copying urdf/mesh/finger4.stl -> /home/daniel-robayo/handIA2/ros/install/roshandia_pkg/share/roshandia_pkg/urdf/mesh
copying urdf/mesh/finger1.stl -> /home/daniel-robayo/handIA2/ros/install/roshandia_pkg/share/roshandia_pkg/urdf/mesh
copying urdf/mesh/hand.stl -> /home/daniel-robayo/handIA2/ros/install/roshandia_pkg/share/roshandia_pkg/urdf/mesh
copying urdf/mesh/finger5.stl -> /home/daniel-robayo/handIA2/ros/install/roshandia_pkg/share/roshandia_pkg/urdf/mesh
copying urdf/mesh/finger2.stl -> /home/daniel-robayo/handIA2/ros/install/roshandia_pkg/share/roshandia_pkg/urdf/mesh
copying urdf/mesh/finger3.stl -> /home/daniel-robayo/handIA2/ros/install/roshandia_pkg/share/roshandia_pkg/urdf/mesh
copying urdf/mesh/arm.stl -> /home/daniel-robayo/handIA2/ros/install/roshandia_pkg/share/roshandia_pkg/urdf/mesh
creating /home/daniel-robayo/handIA2/ros/install/roshandia_pkg/share/roshandia_pkg/rviz
running install_egg_info
Copying ../../build/roshandia_pkg/roshandia_pkg.egg-info to /home/daniel-robayo/handIA2/ros/install/roshandia_pkg/lib/python3.12/site-packages/roshandia_pkg-0.0.0-py3.12.egg-info
running install_scripts
Installing connectHand script to /home/daniel-robayo/handIA2/ros/install/roshandia_pkg/lib/roshandia_pkg
Installing handRead01 script to /home/daniel-robayo/handIA2/ros/install/roshandia_pkg/lib/roshandia_pkg
writing list of installed files to '/home/daniel-robayo/handIA2/ros/build/roshandia_pkg/install.log'
