running egg_info
creating ../build/roshandia_pkg/roshandia_pkg.egg-info
writing ../build/roshandia_pkg/roshandia_pkg.egg-info/PKG-INFO
writing dependency_links to ../build/roshandia_pkg/roshandia_pkg.egg-info/dependency_links.txt
writing entry points to ../build/roshandia_pkg/roshandia_pkg.egg-info/entry_points.txt
writing requirements to ../build/roshandia_pkg/roshandia_pkg.egg-info/requires.txt
writing top-level names to ../build/roshandia_pkg/roshandia_pkg.egg-info/top_level.txt
writing manifest file '../build/roshandia_pkg/roshandia_pkg.egg-info/SOURCES.txt'
reading manifest file '../build/roshandia_pkg/roshandia_pkg.egg-info/SOURCES.txt'
writing manifest file '../build/roshandia_pkg/roshandia_pkg.egg-info/SOURCES.txt'
running build
running build_py
creating /home/daniel-robayo/handIA2/ros/src/build/roshandia_pkg/build
creating /home/daniel-robayo/handIA2/ros/src/build/roshandia_pkg/build/lib
creating /home/daniel-robayo/handIA2/ros/src/build/roshandia_pkg/build/lib/roshandia_pkg
copying roshandia_pkg/__init__.py -> /home/daniel-robayo/handIA2/ros/src/build/roshandia_pkg/build/lib/roshandia_pkg
copying roshandia_pkg/handRead01.py -> /home/daniel-robayo/handIA2/ros/src/build/roshandia_pkg/build/lib/roshandia_pkg
running install
running install_lib
creating /home/daniel-robayo/handIA2/ros/src/install/roshandia_pkg/lib/python3.12/site-packages/roshandia_pkg
copying /home/daniel-robayo/handIA2/ros/src/build/roshandia_pkg/build/lib/roshandia_pkg/__init__.py -> /home/daniel-robayo/handIA2/ros/src/install/roshandia_pkg/lib/python3.12/site-packages/roshandia_pkg
copying /home/daniel-robayo/handIA2/ros/src/build/roshandia_pkg/build/lib/roshandia_pkg/handRead01.py -> /home/daniel-robayo/handIA2/ros/src/install/roshandia_pkg/lib/python3.12/site-packages/roshandia_pkg
byte-compiling /home/daniel-robayo/handIA2/ros/src/install/roshandia_pkg/lib/python3.12/site-packages/roshandia_pkg/__init__.py to __init__.cpython-312.pyc
byte-compiling /home/daniel-robayo/handIA2/ros/src/install/roshandia_pkg/lib/python3.12/site-packages/roshandia_pkg/handRead01.py to handRead01.cpython-312.pyc
running install_data
creating /home/daniel-robayo/handIA2/ros/src/install/roshandia_pkg/share/ament_index
creating /home/daniel-robayo/handIA2/ros/src/install/roshandia_pkg/share/ament_index/resource_index
error: can't copy 'resource/roshandia_pkg': doesn't exist or not a regular file
creating /home/daniel-robayo/handIA2/ros/src/install/roshandia_pkg/share/ament_index/resource_index/packages
