[0.008s] Invoking command in '/home/daniel-robayo/handIA2/ros/build/roshandmsg_pkg': CMAKE_PREFIX_PATH=${CMAKE_PREFIX_PATH}:/home/daniel-robayo/handIA2/ros/install/roshandia_pkg:/opt/ros/jazzy DEBUGINFOD_URLS=https://debuginfod.ubuntu.com VIRTUAL_ENV_PROMPT=(handIA2) /usr/bin/cmake --build /home/daniel-robayo/handIA2/ros/build/roshandmsg_pkg -- -j12 -l12
[0.027s] -- Found ament_cmake: 2.5.4 (/opt/ros/jazzy/share/ament_cmake/cmake)
[0.102s] -- Found rosidl_default_generators: 1.6.0 (/opt/ros/jazzy/share/rosidl_default_generators/cmake)
[0.104s] -- Using all available rosidl_typesupport_c: rosidl_typesupport_fastrtps_c;rosidl_typesupport_introspection_c
[0.130s] -- Using all available rosidl_typesupport_cpp: rosidl_typesupport_fastrtps_cpp;rosidl_typesupport_introspection_cpp
[0.149s] -- Found rosidl_adapter: 4.6.6 (/opt/ros/jazzy/share/rosidl_adapter/cmake)
[0.319s] -- Found ament_cmake_ros: 0.12.0 (/opt/ros/jazzy/share/ament_cmake_ros/cmake)
[0.374s] -- Using all available rosidl_typesupport_c: rosidl_typesupport_fastrtps_c;rosidl_typesupport_introspection_c
[0.442s] -- Using all available rosidl_typesupport_cpp: rosidl_typesupport_fastrtps_cpp;rosidl_typesupport_introspection_cpp
[0.444s] -- Found python_cmake_module: 0.11.1 (/opt/ros/jazzy/share/python_cmake_module/cmake)
[0.726s] -- Found Python3: /home/daniel-robayo/handIA2/handIA2/bin/python3 (found version "3.12.3") found components: Interpreter Development NumPy Development.Module Development.Embed 
[0.734s] -- Found ament_lint_auto: 0.17.3 (/opt/ros/jazzy/share/ament_lint_auto/cmake)
[0.749s] -- Added test 'lint_cmake' to check CMake code style
[0.750s] -- Added test 'xmllint' to check XML markup files
[0.752s] -- Configuring done (0.7s)
[0.774s] -- Generating done (0.0s)
[0.782s] -- Build files have been written to: /home/daniel-robayo/handIA2/ros/build/roshandmsg_pkg
[0.809s] [  2%] [34m[1mGenerating type hashes for ROS interfaces[0m
[0.817s] [  2%] Built target ament_cmake_python_copy_roshandmsg_pkg
[0.966s] [  2%] Built target roshandmsg_pkg__rosidl_generator_type_description
[0.974s] running egg_info
[0.974s] [  5%] [34m[1mGenerating C code for ROS interfaces[0m
[0.982s] [  8%] [34m[1mGenerating C++ code for ROS interfaces[0m
[0.986s] writing roshandmsg_pkg.egg-info/PKG-INFO
[0.986s] writing dependency_links to roshandmsg_pkg.egg-info/dependency_links.txt
[0.986s] writing top-level names to roshandmsg_pkg.egg-info/top_level.txt
[1.022s] reading manifest file 'roshandmsg_pkg.egg-info/SOURCES.txt'
[1.023s] writing manifest file 'roshandmsg_pkg.egg-info/SOURCES.txt'
[1.052s] [  8%] Built target ament_cmake_python_build_roshandmsg_pkg_egg
[1.178s] [  8%] Built target roshandmsg_pkg__cpp
[1.206s] [ 14%] [32mBuilding C object CMakeFiles/roshandmsg_pkg__rosidl_generator_c.dir/rosidl_generator_c/roshandmsg_pkg/msg/detail/msg_hand__description.c.o[0m
[1.206s] [ 14%] [32mBuilding C object CMakeFiles/roshandmsg_pkg__rosidl_generator_c.dir/rosidl_generator_c/roshandmsg_pkg/msg/detail/msg_hand__functions.c.o[0m
[1.207s] [ 17%] [32mBuilding C object CMakeFiles/roshandmsg_pkg__rosidl_generator_c.dir/rosidl_generator_c/roshandmsg_pkg/msg/detail/msg_hand__type_support.c.o[0m
[1.275s] [ 20%] [32m[1mLinking C shared library libroshandmsg_pkg__rosidl_generator_c.so[0m
[1.302s] [ 20%] Built target roshandmsg_pkg__rosidl_generator_c
[1.311s] [ 29%] [34m[1mGenerating C++ introspection for ROS interfaces[0m
[1.311s] [ 29%] [34m[1mGenerating C introspection for ROS interfaces[0m
[1.311s] [ 29%] [34m[1mGenerating C type support for eProsima Fast-RTPS[0m
[1.311s] [ 32%] [34m[1mGenerating C++ type support for eProsima Fast-RTPS[0m
[1.312s] [ 35%] [34m[1mGenerating C++ type support dispatch for ROS interfaces[0m
[1.315s] [ 38%] [34m[1mGenerating C type support dispatch for ROS interfaces[0m
[1.497s] [ 41%] [32mBuilding CXX object CMakeFiles/roshandmsg_pkg__rosidl_typesupport_c.dir/rosidl_typesupport_c/roshandmsg_pkg/msg/msg_hand__type_support.cpp.o[0m
[1.509s] [ 44%] [32mBuilding CXX object CMakeFiles/roshandmsg_pkg__rosidl_typesupport_introspection_cpp.dir/rosidl_typesupport_introspection_cpp/roshandmsg_pkg/msg/detail/msg_hand__type_support.cpp.o[0m
[1.560s] [ 47%] [32m[1mLinking CXX shared library libroshandmsg_pkg__rosidl_typesupport_c.so[0m
[1.593s] [ 47%] Built target roshandmsg_pkg__rosidl_typesupport_c
[1.606s] [ 50%] [32mBuilding CXX object CMakeFiles/roshandmsg_pkg__rosidl_typesupport_cpp.dir/rosidl_typesupport_cpp/roshandmsg_pkg/msg/msg_hand__type_support.cpp.o[0m
[1.636s] [ 52%] [32mBuilding C object CMakeFiles/roshandmsg_pkg__rosidl_typesupport_introspection_c.dir/rosidl_typesupport_introspection_c/roshandmsg_pkg/msg/detail/msg_hand__type_support.c.o[0m
[1.651s] [ 55%] [32mBuilding CXX object CMakeFiles/roshandmsg_pkg__rosidl_typesupport_fastrtps_c.dir/rosidl_typesupport_fastrtps_c/roshandmsg_pkg/msg/detail/msg_hand__type_support_c.cpp.o[0m
[1.662s] [ 58%] [32mBuilding CXX object CMakeFiles/roshandmsg_pkg__rosidl_typesupport_fastrtps_cpp.dir/rosidl_typesupport_fastrtps_cpp/roshandmsg_pkg/msg/detail/dds_fastrtps/msg_hand__type_support.cpp.o[0m
[1.664s] [ 61%] [32m[1mLinking C shared library libroshandmsg_pkg__rosidl_typesupport_introspection_c.so[0m
[1.688s] [ 61%] Built target roshandmsg_pkg__rosidl_typesupport_introspection_c
[1.775s] [ 64%] [32m[1mLinking CXX shared library libroshandmsg_pkg__rosidl_typesupport_introspection_cpp.so[0m
[1.807s] [ 64%] Built target roshandmsg_pkg__rosidl_typesupport_introspection_cpp
[1.834s] [ 67%] [32m[1mLinking CXX shared library libroshandmsg_pkg__rosidl_typesupport_cpp.so[0m
[1.865s] [ 67%] Built target roshandmsg_pkg__rosidl_typesupport_cpp
[2.028s] [ 70%] [32m[1mLinking CXX shared library libroshandmsg_pkg__rosidl_typesupport_fastrtps_c.so[0m
[2.031s] [ 73%] [32m[1mLinking CXX shared library libroshandmsg_pkg__rosidl_typesupport_fastrtps_cpp.so[0m
[2.065s] [ 73%] Built target roshandmsg_pkg__rosidl_typesupport_fastrtps_c
[2.066s] [ 73%] Built target roshandmsg_pkg__rosidl_typesupport_fastrtps_cpp
[2.082s] [ 73%] Built target roshandmsg_pkg
[2.097s] [ 76%] [34m[1mGenerating Python code for ROS interfaces[0m
[2.332s] [ 76%] Built target roshandmsg_pkg__py
[2.352s] [ 79%] [32mBuilding C object CMakeFiles/roshandmsg_pkg__rosidl_generator_py.dir/rosidl_generator_py/roshandmsg_pkg/msg/_msg_hand_s.c.o[0m
[2.481s] [ 82%] [32m[1mLinking C shared library libroshandmsg_pkg__rosidl_generator_py.so[0m
[2.510s] [ 82%] Built target roshandmsg_pkg__rosidl_generator_py
[2.529s] [ 91%] [32mBuilding C object CMakeFiles/roshandmsg_pkg_s__rosidl_typesupport_c.dir/rosidl_generator_py/roshandmsg_pkg/_roshandmsg_pkg_s.ep.rosidl_typesupport_c.c.o[0m
[2.529s] [ 91%] [32mBuilding C object CMakeFiles/roshandmsg_pkg_s__rosidl_typesupport_introspection_c.dir/rosidl_generator_py/roshandmsg_pkg/_roshandmsg_pkg_s.ep.rosidl_typesupport_introspection_c.c.o[0m
[2.530s] [ 91%] [32mBuilding C object CMakeFiles/roshandmsg_pkg_s__rosidl_typesupport_fastrtps_c.dir/rosidl_generator_py/roshandmsg_pkg/_roshandmsg_pkg_s.ep.rosidl_typesupport_fastrtps_c.c.o[0m
[2.600s] [ 97%] [32m[1mLinking C shared module rosidl_generator_py/roshandmsg_pkg/roshandmsg_pkg_s__rosidl_typesupport_c.so[0m
[2.600s] [ 97%] [32m[1mLinking C shared module rosidl_generator_py/roshandmsg_pkg/roshandmsg_pkg_s__rosidl_typesupport_introspection_c.so[0m
[2.600s] [100%] [32m[1mLinking C shared module rosidl_generator_py/roshandmsg_pkg/roshandmsg_pkg_s__rosidl_typesupport_fastrtps_c.so[0m
[2.624s] [100%] Built target roshandmsg_pkg_s__rosidl_typesupport_fastrtps_c
[2.624s] [100%] Built target roshandmsg_pkg_s__rosidl_typesupport_c
[2.624s] [100%] Built target roshandmsg_pkg_s__rosidl_typesupport_introspection_c
[2.634s] Invoked command in '/home/daniel-robayo/handIA2/ros/build/roshandmsg_pkg' returned '0': CMAKE_PREFIX_PATH=${CMAKE_PREFIX_PATH}:/home/daniel-robayo/handIA2/ros/install/roshandia_pkg:/opt/ros/jazzy DEBUGINFOD_URLS=https://debuginfod.ubuntu.com VIRTUAL_ENV_PROMPT=(handIA2) /usr/bin/cmake --build /home/daniel-robayo/handIA2/ros/build/roshandmsg_pkg -- -j12 -l12
[2.642s] Invoking command in '/home/daniel-robayo/handIA2/ros/build/roshandmsg_pkg': CMAKE_PREFIX_PATH=${CMAKE_PREFIX_PATH}:/home/daniel-robayo/handIA2/ros/install/roshandia_pkg:/opt/ros/jazzy DEBUGINFOD_URLS=https://debuginfod.ubuntu.com VIRTUAL_ENV_PROMPT=(handIA2) /usr/bin/cmake --install /home/daniel-robayo/handIA2/ros/build/roshandmsg_pkg
[2.649s] -- Install configuration: ""
[2.649s] -- Up-to-date: /home/daniel-robayo/handIA2/ros/install/roshandmsg_pkg/share/ament_index/resource_index/rosidl_interfaces/roshandmsg_pkg
[2.649s] -- Installing: /home/daniel-robayo/handIA2/ros/install/roshandmsg_pkg/share/roshandmsg_pkg/msg/MsgHand.json
[2.649s] -- Up-to-date: /home/daniel-robayo/handIA2/ros/install/roshandmsg_pkg/include/roshandmsg_pkg/roshandmsg_pkg
[2.649s] -- Up-to-date: /home/daniel-robayo/handIA2/ros/install/roshandmsg_pkg/include/roshandmsg_pkg/roshandmsg_pkg/msg
[2.649s] -- Up-to-date: /home/daniel-robayo/handIA2/ros/install/roshandmsg_pkg/include/roshandmsg_pkg/roshandmsg_pkg/msg/rosidl_generator_c__visibility_control.h
[2.649s] -- Installing: /home/daniel-robayo/handIA2/ros/install/roshandmsg_pkg/include/roshandmsg_pkg/roshandmsg_pkg/msg/msg_hand.h
[2.649s] -- Up-to-date: /home/daniel-robayo/handIA2/ros/install/roshandmsg_pkg/include/roshandmsg_pkg/roshandmsg_pkg/msg/detail
[2.649s] -- Installing: /home/daniel-robayo/handIA2/ros/install/roshandmsg_pkg/include/roshandmsg_pkg/roshandmsg_pkg/msg/detail/msg_hand__type_support.h
[2.649s] -- Installing: /home/daniel-robayo/handIA2/ros/install/roshandmsg_pkg/include/roshandmsg_pkg/roshandmsg_pkg/msg/detail/msg_hand__functions.c
[2.649s] -- Installing: /home/daniel-robayo/handIA2/ros/install/roshandmsg_pkg/include/roshandmsg_pkg/roshandmsg_pkg/msg/detail/msg_hand__description.c
[2.649s] -- Installing: /home/daniel-robayo/handIA2/ros/install/roshandmsg_pkg/include/roshandmsg_pkg/roshandmsg_pkg/msg/detail/msg_hand__functions.h
[2.649s] -- Installing: /home/daniel-robayo/handIA2/ros/install/roshandmsg_pkg/include/roshandmsg_pkg/roshandmsg_pkg/msg/detail/msg_hand__type_support.c
[2.649s] -- Installing: /home/daniel-robayo/handIA2/ros/install/roshandmsg_pkg/include/roshandmsg_pkg/roshandmsg_pkg/msg/detail/msg_hand__struct.h
[2.649s] -- Up-to-date: /home/daniel-robayo/handIA2/ros/install/roshandmsg_pkg/share/roshandmsg_pkg/environment/library_path.sh
[2.650s] -- Up-to-date: /home/daniel-robayo/handIA2/ros/install/roshandmsg_pkg/share/roshandmsg_pkg/environment/library_path.dsv
[2.650s] -- Installing: /home/daniel-robayo/handIA2/ros/install/roshandmsg_pkg/lib/libroshandmsg_pkg__rosidl_generator_c.so
[2.650s] -- Set non-toolchain portion of runtime path of "/home/daniel-robayo/handIA2/ros/install/roshandmsg_pkg/lib/libroshandmsg_pkg__rosidl_generator_c.so" to ""
[2.650s] -- Up-to-date: /home/daniel-robayo/handIA2/ros/install/roshandmsg_pkg/include/roshandmsg_pkg/roshandmsg_pkg
[2.650s] -- Up-to-date: /home/daniel-robayo/handIA2/ros/install/roshandmsg_pkg/include/roshandmsg_pkg/roshandmsg_pkg/msg
[2.650s] -- Up-to-date: /home/daniel-robayo/handIA2/ros/install/roshandmsg_pkg/include/roshandmsg_pkg/roshandmsg_pkg/msg/rosidl_typesupport_fastrtps_c__visibility_control.h
[2.650s] -- Up-to-date: /home/daniel-robayo/handIA2/ros/install/roshandmsg_pkg/include/roshandmsg_pkg/roshandmsg_pkg/msg/detail
[2.650s] -- Installing: /home/daniel-robayo/handIA2/ros/install/roshandmsg_pkg/include/roshandmsg_pkg/roshandmsg_pkg/msg/detail/msg_hand__rosidl_typesupport_fastrtps_c.h
[2.651s] -- Installing: /home/daniel-robayo/handIA2/ros/install/roshandmsg_pkg/lib/libroshandmsg_pkg__rosidl_typesupport_fastrtps_c.so
[2.651s] -- Set non-toolchain portion of runtime path of "/home/daniel-robayo/handIA2/ros/install/roshandmsg_pkg/lib/libroshandmsg_pkg__rosidl_typesupport_fastrtps_c.so" to ""
[2.651s] -- Up-to-date: /home/daniel-robayo/handIA2/ros/install/roshandmsg_pkg/include/roshandmsg_pkg/roshandmsg_pkg
[2.651s] -- Up-to-date: /home/daniel-robayo/handIA2/ros/install/roshandmsg_pkg/include/roshandmsg_pkg/roshandmsg_pkg/msg
[2.651s] -- Up-to-date: /home/daniel-robayo/handIA2/ros/install/roshandmsg_pkg/include/roshandmsg_pkg/roshandmsg_pkg/msg/detail
[2.651s] -- Installing: /home/daniel-robayo/handIA2/ros/install/roshandmsg_pkg/include/roshandmsg_pkg/roshandmsg_pkg/msg/detail/msg_hand__rosidl_typesupport_introspection_c.h
[2.651s] -- Up-to-date: /home/daniel-robayo/handIA2/ros/install/roshandmsg_pkg/include/roshandmsg_pkg/roshandmsg_pkg/msg/detail/msg_hand__type_support.c
[2.651s] -- Up-to-date: /home/daniel-robayo/handIA2/ros/install/roshandmsg_pkg/include/roshandmsg_pkg/roshandmsg_pkg/msg/rosidl_typesupport_introspection_c__visibility_control.h
[2.651s] -- Installing: /home/daniel-robayo/handIA2/ros/install/roshandmsg_pkg/lib/libroshandmsg_pkg__rosidl_typesupport_introspection_c.so
[2.651s] -- Set non-toolchain portion of runtime path of "/home/daniel-robayo/handIA2/ros/install/roshandmsg_pkg/lib/libroshandmsg_pkg__rosidl_typesupport_introspection_c.so" to ""
[2.651s] -- Installing: /home/daniel-robayo/handIA2/ros/install/roshandmsg_pkg/lib/libroshandmsg_pkg__rosidl_typesupport_c.so
[2.651s] -- Set non-toolchain portion of runtime path of "/home/daniel-robayo/handIA2/ros/install/roshandmsg_pkg/lib/libroshandmsg_pkg__rosidl_typesupport_c.so" to ""
[2.651s] -- Up-to-date: /home/daniel-robayo/handIA2/ros/install/roshandmsg_pkg/include/roshandmsg_pkg/roshandmsg_pkg
[2.651s] -- Up-to-date: /home/daniel-robayo/handIA2/ros/install/roshandmsg_pkg/include/roshandmsg_pkg/roshandmsg_pkg/msg
[2.651s] -- Installing: /home/daniel-robayo/handIA2/ros/install/roshandmsg_pkg/include/roshandmsg_pkg/roshandmsg_pkg/msg/rosidl_generator_cpp__visibility_control.hpp
[2.652s] -- Installing: /home/daniel-robayo/handIA2/ros/install/roshandmsg_pkg/include/roshandmsg_pkg/roshandmsg_pkg/msg/msg_hand.hpp
[2.652s] -- Up-to-date: /home/daniel-robayo/handIA2/ros/install/roshandmsg_pkg/include/roshandmsg_pkg/roshandmsg_pkg/msg/detail
[2.652s] -- Installing: /home/daniel-robayo/handIA2/ros/install/roshandmsg_pkg/include/roshandmsg_pkg/roshandmsg_pkg/msg/detail/msg_hand__struct.hpp
[2.652s] -- Installing: /home/daniel-robayo/handIA2/ros/install/roshandmsg_pkg/include/roshandmsg_pkg/roshandmsg_pkg/msg/detail/msg_hand__type_support.hpp
[2.652s] -- Installing: /home/daniel-robayo/handIA2/ros/install/roshandmsg_pkg/include/roshandmsg_pkg/roshandmsg_pkg/msg/detail/msg_hand__builder.hpp
[2.652s] -- Installing: /home/daniel-robayo/handIA2/ros/install/roshandmsg_pkg/include/roshandmsg_pkg/roshandmsg_pkg/msg/detail/msg_hand__traits.hpp
[2.652s] -- Up-to-date: /home/daniel-robayo/handIA2/ros/install/roshandmsg_pkg/include/roshandmsg_pkg/roshandmsg_pkg
[2.652s] -- Up-to-date: /home/daniel-robayo/handIA2/ros/install/roshandmsg_pkg/include/roshandmsg_pkg/roshandmsg_pkg/msg
[2.652s] -- Up-to-date: /home/daniel-robayo/handIA2/ros/install/roshandmsg_pkg/include/roshandmsg_pkg/roshandmsg_pkg/msg/detail
[2.652s] -- Up-to-date: /home/daniel-robayo/handIA2/ros/install/roshandmsg_pkg/include/roshandmsg_pkg/roshandmsg_pkg/msg/detail/dds_fastrtps
[2.652s] -- Installing: /home/daniel-robayo/handIA2/ros/install/roshandmsg_pkg/include/roshandmsg_pkg/roshandmsg_pkg/msg/detail/msg_hand__rosidl_typesupport_fastrtps_cpp.hpp
[2.652s] -- Up-to-date: /home/daniel-robayo/handIA2/ros/install/roshandmsg_pkg/include/roshandmsg_pkg/roshandmsg_pkg/msg/rosidl_typesupport_fastrtps_cpp__visibility_control.h
[2.652s] -- Installing: /home/daniel-robayo/handIA2/ros/install/roshandmsg_pkg/lib/libroshandmsg_pkg__rosidl_typesupport_fastrtps_cpp.so
[2.652s] -- Set non-toolchain portion of runtime path of "/home/daniel-robayo/handIA2/ros/install/roshandmsg_pkg/lib/libroshandmsg_pkg__rosidl_typesupport_fastrtps_cpp.so" to ""
[2.652s] -- Up-to-date: /home/daniel-robayo/handIA2/ros/install/roshandmsg_pkg/include/roshandmsg_pkg/roshandmsg_pkg
[2.652s] -- Up-to-date: /home/daniel-robayo/handIA2/ros/install/roshandmsg_pkg/include/roshandmsg_pkg/roshandmsg_pkg/msg
[2.653s] -- Up-to-date: /home/daniel-robayo/handIA2/ros/install/roshandmsg_pkg/include/roshandmsg_pkg/roshandmsg_pkg/msg/detail
[2.653s] -- Installing: /home/daniel-robayo/handIA2/ros/install/roshandmsg_pkg/include/roshandmsg_pkg/roshandmsg_pkg/msg/detail/msg_hand__rosidl_typesupport_introspection_cpp.hpp
[2.653s] -- Installing: /home/daniel-robayo/handIA2/ros/install/roshandmsg_pkg/include/roshandmsg_pkg/roshandmsg_pkg/msg/detail/msg_hand__type_support.cpp
[2.653s] -- Installing: /home/daniel-robayo/handIA2/ros/install/roshandmsg_pkg/lib/libroshandmsg_pkg__rosidl_typesupport_introspection_cpp.so
[2.653s] -- Set non-toolchain portion of runtime path of "/home/daniel-robayo/handIA2/ros/install/roshandmsg_pkg/lib/libroshandmsg_pkg__rosidl_typesupport_introspection_cpp.so" to ""
[2.653s] -- Installing: /home/daniel-robayo/handIA2/ros/install/roshandmsg_pkg/lib/libroshandmsg_pkg__rosidl_typesupport_cpp.so
[2.653s] -- Set non-toolchain portion of runtime path of "/home/daniel-robayo/handIA2/ros/install/roshandmsg_pkg/lib/libroshandmsg_pkg__rosidl_typesupport_cpp.so" to ""
[2.653s] -- Up-to-date: /home/daniel-robayo/handIA2/ros/install/roshandmsg_pkg/share/roshandmsg_pkg/environment/pythonpath.sh
[2.653s] -- Up-to-date: /home/daniel-robayo/handIA2/ros/install/roshandmsg_pkg/share/roshandmsg_pkg/environment/pythonpath.dsv
[2.653s] -- Up-to-date: /home/daniel-robayo/handIA2/ros/install/roshandmsg_pkg/lib/python3.12/site-packages/roshandmsg_pkg-0.0.0-py3.12.egg-info
[2.653s] -- Installing: /home/daniel-robayo/handIA2/ros/install/roshandmsg_pkg/lib/python3.12/site-packages/roshandmsg_pkg-0.0.0-py3.12.egg-info/SOURCES.txt
[2.653s] -- Installing: /home/daniel-robayo/handIA2/ros/install/roshandmsg_pkg/lib/python3.12/site-packages/roshandmsg_pkg-0.0.0-py3.12.egg-info/dependency_links.txt
[2.653s] -- Installing: /home/daniel-robayo/handIA2/ros/install/roshandmsg_pkg/lib/python3.12/site-packages/roshandmsg_pkg-0.0.0-py3.12.egg-info/PKG-INFO
[2.653s] -- Installing: /home/daniel-robayo/handIA2/ros/install/roshandmsg_pkg/lib/python3.12/site-packages/roshandmsg_pkg-0.0.0-py3.12.egg-info/top_level.txt
[2.653s] -- Up-to-date: /home/daniel-robayo/handIA2/ros/install/roshandmsg_pkg/lib/python3.12/site-packages/roshandmsg_pkg
[2.654s] -- Installing: /home/daniel-robayo/handIA2/ros/install/roshandmsg_pkg/lib/python3.12/site-packages/roshandmsg_pkg/_roshandmsg_pkg_s.ep.rosidl_typesupport_fastrtps_c.c
[2.654s] -- Installing: /home/daniel-robayo/handIA2/ros/install/roshandmsg_pkg/lib/python3.12/site-packages/roshandmsg_pkg/roshandmsg_pkg_s__rosidl_typesupport_introspection_c.so
[2.654s] -- Installing: /home/daniel-robayo/handIA2/ros/install/roshandmsg_pkg/lib/python3.12/site-packages/roshandmsg_pkg/__init__.py
[2.654s] -- Installing: /home/daniel-robayo/handIA2/ros/install/roshandmsg_pkg/lib/python3.12/site-packages/roshandmsg_pkg/roshandmsg_pkg_s__rosidl_typesupport_fastrtps_c.so
[2.654s] -- Installing: /home/daniel-robayo/handIA2/ros/install/roshandmsg_pkg/lib/python3.12/site-packages/roshandmsg_pkg/roshandmsg_pkg_s__rosidl_typesupport_c.so
[2.654s] -- Installing: /home/daniel-robayo/handIA2/ros/install/roshandmsg_pkg/lib/python3.12/site-packages/roshandmsg_pkg/_roshandmsg_pkg_s.ep.rosidl_typesupport_introspection_c.c
[2.654s] -- Up-to-date: /home/daniel-robayo/handIA2/ros/install/roshandmsg_pkg/lib/python3.12/site-packages/roshandmsg_pkg/msg
[2.654s] -- Installing: /home/daniel-robayo/handIA2/ros/install/roshandmsg_pkg/lib/python3.12/site-packages/roshandmsg_pkg/msg/_msg_hand_s.c
[2.654s] -- Installing: /home/daniel-robayo/handIA2/ros/install/roshandmsg_pkg/lib/python3.12/site-packages/roshandmsg_pkg/msg/__init__.py
[2.654s] -- Installing: /home/daniel-robayo/handIA2/ros/install/roshandmsg_pkg/lib/python3.12/site-packages/roshandmsg_pkg/msg/_msg_hand.py
[2.654s] -- Installing: /home/daniel-robayo/handIA2/ros/install/roshandmsg_pkg/lib/python3.12/site-packages/roshandmsg_pkg/_roshandmsg_pkg_s.ep.rosidl_typesupport_c.c
[2.682s] Listing '/home/daniel-robayo/handIA2/ros/install/roshandmsg_pkg/lib/python3.12/site-packages/roshandmsg_pkg'...
[2.682s] Compiling '/home/daniel-robayo/handIA2/ros/install/roshandmsg_pkg/lib/python3.12/site-packages/roshandmsg_pkg/__init__.py'...
[2.682s] Listing '/home/daniel-robayo/handIA2/ros/install/roshandmsg_pkg/lib/python3.12/site-packages/roshandmsg_pkg/msg'...
[2.682s] Compiling '/home/daniel-robayo/handIA2/ros/install/roshandmsg_pkg/lib/python3.12/site-packages/roshandmsg_pkg/msg/__init__.py'...
[2.682s] Compiling '/home/daniel-robayo/handIA2/ros/install/roshandmsg_pkg/lib/python3.12/site-packages/roshandmsg_pkg/msg/_msg_hand.py'...
[2.686s] -- Installing: /home/daniel-robayo/handIA2/ros/install/roshandmsg_pkg/lib/python3.12/site-packages/roshandmsg_pkg/roshandmsg_pkg_s__rosidl_typesupport_fastrtps_c.so
[2.686s] -- Set non-toolchain portion of runtime path of "/home/daniel-robayo/handIA2/ros/install/roshandmsg_pkg/lib/python3.12/site-packages/roshandmsg_pkg/roshandmsg_pkg_s__rosidl_typesupport_fastrtps_c.so" to ""
[2.686s] -- Installing: /home/daniel-robayo/handIA2/ros/install/roshandmsg_pkg/lib/python3.12/site-packages/roshandmsg_pkg/roshandmsg_pkg_s__rosidl_typesupport_introspection_c.so
[2.686s] -- Set non-toolchain portion of runtime path of "/home/daniel-robayo/handIA2/ros/install/roshandmsg_pkg/lib/python3.12/site-packages/roshandmsg_pkg/roshandmsg_pkg_s__rosidl_typesupport_introspection_c.so" to ""
[2.686s] -- Installing: /home/daniel-robayo/handIA2/ros/install/roshandmsg_pkg/lib/python3.12/site-packages/roshandmsg_pkg/roshandmsg_pkg_s__rosidl_typesupport_c.so
[2.686s] -- Set non-toolchain portion of runtime path of "/home/daniel-robayo/handIA2/ros/install/roshandmsg_pkg/lib/python3.12/site-packages/roshandmsg_pkg/roshandmsg_pkg_s__rosidl_typesupport_c.so" to ""
[2.687s] -- Installing: /home/daniel-robayo/handIA2/ros/install/roshandmsg_pkg/lib/libroshandmsg_pkg__rosidl_generator_py.so
[2.687s] -- Set non-toolchain portion of runtime path of "/home/daniel-robayo/handIA2/ros/install/roshandmsg_pkg/lib/libroshandmsg_pkg__rosidl_generator_py.so" to ""
[2.687s] -- Installing: /home/daniel-robayo/handIA2/ros/install/roshandmsg_pkg/share/roshandmsg_pkg/msg/MsgHand.idl
[2.687s] -- Installing: /home/daniel-robayo/handIA2/ros/install/roshandmsg_pkg/share/roshandmsg_pkg/msg/MsgHand.msg
[2.687s] -- Up-to-date: /home/daniel-robayo/handIA2/ros/install/roshandmsg_pkg/share/ament_index/resource_index/package_run_dependencies/roshandmsg_pkg
[2.687s] -- Installing: /home/daniel-robayo/handIA2/ros/install/roshandmsg_pkg/share/ament_index/resource_index/parent_prefix_path/roshandmsg_pkg
[2.687s] -- Up-to-date: /home/daniel-robayo/handIA2/ros/install/roshandmsg_pkg/share/roshandmsg_pkg/environment/ament_prefix_path.sh
[2.687s] -- Up-to-date: /home/daniel-robayo/handIA2/ros/install/roshandmsg_pkg/share/roshandmsg_pkg/environment/ament_prefix_path.dsv
[2.687s] -- Up-to-date: /home/daniel-robayo/handIA2/ros/install/roshandmsg_pkg/share/roshandmsg_pkg/environment/path.sh
[2.687s] -- Up-to-date: /home/daniel-robayo/handIA2/ros/install/roshandmsg_pkg/share/roshandmsg_pkg/environment/path.dsv
[2.687s] -- Up-to-date: /home/daniel-robayo/handIA2/ros/install/roshandmsg_pkg/share/roshandmsg_pkg/local_setup.bash
[2.688s] -- Up-to-date: /home/daniel-robayo/handIA2/ros/install/roshandmsg_pkg/share/roshandmsg_pkg/local_setup.sh
[2.688s] -- Up-to-date: /home/daniel-robayo/handIA2/ros/install/roshandmsg_pkg/share/roshandmsg_pkg/local_setup.zsh
[2.688s] -- Up-to-date: /home/daniel-robayo/handIA2/ros/install/roshandmsg_pkg/share/roshandmsg_pkg/local_setup.dsv
[2.688s] -- Installing: /home/daniel-robayo/handIA2/ros/install/roshandmsg_pkg/share/roshandmsg_pkg/package.dsv
[2.688s] -- Up-to-date: /home/daniel-robayo/handIA2/ros/install/roshandmsg_pkg/share/ament_index/resource_index/packages/roshandmsg_pkg
[2.688s] -- Up-to-date: /home/daniel-robayo/handIA2/ros/install/roshandmsg_pkg/share/roshandmsg_pkg/cmake/export_roshandmsg_pkg__rosidl_generator_cExport.cmake
[2.688s] -- Up-to-date: /home/daniel-robayo/handIA2/ros/install/roshandmsg_pkg/share/roshandmsg_pkg/cmake/export_roshandmsg_pkg__rosidl_generator_cExport-noconfig.cmake
[2.688s] -- Up-to-date: /home/daniel-robayo/handIA2/ros/install/roshandmsg_pkg/share/roshandmsg_pkg/cmake/export_roshandmsg_pkg__rosidl_typesupport_fastrtps_cExport.cmake
[2.688s] -- Up-to-date: /home/daniel-robayo/handIA2/ros/install/roshandmsg_pkg/share/roshandmsg_pkg/cmake/export_roshandmsg_pkg__rosidl_typesupport_fastrtps_cExport-noconfig.cmake
[2.688s] -- Up-to-date: /home/daniel-robayo/handIA2/ros/install/roshandmsg_pkg/share/roshandmsg_pkg/cmake/roshandmsg_pkg__rosidl_typesupport_introspection_cExport.cmake
[2.688s] -- Up-to-date: /home/daniel-robayo/handIA2/ros/install/roshandmsg_pkg/share/roshandmsg_pkg/cmake/roshandmsg_pkg__rosidl_typesupport_introspection_cExport-noconfig.cmake
[2.688s] -- Up-to-date: /home/daniel-robayo/handIA2/ros/install/roshandmsg_pkg/share/roshandmsg_pkg/cmake/roshandmsg_pkg__rosidl_typesupport_cExport.cmake
[2.688s] -- Up-to-date: /home/daniel-robayo/handIA2/ros/install/roshandmsg_pkg/share/roshandmsg_pkg/cmake/roshandmsg_pkg__rosidl_typesupport_cExport-noconfig.cmake
[2.688s] -- Up-to-date: /home/daniel-robayo/handIA2/ros/install/roshandmsg_pkg/share/roshandmsg_pkg/cmake/export_roshandmsg_pkg__rosidl_generator_cppExport.cmake
[2.688s] -- Up-to-date: /home/daniel-robayo/handIA2/ros/install/roshandmsg_pkg/share/roshandmsg_pkg/cmake/export_roshandmsg_pkg__rosidl_typesupport_fastrtps_cppExport.cmake
[2.689s] -- Up-to-date: /home/daniel-robayo/handIA2/ros/install/roshandmsg_pkg/share/roshandmsg_pkg/cmake/export_roshandmsg_pkg__rosidl_typesupport_fastrtps_cppExport-noconfig.cmake
[2.689s] -- Up-to-date: /home/daniel-robayo/handIA2/ros/install/roshandmsg_pkg/share/roshandmsg_pkg/cmake/roshandmsg_pkg__rosidl_typesupport_introspection_cppExport.cmake
[2.689s] -- Up-to-date: /home/daniel-robayo/handIA2/ros/install/roshandmsg_pkg/share/roshandmsg_pkg/cmake/roshandmsg_pkg__rosidl_typesupport_introspection_cppExport-noconfig.cmake
[2.689s] -- Up-to-date: /home/daniel-robayo/handIA2/ros/install/roshandmsg_pkg/share/roshandmsg_pkg/cmake/roshandmsg_pkg__rosidl_typesupport_cppExport.cmake
[2.689s] -- Up-to-date: /home/daniel-robayo/handIA2/ros/install/roshandmsg_pkg/share/roshandmsg_pkg/cmake/roshandmsg_pkg__rosidl_typesupport_cppExport-noconfig.cmake
[2.689s] -- Up-to-date: /home/daniel-robayo/handIA2/ros/install/roshandmsg_pkg/share/roshandmsg_pkg/cmake/export_roshandmsg_pkg__rosidl_generator_pyExport.cmake
[2.689s] -- Up-to-date: /home/daniel-robayo/handIA2/ros/install/roshandmsg_pkg/share/roshandmsg_pkg/cmake/export_roshandmsg_pkg__rosidl_generator_pyExport-noconfig.cmake
[2.689s] -- Up-to-date: /home/daniel-robayo/handIA2/ros/install/roshandmsg_pkg/share/roshandmsg_pkg/cmake/rosidl_cmake-extras.cmake
[2.689s] -- Up-to-date: /home/daniel-robayo/handIA2/ros/install/roshandmsg_pkg/share/roshandmsg_pkg/cmake/ament_cmake_export_include_directories-extras.cmake
[2.689s] -- Up-to-date: /home/daniel-robayo/handIA2/ros/install/roshandmsg_pkg/share/roshandmsg_pkg/cmake/ament_cmake_export_libraries-extras.cmake
[2.689s] -- Up-to-date: /home/daniel-robayo/handIA2/ros/install/roshandmsg_pkg/share/roshandmsg_pkg/cmake/ament_cmake_export_targets-extras.cmake
[2.689s] -- Up-to-date: /home/daniel-robayo/handIA2/ros/install/roshandmsg_pkg/share/roshandmsg_pkg/cmake/rosidl_cmake_export_typesupport_targets-extras.cmake
[2.689s] -- Up-to-date: /home/daniel-robayo/handIA2/ros/install/roshandmsg_pkg/share/roshandmsg_pkg/cmake/ament_cmake_export_dependencies-extras.cmake
[2.689s] -- Up-to-date: /home/daniel-robayo/handIA2/ros/install/roshandmsg_pkg/share/roshandmsg_pkg/cmake/rosidl_cmake_export_typesupport_libraries-extras.cmake
[2.689s] -- Up-to-date: /home/daniel-robayo/handIA2/ros/install/roshandmsg_pkg/share/roshandmsg_pkg/cmake/roshandmsg_pkgConfig.cmake
[2.689s] -- Up-to-date: /home/daniel-robayo/handIA2/ros/install/roshandmsg_pkg/share/roshandmsg_pkg/cmake/roshandmsg_pkgConfig-version.cmake
[2.689s] -- Up-to-date: /home/daniel-robayo/handIA2/ros/install/roshandmsg_pkg/share/roshandmsg_pkg/package.xml
[2.690s] Invoked command in '/home/daniel-robayo/handIA2/ros/build/roshandmsg_pkg' returned '0': CMAKE_PREFIX_PATH=${CMAKE_PREFIX_PATH}:/home/daniel-robayo/handIA2/ros/install/roshandia_pkg:/opt/ros/jazzy DEBUGINFOD_URLS=https://debuginfod.ubuntu.com VIRTUAL_ENV_PROMPT=(handIA2) /usr/bin/cmake --install /home/daniel-robayo/handIA2/ros/build/roshandmsg_pkg
