[0.012s] Invoking command in '/home/daniel-robayo/handIA2/ros/build/roshandmsg_pkg': CMAKE_PREFIX_PATH=${CMAKE_PREFIX_PATH}:/home/daniel-robayo/handIA2/ros/install/roshandia_pkg:/opt/ros/jazzy DEBUGINFOD_URLS=https://debuginfod.ubuntu.com VIRTUAL_ENV_PROMPT=(handIA2) /usr/bin/cmake --build /home/daniel-robayo/handIA2/ros/build/roshandmsg_pkg -- -j12 -l12
[0.106s] [  2%] Built target roshandmsg_pkg__rosidl_generator_type_description
[0.128s] [  2%] Built target ament_cmake_python_copy_roshandmsg_pkg
[0.153s] [  5%] Built target roshandmsg_pkg__cpp
[0.154s] [ 20%] Built target roshandmsg_pkg__rosidl_generator_c
[0.197s] [ 35%] Built target roshandmsg_pkg__rosidl_typesupport_c
[0.197s] [ 38%] Built target roshandmsg_pkg__rosidl_typesupport_introspection_c
[0.197s] [ 55%] Built target roshandmsg_pkg__rosidl_typesupport_fastrtps_c
[0.197s] [ 55%] Built target roshandmsg_pkg__rosidl_typesupport_fastrtps_cpp
[0.201s] [ 64%] Built target roshandmsg_pkg__rosidl_typesupport_cpp
[0.201s] [ 73%] Built target roshandmsg_pkg__rosidl_typesupport_introspection_cpp
[0.231s] [ 73%] Built target roshandmsg_pkg
[0.257s] [ 76%] Built target roshandmsg_pkg__py
[0.283s] [ 82%] Built target roshandmsg_pkg__rosidl_generator_py
[0.310s] [ 94%] Built target roshandmsg_pkg_s__rosidl_typesupport_fastrtps_c
[0.310s] [ 94%] Built target roshandmsg_pkg_s__rosidl_typesupport_c
[0.310s] [100%] Built target roshandmsg_pkg_s__rosidl_typesupport_introspection_c
[0.396s] running egg_info
[0.414s] writing roshandmsg_pkg.egg-info/PKG-INFO
[0.414s] writing dependency_links to roshandmsg_pkg.egg-info/dependency_links.txt
[0.414s] writing top-level names to roshandmsg_pkg.egg-info/top_level.txt
[0.475s] reading manifest file 'roshandmsg_pkg.egg-info/SOURCES.txt'
[0.476s] writing manifest file 'roshandmsg_pkg.egg-info/SOURCES.txt'
[0.519s] [100%] Built target ament_cmake_python_build_roshandmsg_pkg_egg
[0.535s] Invoked command in '/home/daniel-robayo/handIA2/ros/build/roshandmsg_pkg' returned '0': CMAKE_PREFIX_PATH=${CMAKE_PREFIX_PATH}:/home/daniel-robayo/handIA2/ros/install/roshandia_pkg:/opt/ros/jazzy DEBUGINFOD_URLS=https://debuginfod.ubuntu.com VIRTUAL_ENV_PROMPT=(handIA2) /usr/bin/cmake --build /home/daniel-robayo/handIA2/ros/build/roshandmsg_pkg -- -j12 -l12
[0.550s] Invoking command in '/home/daniel-robayo/handIA2/ros/build/roshandmsg_pkg': CMAKE_PREFIX_PATH=${CMAKE_PREFIX_PATH}:/home/daniel-robayo/handIA2/ros/install/roshandia_pkg:/opt/ros/jazzy DEBUGINFOD_URLS=https://debuginfod.ubuntu.com VIRTUAL_ENV_PROMPT=(handIA2) /usr/bin/cmake --install /home/daniel-robayo/handIA2/ros/build/roshandmsg_pkg
[0.561s] -- Install configuration: ""
[0.561s] -- Up-to-date: /home/daniel-robayo/handIA2/ros/install/roshandmsg_pkg/share/ament_index/resource_index/rosidl_interfaces/roshandmsg_pkg
[0.561s] -- Up-to-date: /home/daniel-robayo/handIA2/ros/install/roshandmsg_pkg/share/roshandmsg_pkg/msg/MsgHand.json
[0.561s] -- Up-to-date: /home/daniel-robayo/handIA2/ros/install/roshandmsg_pkg/include/roshandmsg_pkg/roshandmsg_pkg
[0.561s] -- Up-to-date: /home/daniel-robayo/handIA2/ros/install/roshandmsg_pkg/include/roshandmsg_pkg/roshandmsg_pkg/msg
[0.562s] -- Up-to-date: /home/daniel-robayo/handIA2/ros/install/roshandmsg_pkg/include/roshandmsg_pkg/roshandmsg_pkg/msg/rosidl_generator_c__visibility_control.h
[0.562s] -- Up-to-date: /home/daniel-robayo/handIA2/ros/install/roshandmsg_pkg/include/roshandmsg_pkg/roshandmsg_pkg/msg/msg_hand.h
[0.562s] -- Up-to-date: /home/daniel-robayo/handIA2/ros/install/roshandmsg_pkg/include/roshandmsg_pkg/roshandmsg_pkg/msg/detail
[0.562s] -- Up-to-date: /home/daniel-robayo/handIA2/ros/install/roshandmsg_pkg/include/roshandmsg_pkg/roshandmsg_pkg/msg/detail/msg_hand__type_support.h
[0.562s] -- Up-to-date: /home/daniel-robayo/handIA2/ros/install/roshandmsg_pkg/include/roshandmsg_pkg/roshandmsg_pkg/msg/detail/msg_hand__functions.c
[0.562s] -- Up-to-date: /home/daniel-robayo/handIA2/ros/install/roshandmsg_pkg/include/roshandmsg_pkg/roshandmsg_pkg/msg/detail/msg_hand__description.c
[0.562s] -- Up-to-date: /home/daniel-robayo/handIA2/ros/install/roshandmsg_pkg/include/roshandmsg_pkg/roshandmsg_pkg/msg/detail/msg_hand__functions.h
[0.562s] -- Up-to-date: /home/daniel-robayo/handIA2/ros/install/roshandmsg_pkg/include/roshandmsg_pkg/roshandmsg_pkg/msg/detail/msg_hand__type_support.c
[0.562s] -- Up-to-date: /home/daniel-robayo/handIA2/ros/install/roshandmsg_pkg/include/roshandmsg_pkg/roshandmsg_pkg/msg/detail/msg_hand__struct.h
[0.563s] -- Up-to-date: /home/daniel-robayo/handIA2/ros/install/roshandmsg_pkg/share/roshandmsg_pkg/environment/library_path.sh
[0.563s] -- Up-to-date: /home/daniel-robayo/handIA2/ros/install/roshandmsg_pkg/share/roshandmsg_pkg/environment/library_path.dsv
[0.563s] -- Up-to-date: /home/daniel-robayo/handIA2/ros/install/roshandmsg_pkg/lib/libroshandmsg_pkg__rosidl_generator_c.so
[0.563s] -- Up-to-date: /home/daniel-robayo/handIA2/ros/install/roshandmsg_pkg/include/roshandmsg_pkg/roshandmsg_pkg
[0.563s] -- Up-to-date: /home/daniel-robayo/handIA2/ros/install/roshandmsg_pkg/include/roshandmsg_pkg/roshandmsg_pkg/msg
[0.563s] -- Up-to-date: /home/daniel-robayo/handIA2/ros/install/roshandmsg_pkg/include/roshandmsg_pkg/roshandmsg_pkg/msg/rosidl_typesupport_fastrtps_c__visibility_control.h
[0.563s] -- Up-to-date: /home/daniel-robayo/handIA2/ros/install/roshandmsg_pkg/include/roshandmsg_pkg/roshandmsg_pkg/msg/detail
[0.563s] -- Up-to-date: /home/daniel-robayo/handIA2/ros/install/roshandmsg_pkg/include/roshandmsg_pkg/roshandmsg_pkg/msg/detail/msg_hand__rosidl_typesupport_fastrtps_c.h
[0.564s] -- Up-to-date: /home/daniel-robayo/handIA2/ros/install/roshandmsg_pkg/lib/libroshandmsg_pkg__rosidl_typesupport_fastrtps_c.so
[0.564s] -- Up-to-date: /home/daniel-robayo/handIA2/ros/install/roshandmsg_pkg/include/roshandmsg_pkg/roshandmsg_pkg
[0.564s] -- Up-to-date: /home/daniel-robayo/handIA2/ros/install/roshandmsg_pkg/include/roshandmsg_pkg/roshandmsg_pkg/msg
[0.564s] -- Up-to-date: /home/daniel-robayo/handIA2/ros/install/roshandmsg_pkg/include/roshandmsg_pkg/roshandmsg_pkg/msg/detail
[0.564s] -- Up-to-date: /home/daniel-robayo/handIA2/ros/install/roshandmsg_pkg/include/roshandmsg_pkg/roshandmsg_pkg/msg/detail/msg_hand__rosidl_typesupport_introspection_c.h
[0.564s] -- Up-to-date: /home/daniel-robayo/handIA2/ros/install/roshandmsg_pkg/include/roshandmsg_pkg/roshandmsg_pkg/msg/detail/msg_hand__type_support.c
[0.564s] -- Up-to-date: /home/daniel-robayo/handIA2/ros/install/roshandmsg_pkg/include/roshandmsg_pkg/roshandmsg_pkg/msg/rosidl_typesupport_introspection_c__visibility_control.h
[0.564s] -- Up-to-date: /home/daniel-robayo/handIA2/ros/install/roshandmsg_pkg/lib/libroshandmsg_pkg__rosidl_typesupport_introspection_c.so
[0.564s] -- Up-to-date: /home/daniel-robayo/handIA2/ros/install/roshandmsg_pkg/lib/libroshandmsg_pkg__rosidl_typesupport_c.so
[0.564s] -- Up-to-date: /home/daniel-robayo/handIA2/ros/install/roshandmsg_pkg/include/roshandmsg_pkg/roshandmsg_pkg
[0.565s] -- Up-to-date: /home/daniel-robayo/handIA2/ros/install/roshandmsg_pkg/include/roshandmsg_pkg/roshandmsg_pkg/msg
[0.565s] -- Up-to-date: /home/daniel-robayo/handIA2/ros/install/roshandmsg_pkg/include/roshandmsg_pkg/roshandmsg_pkg/msg/rosidl_generator_cpp__visibility_control.hpp
[0.565s] -- Up-to-date: /home/daniel-robayo/handIA2/ros/install/roshandmsg_pkg/include/roshandmsg_pkg/roshandmsg_pkg/msg/msg_hand.hpp
[0.565s] -- Up-to-date: /home/daniel-robayo/handIA2/ros/install/roshandmsg_pkg/include/roshandmsg_pkg/roshandmsg_pkg/msg/detail
[0.565s] -- Up-to-date: /home/daniel-robayo/handIA2/ros/install/roshandmsg_pkg/include/roshandmsg_pkg/roshandmsg_pkg/msg/detail/msg_hand__struct.hpp
[0.565s] -- Up-to-date: /home/daniel-robayo/handIA2/ros/install/roshandmsg_pkg/include/roshandmsg_pkg/roshandmsg_pkg/msg/detail/msg_hand__type_support.hpp
[0.565s] -- Up-to-date: /home/daniel-robayo/handIA2/ros/install/roshandmsg_pkg/include/roshandmsg_pkg/roshandmsg_pkg/msg/detail/msg_hand__builder.hpp
[0.565s] -- Up-to-date: /home/daniel-robayo/handIA2/ros/install/roshandmsg_pkg/include/roshandmsg_pkg/roshandmsg_pkg/msg/detail/msg_hand__traits.hpp
[0.565s] -- Up-to-date: /home/daniel-robayo/handIA2/ros/install/roshandmsg_pkg/include/roshandmsg_pkg/roshandmsg_pkg
[0.565s] -- Up-to-date: /home/daniel-robayo/handIA2/ros/install/roshandmsg_pkg/include/roshandmsg_pkg/roshandmsg_pkg/msg
[0.565s] -- Up-to-date: /home/daniel-robayo/handIA2/ros/install/roshandmsg_pkg/include/roshandmsg_pkg/roshandmsg_pkg/msg/detail
[0.566s] -- Up-to-date: /home/daniel-robayo/handIA2/ros/install/roshandmsg_pkg/include/roshandmsg_pkg/roshandmsg_pkg/msg/detail/dds_fastrtps
[0.566s] -- Up-to-date: /home/daniel-robayo/handIA2/ros/install/roshandmsg_pkg/include/roshandmsg_pkg/roshandmsg_pkg/msg/detail/msg_hand__rosidl_typesupport_fastrtps_cpp.hpp
[0.566s] -- Up-to-date: /home/daniel-robayo/handIA2/ros/install/roshandmsg_pkg/include/roshandmsg_pkg/roshandmsg_pkg/msg/rosidl_typesupport_fastrtps_cpp__visibility_control.h
[0.566s] -- Up-to-date: /home/daniel-robayo/handIA2/ros/install/roshandmsg_pkg/lib/libroshandmsg_pkg__rosidl_typesupport_fastrtps_cpp.so
[0.566s] -- Up-to-date: /home/daniel-robayo/handIA2/ros/install/roshandmsg_pkg/include/roshandmsg_pkg/roshandmsg_pkg
[0.566s] -- Up-to-date: /home/daniel-robayo/handIA2/ros/install/roshandmsg_pkg/include/roshandmsg_pkg/roshandmsg_pkg/msg
[0.566s] -- Up-to-date: /home/daniel-robayo/handIA2/ros/install/roshandmsg_pkg/include/roshandmsg_pkg/roshandmsg_pkg/msg/detail
[0.566s] -- Up-to-date: /home/daniel-robayo/handIA2/ros/install/roshandmsg_pkg/include/roshandmsg_pkg/roshandmsg_pkg/msg/detail/msg_hand__rosidl_typesupport_introspection_cpp.hpp
[0.566s] -- Up-to-date: /home/daniel-robayo/handIA2/ros/install/roshandmsg_pkg/include/roshandmsg_pkg/roshandmsg_pkg/msg/detail/msg_hand__type_support.cpp
[0.567s] -- Up-to-date: /home/daniel-robayo/handIA2/ros/install/roshandmsg_pkg/lib/libroshandmsg_pkg__rosidl_typesupport_introspection_cpp.so
[0.567s] -- Up-to-date: /home/daniel-robayo/handIA2/ros/install/roshandmsg_pkg/lib/libroshandmsg_pkg__rosidl_typesupport_cpp.so
[0.567s] -- Up-to-date: /home/daniel-robayo/handIA2/ros/install/roshandmsg_pkg/share/roshandmsg_pkg/environment/pythonpath.sh
[0.567s] -- Up-to-date: /home/daniel-robayo/handIA2/ros/install/roshandmsg_pkg/share/roshandmsg_pkg/environment/pythonpath.dsv
[0.567s] -- Up-to-date: /home/daniel-robayo/handIA2/ros/install/roshandmsg_pkg/lib/python3.12/site-packages/roshandmsg_pkg-0.0.0-py3.12.egg-info
[0.567s] -- Installing: /home/daniel-robayo/handIA2/ros/install/roshandmsg_pkg/lib/python3.12/site-packages/roshandmsg_pkg-0.0.0-py3.12.egg-info/SOURCES.txt
[0.567s] -- Installing: /home/daniel-robayo/handIA2/ros/install/roshandmsg_pkg/lib/python3.12/site-packages/roshandmsg_pkg-0.0.0-py3.12.egg-info/dependency_links.txt
[0.567s] -- Installing: /home/daniel-robayo/handIA2/ros/install/roshandmsg_pkg/lib/python3.12/site-packages/roshandmsg_pkg-0.0.0-py3.12.egg-info/PKG-INFO
[0.567s] -- Installing: /home/daniel-robayo/handIA2/ros/install/roshandmsg_pkg/lib/python3.12/site-packages/roshandmsg_pkg-0.0.0-py3.12.egg-info/top_level.txt
[0.567s] -- Up-to-date: /home/daniel-robayo/handIA2/ros/install/roshandmsg_pkg/lib/python3.12/site-packages/roshandmsg_pkg
[0.567s] -- Up-to-date: /home/daniel-robayo/handIA2/ros/install/roshandmsg_pkg/lib/python3.12/site-packages/roshandmsg_pkg/_roshandmsg_pkg_s.ep.rosidl_typesupport_fastrtps_c.c
[0.567s] -- Up-to-date: /home/daniel-robayo/handIA2/ros/install/roshandmsg_pkg/lib/python3.12/site-packages/roshandmsg_pkg/roshandmsg_pkg_s__rosidl_typesupport_introspection_c.so
[0.568s] -- Up-to-date: /home/daniel-robayo/handIA2/ros/install/roshandmsg_pkg/lib/python3.12/site-packages/roshandmsg_pkg/__init__.py
[0.568s] -- Up-to-date: /home/daniel-robayo/handIA2/ros/install/roshandmsg_pkg/lib/python3.12/site-packages/roshandmsg_pkg/roshandmsg_pkg_s__rosidl_typesupport_fastrtps_c.so
[0.568s] -- Up-to-date: /home/daniel-robayo/handIA2/ros/install/roshandmsg_pkg/lib/python3.12/site-packages/roshandmsg_pkg/roshandmsg_pkg_s__rosidl_typesupport_c.so
[0.568s] -- Up-to-date: /home/daniel-robayo/handIA2/ros/install/roshandmsg_pkg/lib/python3.12/site-packages/roshandmsg_pkg/_roshandmsg_pkg_s.ep.rosidl_typesupport_introspection_c.c
[0.568s] -- Up-to-date: /home/daniel-robayo/handIA2/ros/install/roshandmsg_pkg/lib/python3.12/site-packages/roshandmsg_pkg/msg
[0.568s] -- Up-to-date: /home/daniel-robayo/handIA2/ros/install/roshandmsg_pkg/lib/python3.12/site-packages/roshandmsg_pkg/msg/_msg_hand_s.c
[0.568s] -- Up-to-date: /home/daniel-robayo/handIA2/ros/install/roshandmsg_pkg/lib/python3.12/site-packages/roshandmsg_pkg/msg/__init__.py
[0.568s] -- Up-to-date: /home/daniel-robayo/handIA2/ros/install/roshandmsg_pkg/lib/python3.12/site-packages/roshandmsg_pkg/msg/_msg_hand.py
[0.568s] -- Up-to-date: /home/daniel-robayo/handIA2/ros/install/roshandmsg_pkg/lib/python3.12/site-packages/roshandmsg_pkg/_roshandmsg_pkg_s.ep.rosidl_typesupport_c.c
[0.606s] Listing '/home/daniel-robayo/handIA2/ros/install/roshandmsg_pkg/lib/python3.12/site-packages/roshandmsg_pkg'...
[0.607s] Listing '/home/daniel-robayo/handIA2/ros/install/roshandmsg_pkg/lib/python3.12/site-packages/roshandmsg_pkg/msg'...
[0.613s] -- Up-to-date: /home/daniel-robayo/handIA2/ros/install/roshandmsg_pkg/lib/python3.12/site-packages/roshandmsg_pkg/roshandmsg_pkg_s__rosidl_typesupport_fastrtps_c.so
[0.613s] -- Up-to-date: /home/daniel-robayo/handIA2/ros/install/roshandmsg_pkg/lib/python3.12/site-packages/roshandmsg_pkg/roshandmsg_pkg_s__rosidl_typesupport_introspection_c.so
[0.613s] -- Up-to-date: /home/daniel-robayo/handIA2/ros/install/roshandmsg_pkg/lib/python3.12/site-packages/roshandmsg_pkg/roshandmsg_pkg_s__rosidl_typesupport_c.so
[0.614s] -- Up-to-date: /home/daniel-robayo/handIA2/ros/install/roshandmsg_pkg/lib/libroshandmsg_pkg__rosidl_generator_py.so
[0.614s] -- Up-to-date: /home/daniel-robayo/handIA2/ros/install/roshandmsg_pkg/share/roshandmsg_pkg/msg/MsgHand.idl
[0.614s] -- Up-to-date: /home/daniel-robayo/handIA2/ros/install/roshandmsg_pkg/share/roshandmsg_pkg/msg/MsgHand.msg
[0.614s] -- Up-to-date: /home/daniel-robayo/handIA2/ros/install/roshandmsg_pkg/share/ament_index/resource_index/package_run_dependencies/roshandmsg_pkg
[0.614s] -- Up-to-date: /home/daniel-robayo/handIA2/ros/install/roshandmsg_pkg/share/ament_index/resource_index/parent_prefix_path/roshandmsg_pkg
[0.614s] -- Up-to-date: /home/daniel-robayo/handIA2/ros/install/roshandmsg_pkg/share/roshandmsg_pkg/environment/ament_prefix_path.sh
[0.614s] -- Up-to-date: /home/daniel-robayo/handIA2/ros/install/roshandmsg_pkg/share/roshandmsg_pkg/environment/ament_prefix_path.dsv
[0.615s] -- Up-to-date: /home/daniel-robayo/handIA2/ros/install/roshandmsg_pkg/share/roshandmsg_pkg/environment/path.sh
[0.615s] -- Up-to-date: /home/daniel-robayo/handIA2/ros/install/roshandmsg_pkg/share/roshandmsg_pkg/environment/path.dsv
[0.615s] -- Up-to-date: /home/daniel-robayo/handIA2/ros/install/roshandmsg_pkg/share/roshandmsg_pkg/local_setup.bash
[0.615s] -- Up-to-date: /home/daniel-robayo/handIA2/ros/install/roshandmsg_pkg/share/roshandmsg_pkg/local_setup.sh
[0.615s] -- Up-to-date: /home/daniel-robayo/handIA2/ros/install/roshandmsg_pkg/share/roshandmsg_pkg/local_setup.zsh
[0.616s] -- Up-to-date: /home/daniel-robayo/handIA2/ros/install/roshandmsg_pkg/share/roshandmsg_pkg/local_setup.dsv
[0.616s] -- Installing: /home/daniel-robayo/handIA2/ros/install/roshandmsg_pkg/share/roshandmsg_pkg/package.dsv
[0.616s] -- Up-to-date: /home/daniel-robayo/handIA2/ros/install/roshandmsg_pkg/share/ament_index/resource_index/packages/roshandmsg_pkg
[0.616s] -- Up-to-date: /home/daniel-robayo/handIA2/ros/install/roshandmsg_pkg/share/roshandmsg_pkg/cmake/export_roshandmsg_pkg__rosidl_generator_cExport.cmake
[0.616s] -- Up-to-date: /home/daniel-robayo/handIA2/ros/install/roshandmsg_pkg/share/roshandmsg_pkg/cmake/export_roshandmsg_pkg__rosidl_generator_cExport-noconfig.cmake
[0.616s] -- Up-to-date: /home/daniel-robayo/handIA2/ros/install/roshandmsg_pkg/share/roshandmsg_pkg/cmake/export_roshandmsg_pkg__rosidl_typesupport_fastrtps_cExport.cmake
[0.617s] -- Up-to-date: /home/daniel-robayo/handIA2/ros/install/roshandmsg_pkg/share/roshandmsg_pkg/cmake/export_roshandmsg_pkg__rosidl_typesupport_fastrtps_cExport-noconfig.cmake
[0.617s] -- Up-to-date: /home/daniel-robayo/handIA2/ros/install/roshandmsg_pkg/share/roshandmsg_pkg/cmake/roshandmsg_pkg__rosidl_typesupport_introspection_cExport.cmake
[0.617s] -- Up-to-date: /home/daniel-robayo/handIA2/ros/install/roshandmsg_pkg/share/roshandmsg_pkg/cmake/roshandmsg_pkg__rosidl_typesupport_introspection_cExport-noconfig.cmake
[0.617s] -- Up-to-date: /home/daniel-robayo/handIA2/ros/install/roshandmsg_pkg/share/roshandmsg_pkg/cmake/roshandmsg_pkg__rosidl_typesupport_cExport.cmake
[0.617s] -- Up-to-date: /home/daniel-robayo/handIA2/ros/install/roshandmsg_pkg/share/roshandmsg_pkg/cmake/roshandmsg_pkg__rosidl_typesupport_cExport-noconfig.cmake
[0.617s] -- Up-to-date: /home/daniel-robayo/handIA2/ros/install/roshandmsg_pkg/share/roshandmsg_pkg/cmake/export_roshandmsg_pkg__rosidl_generator_cppExport.cmake
[0.618s] -- Up-to-date: /home/daniel-robayo/handIA2/ros/install/roshandmsg_pkg/share/roshandmsg_pkg/cmake/export_roshandmsg_pkg__rosidl_typesupport_fastrtps_cppExport.cmake
[0.618s] -- Up-to-date: /home/daniel-robayo/handIA2/ros/install/roshandmsg_pkg/share/roshandmsg_pkg/cmake/export_roshandmsg_pkg__rosidl_typesupport_fastrtps_cppExport-noconfig.cmake
[0.618s] -- Up-to-date: /home/daniel-robayo/handIA2/ros/install/roshandmsg_pkg/share/roshandmsg_pkg/cmake/roshandmsg_pkg__rosidl_typesupport_introspection_cppExport.cmake
[0.618s] -- Up-to-date: /home/daniel-robayo/handIA2/ros/install/roshandmsg_pkg/share/roshandmsg_pkg/cmake/roshandmsg_pkg__rosidl_typesupport_introspection_cppExport-noconfig.cmake
[0.619s] -- Up-to-date: /home/daniel-robayo/handIA2/ros/install/roshandmsg_pkg/share/roshandmsg_pkg/cmake/roshandmsg_pkg__rosidl_typesupport_cppExport.cmake
[0.620s] -- Up-to-date: /home/daniel-robayo/handIA2/ros/install/roshandmsg_pkg/share/roshandmsg_pkg/cmake/roshandmsg_pkg__rosidl_typesupport_cppExport-noconfig.cmake
[0.620s] -- Up-to-date: /home/daniel-robayo/handIA2/ros/install/roshandmsg_pkg/share/roshandmsg_pkg/cmake/export_roshandmsg_pkg__rosidl_generator_pyExport.cmake
[0.620s] -- Up-to-date: /home/daniel-robayo/handIA2/ros/install/roshandmsg_pkg/share/roshandmsg_pkg/cmake/export_roshandmsg_pkg__rosidl_generator_pyExport-noconfig.cmake
[0.620s] -- Up-to-date: /home/daniel-robayo/handIA2/ros/install/roshandmsg_pkg/share/roshandmsg_pkg/cmake/rosidl_cmake-extras.cmake
[0.621s] -- Up-to-date: /home/daniel-robayo/handIA2/ros/install/roshandmsg_pkg/share/roshandmsg_pkg/cmake/ament_cmake_export_include_directories-extras.cmake
[0.621s] -- Up-to-date: /home/daniel-robayo/handIA2/ros/install/roshandmsg_pkg/share/roshandmsg_pkg/cmake/ament_cmake_export_libraries-extras.cmake
[0.621s] -- Up-to-date: /home/daniel-robayo/handIA2/ros/install/roshandmsg_pkg/share/roshandmsg_pkg/cmake/ament_cmake_export_targets-extras.cmake
[0.621s] -- Up-to-date: /home/daniel-robayo/handIA2/ros/install/roshandmsg_pkg/share/roshandmsg_pkg/cmake/rosidl_cmake_export_typesupport_targets-extras.cmake
[0.622s] -- Up-to-date: /home/daniel-robayo/handIA2/ros/install/roshandmsg_pkg/share/roshandmsg_pkg/cmake/ament_cmake_export_dependencies-extras.cmake
[0.622s] -- Up-to-date: /home/daniel-robayo/handIA2/ros/install/roshandmsg_pkg/share/roshandmsg_pkg/cmake/rosidl_cmake_export_typesupport_libraries-extras.cmake
[0.623s] -- Up-to-date: /home/daniel-robayo/handIA2/ros/install/roshandmsg_pkg/share/roshandmsg_pkg/cmake/roshandmsg_pkgConfig.cmake
[0.623s] -- Up-to-date: /home/daniel-robayo/handIA2/ros/install/roshandmsg_pkg/share/roshandmsg_pkg/cmake/roshandmsg_pkgConfig-version.cmake
[0.623s] -- Up-to-date: /home/daniel-robayo/handIA2/ros/install/roshandmsg_pkg/share/roshandmsg_pkg/package.xml
[0.624s] Invoked command in '/home/daniel-robayo/handIA2/ros/build/roshandmsg_pkg' returned '0': CMAKE_PREFIX_PATH=${CMAKE_PREFIX_PATH}:/home/daniel-robayo/handIA2/ros/install/roshandia_pkg:/opt/ros/jazzy DEBUGINFOD_URLS=https://debuginfod.ubuntu.com VIRTUAL_ENV_PROMPT=(handIA2) /usr/bin/cmake --install /home/daniel-robayo/handIA2/ros/build/roshandmsg_pkg
