[0.624s] Invoking command in '/home/daniel-robayo/handIA2/ros/src/roshandia_pkg': DEBUGINFOD_URLS=https://debuginfod.ubuntu.com PYTHONPATH=/home/daniel-robayo/handIA2/ros/build/roshandia_pkg/prefix_override:/usr/lib/python3/dist-packages/colcon_core/task/python/colcon_distutils_commands:/home/daniel-robayo/handIA2/ros/install/roshandia_pkg/lib/python3.12/site-packages:/home/daniel-robayo/handIA2/ros/install/roshandmsg_pkg/lib/python3.12/site-packages:/home/daniel-robayo/handIA2/ros/install/roshandia_pkg/lib/python3.12/site-packages:/opt/ros/jazzy/lib/python3.12/site-packages VIRTUAL_ENV_PROMPT=(handIA2) /usr/bin/python3 -W ignore:setup.py install is deprecated -W ignore:easy_install command is deprecated setup.py egg_info --egg-base ../../build/roshandia_pkg build --build-base /home/daniel-robayo/handIA2/ros/build/roshandia_pkg/build install --record /home/daniel-robayo/handIA2/ros/build/roshandia_pkg/install.log --single-version-externally-managed install_data
[0.821s] running egg_info
[0.836s] writing ../../build/roshandia_pkg/roshandia_pkg.egg-info/PKG-INFO
[0.836s] writing dependency_links to ../../build/roshandia_pkg/roshandia_pkg.egg-info/dependency_links.txt
[0.836s] writing entry points to ../../build/roshandia_pkg/roshandia_pkg.egg-info/entry_points.txt
[0.836s] writing requirements to ../../build/roshandia_pkg/roshandia_pkg.egg-info/requires.txt
[0.836s] writing top-level names to ../../build/roshandia_pkg/roshandia_pkg.egg-info/top_level.txt
[0.865s] reading manifest file '../../build/roshandia_pkg/roshandia_pkg.egg-info/SOURCES.txt'
[0.866s] writing manifest file '../../build/roshandia_pkg/roshandia_pkg.egg-info/SOURCES.txt'
[0.866s] running build
[0.866s] running build_py
[0.866s] running install
[0.871s] running install_lib
[0.888s] running install_data
[0.888s] copying launch/display.launch.py -> /home/daniel-robayo/handIA2/ros/install/roshandia_pkg/share/roshandia_pkg/launch
[0.888s] running install_egg_info
[0.905s] removing '/home/daniel-robayo/handIA2/ros/install/roshandia_pkg/lib/python3.12/site-packages/roshandia_pkg-0.0.0-py3.12.egg-info' (and everything under it)
[0.905s] Copying ../../build/roshandia_pkg/roshandia_pkg.egg-info to /home/daniel-robayo/handIA2/ros/install/roshandia_pkg/lib/python3.12/site-packages/roshandia_pkg-0.0.0-py3.12.egg-info
[0.906s] running install_scripts
[1.005s] Installing connectHand script to /home/daniel-robayo/handIA2/ros/install/roshandia_pkg/lib/roshandia_pkg
[1.005s] Installing handRead01 script to /home/daniel-robayo/handIA2/ros/install/roshandia_pkg/lib/roshandia_pkg
[1.005s] Installing joinStatePublisher script to /home/daniel-robayo/handIA2/ros/install/roshandia_pkg/lib/roshandia_pkg
[1.005s] writing list of installed files to '/home/daniel-robayo/handIA2/ros/build/roshandia_pkg/install.log'
[1.027s] Invoked command in '/home/daniel-robayo/handIA2/ros/src/roshandia_pkg' returned '0': DEBUGINFOD_URLS=https://debuginfod.ubuntu.com PYTHONPATH=/home/daniel-robayo/handIA2/ros/build/roshandia_pkg/prefix_override:/usr/lib/python3/dist-packages/colcon_core/task/python/colcon_distutils_commands:/home/daniel-robayo/handIA2/ros/install/roshandia_pkg/lib/python3.12/site-packages:/home/daniel-robayo/handIA2/ros/install/roshandmsg_pkg/lib/python3.12/site-packages:/home/daniel-robayo/handIA2/ros/install/roshandia_pkg/lib/python3.12/site-packages:/opt/ros/jazzy/lib/python3.12/site-packages VIRTUAL_ENV_PROMPT=(handIA2) /usr/bin/python3 -W ignore:setup.py install is deprecated -W ignore:easy_install command is deprecated setup.py egg_info --egg-base ../../build/roshandia_pkg build --build-base /home/daniel-robayo/handIA2/ros/build/roshandia_pkg/build install --record /home/daniel-robayo/handIA2/ros/build/roshandia_pkg/install.log --single-version-externally-managed install_data
