[0.012s] Invoking command in '/home/daniel-robayo/handIA2/ros/build/roshandmsg_pkg': CMAKE_PREFIX_PATH=${CMAKE_PREFIX_PATH}:/home/daniel-robayo/handIA2/ros/install/roshandia_pkg:/opt/ros/jazzy DEBUGINFOD_URLS=https://debuginfod.ubuntu.com VIRTUAL_ENV_PROMPT=(handIA2) /usr/bin/cmake --build /home/daniel-robayo/handIA2/ros/build/roshandmsg_pkg -- -j12 -l12
[0.107s] [  2%] Built target roshandmsg_pkg__rosidl_generator_type_description
[0.124s] [  2%] Built target ament_cmake_python_copy_roshandmsg_pkg
[0.140s] [  5%] Built target roshandmsg_pkg__cpp
[0.141s] [ 20%] Built target roshandmsg_pkg__rosidl_generator_c
[0.186s] [ 29%] Built target roshandmsg_pkg__rosidl_typesupport_c
[0.186s] [ 38%] Built target roshandmsg_pkg__rosidl_typesupport_introspection_c
[0.186s] [ 47%] Built target roshandmsg_pkg__rosidl_typesupport_introspection_cpp
[0.186s] [ 55%] Built target roshandmsg_pkg__rosidl_typesupport_fastrtps_c
[0.188s] [ 64%] Built target roshandmsg_pkg__rosidl_typesupport_cpp
[0.188s] [ 73%] Built target roshandmsg_pkg__rosidl_typesupport_fastrtps_cpp
[0.218s] [ 73%] Built target roshandmsg_pkg
[0.251s] [ 76%] Built target roshandmsg_pkg__py
[0.282s] [ 82%] Built target roshandmsg_pkg__rosidl_generator_py
[0.315s] [ 91%] Built target roshandmsg_pkg_s__rosidl_typesupport_introspection_c
[0.316s] [100%] Built target roshandmsg_pkg_s__rosidl_typesupport_fastrtps_c
[0.317s] [100%] Built target roshandmsg_pkg_s__rosidl_typesupport_c
[0.401s] running egg_info
[0.421s] writing roshandmsg_pkg.egg-info/PKG-INFO
[0.422s] writing dependency_links to roshandmsg_pkg.egg-info/dependency_links.txt
[0.422s] writing top-level names to roshandmsg_pkg.egg-info/top_level.txt
[0.484s] reading manifest file 'roshandmsg_pkg.egg-info/SOURCES.txt'
[0.485s] writing manifest file 'roshandmsg_pkg.egg-info/SOURCES.txt'
[0.538s] [100%] Built target ament_cmake_python_build_roshandmsg_pkg_egg
[0.555s] Invoked command in '/home/daniel-robayo/handIA2/ros/build/roshandmsg_pkg' returned '0': CMAKE_PREFIX_PATH=${CMAKE_PREFIX_PATH}:/home/daniel-robayo/handIA2/ros/install/roshandia_pkg:/opt/ros/jazzy DEBUGINFOD_URLS=https://debuginfod.ubuntu.com VIRTUAL_ENV_PROMPT=(handIA2) /usr/bin/cmake --build /home/daniel-robayo/handIA2/ros/build/roshandmsg_pkg -- -j12 -l12
[0.574s] Invoking command in '/home/daniel-robayo/handIA2/ros/build/roshandmsg_pkg': CMAKE_PREFIX_PATH=${CMAKE_PREFIX_PATH}:/home/daniel-robayo/handIA2/ros/install/roshandia_pkg:/opt/ros/jazzy DEBUGINFOD_URLS=https://debuginfod.ubuntu.com VIRTUAL_ENV_PROMPT=(handIA2) /usr/bin/cmake --install /home/daniel-robayo/handIA2/ros/build/roshandmsg_pkg
[0.594s] -- Install configuration: ""
[0.594s] -- Up-to-date: /home/daniel-robayo/handIA2/ros/install/roshandmsg_pkg/share/ament_index/resource_index/rosidl_interfaces/roshandmsg_pkg
[0.594s] -- Up-to-date: /home/daniel-robayo/handIA2/ros/install/roshandmsg_pkg/share/roshandmsg_pkg/msg/MsgHand.json
[0.594s] -- Up-to-date: /home/daniel-robayo/handIA2/ros/install/roshandmsg_pkg/include/roshandmsg_pkg/roshandmsg_pkg
[0.594s] -- Up-to-date: /home/daniel-robayo/handIA2/ros/install/roshandmsg_pkg/include/roshandmsg_pkg/roshandmsg_pkg/msg
[0.595s] -- Up-to-date: /home/daniel-robayo/handIA2/ros/install/roshandmsg_pkg/include/roshandmsg_pkg/roshandmsg_pkg/msg/rosidl_generator_c__visibility_control.h
[0.595s] -- Up-to-date: /home/daniel-robayo/handIA2/ros/install/roshandmsg_pkg/include/roshandmsg_pkg/roshandmsg_pkg/msg/msg_hand.h
[0.595s] -- Up-to-date: /home/daniel-robayo/handIA2/ros/install/roshandmsg_pkg/include/roshandmsg_pkg/roshandmsg_pkg/msg/detail
[0.595s] -- Up-to-date: /home/daniel-robayo/handIA2/ros/install/roshandmsg_pkg/include/roshandmsg_pkg/roshandmsg_pkg/msg/detail/msg_hand__type_support.h
[0.595s] -- Up-to-date: /home/daniel-robayo/handIA2/ros/install/roshandmsg_pkg/include/roshandmsg_pkg/roshandmsg_pkg/msg/detail/msg_hand__functions.c
[0.595s] -- Up-to-date: /home/daniel-robayo/handIA2/ros/install/roshandmsg_pkg/include/roshandmsg_pkg/roshandmsg_pkg/msg/detail/msg_hand__description.c
[0.595s] -- Up-to-date: /home/daniel-robayo/handIA2/ros/install/roshandmsg_pkg/include/roshandmsg_pkg/roshandmsg_pkg/msg/detail/msg_hand__functions.h
[0.595s] -- Installing: /home/daniel-robayo/handIA2/ros/install/roshandmsg_pkg/include/roshandmsg_pkg/roshandmsg_pkg/msg/detail/msg_hand__type_support.c
[0.596s] -- Up-to-date: /home/daniel-robayo/handIA2/ros/install/roshandmsg_pkg/include/roshandmsg_pkg/roshandmsg_pkg/msg/detail/msg_hand__struct.h
[0.596s] -- Up-to-date: /home/daniel-robayo/handIA2/ros/install/roshandmsg_pkg/share/roshandmsg_pkg/environment/library_path.sh
[0.596s] -- Up-to-date: /home/daniel-robayo/handIA2/ros/install/roshandmsg_pkg/share/roshandmsg_pkg/environment/library_path.dsv
[0.596s] -- Up-to-date: /home/daniel-robayo/handIA2/ros/install/roshandmsg_pkg/lib/libroshandmsg_pkg__rosidl_generator_c.so
[0.596s] -- Up-to-date: /home/daniel-robayo/handIA2/ros/install/roshandmsg_pkg/include/roshandmsg_pkg/roshandmsg_pkg
[0.596s] -- Up-to-date: /home/daniel-robayo/handIA2/ros/install/roshandmsg_pkg/include/roshandmsg_pkg/roshandmsg_pkg/msg
[0.596s] -- Up-to-date: /home/daniel-robayo/handIA2/ros/install/roshandmsg_pkg/include/roshandmsg_pkg/roshandmsg_pkg/msg/rosidl_typesupport_fastrtps_c__visibility_control.h
[0.596s] -- Up-to-date: /home/daniel-robayo/handIA2/ros/install/roshandmsg_pkg/include/roshandmsg_pkg/roshandmsg_pkg/msg/detail
[0.597s] -- Up-to-date: /home/daniel-robayo/handIA2/ros/install/roshandmsg_pkg/include/roshandmsg_pkg/roshandmsg_pkg/msg/detail/msg_hand__rosidl_typesupport_fastrtps_c.h
[0.597s] -- Up-to-date: /home/daniel-robayo/handIA2/ros/install/roshandmsg_pkg/lib/libroshandmsg_pkg__rosidl_typesupport_fastrtps_c.so
[0.597s] -- Up-to-date: /home/daniel-robayo/handIA2/ros/install/roshandmsg_pkg/include/roshandmsg_pkg/roshandmsg_pkg
[0.597s] -- Up-to-date: /home/daniel-robayo/handIA2/ros/install/roshandmsg_pkg/include/roshandmsg_pkg/roshandmsg_pkg/msg
[0.597s] -- Up-to-date: /home/daniel-robayo/handIA2/ros/install/roshandmsg_pkg/include/roshandmsg_pkg/roshandmsg_pkg/msg/detail
[0.597s] -- Up-to-date: /home/daniel-robayo/handIA2/ros/install/roshandmsg_pkg/include/roshandmsg_pkg/roshandmsg_pkg/msg/detail/msg_hand__rosidl_typesupport_introspection_c.h
[0.597s] -- Installing: /home/daniel-robayo/handIA2/ros/install/roshandmsg_pkg/include/roshandmsg_pkg/roshandmsg_pkg/msg/detail/msg_hand__type_support.c
[0.598s] -- Up-to-date: /home/daniel-robayo/handIA2/ros/install/roshandmsg_pkg/include/roshandmsg_pkg/roshandmsg_pkg/msg/rosidl_typesupport_introspection_c__visibility_control.h
[0.598s] -- Up-to-date: /home/daniel-robayo/handIA2/ros/install/roshandmsg_pkg/lib/libroshandmsg_pkg__rosidl_typesupport_introspection_c.so
[0.598s] -- Up-to-date: /home/daniel-robayo/handIA2/ros/install/roshandmsg_pkg/lib/libroshandmsg_pkg__rosidl_typesupport_c.so
[0.598s] -- Up-to-date: /home/daniel-robayo/handIA2/ros/install/roshandmsg_pkg/include/roshandmsg_pkg/roshandmsg_pkg
[0.598s] -- Up-to-date: /home/daniel-robayo/handIA2/ros/install/roshandmsg_pkg/include/roshandmsg_pkg/roshandmsg_pkg/msg
[0.598s] -- Up-to-date: /home/daniel-robayo/handIA2/ros/install/roshandmsg_pkg/include/roshandmsg_pkg/roshandmsg_pkg/msg/rosidl_generator_cpp__visibility_control.hpp
[0.598s] -- Up-to-date: /home/daniel-robayo/handIA2/ros/install/roshandmsg_pkg/include/roshandmsg_pkg/roshandmsg_pkg/msg/msg_hand.hpp
[0.599s] -- Up-to-date: /home/daniel-robayo/handIA2/ros/install/roshandmsg_pkg/include/roshandmsg_pkg/roshandmsg_pkg/msg/detail
[0.599s] -- Up-to-date: /home/daniel-robayo/handIA2/ros/install/roshandmsg_pkg/include/roshandmsg_pkg/roshandmsg_pkg/msg/detail/msg_hand__struct.hpp
[0.599s] -- Up-to-date: /home/daniel-robayo/handIA2/ros/install/roshandmsg_pkg/include/roshandmsg_pkg/roshandmsg_pkg/msg/detail/msg_hand__type_support.hpp
[0.599s] -- Up-to-date: /home/daniel-robayo/handIA2/ros/install/roshandmsg_pkg/include/roshandmsg_pkg/roshandmsg_pkg/msg/detail/msg_hand__builder.hpp
[0.599s] -- Up-to-date: /home/daniel-robayo/handIA2/ros/install/roshandmsg_pkg/include/roshandmsg_pkg/roshandmsg_pkg/msg/detail/msg_hand__traits.hpp
[0.599s] -- Up-to-date: /home/daniel-robayo/handIA2/ros/install/roshandmsg_pkg/include/roshandmsg_pkg/roshandmsg_pkg
[0.600s] -- Up-to-date: /home/daniel-robayo/handIA2/ros/install/roshandmsg_pkg/include/roshandmsg_pkg/roshandmsg_pkg/msg
[0.600s] -- Up-to-date: /home/daniel-robayo/handIA2/ros/install/roshandmsg_pkg/include/roshandmsg_pkg/roshandmsg_pkg/msg/detail
[0.600s] -- Up-to-date: /home/daniel-robayo/handIA2/ros/install/roshandmsg_pkg/include/roshandmsg_pkg/roshandmsg_pkg/msg/detail/dds_fastrtps
[0.600s] -- Up-to-date: /home/daniel-robayo/handIA2/ros/install/roshandmsg_pkg/include/roshandmsg_pkg/roshandmsg_pkg/msg/detail/msg_hand__rosidl_typesupport_fastrtps_cpp.hpp
[0.600s] -- Up-to-date: /home/daniel-robayo/handIA2/ros/install/roshandmsg_pkg/include/roshandmsg_pkg/roshandmsg_pkg/msg/rosidl_typesupport_fastrtps_cpp__visibility_control.h
[0.600s] -- Up-to-date: /home/daniel-robayo/handIA2/ros/install/roshandmsg_pkg/lib/libroshandmsg_pkg__rosidl_typesupport_fastrtps_cpp.so
[0.600s] -- Up-to-date: /home/daniel-robayo/handIA2/ros/install/roshandmsg_pkg/include/roshandmsg_pkg/roshandmsg_pkg
[0.600s] -- Up-to-date: /home/daniel-robayo/handIA2/ros/install/roshandmsg_pkg/include/roshandmsg_pkg/roshandmsg_pkg/msg
[0.601s] -- Up-to-date: /home/daniel-robayo/handIA2/ros/install/roshandmsg_pkg/include/roshandmsg_pkg/roshandmsg_pkg/msg/detail
[0.601s] -- Up-to-date: /home/daniel-robayo/handIA2/ros/install/roshandmsg_pkg/include/roshandmsg_pkg/roshandmsg_pkg/msg/detail/msg_hand__rosidl_typesupport_introspection_cpp.hpp
[0.601s] -- Up-to-date: /home/daniel-robayo/handIA2/ros/install/roshandmsg_pkg/include/roshandmsg_pkg/roshandmsg_pkg/msg/detail/msg_hand__type_support.cpp
[0.601s] -- Up-to-date: /home/daniel-robayo/handIA2/ros/install/roshandmsg_pkg/lib/libroshandmsg_pkg__rosidl_typesupport_introspection_cpp.so
[0.601s] -- Up-to-date: /home/daniel-robayo/handIA2/ros/install/roshandmsg_pkg/lib/libroshandmsg_pkg__rosidl_typesupport_cpp.so
[0.601s] -- Up-to-date: /home/daniel-robayo/handIA2/ros/install/roshandmsg_pkg/share/roshandmsg_pkg/environment/pythonpath.sh
[0.601s] -- Up-to-date: /home/daniel-robayo/handIA2/ros/install/roshandmsg_pkg/share/roshandmsg_pkg/environment/pythonpath.dsv
[0.601s] -- Up-to-date: /home/daniel-robayo/handIA2/ros/install/roshandmsg_pkg/lib/python3.12/site-packages/roshandmsg_pkg-0.0.0-py3.12.egg-info
[0.601s] -- Installing: /home/daniel-robayo/handIA2/ros/install/roshandmsg_pkg/lib/python3.12/site-packages/roshandmsg_pkg-0.0.0-py3.12.egg-info/SOURCES.txt
[0.602s] -- Installing: /home/daniel-robayo/handIA2/ros/install/roshandmsg_pkg/lib/python3.12/site-packages/roshandmsg_pkg-0.0.0-py3.12.egg-info/dependency_links.txt
[0.602s] -- Installing: /home/daniel-robayo/handIA2/ros/install/roshandmsg_pkg/lib/python3.12/site-packages/roshandmsg_pkg-0.0.0-py3.12.egg-info/PKG-INFO
[0.602s] -- Installing: /home/daniel-robayo/handIA2/ros/install/roshandmsg_pkg/lib/python3.12/site-packages/roshandmsg_pkg-0.0.0-py3.12.egg-info/top_level.txt
[0.602s] -- Up-to-date: /home/daniel-robayo/handIA2/ros/install/roshandmsg_pkg/lib/python3.12/site-packages/roshandmsg_pkg
[0.602s] -- Up-to-date: /home/daniel-robayo/handIA2/ros/install/roshandmsg_pkg/lib/python3.12/site-packages/roshandmsg_pkg/_roshandmsg_pkg_s.ep.rosidl_typesupport_fastrtps_c.c
[0.602s] -- Up-to-date: /home/daniel-robayo/handIA2/ros/install/roshandmsg_pkg/lib/python3.12/site-packages/roshandmsg_pkg/roshandmsg_pkg_s__rosidl_typesupport_introspection_c.so
[0.602s] -- Up-to-date: /home/daniel-robayo/handIA2/ros/install/roshandmsg_pkg/lib/python3.12/site-packages/roshandmsg_pkg/__init__.py
[0.602s] -- Up-to-date: /home/daniel-robayo/handIA2/ros/install/roshandmsg_pkg/lib/python3.12/site-packages/roshandmsg_pkg/roshandmsg_pkg_s__rosidl_typesupport_fastrtps_c.so
[0.602s] -- Up-to-date: /home/daniel-robayo/handIA2/ros/install/roshandmsg_pkg/lib/python3.12/site-packages/roshandmsg_pkg/roshandmsg_pkg_s__rosidl_typesupport_c.so
[0.602s] -- Up-to-date: /home/daniel-robayo/handIA2/ros/install/roshandmsg_pkg/lib/python3.12/site-packages/roshandmsg_pkg/_roshandmsg_pkg_s.ep.rosidl_typesupport_introspection_c.c
[0.603s] -- Up-to-date: /home/daniel-robayo/handIA2/ros/install/roshandmsg_pkg/lib/python3.12/site-packages/roshandmsg_pkg/msg
[0.603s] -- Up-to-date: /home/daniel-robayo/handIA2/ros/install/roshandmsg_pkg/lib/python3.12/site-packages/roshandmsg_pkg/msg/_msg_hand_s.c
[0.603s] -- Up-to-date: /home/daniel-robayo/handIA2/ros/install/roshandmsg_pkg/lib/python3.12/site-packages/roshandmsg_pkg/msg/__init__.py
[0.603s] -- Up-to-date: /home/daniel-robayo/handIA2/ros/install/roshandmsg_pkg/lib/python3.12/site-packages/roshandmsg_pkg/msg/_msg_hand.py
[0.603s] -- Up-to-date: /home/daniel-robayo/handIA2/ros/install/roshandmsg_pkg/lib/python3.12/site-packages/roshandmsg_pkg/_roshandmsg_pkg_s.ep.rosidl_typesupport_c.c
[0.694s] Listing '/home/daniel-robayo/handIA2/ros/install/roshandmsg_pkg/lib/python3.12/site-packages/roshandmsg_pkg'...
[0.694s] Listing '/home/daniel-robayo/handIA2/ros/install/roshandmsg_pkg/lib/python3.12/site-packages/roshandmsg_pkg/msg'...
[0.707s] -- Up-to-date: /home/daniel-robayo/handIA2/ros/install/roshandmsg_pkg/lib/python3.12/site-packages/roshandmsg_pkg/roshandmsg_pkg_s__rosidl_typesupport_fastrtps_c.so
[0.707s] -- Up-to-date: /home/daniel-robayo/handIA2/ros/install/roshandmsg_pkg/lib/python3.12/site-packages/roshandmsg_pkg/roshandmsg_pkg_s__rosidl_typesupport_introspection_c.so
[0.707s] -- Up-to-date: /home/daniel-robayo/handIA2/ros/install/roshandmsg_pkg/lib/python3.12/site-packages/roshandmsg_pkg/roshandmsg_pkg_s__rosidl_typesupport_c.so
[0.708s] -- Up-to-date: /home/daniel-robayo/handIA2/ros/install/roshandmsg_pkg/lib/libroshandmsg_pkg__rosidl_generator_py.so
[0.708s] -- Up-to-date: /home/daniel-robayo/handIA2/ros/install/roshandmsg_pkg/share/roshandmsg_pkg/msg/MsgHand.idl
[0.708s] -- Up-to-date: /home/daniel-robayo/handIA2/ros/install/roshandmsg_pkg/share/roshandmsg_pkg/msg/MsgHand.msg
[0.709s] -- Up-to-date: /home/daniel-robayo/handIA2/ros/install/roshandmsg_pkg/share/ament_index/resource_index/package_run_dependencies/roshandmsg_pkg
[0.709s] -- Up-to-date: /home/daniel-robayo/handIA2/ros/install/roshandmsg_pkg/share/ament_index/resource_index/parent_prefix_path/roshandmsg_pkg
[0.709s] -- Up-to-date: /home/daniel-robayo/handIA2/ros/install/roshandmsg_pkg/share/roshandmsg_pkg/environment/ament_prefix_path.sh
[0.709s] -- Up-to-date: /home/daniel-robayo/handIA2/ros/install/roshandmsg_pkg/share/roshandmsg_pkg/environment/ament_prefix_path.dsv
[0.710s] -- Up-to-date: /home/daniel-robayo/handIA2/ros/install/roshandmsg_pkg/share/roshandmsg_pkg/environment/path.sh
[0.710s] -- Up-to-date: /home/daniel-robayo/handIA2/ros/install/roshandmsg_pkg/share/roshandmsg_pkg/environment/path.dsv
[0.710s] -- Up-to-date: /home/daniel-robayo/handIA2/ros/install/roshandmsg_pkg/share/roshandmsg_pkg/local_setup.bash
[0.710s] -- Up-to-date: /home/daniel-robayo/handIA2/ros/install/roshandmsg_pkg/share/roshandmsg_pkg/local_setup.sh
[0.710s] -- Up-to-date: /home/daniel-robayo/handIA2/ros/install/roshandmsg_pkg/share/roshandmsg_pkg/local_setup.zsh
[0.711s] -- Up-to-date: /home/daniel-robayo/handIA2/ros/install/roshandmsg_pkg/share/roshandmsg_pkg/local_setup.dsv
[0.711s] -- Installing: /home/daniel-robayo/handIA2/ros/install/roshandmsg_pkg/share/roshandmsg_pkg/package.dsv
[0.711s] -- Up-to-date: /home/daniel-robayo/handIA2/ros/install/roshandmsg_pkg/share/ament_index/resource_index/packages/roshandmsg_pkg
[0.711s] -- Up-to-date: /home/daniel-robayo/handIA2/ros/install/roshandmsg_pkg/share/roshandmsg_pkg/cmake/export_roshandmsg_pkg__rosidl_generator_cExport.cmake
[0.711s] -- Up-to-date: /home/daniel-robayo/handIA2/ros/install/roshandmsg_pkg/share/roshandmsg_pkg/cmake/export_roshandmsg_pkg__rosidl_generator_cExport-noconfig.cmake
[0.712s] -- Up-to-date: /home/daniel-robayo/handIA2/ros/install/roshandmsg_pkg/share/roshandmsg_pkg/cmake/export_roshandmsg_pkg__rosidl_typesupport_fastrtps_cExport.cmake
[0.712s] -- Up-to-date: /home/daniel-robayo/handIA2/ros/install/roshandmsg_pkg/share/roshandmsg_pkg/cmake/export_roshandmsg_pkg__rosidl_typesupport_fastrtps_cExport-noconfig.cmake
[0.712s] -- Up-to-date: /home/daniel-robayo/handIA2/ros/install/roshandmsg_pkg/share/roshandmsg_pkg/cmake/roshandmsg_pkg__rosidl_typesupport_introspection_cExport.cmake
[0.712s] -- Up-to-date: /home/daniel-robayo/handIA2/ros/install/roshandmsg_pkg/share/roshandmsg_pkg/cmake/roshandmsg_pkg__rosidl_typesupport_introspection_cExport-noconfig.cmake
[0.712s] -- Up-to-date: /home/daniel-robayo/handIA2/ros/install/roshandmsg_pkg/share/roshandmsg_pkg/cmake/roshandmsg_pkg__rosidl_typesupport_cExport.cmake
[0.713s] -- Up-to-date: /home/daniel-robayo/handIA2/ros/install/roshandmsg_pkg/share/roshandmsg_pkg/cmake/roshandmsg_pkg__rosidl_typesupport_cExport-noconfig.cmake
[0.713s] -- Up-to-date: /home/daniel-robayo/handIA2/ros/install/roshandmsg_pkg/share/roshandmsg_pkg/cmake/export_roshandmsg_pkg__rosidl_generator_cppExport.cmake
[0.713s] -- Up-to-date: /home/daniel-robayo/handIA2/ros/install/roshandmsg_pkg/share/roshandmsg_pkg/cmake/export_roshandmsg_pkg__rosidl_typesupport_fastrtps_cppExport.cmake
[0.713s] -- Up-to-date: /home/daniel-robayo/handIA2/ros/install/roshandmsg_pkg/share/roshandmsg_pkg/cmake/export_roshandmsg_pkg__rosidl_typesupport_fastrtps_cppExport-noconfig.cmake
[0.713s] -- Up-to-date: /home/daniel-robayo/handIA2/ros/install/roshandmsg_pkg/share/roshandmsg_pkg/cmake/roshandmsg_pkg__rosidl_typesupport_introspection_cppExport.cmake
[0.713s] -- Up-to-date: /home/daniel-robayo/handIA2/ros/install/roshandmsg_pkg/share/roshandmsg_pkg/cmake/roshandmsg_pkg__rosidl_typesupport_introspection_cppExport-noconfig.cmake
[0.714s] -- Up-to-date: /home/daniel-robayo/handIA2/ros/install/roshandmsg_pkg/share/roshandmsg_pkg/cmake/roshandmsg_pkg__rosidl_typesupport_cppExport.cmake
[0.714s] -- Up-to-date: /home/daniel-robayo/handIA2/ros/install/roshandmsg_pkg/share/roshandmsg_pkg/cmake/roshandmsg_pkg__rosidl_typesupport_cppExport-noconfig.cmake
[0.714s] -- Up-to-date: /home/daniel-robayo/handIA2/ros/install/roshandmsg_pkg/share/roshandmsg_pkg/cmake/export_roshandmsg_pkg__rosidl_generator_pyExport.cmake
[0.714s] -- Up-to-date: /home/daniel-robayo/handIA2/ros/install/roshandmsg_pkg/share/roshandmsg_pkg/cmake/export_roshandmsg_pkg__rosidl_generator_pyExport-noconfig.cmake
[0.715s] -- Up-to-date: /home/daniel-robayo/handIA2/ros/install/roshandmsg_pkg/share/roshandmsg_pkg/cmake/rosidl_cmake-extras.cmake
[0.715s] -- Up-to-date: /home/daniel-robayo/handIA2/ros/install/roshandmsg_pkg/share/roshandmsg_pkg/cmake/ament_cmake_export_include_directories-extras.cmake
[0.716s] -- Up-to-date: /home/daniel-robayo/handIA2/ros/install/roshandmsg_pkg/share/roshandmsg_pkg/cmake/ament_cmake_export_libraries-extras.cmake
[0.716s] -- Up-to-date: /home/daniel-robayo/handIA2/ros/install/roshandmsg_pkg/share/roshandmsg_pkg/cmake/ament_cmake_export_targets-extras.cmake
[0.716s] -- Up-to-date: /home/daniel-robayo/handIA2/ros/install/roshandmsg_pkg/share/roshandmsg_pkg/cmake/rosidl_cmake_export_typesupport_targets-extras.cmake
[0.716s] -- Up-to-date: /home/daniel-robayo/handIA2/ros/install/roshandmsg_pkg/share/roshandmsg_pkg/cmake/ament_cmake_export_dependencies-extras.cmake
[0.718s] -- Up-to-date: /home/daniel-robayo/handIA2/ros/install/roshandmsg_pkg/share/roshandmsg_pkg/cmake/rosidl_cmake_export_typesupport_libraries-extras.cmake
[0.718s] -- Up-to-date: /home/daniel-robayo/handIA2/ros/install/roshandmsg_pkg/share/roshandmsg_pkg/cmake/roshandmsg_pkgConfig.cmake
[0.718s] -- Up-to-date: /home/daniel-robayo/handIA2/ros/install/roshandmsg_pkg/share/roshandmsg_pkg/cmake/roshandmsg_pkgConfig-version.cmake
[0.719s] -- Up-to-date: /home/daniel-robayo/handIA2/ros/install/roshandmsg_pkg/share/roshandmsg_pkg/package.xml
[0.719s] Invoked command in '/home/daniel-robayo/handIA2/ros/build/roshandmsg_pkg' returned '0': CMAKE_PREFIX_PATH=${CMAKE_PREFIX_PATH}:/home/daniel-robayo/handIA2/ros/install/roshandia_pkg:/opt/ros/jazzy DEBUGINFOD_URLS=https://debuginfod.ubuntu.com VIRTUAL_ENV_PROMPT=(handIA2) /usr/bin/cmake --install /home/daniel-robayo/handIA2/ros/build/roshandmsg_pkg
