[0.166s] Invoking command in '/home/daniel-robayo/handIA2/ros/src/build/rosHandMsg_pkg': CMAKE_PREFIX_PATH=${CMAKE_PREFIX_PATH}:/home/daniel-robayo/handIA2/ros/install/rosHandIa_pkg:/opt/ros/jazzy DEBUGINFOD_URLS=https://debuginfod.ubuntu.com /usr/bin/cmake /home/daniel-robayo/handIA2/ros/src/rosHandMsg_pkg -DCMAKE_INSTALL_PREFIX=/home/daniel-robayo/handIA2/ros/src/install/rosHandMsg_pkg
[0.205s] -- The C compiler identification is GNU 13.3.0
[0.246s] -- The CXX compiler identification is GNU 13.3.0
[0.258s] -- Detecting C compiler ABI info
[0.320s] -- Detecting C compiler ABI info - done
[0.327s] -- Check for working C compiler: /usr/bin/cc - skipped
[0.327s] -- Detecting C compile features
[0.327s] -- Detecting C compile features - done
[0.334s] -- Detecting CXX compiler ABI info
[0.402s] -- Detecting CXX compiler ABI info - done
[0.409s] -- Check for working CXX compiler: /usr/bin/c++ - skipped
[0.409s] -- Detecting CXX compile features
[0.410s] -- Detecting CXX compile features - done
[0.413s] -- Found ament_cmake: 2.5.4 (/opt/ros/jazzy/share/ament_cmake/cmake)
[0.529s] -- Found Python3: /usr/bin/python3 (found version "3.12.3") found components: Interpreter 
[0.619s] -- Found rosidl_default_generators: 1.6.0 (/opt/ros/jazzy/share/rosidl_default_generators/cmake)
[0.624s] -- Using all available rosidl_typesupport_c: rosidl_typesupport_fastrtps_c;rosidl_typesupport_introspection_c
[0.674s] -- Using all available rosidl_typesupport_cpp: rosidl_typesupport_fastrtps_cpp;rosidl_typesupport_introspection_cpp
[0.713s] -- Found rosidl_adapter: 4.6.6 (/opt/ros/jazzy/share/rosidl_adapter/cmake)
[0.912s] [31mCMake Error at /opt/ros/jazzy/share/rosidl_adapter/cmake/rosidl_adapt_interfaces.cmake:57 (message):
[0.912s]   execute_process(/usr/bin/python3 -m rosidl_adapter --package-name
[0.912s]   rosHandMsg_pkg --arguments-file
[0.912s]   /home/daniel-robayo/handIA2/ros/src/build/rosHandMsg_pkg/rosidl_adapter__arguments__rosHandMsg_pkg.json
[0.912s]   --output-dir
[0.912s]   /home/daniel-robayo/handIA2/ros/src/build/rosHandMsg_pkg/rosidl_adapter/rosHandMsg_pkg
[0.912s]   --output-file
[0.912s]   /home/daniel-robayo/handIA2/ros/src/build/rosHandMsg_pkg/rosidl_adapter/rosHandMsg_pkg.idls)
[0.912s]   returned error code 1:
[0.912s] 
[0.912s]   Error processing 'float d1' of 'rosHandMsg_pkg/msgHand': ''rosHandMsg_pkg'
[0.912s]   is an invalid package name.  It should have the pattern
[0.913s]   '^(?!.*__)(?!.*_$)[a-z][a-z0-9_]*$''
[0.913s] 
[0.913s]   Traceback (most recent call last):
[0.913s] 
[0.913s]     File "<frozen runpy>", line 198, in _run_module_as_main
[0.913s]     File "<frozen runpy>", line 88, in _run_code
[0.913s]     File "/opt/ros/jazzy/lib/python3.12/site-packages/rosidl_adapter/__main__.py", line 19, in <module>
[0.913s]       sys.exit(main())
[0.913s]                ^^^^^^
[0.913s]     File "/opt/ros/jazzy/lib/python3.12/site-packages/rosidl_adapter/main.py", line 53, in main
[0.913s]       abs_idl_file = convert_to_idl(
[0.913s]                      ^^^^^^^^^^^^^^^
[0.913s]     File "/opt/ros/jazzy/lib/python3.12/site-packages/rosidl_adapter/__init__.py", line 19, in convert_to_idl
[0.913s]       return convert_msg_to_idl(
[0.913s]              ^^^^^^^^^^^^^^^^^^^
[0.913s]     File "/opt/ros/jazzy/lib/python3.12/site-packages/rosidl_adapter/msg/__init__.py", line 28, in convert_msg_to_idl
[0.913s]       msg = parse_message_string(package_name, input_file.stem, content)
[0.913s]             ^^^^^^^^^^^^^^^^^^^^^^^^^^^^^^^^^^^^^^^^^^^^^^^^^^^^^^^^^^^^
[0.913s]     File "/opt/ros/jazzy/lib/python3.12/site-packages/rosidl_adapter/parser.py", line 521, in parse_message_string
[0.913s]       Type(type_string, context_package_name=pkg_name),
[0.913s]       ^^^^^^^^^^^^^^^^^^^^^^^^^^^^^^^^^^^^^^^^^^^^^^^^
[0.913s]     File "/opt/ros/jazzy/lib/python3.12/site-packages/rosidl_adapter/parser.py", line 278, in __init__
[0.913s]       super(Type, self).__init__(
[0.914s]     File "/opt/ros/jazzy/lib/python3.12/site-packages/rosidl_adapter/parser.py", line 202, in __init__
[0.914s]       raise InvalidResourceName(
[0.914s] 
[0.914s]   rosidl_adapter.parser.InvalidResourceName: 'rosHandMsg_pkg' is an invalid
[0.914s]   package name.  It should have the pattern
[0.914s]   '^(?!.*__)(?!.*_$)[a-z][a-z0-9_]*$'
[0.914s] 
[0.914s] Call Stack (most recent call first):
[0.914s]   /opt/ros/jazzy/share/rosidl_cmake/cmake/rosidl_generate_interfaces.cmake:132 (rosidl_adapt_interfaces)
[0.914s]   CMakeLists.txt:11 (rosidl_generate_interfaces)
[0.914s] 
[0.914s] [0m
[0.914s] -- Configuring incomplete, errors occurred!
[0.918s] Invoked command in '/home/daniel-robayo/handIA2/ros/src/build/rosHandMsg_pkg' returned '1': CMAKE_PREFIX_PATH=${CMAKE_PREFIX_PATH}:/home/daniel-robayo/handIA2/ros/install/rosHandIa_pkg:/opt/ros/jazzy DEBUGINFOD_URLS=https://debuginfod.ubuntu.com /usr/bin/cmake /home/daniel-robayo/handIA2/ros/src/rosHandMsg_pkg -DCMAKE_INSTALL_PREFIX=/home/daniel-robayo/handIA2/ros/src/install/rosHandMsg_pkg
