running egg_info
writing ../../build/roshandia_pkg/roshandia_pkg.egg-info/PKG-INFO
writing dependency_links to ../../build/roshandia_pkg/roshandia_pkg.egg-info/dependency_links.txt
writing entry points to ../../build/roshandia_pkg/roshandia_pkg.egg-info/entry_points.txt
writing requirements to ../../build/roshandia_pkg/roshandia_pkg.egg-info/requires.txt
writing top-level names to ../../build/roshandia_pkg/roshandia_pkg.egg-info/top_level.txt
reading manifest file '../../build/roshandia_pkg/roshandia_pkg.egg-info/SOURCES.txt'
writing manifest file '../../build/roshandia_pkg/roshandia_pkg.egg-info/SOURCES.txt'
running build
running build_py
copying roshandia_pkg/__init__.py -> /home/danirob/handIA2/rosHandIA/build/roshandia_pkg/build/lib/roshandia_pkg
copying roshandia_pkg/handPyReader.py -> /home/danirob/handIA2/rosHandIA/build/roshandia_pkg/build/lib/roshandia_pkg
copying roshandia_pkg/connectHand.py -> /home/danirob/handIA2/rosHandIA/build/roshandia_pkg/build/lib/roshandia_pkg
copying roshandia_pkg/joinState_sim.py -> /home/danirob/handIA2/rosHandIA/build/roshandia_pkg/build/lib/roshandia_pkg
copying roshandia_pkg/handRead01.py -> /home/danirob/handIA2/rosHandIA/build/roshandia_pkg/build/lib/roshandia_pkg
copying roshandia_pkg/handArmReader.py -> /home/danirob/handIA2/rosHandIA/build/roshandia_pkg/build/lib/roshandia_pkg
copying roshandia_pkg/joinStatePublisher.py -> /home/danirob/handIA2/rosHandIA/build/roshandia_pkg/build/lib/roshandia_pkg
running install
running install_lib
running install_data
copying resource/roshandia_pkg -> /home/danirob/handIA2/rosHandIA/install/roshandia_pkg/share/ament_index/resource_index/packages
copying package.xml -> /home/danirob/handIA2/rosHandIA/install/roshandia_pkg/share/roshandia_pkg
copying urdf/hand.urdf -> /home/danirob/handIA2/rosHandIA/install/roshandia_pkg/share/roshandia_pkg/urdf
copying launch/display.launch.py -> /home/danirob/handIA2/rosHandIA/install/roshandia_pkg/share/roshandia_pkg/launch
copying launch/spawn_robot.launch.py -> /home/danirob/handIA2/rosHandIA/install/roshandia_pkg/share/roshandia_pkg/launch
copying launch/launcher.launch.py -> /home/danirob/handIA2/rosHandIA/install/roshandia_pkg/share/roshandia_pkg/launch
copying launch/publish_urdf.launch.py -> /home/danirob/handIA2/rosHandIA/install/roshandia_pkg/share/roshandia_pkg/launch
copying launch/spawn_world.launch.py -> /home/danirob/handIA2/rosHandIA/install/roshandia_pkg/share/roshandia_pkg/launch
copying launch/start_world.launch.py -> /home/danirob/handIA2/rosHandIA/install/roshandia_pkg/share/roshandia_pkg/launch
copying urdf/mesh/finger3.stl -> /home/danirob/handIA2/rosHandIA/install/roshandia_pkg/share/roshandia_pkg/urdf/mesh
copying urdf/mesh/handHidenFingersF.stl -> /home/danirob/handIA2/rosHandIA/install/roshandia_pkg/share/roshandia_pkg/urdf/mesh
copying urdf/mesh/arm.stl -> /home/danirob/handIA2/rosHandIA/install/roshandia_pkg/share/roshandia_pkg/urdf/mesh
copying urdf/mesh/finger1.stl -> /home/danirob/handIA2/rosHandIA/install/roshandia_pkg/share/roshandia_pkg/urdf/mesh
copying urdf/mesh/blade.stl -> /home/danirob/handIA2/rosHandIA/install/roshandia_pkg/share/roshandia_pkg/urdf/mesh
copying urdf/mesh/hand.stl -> /home/danirob/handIA2/rosHandIA/install/roshandia_pkg/share/roshandia_pkg/urdf/mesh
copying urdf/mesh/finger2.stl -> /home/danirob/handIA2/rosHandIA/install/roshandia_pkg/share/roshandia_pkg/urdf/mesh
copying urdf/mesh/finger4.stl -> /home/danirob/handIA2/rosHandIA/install/roshandia_pkg/share/roshandia_pkg/urdf/mesh
copying urdf/mesh/finger5.stl -> /home/danirob/handIA2/rosHandIA/install/roshandia_pkg/share/roshandia_pkg/urdf/mesh
copying rviz2/config.rviz -> /home/danirob/handIA2/rosHandIA/install/roshandia_pkg/share/roshandia_pkg/rviz2
copying rviz2/my_config.rviz -> /home/danirob/handIA2/rosHandIA/install/roshandia_pkg/share/roshandia_pkg/rviz2
copying config/bridge_config.yaml -> /home/danirob/handIA2/rosHandIA/install/roshandia_pkg/share/roshandia_pkg/config
copying worlds/world.sdf -> /home/danirob/handIA2/rosHandIA/install/roshandia_pkg/share/roshandia_pkg/worlds
copying worlds/world2.sdf -> /home/danirob/handIA2/rosHandIA/install/roshandia_pkg/share/roshandia_pkg/worlds
running install_egg_info
removing '/home/danirob/handIA2/rosHandIA/install/roshandia_pkg/lib/python3.12/site-packages/roshandia_pkg-0.0.0-py3.12.egg-info' (and everything under it)
Copying ../../build/roshandia_pkg/roshandia_pkg.egg-info to /home/danirob/handIA2/rosHandIA/install/roshandia_pkg/lib/python3.12/site-packages/roshandia_pkg-0.0.0-py3.12.egg-info
running install_scripts
Installing connectHand script to /home/danirob/handIA2/rosHandIA/install/roshandia_pkg/lib/roshandia_pkg
Installing handRead01 script to /home/danirob/handIA2/rosHandIA/install/roshandia_pkg/lib/roshandia_pkg
Installing joinStatePublisher script to /home/danirob/handIA2/rosHandIA/install/roshandia_pkg/lib/roshandia_pkg
Installing joinStatePublisherSim script to /home/danirob/handIA2/rosHandIA/install/roshandia_pkg/lib/roshandia_pkg
writing list of installed files to '/home/danirob/handIA2/rosHandIA/build/roshandia_pkg/install.log'
