[0.556s] Invoking command in '/home/danirob/handIA2/rosHandIA/src/roshandia_pkg': DEBUGINFOD_URLS=https://debuginfod.ubuntu.com PS1=(handIA2) \[\e]0;\u@\h: \w\a\]${debian_chroot:+($debian_chroot)}\[\033[01;32m\]\u@\h\[\033[00m\]:\[\033[01;34m\]\w\[\033[00m\]\$ PYTHONPATH=/home/danirob/handIA2/rosHandIA/build/roshandia_pkg/prefix_override:/usr/lib/python3/dist-packages/colcon_core/task/python/colcon_distutils_commands:/home/danirob/handIA2/rosHandIA/install/roshandia_pkg/lib/python3.12/site-packages:/home/danirob/handIA2/rosHandIA/install/roshandmsg_pkg/lib/python3.12/site-packages:/home/danirob/handIA2/handIA2/lib/python3.12/site-packages:/home/danirob/handIA2/rosHandIA/install/roshandia_pkg/lib/python3.12/site-packages:/opt/ros/jazzy/lib/python3.12/site-packages VIRTUAL_ENV_PROMPT=(handIA2) /usr/bin/python3 -W ignore:setup.py install is deprecated -W ignore:easy_install command is deprecated setup.py egg_info --egg-base ../../build/roshandia_pkg build --build-base /home/danirob/handIA2/rosHandIA/build/roshandia_pkg/build install --record /home/danirob/handIA2/rosHandIA/build/roshandia_pkg/install.log --single-version-externally-managed install_data
[0.741s] running egg_info
[0.754s] writing ../../build/roshandia_pkg/roshandia_pkg.egg-info/PKG-INFO
[0.754s] writing dependency_links to ../../build/roshandia_pkg/roshandia_pkg.egg-info/dependency_links.txt
[0.754s] writing entry points to ../../build/roshandia_pkg/roshandia_pkg.egg-info/entry_points.txt
[0.754s] writing requirements to ../../build/roshandia_pkg/roshandia_pkg.egg-info/requires.txt
[0.754s] writing top-level names to ../../build/roshandia_pkg/roshandia_pkg.egg-info/top_level.txt
[0.780s] reading manifest file '../../build/roshandia_pkg/roshandia_pkg.egg-info/SOURCES.txt'
[0.781s] writing manifest file '../../build/roshandia_pkg/roshandia_pkg.egg-info/SOURCES.txt'
[0.781s] running build
[0.781s] running build_py
[0.781s] copying roshandia_pkg/__init__.py -> /home/danirob/handIA2/rosHandIA/build/roshandia_pkg/build/lib/roshandia_pkg
[0.781s] copying roshandia_pkg/handPyReader.py -> /home/danirob/handIA2/rosHandIA/build/roshandia_pkg/build/lib/roshandia_pkg
[0.781s] copying roshandia_pkg/connectHand.py -> /home/danirob/handIA2/rosHandIA/build/roshandia_pkg/build/lib/roshandia_pkg
[0.781s] copying roshandia_pkg/joinState_sim.py -> /home/danirob/handIA2/rosHandIA/build/roshandia_pkg/build/lib/roshandia_pkg
[0.781s] copying roshandia_pkg/handRead01.py -> /home/danirob/handIA2/rosHandIA/build/roshandia_pkg/build/lib/roshandia_pkg
[0.781s] copying roshandia_pkg/handArmReader.py -> /home/danirob/handIA2/rosHandIA/build/roshandia_pkg/build/lib/roshandia_pkg
[0.781s] copying roshandia_pkg/joinStatePublisher.py -> /home/danirob/handIA2/rosHandIA/build/roshandia_pkg/build/lib/roshandia_pkg
[0.782s] running install
[0.786s] running install_lib
[0.800s] running install_data
[0.800s] copying resource/roshandia_pkg -> /home/danirob/handIA2/rosHandIA/install/roshandia_pkg/share/ament_index/resource_index/packages
[0.800s] copying package.xml -> /home/danirob/handIA2/rosHandIA/install/roshandia_pkg/share/roshandia_pkg
[0.800s] copying urdf/hand.urdf -> /home/danirob/handIA2/rosHandIA/install/roshandia_pkg/share/roshandia_pkg/urdf
[0.800s] copying launch/display.launch.py -> /home/danirob/handIA2/rosHandIA/install/roshandia_pkg/share/roshandia_pkg/launch
[0.800s] copying launch/spawn_robot.launch.py -> /home/danirob/handIA2/rosHandIA/install/roshandia_pkg/share/roshandia_pkg/launch
[0.800s] copying launch/launcher.launch.py -> /home/danirob/handIA2/rosHandIA/install/roshandia_pkg/share/roshandia_pkg/launch
[0.800s] copying launch/publish_urdf.launch.py -> /home/danirob/handIA2/rosHandIA/install/roshandia_pkg/share/roshandia_pkg/launch
[0.801s] copying launch/spawn_world.launch.py -> /home/danirob/handIA2/rosHandIA/install/roshandia_pkg/share/roshandia_pkg/launch
[0.801s] copying launch/start_world.launch.py -> /home/danirob/handIA2/rosHandIA/install/roshandia_pkg/share/roshandia_pkg/launch
[0.801s] copying urdf/mesh/finger3.stl -> /home/danirob/handIA2/rosHandIA/install/roshandia_pkg/share/roshandia_pkg/urdf/mesh
[0.801s] copying urdf/mesh/handHidenFingersF.stl -> /home/danirob/handIA2/rosHandIA/install/roshandia_pkg/share/roshandia_pkg/urdf/mesh
[0.801s] copying urdf/mesh/arm.stl -> /home/danirob/handIA2/rosHandIA/install/roshandia_pkg/share/roshandia_pkg/urdf/mesh
[0.802s] copying urdf/mesh/finger1.stl -> /home/danirob/handIA2/rosHandIA/install/roshandia_pkg/share/roshandia_pkg/urdf/mesh
[0.803s] copying urdf/mesh/blade.stl -> /home/danirob/handIA2/rosHandIA/install/roshandia_pkg/share/roshandia_pkg/urdf/mesh
[0.803s] copying urdf/mesh/hand.stl -> /home/danirob/handIA2/rosHandIA/install/roshandia_pkg/share/roshandia_pkg/urdf/mesh
[0.803s] copying urdf/mesh/finger2.stl -> /home/danirob/handIA2/rosHandIA/install/roshandia_pkg/share/roshandia_pkg/urdf/mesh
[0.803s] copying urdf/mesh/finger4.stl -> /home/danirob/handIA2/rosHandIA/install/roshandia_pkg/share/roshandia_pkg/urdf/mesh
[0.803s] copying urdf/mesh/finger5.stl -> /home/danirob/handIA2/rosHandIA/install/roshandia_pkg/share/roshandia_pkg/urdf/mesh
[0.803s] copying rviz2/config.rviz -> /home/danirob/handIA2/rosHandIA/install/roshandia_pkg/share/roshandia_pkg/rviz2
[0.803s] copying rviz2/my_config.rviz -> /home/danirob/handIA2/rosHandIA/install/roshandia_pkg/share/roshandia_pkg/rviz2
[0.804s] copying config/bridge_config.yaml -> /home/danirob/handIA2/rosHandIA/install/roshandia_pkg/share/roshandia_pkg/config
[0.804s] copying worlds/world.sdf -> /home/danirob/handIA2/rosHandIA/install/roshandia_pkg/share/roshandia_pkg/worlds
[0.804s] copying worlds/world2.sdf -> /home/danirob/handIA2/rosHandIA/install/roshandia_pkg/share/roshandia_pkg/worlds
[0.804s] running install_egg_info
[0.818s] removing '/home/danirob/handIA2/rosHandIA/install/roshandia_pkg/lib/python3.12/site-packages/roshandia_pkg-0.0.0-py3.12.egg-info' (and everything under it)
[0.818s] Copying ../../build/roshandia_pkg/roshandia_pkg.egg-info to /home/danirob/handIA2/rosHandIA/install/roshandia_pkg/lib/python3.12/site-packages/roshandia_pkg-0.0.0-py3.12.egg-info
[0.818s] running install_scripts
[0.899s] Installing connectHand script to /home/danirob/handIA2/rosHandIA/install/roshandia_pkg/lib/roshandia_pkg
[0.899s] Installing handRead01 script to /home/danirob/handIA2/rosHandIA/install/roshandia_pkg/lib/roshandia_pkg
[0.899s] Installing joinStatePublisher script to /home/danirob/handIA2/rosHandIA/install/roshandia_pkg/lib/roshandia_pkg
[0.899s] Installing joinStatePublisherSim script to /home/danirob/handIA2/rosHandIA/install/roshandia_pkg/lib/roshandia_pkg
[0.899s] writing list of installed files to '/home/danirob/handIA2/rosHandIA/build/roshandia_pkg/install.log'
[0.918s] Invoked command in '/home/danirob/handIA2/rosHandIA/src/roshandia_pkg' returned '0': DEBUGINFOD_URLS=https://debuginfod.ubuntu.com PS1=(handIA2) \[\e]0;\u@\h: \w\a\]${debian_chroot:+($debian_chroot)}\[\033[01;32m\]\u@\h\[\033[00m\]:\[\033[01;34m\]\w\[\033[00m\]\$ PYTHONPATH=/home/danirob/handIA2/rosHandIA/build/roshandia_pkg/prefix_override:/usr/lib/python3/dist-packages/colcon_core/task/python/colcon_distutils_commands:/home/danirob/handIA2/rosHandIA/install/roshandia_pkg/lib/python3.12/site-packages:/home/danirob/handIA2/rosHandIA/install/roshandmsg_pkg/lib/python3.12/site-packages:/home/danirob/handIA2/handIA2/lib/python3.12/site-packages:/home/danirob/handIA2/rosHandIA/install/roshandia_pkg/lib/python3.12/site-packages:/opt/ros/jazzy/lib/python3.12/site-packages VIRTUAL_ENV_PROMPT=(handIA2) /usr/bin/python3 -W ignore:setup.py install is deprecated -W ignore:easy_install command is deprecated setup.py egg_info --egg-base ../../build/roshandia_pkg build --build-base /home/danirob/handIA2/rosHandIA/build/roshandia_pkg/build install --record /home/danirob/handIA2/rosHandIA/build/roshandia_pkg/install.log --single-version-externally-managed install_data
