[0.076s] DEBUG:colcon:Command line arguments: ['/usr/bin/colcon', 'build']
[0.077s] DEBUG:colcon:Parsed command line arguments: Namespace(log_base=None, log_level=None, verb_name='build', build_base='build', install_base='install', merge_install=False, symlink_install=False, test_result_base=None, continue_on_error=False, executor='parallel', parallel_workers=12, event_handlers=None, ignore_user_meta=False, metas=['./colcon.meta'], base_paths=['.'], packages_ignore=None, packages_ignore_regex=None, paths=None, packages_up_to=None, packages_up_to_regex=None, packages_above=None, packages_above_and_dependencies=None, packages_above_depth=None, packages_select_by_dep=None, packages_skip_by_dep=None, packages_skip_up_to=None, packages_select_build_failed=False, packages_skip_build_finished=False, packages_select_test_failures=False, packages_skip_test_passed=False, packages_select=None, packages_skip=None, packages_select_regex=None, packages_skip_regex=None, packages_start=None, packages_end=None, allow_overriding=[], cmake_args=None, cmake_target=None, cmake_target_skip_unavailable=False, cmake_clean_cache=False, cmake_clean_first=False, cmake_force_configure=False, ament_cmake_args=None, catkin_cmake_args=None, catkin_skip_building_tests=False, mixin_files=None, mixin=None, verb_parser=<colcon_mixin.mixin.mixin_argument.MixinArgumentDecorator object at 0x7bbcfd649760>, verb_extension=<colcon_core.verb.build.BuildVerb object at 0x7bbcfd649400>, main=<bound method BuildVerb.main of <colcon_core.verb.build.BuildVerb object at 0x7bbcfd649400>>, mixin_verb=('build',))
[0.104s] Level 1:colcon.colcon_core.package_discovery:discover_packages(colcon_meta) check parameters
[0.104s] Level 1:colcon.colcon_core.package_discovery:discover_packages(recursive) check parameters
[0.104s] Level 1:colcon.colcon_core.package_discovery:discover_packages(ignore) check parameters
[0.104s] Level 1:colcon.colcon_core.package_discovery:discover_packages(path) check parameters
[0.104s] Level 1:colcon.colcon_core.package_discovery:discover_packages(colcon_meta) discover
[0.104s] Level 1:colcon.colcon_core.package_discovery:discover_packages(recursive) discover
[0.104s] INFO:colcon.colcon_core.package_discovery:Crawling recursively for packages in '/home/danirob/handIA2/rosHandIA'
[0.105s] Level 1:colcon.colcon_core.package_identification:_identify(.) by extensions ['ignore', 'ignore_ament_install']
[0.105s] Level 1:colcon.colcon_core.package_identification:_identify(.) by extension 'ignore'
[0.105s] Level 1:colcon.colcon_core.package_identification:_identify(.) by extension 'ignore_ament_install'
[0.105s] Level 1:colcon.colcon_core.package_identification:_identify(.) by extensions ['colcon_pkg']
[0.105s] Level 1:colcon.colcon_core.package_identification:_identify(.) by extension 'colcon_pkg'
[0.105s] Level 1:colcon.colcon_core.package_identification:_identify(.) by extensions ['colcon_meta']
[0.105s] Level 1:colcon.colcon_core.package_identification:_identify(.) by extension 'colcon_meta'
[0.105s] Level 1:colcon.colcon_core.package_identification:_identify(.) by extensions ['ros']
[0.105s] Level 1:colcon.colcon_core.package_identification:_identify(.) by extension 'ros'
[0.123s] Level 1:colcon.colcon_core.package_identification:_identify(.) by extensions ['cmake', 'python']
[0.123s] Level 1:colcon.colcon_core.package_identification:_identify(.) by extension 'cmake'
[0.123s] Level 1:colcon.colcon_core.package_identification:_identify(.) by extension 'python'
[0.123s] Level 1:colcon.colcon_core.package_identification:_identify(.) by extensions ['python_setup_py']
[0.123s] Level 1:colcon.colcon_core.package_identification:_identify(.) by extension 'python_setup_py'
[0.123s] Level 1:colcon.colcon_core.package_identification:_identify(build) by extensions ['ignore', 'ignore_ament_install']
[0.124s] Level 1:colcon.colcon_core.package_identification:_identify(build) by extension 'ignore'
[0.124s] Level 1:colcon.colcon_core.package_identification:_identify(build) ignored
[0.124s] Level 1:colcon.colcon_core.package_identification:_identify(install) by extensions ['ignore', 'ignore_ament_install']
[0.124s] Level 1:colcon.colcon_core.package_identification:_identify(install) by extension 'ignore'
[0.124s] Level 1:colcon.colcon_core.package_identification:_identify(install) ignored
[0.124s] Level 1:colcon.colcon_core.package_identification:_identify(log) by extensions ['ignore', 'ignore_ament_install']
[0.124s] Level 1:colcon.colcon_core.package_identification:_identify(log) by extension 'ignore'
[0.124s] Level 1:colcon.colcon_core.package_identification:_identify(log) ignored
[0.124s] Level 1:colcon.colcon_core.package_identification:_identify(src) by extensions ['ignore', 'ignore_ament_install']
[0.124s] Level 1:colcon.colcon_core.package_identification:_identify(src) by extension 'ignore'
[0.124s] Level 1:colcon.colcon_core.package_identification:_identify(src) by extension 'ignore_ament_install'
[0.124s] Level 1:colcon.colcon_core.package_identification:_identify(src) by extensions ['colcon_pkg']
[0.124s] Level 1:colcon.colcon_core.package_identification:_identify(src) by extension 'colcon_pkg'
[0.124s] Level 1:colcon.colcon_core.package_identification:_identify(src) by extensions ['colcon_meta']
[0.124s] Level 1:colcon.colcon_core.package_identification:_identify(src) by extension 'colcon_meta'
[0.124s] Level 1:colcon.colcon_core.package_identification:_identify(src) by extensions ['ros']
[0.124s] Level 1:colcon.colcon_core.package_identification:_identify(src) by extension 'ros'
[0.124s] Level 1:colcon.colcon_core.package_identification:_identify(src) by extensions ['cmake', 'python']
[0.124s] Level 1:colcon.colcon_core.package_identification:_identify(src) by extension 'cmake'
[0.124s] Level 1:colcon.colcon_core.package_identification:_identify(src) by extension 'python'
[0.124s] Level 1:colcon.colcon_core.package_identification:_identify(src) by extensions ['python_setup_py']
[0.124s] Level 1:colcon.colcon_core.package_identification:_identify(src) by extension 'python_setup_py'
[0.124s] Level 1:colcon.colcon_core.package_identification:_identify(src/handesp) by extensions ['ignore', 'ignore_ament_install']
[0.124s] Level 1:colcon.colcon_core.package_identification:_identify(src/handesp) by extension 'ignore'
[0.125s] Level 1:colcon.colcon_core.package_identification:_identify(src/handesp) by extension 'ignore_ament_install'
[0.125s] Level 1:colcon.colcon_core.package_identification:_identify(src/handesp) by extensions ['colcon_pkg']
[0.125s] Level 1:colcon.colcon_core.package_identification:_identify(src/handesp) by extension 'colcon_pkg'
[0.125s] Level 1:colcon.colcon_core.package_identification:_identify(src/handesp) by extensions ['colcon_meta']
[0.125s] Level 1:colcon.colcon_core.package_identification:_identify(src/handesp) by extension 'colcon_meta'
[0.125s] Level 1:colcon.colcon_core.package_identification:_identify(src/handesp) by extensions ['ros']
[0.125s] Level 1:colcon.colcon_core.package_identification:_identify(src/handesp) by extension 'ros'
[0.125s] Level 1:colcon.colcon_core.package_identification:_identify(src/handesp) by extensions ['cmake', 'python']
[0.125s] Level 1:colcon.colcon_core.package_identification:_identify(src/handesp) by extension 'cmake'
[0.125s] Level 1:colcon.colcon_core.package_identification:_identify(src/handesp) by extension 'python'
[0.125s] Level 1:colcon.colcon_core.package_identification:_identify(src/handesp) by extensions ['python_setup_py']
[0.125s] Level 1:colcon.colcon_core.package_identification:_identify(src/handesp) by extension 'python_setup_py'
[0.125s] Level 1:colcon.colcon_core.package_identification:_identify(src/handesp/include) by extensions ['ignore', 'ignore_ament_install']
[0.125s] Level 1:colcon.colcon_core.package_identification:_identify(src/handesp/include) by extension 'ignore'
[0.125s] Level 1:colcon.colcon_core.package_identification:_identify(src/handesp/include) by extension 'ignore_ament_install'
[0.125s] Level 1:colcon.colcon_core.package_identification:_identify(src/handesp/include) by extensions ['colcon_pkg']
[0.125s] Level 1:colcon.colcon_core.package_identification:_identify(src/handesp/include) by extension 'colcon_pkg'
[0.125s] Level 1:colcon.colcon_core.package_identification:_identify(src/handesp/include) by extensions ['colcon_meta']
[0.125s] Level 1:colcon.colcon_core.package_identification:_identify(src/handesp/include) by extension 'colcon_meta'
[0.125s] Level 1:colcon.colcon_core.package_identification:_identify(src/handesp/include) by extensions ['ros']
[0.125s] Level 1:colcon.colcon_core.package_identification:_identify(src/handesp/include) by extension 'ros'
[0.125s] Level 1:colcon.colcon_core.package_identification:_identify(src/handesp/include) by extensions ['cmake', 'python']
[0.125s] Level 1:colcon.colcon_core.package_identification:_identify(src/handesp/include) by extension 'cmake'
[0.125s] Level 1:colcon.colcon_core.package_identification:_identify(src/handesp/include) by extension 'python'
[0.125s] Level 1:colcon.colcon_core.package_identification:_identify(src/handesp/include) by extensions ['python_setup_py']
[0.125s] Level 1:colcon.colcon_core.package_identification:_identify(src/handesp/include) by extension 'python_setup_py'
[0.125s] Level 1:colcon.colcon_core.package_identification:_identify(src/handesp/lib) by extensions ['ignore', 'ignore_ament_install']
[0.125s] Level 1:colcon.colcon_core.package_identification:_identify(src/handesp/lib) by extension 'ignore'
[0.125s] Level 1:colcon.colcon_core.package_identification:_identify(src/handesp/lib) by extension 'ignore_ament_install'
[0.125s] Level 1:colcon.colcon_core.package_identification:_identify(src/handesp/lib) by extensions ['colcon_pkg']
[0.125s] Level 1:colcon.colcon_core.package_identification:_identify(src/handesp/lib) by extension 'colcon_pkg'
[0.125s] Level 1:colcon.colcon_core.package_identification:_identify(src/handesp/lib) by extensions ['colcon_meta']
[0.125s] Level 1:colcon.colcon_core.package_identification:_identify(src/handesp/lib) by extension 'colcon_meta'
[0.125s] Level 1:colcon.colcon_core.package_identification:_identify(src/handesp/lib) by extensions ['ros']
[0.125s] Level 1:colcon.colcon_core.package_identification:_identify(src/handesp/lib) by extension 'ros'
[0.126s] Level 1:colcon.colcon_core.package_identification:_identify(src/handesp/lib) by extensions ['cmake', 'python']
[0.126s] Level 1:colcon.colcon_core.package_identification:_identify(src/handesp/lib) by extension 'cmake'
[0.126s] Level 1:colcon.colcon_core.package_identification:_identify(src/handesp/lib) by extension 'python'
[0.126s] Level 1:colcon.colcon_core.package_identification:_identify(src/handesp/lib) by extensions ['python_setup_py']
[0.126s] Level 1:colcon.colcon_core.package_identification:_identify(src/handesp/lib) by extension 'python_setup_py'
[0.126s] Level 1:colcon.colcon_core.package_identification:_identify(src/handesp/src) by extensions ['ignore', 'ignore_ament_install']
[0.126s] Level 1:colcon.colcon_core.package_identification:_identify(src/handesp/src) by extension 'ignore'
[0.126s] Level 1:colcon.colcon_core.package_identification:_identify(src/handesp/src) by extension 'ignore_ament_install'
[0.126s] Level 1:colcon.colcon_core.package_identification:_identify(src/handesp/src) by extensions ['colcon_pkg']
[0.126s] Level 1:colcon.colcon_core.package_identification:_identify(src/handesp/src) by extension 'colcon_pkg'
[0.126s] Level 1:colcon.colcon_core.package_identification:_identify(src/handesp/src) by extensions ['colcon_meta']
[0.126s] Level 1:colcon.colcon_core.package_identification:_identify(src/handesp/src) by extension 'colcon_meta'
[0.126s] Level 1:colcon.colcon_core.package_identification:_identify(src/handesp/src) by extensions ['ros']
[0.126s] Level 1:colcon.colcon_core.package_identification:_identify(src/handesp/src) by extension 'ros'
[0.126s] Level 1:colcon.colcon_core.package_identification:_identify(src/handesp/src) by extensions ['cmake', 'python']
[0.126s] Level 1:colcon.colcon_core.package_identification:_identify(src/handesp/src) by extension 'cmake'
[0.126s] Level 1:colcon.colcon_core.package_identification:_identify(src/handesp/src) by extension 'python'
[0.126s] Level 1:colcon.colcon_core.package_identification:_identify(src/handesp/src) by extensions ['python_setup_py']
[0.126s] Level 1:colcon.colcon_core.package_identification:_identify(src/handesp/src) by extension 'python_setup_py'
[0.126s] Level 1:colcon.colcon_core.package_identification:_identify(src/handesp/test) by extensions ['ignore', 'ignore_ament_install']
[0.126s] Level 1:colcon.colcon_core.package_identification:_identify(src/handesp/test) by extension 'ignore'
[0.126s] Level 1:colcon.colcon_core.package_identification:_identify(src/handesp/test) by extension 'ignore_ament_install'
[0.126s] Level 1:colcon.colcon_core.package_identification:_identify(src/handesp/test) by extensions ['colcon_pkg']
[0.126s] Level 1:colcon.colcon_core.package_identification:_identify(src/handesp/test) by extension 'colcon_pkg'
[0.126s] Level 1:colcon.colcon_core.package_identification:_identify(src/handesp/test) by extensions ['colcon_meta']
[0.126s] Level 1:colcon.colcon_core.package_identification:_identify(src/handesp/test) by extension 'colcon_meta'
[0.126s] Level 1:colcon.colcon_core.package_identification:_identify(src/handesp/test) by extensions ['ros']
[0.126s] Level 1:colcon.colcon_core.package_identification:_identify(src/handesp/test) by extension 'ros'
[0.126s] Level 1:colcon.colcon_core.package_identification:_identify(src/handesp/test) by extensions ['cmake', 'python']
[0.126s] Level 1:colcon.colcon_core.package_identification:_identify(src/handesp/test) by extension 'cmake'
[0.126s] Level 1:colcon.colcon_core.package_identification:_identify(src/handesp/test) by extension 'python'
[0.126s] Level 1:colcon.colcon_core.package_identification:_identify(src/handesp/test) by extensions ['python_setup_py']
[0.126s] Level 1:colcon.colcon_core.package_identification:_identify(src/handesp/test) by extension 'python_setup_py'
[0.126s] Level 1:colcon.colcon_core.package_identification:_identify(src/roshandia_pkg) by extensions ['ignore', 'ignore_ament_install']
[0.127s] Level 1:colcon.colcon_core.package_identification:_identify(src/roshandia_pkg) by extension 'ignore'
[0.127s] Level 1:colcon.colcon_core.package_identification:_identify(src/roshandia_pkg) by extension 'ignore_ament_install'
[0.127s] Level 1:colcon.colcon_core.package_identification:_identify(src/roshandia_pkg) by extensions ['colcon_pkg']
[0.127s] Level 1:colcon.colcon_core.package_identification:_identify(src/roshandia_pkg) by extension 'colcon_pkg'
[0.127s] Level 1:colcon.colcon_core.package_identification:_identify(src/roshandia_pkg) by extensions ['colcon_meta']
[0.127s] Level 1:colcon.colcon_core.package_identification:_identify(src/roshandia_pkg) by extension 'colcon_meta'
[0.127s] Level 1:colcon.colcon_core.package_identification:_identify(src/roshandia_pkg) by extensions ['ros']
[0.127s] Level 1:colcon.colcon_core.package_identification:_identify(src/roshandia_pkg) by extension 'ros'
[0.129s] DEBUG:colcon.colcon_core.package_identification:Package 'src/roshandia_pkg' with type 'ros.ament_python' and name 'roshandia_pkg'
[0.129s] Level 1:colcon.colcon_core.package_identification:_identify(src/roshandmsg_pkg) by extensions ['ignore', 'ignore_ament_install']
[0.129s] Level 1:colcon.colcon_core.package_identification:_identify(src/roshandmsg_pkg) by extension 'ignore'
[0.129s] Level 1:colcon.colcon_core.package_identification:_identify(src/roshandmsg_pkg) by extension 'ignore_ament_install'
[0.129s] Level 1:colcon.colcon_core.package_identification:_identify(src/roshandmsg_pkg) by extensions ['colcon_pkg']
[0.129s] Level 1:colcon.colcon_core.package_identification:_identify(src/roshandmsg_pkg) by extension 'colcon_pkg'
[0.129s] Level 1:colcon.colcon_core.package_identification:_identify(src/roshandmsg_pkg) by extensions ['colcon_meta']
[0.129s] Level 1:colcon.colcon_core.package_identification:_identify(src/roshandmsg_pkg) by extension 'colcon_meta'
[0.129s] Level 1:colcon.colcon_core.package_identification:_identify(src/roshandmsg_pkg) by extensions ['ros']
[0.129s] Level 1:colcon.colcon_core.package_identification:_identify(src/roshandmsg_pkg) by extension 'ros'
[0.129s] DEBUG:colcon.colcon_core.package_identification:Package 'src/roshandmsg_pkg' with type 'ros.ament_cmake' and name 'roshandmsg_pkg'
[0.129s] Level 1:colcon.colcon_core.package_discovery:discover_packages(recursive) using defaults
[0.129s] Level 1:colcon.colcon_core.package_discovery:discover_packages(ignore) discover
[0.129s] Level 1:colcon.colcon_core.package_discovery:discover_packages(ignore) using defaults
[0.129s] Level 1:colcon.colcon_core.package_discovery:discover_packages(path) discover
[0.129s] Level 1:colcon.colcon_core.package_discovery:discover_packages(path) using defaults
[0.141s] Level 1:colcon.colcon_core.package_discovery:discover_packages(prefix_path) check parameters
[0.141s] Level 1:colcon.colcon_core.package_discovery:discover_packages(prefix_path) discover
[0.142s] WARNING:colcon.colcon_ros.prefix_path.ament:The path '/home/danirob/handIA2/rosHandIA/install/roshandia_pkg' in the environment variable AMENT_PREFIX_PATH doesn't exist
[0.142s] WARNING:colcon.colcon_ros.prefix_path.ament:The path '/home/danirob/handIA2/rosHandIA/install/roshandmsg_pkg' in the environment variable AMENT_PREFIX_PATH doesn't exist
[0.142s] WARNING:colcon.colcon_ros.prefix_path.catkin:The path '/home/danirob/handIA2/rosHandIA/install/roshandmsg_pkg' in the environment variable CMAKE_PREFIX_PATH doesn't exist
[0.143s] DEBUG:colcon.colcon_installed_package_information.package_discovery:Found 0 installed packages in /home/danirob/handIA2/rosHandIA/install
[0.143s] DEBUG:colcon.colcon_installed_package_information.package_discovery:Found 285 installed packages in /opt/ros/jazzy
[0.145s] Level 1:colcon.colcon_core.package_discovery:discover_packages(prefix_path) using defaults
[0.171s] Level 5:colcon.colcon_core.verb:set package 'roshandmsg_pkg' build argument 'cmake_args' from command line to 'None'
[0.172s] Level 5:colcon.colcon_core.verb:set package 'roshandmsg_pkg' build argument 'cmake_target' from command line to 'None'
[0.172s] Level 5:colcon.colcon_core.verb:set package 'roshandmsg_pkg' build argument 'cmake_target_skip_unavailable' from command line to 'False'
[0.172s] Level 5:colcon.colcon_core.verb:set package 'roshandmsg_pkg' build argument 'cmake_clean_cache' from command line to 'False'
[0.172s] Level 5:colcon.colcon_core.verb:set package 'roshandmsg_pkg' build argument 'cmake_clean_first' from command line to 'False'
[0.172s] Level 5:colcon.colcon_core.verb:set package 'roshandmsg_pkg' build argument 'cmake_force_configure' from command line to 'False'
[0.172s] Level 5:colcon.colcon_core.verb:set package 'roshandmsg_pkg' build argument 'ament_cmake_args' from command line to 'None'
[0.172s] Level 5:colcon.colcon_core.verb:set package 'roshandmsg_pkg' build argument 'catkin_cmake_args' from command line to 'None'
[0.172s] Level 5:colcon.colcon_core.verb:set package 'roshandmsg_pkg' build argument 'catkin_skip_building_tests' from command line to 'False'
[0.172s] DEBUG:colcon.colcon_core.verb:Building package 'roshandmsg_pkg' with the following arguments: {'ament_cmake_args': None, 'build_base': '/home/danirob/handIA2/rosHandIA/build/roshandmsg_pkg', 'catkin_cmake_args': None, 'catkin_skip_building_tests': False, 'cmake_args': None, 'cmake_clean_cache': False, 'cmake_clean_first': False, 'cmake_force_configure': False, 'cmake_target': None, 'cmake_target_skip_unavailable': False, 'install_base': '/home/danirob/handIA2/rosHandIA/install/roshandmsg_pkg', 'merge_install': False, 'path': '/home/danirob/handIA2/rosHandIA/src/roshandmsg_pkg', 'symlink_install': False, 'test_result_base': None}
[0.172s] Level 5:colcon.colcon_core.verb:set package 'roshandia_pkg' build argument 'cmake_args' from command line to 'None'
[0.172s] Level 5:colcon.colcon_core.verb:set package 'roshandia_pkg' build argument 'cmake_target' from command line to 'None'
[0.172s] Level 5:colcon.colcon_core.verb:set package 'roshandia_pkg' build argument 'cmake_target_skip_unavailable' from command line to 'False'
[0.172s] Level 5:colcon.colcon_core.verb:set package 'roshandia_pkg' build argument 'cmake_clean_cache' from command line to 'False'
[0.172s] Level 5:colcon.colcon_core.verb:set package 'roshandia_pkg' build argument 'cmake_clean_first' from command line to 'False'
[0.172s] Level 5:colcon.colcon_core.verb:set package 'roshandia_pkg' build argument 'cmake_force_configure' from command line to 'False'
[0.172s] Level 5:colcon.colcon_core.verb:set package 'roshandia_pkg' build argument 'ament_cmake_args' from command line to 'None'
[0.172s] Level 5:colcon.colcon_core.verb:set package 'roshandia_pkg' build argument 'catkin_cmake_args' from command line to 'None'
[0.172s] Level 5:colcon.colcon_core.verb:set package 'roshandia_pkg' build argument 'catkin_skip_building_tests' from command line to 'False'
[0.172s] DEBUG:colcon.colcon_core.verb:Building package 'roshandia_pkg' with the following arguments: {'ament_cmake_args': None, 'build_base': '/home/danirob/handIA2/rosHandIA/build/roshandia_pkg', 'catkin_cmake_args': None, 'catkin_skip_building_tests': False, 'cmake_args': None, 'cmake_clean_cache': False, 'cmake_clean_first': False, 'cmake_force_configure': False, 'cmake_target': None, 'cmake_target_skip_unavailable': False, 'install_base': '/home/danirob/handIA2/rosHandIA/install/roshandia_pkg', 'merge_install': False, 'path': '/home/danirob/handIA2/rosHandIA/src/roshandia_pkg', 'symlink_install': False, 'test_result_base': None}
[0.172s] INFO:colcon.colcon_core.executor:Executing jobs using 'parallel' executor
[0.173s] DEBUG:colcon.colcon_parallel_executor.executor.parallel:run_until_complete
[0.173s] INFO:colcon.colcon_ros.task.ament_cmake.build:Building ROS package in '/home/danirob/handIA2/rosHandIA/src/roshandmsg_pkg' with build type 'ament_cmake'
[0.173s] INFO:colcon.colcon_cmake.task.cmake.build:Building CMake package in '/home/danirob/handIA2/rosHandIA/src/roshandmsg_pkg'
[0.174s] INFO:colcon.colcon_core.plugin_system:Skipping extension 'colcon_core.shell.bat': Not used on non-Windows systems
[0.174s] INFO:colcon.colcon_core.shell:Skip shell extension 'powershell' for command environment: Not usable outside of PowerShell
[0.174s] DEBUG:colcon.colcon_core.shell:Skip shell extension 'dsv' for command environment
[0.180s] DEBUG:colcon.colcon_core.event_handler.log_command:Invoking command in '/home/danirob/handIA2/rosHandIA/build/roshandmsg_pkg': CMAKE_PREFIX_PATH=${CMAKE_PREFIX_PATH}:/home/danirob/handIA2/rosHandIA/install/roshandia_pkg:/opt/ros/jazzy DEBUGINFOD_URLS=https://debuginfod.ubuntu.com PS1=(handIA2) \[\e]0;\u@\h: \w\a\]${debian_chroot:+($debian_chroot)}\[\033[01;32m\]\u@\h\[\033[00m\]:\[\033[01;34m\]\w\[\033[00m\]\$ VIRTUAL_ENV_PROMPT=(handIA2) /usr/bin/cmake /home/danirob/handIA2/rosHandIA/src/roshandmsg_pkg -DCMAKE_INSTALL_PREFIX=/home/danirob/handIA2/rosHandIA/install/roshandmsg_pkg
[2.118s] DEBUG:colcon.colcon_core.event_handler.log_command:Invoked command in '/home/danirob/handIA2/rosHandIA/build/roshandmsg_pkg' returned '0': CMAKE_PREFIX_PATH=${CMAKE_PREFIX_PATH}:/home/danirob/handIA2/rosHandIA/install/roshandia_pkg:/opt/ros/jazzy DEBUGINFOD_URLS=https://debuginfod.ubuntu.com PS1=(handIA2) \[\e]0;\u@\h: \w\a\]${debian_chroot:+($debian_chroot)}\[\033[01;32m\]\u@\h\[\033[00m\]:\[\033[01;34m\]\w\[\033[00m\]\$ VIRTUAL_ENV_PROMPT=(handIA2) /usr/bin/cmake /home/danirob/handIA2/rosHandIA/src/roshandmsg_pkg -DCMAKE_INSTALL_PREFIX=/home/danirob/handIA2/rosHandIA/install/roshandmsg_pkg
[2.119s] DEBUG:colcon.colcon_core.event_handler.log_command:Invoking command in '/home/danirob/handIA2/rosHandIA/build/roshandmsg_pkg': CMAKE_PREFIX_PATH=${CMAKE_PREFIX_PATH}:/home/danirob/handIA2/rosHandIA/install/roshandia_pkg:/opt/ros/jazzy DEBUGINFOD_URLS=https://debuginfod.ubuntu.com PS1=(handIA2) \[\e]0;\u@\h: \w\a\]${debian_chroot:+($debian_chroot)}\[\033[01;32m\]\u@\h\[\033[00m\]:\[\033[01;34m\]\w\[\033[00m\]\$ VIRTUAL_ENV_PROMPT=(handIA2) /usr/bin/cmake --build /home/danirob/handIA2/rosHandIA/build/roshandmsg_pkg -- -j12 -l12
[3.643s] DEBUG:colcon.colcon_core.event_handler.log_command:Invoked command in '/home/danirob/handIA2/rosHandIA/build/roshandmsg_pkg' returned '0': CMAKE_PREFIX_PATH=${CMAKE_PREFIX_PATH}:/home/danirob/handIA2/rosHandIA/install/roshandia_pkg:/opt/ros/jazzy DEBUGINFOD_URLS=https://debuginfod.ubuntu.com PS1=(handIA2) \[\e]0;\u@\h: \w\a\]${debian_chroot:+($debian_chroot)}\[\033[01;32m\]\u@\h\[\033[00m\]:\[\033[01;34m\]\w\[\033[00m\]\$ VIRTUAL_ENV_PROMPT=(handIA2) /usr/bin/cmake --build /home/danirob/handIA2/rosHandIA/build/roshandmsg_pkg -- -j12 -l12
[3.650s] DEBUG:colcon.colcon_core.event_handler.log_command:Invoking command in '/home/danirob/handIA2/rosHandIA/build/roshandmsg_pkg': CMAKE_PREFIX_PATH=${CMAKE_PREFIX_PATH}:/home/danirob/handIA2/rosHandIA/install/roshandia_pkg:/opt/ros/jazzy DEBUGINFOD_URLS=https://debuginfod.ubuntu.com PS1=(handIA2) \[\e]0;\u@\h: \w\a\]${debian_chroot:+($debian_chroot)}\[\033[01;32m\]\u@\h\[\033[00m\]:\[\033[01;34m\]\w\[\033[00m\]\$ VIRTUAL_ENV_PROMPT=(handIA2) /usr/bin/cmake --install /home/danirob/handIA2/rosHandIA/build/roshandmsg_pkg
[3.699s] Level 1:colcon.colcon_core.environment:create_environment_scripts_only(roshandmsg_pkg)
[3.699s] DEBUG:colcon.colcon_core.event_handler.log_command:Invoked command in '/home/danirob/handIA2/rosHandIA/build/roshandmsg_pkg' returned '0': CMAKE_PREFIX_PATH=${CMAKE_PREFIX_PATH}:/home/danirob/handIA2/rosHandIA/install/roshandia_pkg:/opt/ros/jazzy DEBUGINFOD_URLS=https://debuginfod.ubuntu.com PS1=(handIA2) \[\e]0;\u@\h: \w\a\]${debian_chroot:+($debian_chroot)}\[\033[01;32m\]\u@\h\[\033[00m\]:\[\033[01;34m\]\w\[\033[00m\]\$ VIRTUAL_ENV_PROMPT=(handIA2) /usr/bin/cmake --install /home/danirob/handIA2/rosHandIA/build/roshandmsg_pkg
[3.700s] Level 1:colcon.colcon_core.environment:checking '/home/danirob/handIA2/rosHandIA/install/roshandmsg_pkg' for CMake module files
[3.701s] Level 1:colcon.colcon_core.environment:checking '/home/danirob/handIA2/rosHandIA/install/roshandmsg_pkg' for CMake config files
[3.701s] Level 1:colcon.colcon_core.shell:create_environment_hook('roshandmsg_pkg', 'cmake_prefix_path')
[3.701s] INFO:colcon.colcon_core.shell:Creating environment hook '/home/danirob/handIA2/rosHandIA/install/roshandmsg_pkg/share/roshandmsg_pkg/hook/cmake_prefix_path.ps1'
[3.702s] INFO:colcon.colcon_core.shell:Creating environment descriptor '/home/danirob/handIA2/rosHandIA/install/roshandmsg_pkg/share/roshandmsg_pkg/hook/cmake_prefix_path.dsv'
[3.702s] INFO:colcon.colcon_core.shell:Creating environment hook '/home/danirob/handIA2/rosHandIA/install/roshandmsg_pkg/share/roshandmsg_pkg/hook/cmake_prefix_path.sh'
[3.703s] Level 1:colcon.colcon_core.environment:checking '/home/danirob/handIA2/rosHandIA/install/roshandmsg_pkg/lib'
[3.703s] Level 1:colcon.colcon_core.shell:create_environment_hook('roshandmsg_pkg', 'ld_library_path_lib')
[3.703s] INFO:colcon.colcon_core.shell:Creating environment hook '/home/danirob/handIA2/rosHandIA/install/roshandmsg_pkg/share/roshandmsg_pkg/hook/ld_library_path_lib.ps1'
[3.704s] INFO:colcon.colcon_core.shell:Creating environment descriptor '/home/danirob/handIA2/rosHandIA/install/roshandmsg_pkg/share/roshandmsg_pkg/hook/ld_library_path_lib.dsv'
[3.704s] INFO:colcon.colcon_core.shell:Creating environment hook '/home/danirob/handIA2/rosHandIA/install/roshandmsg_pkg/share/roshandmsg_pkg/hook/ld_library_path_lib.sh'
[3.704s] Level 1:colcon.colcon_core.environment:checking '/home/danirob/handIA2/rosHandIA/install/roshandmsg_pkg/bin'
[3.704s] Level 1:colcon.colcon_core.environment:checking '/home/danirob/handIA2/rosHandIA/install/roshandmsg_pkg/lib/pkgconfig/roshandmsg_pkg.pc'
[3.705s] Level 1:colcon.colcon_core.environment:checking '/home/danirob/handIA2/rosHandIA/install/roshandmsg_pkg/lib/python3.12/site-packages'
[3.705s] Level 1:colcon.colcon_core.shell:create_environment_hook('roshandmsg_pkg', 'pythonpath')
[3.705s] INFO:colcon.colcon_core.shell:Creating environment hook '/home/danirob/handIA2/rosHandIA/install/roshandmsg_pkg/share/roshandmsg_pkg/hook/pythonpath.ps1'
[3.705s] INFO:colcon.colcon_core.shell:Creating environment descriptor '/home/danirob/handIA2/rosHandIA/install/roshandmsg_pkg/share/roshandmsg_pkg/hook/pythonpath.dsv'
[3.705s] INFO:colcon.colcon_core.shell:Creating environment hook '/home/danirob/handIA2/rosHandIA/install/roshandmsg_pkg/share/roshandmsg_pkg/hook/pythonpath.sh'
[3.706s] Level 1:colcon.colcon_core.environment:checking '/home/danirob/handIA2/rosHandIA/install/roshandmsg_pkg/bin'
[3.706s] INFO:colcon.colcon_core.shell:Creating package script '/home/danirob/handIA2/rosHandIA/install/roshandmsg_pkg/share/roshandmsg_pkg/package.ps1'
[3.707s] INFO:colcon.colcon_core.shell:Creating package descriptor '/home/danirob/handIA2/rosHandIA/install/roshandmsg_pkg/share/roshandmsg_pkg/package.dsv'
[3.707s] INFO:colcon.colcon_core.shell:Creating package script '/home/danirob/handIA2/rosHandIA/install/roshandmsg_pkg/share/roshandmsg_pkg/package.sh'
[3.708s] INFO:colcon.colcon_core.shell:Creating package script '/home/danirob/handIA2/rosHandIA/install/roshandmsg_pkg/share/roshandmsg_pkg/package.bash'
[3.709s] INFO:colcon.colcon_core.shell:Creating package script '/home/danirob/handIA2/rosHandIA/install/roshandmsg_pkg/share/roshandmsg_pkg/package.zsh'
[3.709s] Level 1:colcon.colcon_core.environment:create_file_with_runtime_dependencies(/home/danirob/handIA2/rosHandIA/install/roshandmsg_pkg/share/colcon-core/packages/roshandmsg_pkg)
[3.710s] Level 1:colcon.colcon_core.environment:create_environment_scripts_only(roshandmsg_pkg)
[3.710s] Level 1:colcon.colcon_core.environment:checking '/home/danirob/handIA2/rosHandIA/install/roshandmsg_pkg' for CMake module files
[3.710s] Level 1:colcon.colcon_core.environment:checking '/home/danirob/handIA2/rosHandIA/install/roshandmsg_pkg' for CMake config files
[3.711s] Level 1:colcon.colcon_core.shell:create_environment_hook('roshandmsg_pkg', 'cmake_prefix_path')
[3.711s] INFO:colcon.colcon_core.shell:Creating environment hook '/home/danirob/handIA2/rosHandIA/install/roshandmsg_pkg/share/roshandmsg_pkg/hook/cmake_prefix_path.ps1'
[3.711s] INFO:colcon.colcon_core.shell:Creating environment descriptor '/home/danirob/handIA2/rosHandIA/install/roshandmsg_pkg/share/roshandmsg_pkg/hook/cmake_prefix_path.dsv'
[3.711s] INFO:colcon.colcon_core.shell:Creating environment hook '/home/danirob/handIA2/rosHandIA/install/roshandmsg_pkg/share/roshandmsg_pkg/hook/cmake_prefix_path.sh'
[3.712s] Level 1:colcon.colcon_core.environment:checking '/home/danirob/handIA2/rosHandIA/install/roshandmsg_pkg/lib'
[3.712s] Level 1:colcon.colcon_core.shell:create_environment_hook('roshandmsg_pkg', 'ld_library_path_lib')
[3.712s] INFO:colcon.colcon_core.shell:Creating environment hook '/home/danirob/handIA2/rosHandIA/install/roshandmsg_pkg/share/roshandmsg_pkg/hook/ld_library_path_lib.ps1'
[3.712s] INFO:colcon.colcon_core.shell:Creating environment descriptor '/home/danirob/handIA2/rosHandIA/install/roshandmsg_pkg/share/roshandmsg_pkg/hook/ld_library_path_lib.dsv'
[3.713s] INFO:colcon.colcon_core.shell:Creating environment hook '/home/danirob/handIA2/rosHandIA/install/roshandmsg_pkg/share/roshandmsg_pkg/hook/ld_library_path_lib.sh'
[3.713s] Level 1:colcon.colcon_core.environment:checking '/home/danirob/handIA2/rosHandIA/install/roshandmsg_pkg/bin'
[3.713s] Level 1:colcon.colcon_core.environment:checking '/home/danirob/handIA2/rosHandIA/install/roshandmsg_pkg/lib/pkgconfig/roshandmsg_pkg.pc'
[3.713s] Level 1:colcon.colcon_core.environment:checking '/home/danirob/handIA2/rosHandIA/install/roshandmsg_pkg/lib/python3.12/site-packages'
[3.713s] Level 1:colcon.colcon_core.shell:create_environment_hook('roshandmsg_pkg', 'pythonpath')
[3.713s] INFO:colcon.colcon_core.shell:Creating environment hook '/home/danirob/handIA2/rosHandIA/install/roshandmsg_pkg/share/roshandmsg_pkg/hook/pythonpath.ps1'
[3.714s] INFO:colcon.colcon_core.shell:Creating environment descriptor '/home/danirob/handIA2/rosHandIA/install/roshandmsg_pkg/share/roshandmsg_pkg/hook/pythonpath.dsv'
[3.714s] INFO:colcon.colcon_core.shell:Creating environment hook '/home/danirob/handIA2/rosHandIA/install/roshandmsg_pkg/share/roshandmsg_pkg/hook/pythonpath.sh'
[3.714s] Level 1:colcon.colcon_core.environment:checking '/home/danirob/handIA2/rosHandIA/install/roshandmsg_pkg/bin'
[3.715s] INFO:colcon.colcon_core.shell:Creating package script '/home/danirob/handIA2/rosHandIA/install/roshandmsg_pkg/share/roshandmsg_pkg/package.ps1'
[3.715s] INFO:colcon.colcon_core.shell:Creating package descriptor '/home/danirob/handIA2/rosHandIA/install/roshandmsg_pkg/share/roshandmsg_pkg/package.dsv'
[3.716s] INFO:colcon.colcon_core.shell:Creating package script '/home/danirob/handIA2/rosHandIA/install/roshandmsg_pkg/share/roshandmsg_pkg/package.sh'
[3.716s] INFO:colcon.colcon_core.shell:Creating package script '/home/danirob/handIA2/rosHandIA/install/roshandmsg_pkg/share/roshandmsg_pkg/package.bash'
[3.716s] INFO:colcon.colcon_core.shell:Creating package script '/home/danirob/handIA2/rosHandIA/install/roshandmsg_pkg/share/roshandmsg_pkg/package.zsh'
[3.717s] Level 1:colcon.colcon_core.environment:create_file_with_runtime_dependencies(/home/danirob/handIA2/rosHandIA/install/roshandmsg_pkg/share/colcon-core/packages/roshandmsg_pkg)
[3.717s] INFO:colcon.colcon_ros.task.ament_python.build:Building ROS package in '/home/danirob/handIA2/rosHandIA/src/roshandia_pkg' with build type 'ament_python'
[3.717s] Level 1:colcon.colcon_core.shell:create_environment_hook('roshandia_pkg', 'ament_prefix_path')
[3.717s] INFO:colcon.colcon_core.shell:Creating environment hook '/home/danirob/handIA2/rosHandIA/install/roshandia_pkg/share/roshandia_pkg/hook/ament_prefix_path.ps1'
[3.718s] INFO:colcon.colcon_core.shell:Creating environment descriptor '/home/danirob/handIA2/rosHandIA/install/roshandia_pkg/share/roshandia_pkg/hook/ament_prefix_path.dsv'
[3.718s] INFO:colcon.colcon_core.shell:Creating environment hook '/home/danirob/handIA2/rosHandIA/install/roshandia_pkg/share/roshandia_pkg/hook/ament_prefix_path.sh'
[3.719s] INFO:colcon.colcon_core.shell:Skip shell extension 'powershell' for command environment: Not usable outside of PowerShell
[3.719s] DEBUG:colcon.colcon_core.shell:Skip shell extension 'dsv' for command environment
[3.887s] INFO:colcon.colcon_core.task.python.build:Building Python package in '/home/danirob/handIA2/rosHandIA/src/roshandia_pkg'
[3.887s] INFO:colcon.colcon_core.shell:Skip shell extension 'powershell' for command environment: Not usable outside of PowerShell
[3.887s] DEBUG:colcon.colcon_core.shell:Skip shell extension 'dsv' for command environment
[4.310s] DEBUG:colcon.colcon_core.event_handler.log_command:Invoking command in '/home/danirob/handIA2/rosHandIA/src/roshandia_pkg': DEBUGINFOD_URLS=https://debuginfod.ubuntu.com PS1=(handIA2) \[\e]0;\u@\h: \w\a\]${debian_chroot:+($debian_chroot)}\[\033[01;32m\]\u@\h\[\033[00m\]:\[\033[01;34m\]\w\[\033[00m\]\$ PYTHONPATH=/home/danirob/handIA2/rosHandIA/build/roshandia_pkg/prefix_override:/usr/lib/python3/dist-packages/colcon_core/task/python/colcon_distutils_commands:/home/danirob/handIA2/rosHandIA/install/roshandia_pkg/lib/python3.12/site-packages:/home/danirob/handIA2/rosHandIA/install/roshandmsg_pkg/lib/python3.12/site-packages:/home/danirob/handIA2/handIA2/lib/python3.12/site-packages:/home/danirob/handIA2/rosHandIA/install/roshandia_pkg/lib/python3.12/site-packages:/opt/ros/jazzy/lib/python3.12/site-packages VIRTUAL_ENV_PROMPT=(handIA2) /usr/bin/python3 -W ignore:setup.py install is deprecated -W ignore:easy_install command is deprecated setup.py egg_info --egg-base ../../build/roshandia_pkg build --build-base /home/danirob/handIA2/rosHandIA/build/roshandia_pkg/build install --record /home/danirob/handIA2/rosHandIA/build/roshandia_pkg/install.log --single-version-externally-managed install_data
[4.714s] Level 1:colcon.colcon_core.environment:checking '/home/danirob/handIA2/rosHandIA/install/roshandia_pkg' for CMake module files
[4.714s] DEBUG:colcon.colcon_core.event_handler.log_command:Invoked command in '/home/danirob/handIA2/rosHandIA/src/roshandia_pkg' returned '0': DEBUGINFOD_URLS=https://debuginfod.ubuntu.com PS1=(handIA2) \[\e]0;\u@\h: \w\a\]${debian_chroot:+($debian_chroot)}\[\033[01;32m\]\u@\h\[\033[00m\]:\[\033[01;34m\]\w\[\033[00m\]\$ PYTHONPATH=/home/danirob/handIA2/rosHandIA/build/roshandia_pkg/prefix_override:/usr/lib/python3/dist-packages/colcon_core/task/python/colcon_distutils_commands:/home/danirob/handIA2/rosHandIA/install/roshandia_pkg/lib/python3.12/site-packages:/home/danirob/handIA2/rosHandIA/install/roshandmsg_pkg/lib/python3.12/site-packages:/home/danirob/handIA2/handIA2/lib/python3.12/site-packages:/home/danirob/handIA2/rosHandIA/install/roshandia_pkg/lib/python3.12/site-packages:/opt/ros/jazzy/lib/python3.12/site-packages VIRTUAL_ENV_PROMPT=(handIA2) /usr/bin/python3 -W ignore:setup.py install is deprecated -W ignore:easy_install command is deprecated setup.py egg_info --egg-base ../../build/roshandia_pkg build --build-base /home/danirob/handIA2/rosHandIA/build/roshandia_pkg/build install --record /home/danirob/handIA2/rosHandIA/build/roshandia_pkg/install.log --single-version-externally-managed install_data
[4.715s] Level 1:colcon.colcon_core.environment:checking '/home/danirob/handIA2/rosHandIA/install/roshandia_pkg' for CMake config files
[4.715s] Level 1:colcon.colcon_core.environment:checking '/home/danirob/handIA2/rosHandIA/install/roshandia_pkg/lib'
[4.715s] Level 1:colcon.colcon_core.environment:checking '/home/danirob/handIA2/rosHandIA/install/roshandia_pkg/bin'
[4.715s] Level 1:colcon.colcon_core.environment:checking '/home/danirob/handIA2/rosHandIA/install/roshandia_pkg/lib/pkgconfig/roshandia_pkg.pc'
[4.715s] Level 1:colcon.colcon_core.environment:checking '/home/danirob/handIA2/rosHandIA/install/roshandia_pkg/lib/python3.12/site-packages'
[4.715s] Level 1:colcon.colcon_core.shell:create_environment_hook('roshandia_pkg', 'pythonpath')
[4.716s] INFO:colcon.colcon_core.shell:Creating environment hook '/home/danirob/handIA2/rosHandIA/install/roshandia_pkg/share/roshandia_pkg/hook/pythonpath.ps1'
[4.716s] INFO:colcon.colcon_core.shell:Creating environment descriptor '/home/danirob/handIA2/rosHandIA/install/roshandia_pkg/share/roshandia_pkg/hook/pythonpath.dsv'
[4.716s] INFO:colcon.colcon_core.shell:Creating environment hook '/home/danirob/handIA2/rosHandIA/install/roshandia_pkg/share/roshandia_pkg/hook/pythonpath.sh'
[4.717s] Level 1:colcon.colcon_core.environment:checking '/home/danirob/handIA2/rosHandIA/install/roshandia_pkg/bin'
[4.717s] Level 1:colcon.colcon_core.environment:create_environment_scripts_only(roshandia_pkg)
[4.717s] INFO:colcon.colcon_core.shell:Creating package script '/home/danirob/handIA2/rosHandIA/install/roshandia_pkg/share/roshandia_pkg/package.ps1'
[4.717s] INFO:colcon.colcon_core.shell:Creating package descriptor '/home/danirob/handIA2/rosHandIA/install/roshandia_pkg/share/roshandia_pkg/package.dsv'
[4.718s] INFO:colcon.colcon_core.shell:Creating package script '/home/danirob/handIA2/rosHandIA/install/roshandia_pkg/share/roshandia_pkg/package.sh'
[4.718s] INFO:colcon.colcon_core.shell:Creating package script '/home/danirob/handIA2/rosHandIA/install/roshandia_pkg/share/roshandia_pkg/package.bash'
[4.719s] INFO:colcon.colcon_core.shell:Creating package script '/home/danirob/handIA2/rosHandIA/install/roshandia_pkg/share/roshandia_pkg/package.zsh'
[4.719s] Level 1:colcon.colcon_core.environment:create_file_with_runtime_dependencies(/home/danirob/handIA2/rosHandIA/install/roshandia_pkg/share/colcon-core/packages/roshandia_pkg)
[4.719s] DEBUG:colcon.colcon_parallel_executor.executor.parallel:closing loop
[4.719s] DEBUG:colcon.colcon_parallel_executor.executor.parallel:loop closed
[4.719s] DEBUG:colcon.colcon_parallel_executor.executor.parallel:run_until_complete finished with '0'
[4.719s] DEBUG:colcon.colcon_core.event_reactor:joining thread
[4.723s] INFO:colcon.colcon_core.plugin_system:Skipping extension 'colcon_notification.desktop_notification.terminal_notifier': Not used on non-Darwin systems
[4.723s] INFO:colcon.colcon_core.plugin_system:Skipping extension 'colcon_notification.desktop_notification.win32': Not used on non-Windows systems
[4.723s] INFO:colcon.colcon_notification.desktop_notification:Sending desktop notification using 'notify2'
[4.735s] DEBUG:colcon.colcon_core.event_reactor:joined thread
[4.735s] INFO:colcon.colcon_core.shell:Creating prefix script '/home/danirob/handIA2/rosHandIA/install/local_setup.ps1'
[4.736s] INFO:colcon.colcon_core.shell:Creating prefix util module '/home/danirob/handIA2/rosHandIA/install/_local_setup_util_ps1.py'
[4.737s] INFO:colcon.colcon_core.shell:Creating prefix chain script '/home/danirob/handIA2/rosHandIA/install/setup.ps1'
[4.738s] INFO:colcon.colcon_core.shell:Creating prefix script '/home/danirob/handIA2/rosHandIA/install/local_setup.sh'
[4.739s] INFO:colcon.colcon_core.shell:Creating prefix util module '/home/danirob/handIA2/rosHandIA/install/_local_setup_util_sh.py'
[4.739s] INFO:colcon.colcon_core.shell:Creating prefix chain script '/home/danirob/handIA2/rosHandIA/install/setup.sh'
[4.740s] INFO:colcon.colcon_core.shell:Creating prefix script '/home/danirob/handIA2/rosHandIA/install/local_setup.bash'
[4.740s] INFO:colcon.colcon_core.shell:Creating prefix chain script '/home/danirob/handIA2/rosHandIA/install/setup.bash'
[4.741s] INFO:colcon.colcon_core.shell:Creating prefix script '/home/danirob/handIA2/rosHandIA/install/local_setup.zsh'
[4.742s] INFO:colcon.colcon_core.shell:Creating prefix chain script '/home/danirob/handIA2/rosHandIA/install/setup.zsh'
