[1.167s] Invoking command in '/home/daniel-robayo/handIA2/ros/src/roshandia_pkg': DEBUGINFOD_URLS=https://debuginfod.ubuntu.com PYTHONPATH=/home/daniel-robayo/handIA2/ros/build/roshandia_pkg/prefix_override:/usr/lib/python3/dist-packages/colcon_core/task/python/colcon_distutils_commands:/home/daniel-robayo/handIA2/ros/install/roshandia_pkg/lib/python3.12/site-packages:/home/daniel-robayo/handIA2/ros/install/roshandmsg_pkg/lib/python3.12/site-packages:/home/daniel-robayo/handIA2/ros/install/roshandia_pkg/lib/python3.12/site-packages:/opt/ros/jazzy/lib/python3.12/site-packages VIRTUAL_ENV_PROMPT=(handIA2) /usr/bin/python3 -W ignore:setup.py install is deprecated -W ignore:easy_install command is deprecated setup.py egg_info --egg-base ../../build/roshandia_pkg build --build-base /home/daniel-robayo/handIA2/ros/build/roshandia_pkg/build install --record /home/daniel-robayo/handIA2/ros/build/roshandia_pkg/install.log --single-version-externally-managed install_data
[1.548s] running egg_info
[1.575s] writing ../../build/roshandia_pkg/roshandia_pkg.egg-info/PKG-INFO
[1.575s] writing dependency_links to ../../build/roshandia_pkg/roshandia_pkg.egg-info/dependency_links.txt
[1.575s] writing entry points to ../../build/roshandia_pkg/roshandia_pkg.egg-info/entry_points.txt
[1.575s] writing requirements to ../../build/roshandia_pkg/roshandia_pkg.egg-info/requires.txt
[1.576s] writing top-level names to ../../build/roshandia_pkg/roshandia_pkg.egg-info/top_level.txt
[1.632s] reading manifest file '../../build/roshandia_pkg/roshandia_pkg.egg-info/SOURCES.txt'
[1.634s] writing manifest file '../../build/roshandia_pkg/roshandia_pkg.egg-info/SOURCES.txt'
[1.634s] running build
[1.634s] running build_py
[1.634s] copying roshandia_pkg/joinStatePublisher.py -> /home/daniel-robayo/handIA2/ros/build/roshandia_pkg/build/lib/roshandia_pkg
[1.635s] running install
[1.643s] running install_lib
[1.669s] copying /home/daniel-robayo/handIA2/ros/build/roshandia_pkg/build/lib/roshandia_pkg/joinStatePublisher.py -> /home/daniel-robayo/handIA2/ros/install/roshandia_pkg/lib/python3.12/site-packages/roshandia_pkg
[1.670s] byte-compiling /home/daniel-robayo/handIA2/ros/install/roshandia_pkg/lib/python3.12/site-packages/roshandia_pkg/joinStatePublisher.py to joinStatePublisher.cpython-312.pyc
[1.671s] running install_data
[1.672s] running install_egg_info
[1.702s] removing '/home/daniel-robayo/handIA2/ros/install/roshandia_pkg/lib/python3.12/site-packages/roshandia_pkg-0.0.0-py3.12.egg-info' (and everything under it)
[1.703s] Copying ../../build/roshandia_pkg/roshandia_pkg.egg-info to /home/daniel-robayo/handIA2/ros/install/roshandia_pkg/lib/python3.12/site-packages/roshandia_pkg-0.0.0-py3.12.egg-info
[1.704s] running install_scripts
[1.882s] Installing connectHand script to /home/daniel-robayo/handIA2/ros/install/roshandia_pkg/lib/roshandia_pkg
[1.883s] Installing handRead01 script to /home/daniel-robayo/handIA2/ros/install/roshandia_pkg/lib/roshandia_pkg
[1.883s] Installing joinStatePublisher script to /home/daniel-robayo/handIA2/ros/install/roshandia_pkg/lib/roshandia_pkg
[1.883s] writing list of installed files to '/home/daniel-robayo/handIA2/ros/build/roshandia_pkg/install.log'
[1.929s] Invoked command in '/home/daniel-robayo/handIA2/ros/src/roshandia_pkg' returned '0': DEBUGINFOD_URLS=https://debuginfod.ubuntu.com PYTHONPATH=/home/daniel-robayo/handIA2/ros/build/roshandia_pkg/prefix_override:/usr/lib/python3/dist-packages/colcon_core/task/python/colcon_distutils_commands:/home/daniel-robayo/handIA2/ros/install/roshandia_pkg/lib/python3.12/site-packages:/home/daniel-robayo/handIA2/ros/install/roshandmsg_pkg/lib/python3.12/site-packages:/home/daniel-robayo/handIA2/ros/install/roshandia_pkg/lib/python3.12/site-packages:/opt/ros/jazzy/lib/python3.12/site-packages VIRTUAL_ENV_PROMPT=(handIA2) /usr/bin/python3 -W ignore:setup.py install is deprecated -W ignore:easy_install command is deprecated setup.py egg_info --egg-base ../../build/roshandia_pkg build --build-base /home/daniel-robayo/handIA2/ros/build/roshandia_pkg/build install --record /home/daniel-robayo/handIA2/ros/build/roshandia_pkg/install.log --single-version-externally-managed install_data
