[  2%] Built target roshandmsg_pkg__rosidl_generator_type_description
[  2%] Built target ament_cmake_python_copy_roshandmsg_pkg
[  5%] Built target roshandmsg_pkg__cpp
[  8%] [32mBuilding C object CMakeFiles/roshandmsg_pkg__rosidl_generator_c.dir/rosidl_generator_c/roshandmsg_pkg/msg/detail/msg_hand__type_support.c.o[0m
[ 11%] [32m[1mLinking C shared library libroshandmsg_pkg__rosidl_generator_c.so[0m
[ 20%] Built target roshandmsg_pkg__rosidl_generator_c
[ 23%] [32m[1mLinking CXX shared library libroshandmsg_pkg__rosidl_typesupport_fastrtps_cpp.so[0m
[ 32%] [32m[1mLinking CXX shared library libroshandmsg_pkg__rosidl_typesupport_introspection_cpp.so[0m
[ 35%] [32m[1mLinking CXX shared library libroshandmsg_pkg__rosidl_typesupport_fastrtps_c.so[0m
[ 35%] [32m[1mLinking C shared library libroshandmsg_pkg__rosidl_typesupport_introspection_c.so[0m
[ 35%] [32m[1mLinking CXX shared library libroshandmsg_pkg__rosidl_typesupport_cpp.so[0m
[ 38%] [32m[1mLinking CXX shared library libroshandmsg_pkg__rosidl_typesupport_c.so[0m
[ 44%] Built target roshandmsg_pkg__rosidl_typesupport_introspection_c
[ 55%] Built target roshandmsg_pkg__rosidl_typesupport_introspection_cpp
[ 55%] Built target roshandmsg_pkg__rosidl_typesupport_c
[ 61%] Built target roshandmsg_pkg__rosidl_typesupport_cpp
[ 67%] Built target roshandmsg_pkg__rosidl_typesupport_fastrtps_c
[ 73%] Built target roshandmsg_pkg__rosidl_typesupport_fastrtps_cpp
running egg_info
[ 73%] Built target roshandmsg_pkg
writing roshandmsg_pkg.egg-info/PKG-INFO
writing dependency_links to roshandmsg_pkg.egg-info/dependency_links.txt
writing top-level names to roshandmsg_pkg.egg-info/top_level.txt
[ 76%] Built target roshandmsg_pkg__py
[ 79%] [32m[1mLinking C shared library libroshandmsg_pkg__rosidl_generator_py.so[0m
reading manifest file 'roshandmsg_pkg.egg-info/SOURCES.txt'
writing manifest file 'roshandmsg_pkg.egg-info/SOURCES.txt'
[ 82%] Built target ament_cmake_python_build_roshandmsg_pkg_egg
[ 82%] Built target roshandmsg_pkg__rosidl_generator_py
[ 85%] [32m[1mLinking C shared module rosidl_generator_py/roshandmsg_pkg/roshandmsg_pkg_s__rosidl_typesupport_c.so[0m
[ 91%] [32m[1mLinking C shared module rosidl_generator_py/roshandmsg_pkg/roshandmsg_pkg_s__rosidl_typesupport_fastrtps_c.so[0m
[ 91%] [32m[1mLinking C shared module rosidl_generator_py/roshandmsg_pkg/roshandmsg_pkg_s__rosidl_typesupport_introspection_c.so[0m
[ 97%] Built target roshandmsg_pkg_s__rosidl_typesupport_introspection_c
[ 97%] Built target roshandmsg_pkg_s__rosidl_typesupport_c
[100%] Built target roshandmsg_pkg_s__rosidl_typesupport_fastrtps_c
-- Install configuration: ""
-- Up-to-date: /home/daniel-robayo/handIA2/ros/install/roshandmsg_pkg/share/ament_index/resource_index/rosidl_interfaces/roshandmsg_pkg
-- Up-to-date: /home/daniel-robayo/handIA2/ros/install/roshandmsg_pkg/share/roshandmsg_pkg/msg/MsgHand.json
-- Up-to-date: /home/daniel-robayo/handIA2/ros/install/roshandmsg_pkg/include/roshandmsg_pkg/roshandmsg_pkg
-- Up-to-date: /home/daniel-robayo/handIA2/ros/install/roshandmsg_pkg/include/roshandmsg_pkg/roshandmsg_pkg/msg
-- Up-to-date: /home/daniel-robayo/handIA2/ros/install/roshandmsg_pkg/include/roshandmsg_pkg/roshandmsg_pkg/msg/rosidl_generator_c__visibility_control.h
-- Up-to-date: /home/daniel-robayo/handIA2/ros/install/roshandmsg_pkg/include/roshandmsg_pkg/roshandmsg_pkg/msg/msg_hand.h
-- Up-to-date: /home/daniel-robayo/handIA2/ros/install/roshandmsg_pkg/include/roshandmsg_pkg/roshandmsg_pkg/msg/detail
-- Up-to-date: /home/daniel-robayo/handIA2/ros/install/roshandmsg_pkg/include/roshandmsg_pkg/roshandmsg_pkg/msg/detail/msg_hand__type_support.h
-- Up-to-date: /home/daniel-robayo/handIA2/ros/install/roshandmsg_pkg/include/roshandmsg_pkg/roshandmsg_pkg/msg/detail/msg_hand__functions.c
-- Up-to-date: /home/daniel-robayo/handIA2/ros/install/roshandmsg_pkg/include/roshandmsg_pkg/roshandmsg_pkg/msg/detail/msg_hand__description.c
-- Up-to-date: /home/daniel-robayo/handIA2/ros/install/roshandmsg_pkg/include/roshandmsg_pkg/roshandmsg_pkg/msg/detail/msg_hand__functions.h
-- Up-to-date: /home/daniel-robayo/handIA2/ros/install/roshandmsg_pkg/include/roshandmsg_pkg/roshandmsg_pkg/msg/detail/msg_hand__type_support.c
-- Up-to-date: /home/daniel-robayo/handIA2/ros/install/roshandmsg_pkg/include/roshandmsg_pkg/roshandmsg_pkg/msg/detail/msg_hand__struct.h
-- Up-to-date: /home/daniel-robayo/handIA2/ros/install/roshandmsg_pkg/share/roshandmsg_pkg/environment/library_path.sh
-- Up-to-date: /home/daniel-robayo/handIA2/ros/install/roshandmsg_pkg/share/roshandmsg_pkg/environment/library_path.dsv
-- Installing: /home/daniel-robayo/handIA2/ros/install/roshandmsg_pkg/lib/libroshandmsg_pkg__rosidl_generator_c.so
-- Set non-toolchain portion of runtime path of "/home/daniel-robayo/handIA2/ros/install/roshandmsg_pkg/lib/libroshandmsg_pkg__rosidl_generator_c.so" to ""
-- Up-to-date: /home/daniel-robayo/handIA2/ros/install/roshandmsg_pkg/include/roshandmsg_pkg/roshandmsg_pkg
-- Up-to-date: /home/daniel-robayo/handIA2/ros/install/roshandmsg_pkg/include/roshandmsg_pkg/roshandmsg_pkg/msg
-- Up-to-date: /home/daniel-robayo/handIA2/ros/install/roshandmsg_pkg/include/roshandmsg_pkg/roshandmsg_pkg/msg/rosidl_typesupport_fastrtps_c__visibility_control.h
-- Up-to-date: /home/daniel-robayo/handIA2/ros/install/roshandmsg_pkg/include/roshandmsg_pkg/roshandmsg_pkg/msg/detail
-- Up-to-date: /home/daniel-robayo/handIA2/ros/install/roshandmsg_pkg/include/roshandmsg_pkg/roshandmsg_pkg/msg/detail/msg_hand__rosidl_typesupport_fastrtps_c.h
-- Installing: /home/daniel-robayo/handIA2/ros/install/roshandmsg_pkg/lib/libroshandmsg_pkg__rosidl_typesupport_fastrtps_c.so
-- Set non-toolchain portion of runtime path of "/home/daniel-robayo/handIA2/ros/install/roshandmsg_pkg/lib/libroshandmsg_pkg__rosidl_typesupport_fastrtps_c.so" to ""
-- Up-to-date: /home/daniel-robayo/handIA2/ros/install/roshandmsg_pkg/include/roshandmsg_pkg/roshandmsg_pkg
-- Up-to-date: /home/daniel-robayo/handIA2/ros/install/roshandmsg_pkg/include/roshandmsg_pkg/roshandmsg_pkg/msg
-- Up-to-date: /home/daniel-robayo/handIA2/ros/install/roshandmsg_pkg/include/roshandmsg_pkg/roshandmsg_pkg/msg/detail
-- Up-to-date: /home/daniel-robayo/handIA2/ros/install/roshandmsg_pkg/include/roshandmsg_pkg/roshandmsg_pkg/msg/detail/msg_hand__rosidl_typesupport_introspection_c.h
-- Installing: /home/daniel-robayo/handIA2/ros/install/roshandmsg_pkg/include/roshandmsg_pkg/roshandmsg_pkg/msg/detail/msg_hand__type_support.c
-- Up-to-date: /home/daniel-robayo/handIA2/ros/install/roshandmsg_pkg/include/roshandmsg_pkg/roshandmsg_pkg/msg/rosidl_typesupport_introspection_c__visibility_control.h
-- Installing: /home/daniel-robayo/handIA2/ros/install/roshandmsg_pkg/lib/libroshandmsg_pkg__rosidl_typesupport_introspection_c.so
-- Set non-toolchain portion of runtime path of "/home/daniel-robayo/handIA2/ros/install/roshandmsg_pkg/lib/libroshandmsg_pkg__rosidl_typesupport_introspection_c.so" to ""
-- Installing: /home/daniel-robayo/handIA2/ros/install/roshandmsg_pkg/lib/libroshandmsg_pkg__rosidl_typesupport_c.so
-- Set non-toolchain portion of runtime path of "/home/daniel-robayo/handIA2/ros/install/roshandmsg_pkg/lib/libroshandmsg_pkg__rosidl_typesupport_c.so" to ""
-- Up-to-date: /home/daniel-robayo/handIA2/ros/install/roshandmsg_pkg/include/roshandmsg_pkg/roshandmsg_pkg
-- Up-to-date: /home/daniel-robayo/handIA2/ros/install/roshandmsg_pkg/include/roshandmsg_pkg/roshandmsg_pkg/msg
-- Up-to-date: /home/daniel-robayo/handIA2/ros/install/roshandmsg_pkg/include/roshandmsg_pkg/roshandmsg_pkg/msg/rosidl_generator_cpp__visibility_control.hpp
-- Up-to-date: /home/daniel-robayo/handIA2/ros/install/roshandmsg_pkg/include/roshandmsg_pkg/roshandmsg_pkg/msg/msg_hand.hpp
-- Up-to-date: /home/daniel-robayo/handIA2/ros/install/roshandmsg_pkg/include/roshandmsg_pkg/roshandmsg_pkg/msg/detail
-- Up-to-date: /home/daniel-robayo/handIA2/ros/install/roshandmsg_pkg/include/roshandmsg_pkg/roshandmsg_pkg/msg/detail/msg_hand__struct.hpp
-- Up-to-date: /home/daniel-robayo/handIA2/ros/install/roshandmsg_pkg/include/roshandmsg_pkg/roshandmsg_pkg/msg/detail/msg_hand__type_support.hpp
-- Up-to-date: /home/daniel-robayo/handIA2/ros/install/roshandmsg_pkg/include/roshandmsg_pkg/roshandmsg_pkg/msg/detail/msg_hand__builder.hpp
-- Up-to-date: /home/daniel-robayo/handIA2/ros/install/roshandmsg_pkg/include/roshandmsg_pkg/roshandmsg_pkg/msg/detail/msg_hand__traits.hpp
-- Up-to-date: /home/daniel-robayo/handIA2/ros/install/roshandmsg_pkg/include/roshandmsg_pkg/roshandmsg_pkg
-- Up-to-date: /home/daniel-robayo/handIA2/ros/install/roshandmsg_pkg/include/roshandmsg_pkg/roshandmsg_pkg/msg
-- Up-to-date: /home/daniel-robayo/handIA2/ros/install/roshandmsg_pkg/include/roshandmsg_pkg/roshandmsg_pkg/msg/detail
-- Up-to-date: /home/daniel-robayo/handIA2/ros/install/roshandmsg_pkg/include/roshandmsg_pkg/roshandmsg_pkg/msg/detail/dds_fastrtps
-- Up-to-date: /home/daniel-robayo/handIA2/ros/install/roshandmsg_pkg/include/roshandmsg_pkg/roshandmsg_pkg/msg/detail/msg_hand__rosidl_typesupport_fastrtps_cpp.hpp
-- Up-to-date: /home/daniel-robayo/handIA2/ros/install/roshandmsg_pkg/include/roshandmsg_pkg/roshandmsg_pkg/msg/rosidl_typesupport_fastrtps_cpp__visibility_control.h
-- Installing: /home/daniel-robayo/handIA2/ros/install/roshandmsg_pkg/lib/libroshandmsg_pkg__rosidl_typesupport_fastrtps_cpp.so
-- Set non-toolchain portion of runtime path of "/home/daniel-robayo/handIA2/ros/install/roshandmsg_pkg/lib/libroshandmsg_pkg__rosidl_typesupport_fastrtps_cpp.so" to ""
-- Up-to-date: /home/daniel-robayo/handIA2/ros/install/roshandmsg_pkg/include/roshandmsg_pkg/roshandmsg_pkg
-- Up-to-date: /home/daniel-robayo/handIA2/ros/install/roshandmsg_pkg/include/roshandmsg_pkg/roshandmsg_pkg/msg
-- Up-to-date: /home/daniel-robayo/handIA2/ros/install/roshandmsg_pkg/include/roshandmsg_pkg/roshandmsg_pkg/msg/detail
-- Up-to-date: /home/daniel-robayo/handIA2/ros/install/roshandmsg_pkg/include/roshandmsg_pkg/roshandmsg_pkg/msg/detail/msg_hand__rosidl_typesupport_introspection_cpp.hpp
-- Up-to-date: /home/daniel-robayo/handIA2/ros/install/roshandmsg_pkg/include/roshandmsg_pkg/roshandmsg_pkg/msg/detail/msg_hand__type_support.cpp
-- Installing: /home/daniel-robayo/handIA2/ros/install/roshandmsg_pkg/lib/libroshandmsg_pkg__rosidl_typesupport_introspection_cpp.so
-- Set non-toolchain portion of runtime path of "/home/daniel-robayo/handIA2/ros/install/roshandmsg_pkg/lib/libroshandmsg_pkg__rosidl_typesupport_introspection_cpp.so" to ""
-- Installing: /home/daniel-robayo/handIA2/ros/install/roshandmsg_pkg/lib/libroshandmsg_pkg__rosidl_typesupport_cpp.so
-- Set non-toolchain portion of runtime path of "/home/daniel-robayo/handIA2/ros/install/roshandmsg_pkg/lib/libroshandmsg_pkg__rosidl_typesupport_cpp.so" to ""
-- Up-to-date: /home/daniel-robayo/handIA2/ros/install/roshandmsg_pkg/share/roshandmsg_pkg/environment/pythonpath.sh
-- Up-to-date: /home/daniel-robayo/handIA2/ros/install/roshandmsg_pkg/share/roshandmsg_pkg/environment/pythonpath.dsv
-- Up-to-date: /home/daniel-robayo/handIA2/ros/install/roshandmsg_pkg/lib/python3.12/site-packages/roshandmsg_pkg-0.0.0-py3.12.egg-info
-- Installing: /home/daniel-robayo/handIA2/ros/install/roshandmsg_pkg/lib/python3.12/site-packages/roshandmsg_pkg-0.0.0-py3.12.egg-info/SOURCES.txt
-- Installing: /home/daniel-robayo/handIA2/ros/install/roshandmsg_pkg/lib/python3.12/site-packages/roshandmsg_pkg-0.0.0-py3.12.egg-info/dependency_links.txt
-- Installing: /home/daniel-robayo/handIA2/ros/install/roshandmsg_pkg/lib/python3.12/site-packages/roshandmsg_pkg-0.0.0-py3.12.egg-info/PKG-INFO
-- Installing: /home/daniel-robayo/handIA2/ros/install/roshandmsg_pkg/lib/python3.12/site-packages/roshandmsg_pkg-0.0.0-py3.12.egg-info/top_level.txt
-- Up-to-date: /home/daniel-robayo/handIA2/ros/install/roshandmsg_pkg/lib/python3.12/site-packages/roshandmsg_pkg
-- Up-to-date: /home/daniel-robayo/handIA2/ros/install/roshandmsg_pkg/lib/python3.12/site-packages/roshandmsg_pkg/_roshandmsg_pkg_s.ep.rosidl_typesupport_fastrtps_c.c
-- Installing: /home/daniel-robayo/handIA2/ros/install/roshandmsg_pkg/lib/python3.12/site-packages/roshandmsg_pkg/roshandmsg_pkg_s__rosidl_typesupport_introspection_c.so
-- Up-to-date: /home/daniel-robayo/handIA2/ros/install/roshandmsg_pkg/lib/python3.12/site-packages/roshandmsg_pkg/__init__.py
-- Installing: /home/daniel-robayo/handIA2/ros/install/roshandmsg_pkg/lib/python3.12/site-packages/roshandmsg_pkg/roshandmsg_pkg_s__rosidl_typesupport_fastrtps_c.so
-- Installing: /home/daniel-robayo/handIA2/ros/install/roshandmsg_pkg/lib/python3.12/site-packages/roshandmsg_pkg/roshandmsg_pkg_s__rosidl_typesupport_c.so
-- Up-to-date: /home/daniel-robayo/handIA2/ros/install/roshandmsg_pkg/lib/python3.12/site-packages/roshandmsg_pkg/_roshandmsg_pkg_s.ep.rosidl_typesupport_introspection_c.c
-- Up-to-date: /home/daniel-robayo/handIA2/ros/install/roshandmsg_pkg/lib/python3.12/site-packages/roshandmsg_pkg/msg
-- Up-to-date: /home/daniel-robayo/handIA2/ros/install/roshandmsg_pkg/lib/python3.12/site-packages/roshandmsg_pkg/msg/_msg_hand_s.c
-- Up-to-date: /home/daniel-robayo/handIA2/ros/install/roshandmsg_pkg/lib/python3.12/site-packages/roshandmsg_pkg/msg/__init__.py
-- Up-to-date: /home/daniel-robayo/handIA2/ros/install/roshandmsg_pkg/lib/python3.12/site-packages/roshandmsg_pkg/msg/_msg_hand.py
-- Up-to-date: /home/daniel-robayo/handIA2/ros/install/roshandmsg_pkg/lib/python3.12/site-packages/roshandmsg_pkg/_roshandmsg_pkg_s.ep.rosidl_typesupport_c.c
Listing '/home/daniel-robayo/handIA2/ros/install/roshandmsg_pkg/lib/python3.12/site-packages/roshandmsg_pkg'...
Listing '/home/daniel-robayo/handIA2/ros/install/roshandmsg_pkg/lib/python3.12/site-packages/roshandmsg_pkg/msg'...
-- Installing: /home/daniel-robayo/handIA2/ros/install/roshandmsg_pkg/lib/python3.12/site-packages/roshandmsg_pkg/roshandmsg_pkg_s__rosidl_typesupport_fastrtps_c.so
-- Set non-toolchain portion of runtime path of "/home/daniel-robayo/handIA2/ros/install/roshandmsg_pkg/lib/python3.12/site-packages/roshandmsg_pkg/roshandmsg_pkg_s__rosidl_typesupport_fastrtps_c.so" to ""
-- Installing: /home/daniel-robayo/handIA2/ros/install/roshandmsg_pkg/lib/python3.12/site-packages/roshandmsg_pkg/roshandmsg_pkg_s__rosidl_typesupport_introspection_c.so
-- Set non-toolchain portion of runtime path of "/home/daniel-robayo/handIA2/ros/install/roshandmsg_pkg/lib/python3.12/site-packages/roshandmsg_pkg/roshandmsg_pkg_s__rosidl_typesupport_introspection_c.so" to ""
-- Installing: /home/daniel-robayo/handIA2/ros/install/roshandmsg_pkg/lib/python3.12/site-packages/roshandmsg_pkg/roshandmsg_pkg_s__rosidl_typesupport_c.so
-- Set non-toolchain portion of runtime path of "/home/daniel-robayo/handIA2/ros/install/roshandmsg_pkg/lib/python3.12/site-packages/roshandmsg_pkg/roshandmsg_pkg_s__rosidl_typesupport_c.so" to ""
-- Installing: /home/daniel-robayo/handIA2/ros/install/roshandmsg_pkg/lib/libroshandmsg_pkg__rosidl_generator_py.so
-- Set non-toolchain portion of runtime path of "/home/daniel-robayo/handIA2/ros/install/roshandmsg_pkg/lib/libroshandmsg_pkg__rosidl_generator_py.so" to ""
-- Up-to-date: /home/daniel-robayo/handIA2/ros/install/roshandmsg_pkg/share/roshandmsg_pkg/msg/MsgHand.idl
-- Up-to-date: /home/daniel-robayo/handIA2/ros/install/roshandmsg_pkg/share/roshandmsg_pkg/msg/MsgHand.msg
-- Up-to-date: /home/daniel-robayo/handIA2/ros/install/roshandmsg_pkg/share/ament_index/resource_index/package_run_dependencies/roshandmsg_pkg
-- Up-to-date: /home/daniel-robayo/handIA2/ros/install/roshandmsg_pkg/share/ament_index/resource_index/parent_prefix_path/roshandmsg_pkg
-- Up-to-date: /home/daniel-robayo/handIA2/ros/install/roshandmsg_pkg/share/roshandmsg_pkg/environment/ament_prefix_path.sh
-- Up-to-date: /home/daniel-robayo/handIA2/ros/install/roshandmsg_pkg/share/roshandmsg_pkg/environment/ament_prefix_path.dsv
-- Up-to-date: /home/daniel-robayo/handIA2/ros/install/roshandmsg_pkg/share/roshandmsg_pkg/environment/path.sh
-- Up-to-date: /home/daniel-robayo/handIA2/ros/install/roshandmsg_pkg/share/roshandmsg_pkg/environment/path.dsv
-- Up-to-date: /home/daniel-robayo/handIA2/ros/install/roshandmsg_pkg/share/roshandmsg_pkg/local_setup.bash
-- Up-to-date: /home/daniel-robayo/handIA2/ros/install/roshandmsg_pkg/share/roshandmsg_pkg/local_setup.sh
-- Up-to-date: /home/daniel-robayo/handIA2/ros/install/roshandmsg_pkg/share/roshandmsg_pkg/local_setup.zsh
-- Up-to-date: /home/daniel-robayo/handIA2/ros/install/roshandmsg_pkg/share/roshandmsg_pkg/local_setup.dsv
-- Installing: /home/daniel-robayo/handIA2/ros/install/roshandmsg_pkg/share/roshandmsg_pkg/package.dsv
-- Up-to-date: /home/daniel-robayo/handIA2/ros/install/roshandmsg_pkg/share/ament_index/resource_index/packages/roshandmsg_pkg
-- Up-to-date: /home/daniel-robayo/handIA2/ros/install/roshandmsg_pkg/share/roshandmsg_pkg/cmake/export_roshandmsg_pkg__rosidl_generator_cExport.cmake
-- Up-to-date: /home/daniel-robayo/handIA2/ros/install/roshandmsg_pkg/share/roshandmsg_pkg/cmake/export_roshandmsg_pkg__rosidl_generator_cExport-noconfig.cmake
-- Up-to-date: /home/daniel-robayo/handIA2/ros/install/roshandmsg_pkg/share/roshandmsg_pkg/cmake/export_roshandmsg_pkg__rosidl_typesupport_fastrtps_cExport.cmake
-- Up-to-date: /home/daniel-robayo/handIA2/ros/install/roshandmsg_pkg/share/roshandmsg_pkg/cmake/export_roshandmsg_pkg__rosidl_typesupport_fastrtps_cExport-noconfig.cmake
-- Up-to-date: /home/daniel-robayo/handIA2/ros/install/roshandmsg_pkg/share/roshandmsg_pkg/cmake/roshandmsg_pkg__rosidl_typesupport_introspection_cExport.cmake
-- Up-to-date: /home/daniel-robayo/handIA2/ros/install/roshandmsg_pkg/share/roshandmsg_pkg/cmake/roshandmsg_pkg__rosidl_typesupport_introspection_cExport-noconfig.cmake
-- Up-to-date: /home/daniel-robayo/handIA2/ros/install/roshandmsg_pkg/share/roshandmsg_pkg/cmake/roshandmsg_pkg__rosidl_typesupport_cExport.cmake
-- Up-to-date: /home/daniel-robayo/handIA2/ros/install/roshandmsg_pkg/share/roshandmsg_pkg/cmake/roshandmsg_pkg__rosidl_typesupport_cExport-noconfig.cmake
-- Up-to-date: /home/daniel-robayo/handIA2/ros/install/roshandmsg_pkg/share/roshandmsg_pkg/cmake/export_roshandmsg_pkg__rosidl_generator_cppExport.cmake
-- Up-to-date: /home/daniel-robayo/handIA2/ros/install/roshandmsg_pkg/share/roshandmsg_pkg/cmake/export_roshandmsg_pkg__rosidl_typesupport_fastrtps_cppExport.cmake
-- Up-to-date: /home/daniel-robayo/handIA2/ros/install/roshandmsg_pkg/share/roshandmsg_pkg/cmake/export_roshandmsg_pkg__rosidl_typesupport_fastrtps_cppExport-noconfig.cmake
-- Up-to-date: /home/daniel-robayo/handIA2/ros/install/roshandmsg_pkg/share/roshandmsg_pkg/cmake/roshandmsg_pkg__rosidl_typesupport_introspection_cppExport.cmake
-- Up-to-date: /home/daniel-robayo/handIA2/ros/install/roshandmsg_pkg/share/roshandmsg_pkg/cmake/roshandmsg_pkg__rosidl_typesupport_introspection_cppExport-noconfig.cmake
-- Up-to-date: /home/daniel-robayo/handIA2/ros/install/roshandmsg_pkg/share/roshandmsg_pkg/cmake/roshandmsg_pkg__rosidl_typesupport_cppExport.cmake
-- Up-to-date: /home/daniel-robayo/handIA2/ros/install/roshandmsg_pkg/share/roshandmsg_pkg/cmake/roshandmsg_pkg__rosidl_typesupport_cppExport-noconfig.cmake
-- Up-to-date: /home/daniel-robayo/handIA2/ros/install/roshandmsg_pkg/share/roshandmsg_pkg/cmake/export_roshandmsg_pkg__rosidl_generator_pyExport.cmake
-- Up-to-date: /home/daniel-robayo/handIA2/ros/install/roshandmsg_pkg/share/roshandmsg_pkg/cmake/export_roshandmsg_pkg__rosidl_generator_pyExport-noconfig.cmake
-- Up-to-date: /home/daniel-robayo/handIA2/ros/install/roshandmsg_pkg/share/roshandmsg_pkg/cmake/rosidl_cmake-extras.cmake
-- Up-to-date: /home/daniel-robayo/handIA2/ros/install/roshandmsg_pkg/share/roshandmsg_pkg/cmake/ament_cmake_export_include_directories-extras.cmake
-- Up-to-date: /home/daniel-robayo/handIA2/ros/install/roshandmsg_pkg/share/roshandmsg_pkg/cmake/ament_cmake_export_libraries-extras.cmake
-- Up-to-date: /home/daniel-robayo/handIA2/ros/install/roshandmsg_pkg/share/roshandmsg_pkg/cmake/ament_cmake_export_targets-extras.cmake
-- Up-to-date: /home/daniel-robayo/handIA2/ros/install/roshandmsg_pkg/share/roshandmsg_pkg/cmake/rosidl_cmake_export_typesupport_targets-extras.cmake
-- Up-to-date: /home/daniel-robayo/handIA2/ros/install/roshandmsg_pkg/share/roshandmsg_pkg/cmake/ament_cmake_export_dependencies-extras.cmake
-- Up-to-date: /home/daniel-robayo/handIA2/ros/install/roshandmsg_pkg/share/roshandmsg_pkg/cmake/rosidl_cmake_export_typesupport_libraries-extras.cmake
-- Up-to-date: /home/daniel-robayo/handIA2/ros/install/roshandmsg_pkg/share/roshandmsg_pkg/cmake/roshandmsg_pkgConfig.cmake
-- Up-to-date: /home/daniel-robayo/handIA2/ros/install/roshandmsg_pkg/share/roshandmsg_pkg/cmake/roshandmsg_pkgConfig-version.cmake
-- Up-to-date: /home/daniel-robayo/handIA2/ros/install/roshandmsg_pkg/share/roshandmsg_pkg/package.xml
