[0.012s] Invoking command in '/home/daniel-robayo/handIA2/ros/build/roshandmsg_pkg': CMAKE_PREFIX_PATH=${CMAKE_PREFIX_PATH}:/home/daniel-robayo/handIA2/ros/install/roshandia_pkg:/opt/ros/jazzy DEBUGINFOD_URLS=https://debuginfod.ubuntu.com VIRTUAL_ENV_PROMPT=(handIA2) /usr/bin/cmake --build /home/daniel-robayo/handIA2/ros/build/roshandmsg_pkg -- -j12 -l12
[0.083s] [  2%] Built target roshandmsg_pkg__rosidl_generator_type_description
[0.095s] [  2%] Built target ament_cmake_python_copy_roshandmsg_pkg
[0.118s] [  5%] Built target roshandmsg_pkg__cpp
[0.124s] [  8%] [32mBuilding C object CMakeFiles/roshandmsg_pkg__rosidl_generator_c.dir/rosidl_generator_c/roshandmsg_pkg/msg/detail/msg_hand__type_support.c.o[0m
[0.179s] [ 11%] [32m[1mLinking C shared library libroshandmsg_pkg__rosidl_generator_c.so[0m
[0.229s] [ 20%] Built target roshandmsg_pkg__rosidl_generator_c
[0.265s] [ 23%] [32m[1mLinking CXX shared library libroshandmsg_pkg__rosidl_typesupport_fastrtps_cpp.so[0m
[0.266s] [ 32%] [32m[1mLinking CXX shared library libroshandmsg_pkg__rosidl_typesupport_introspection_cpp.so[0m
[0.267s] [ 35%] [32m[1mLinking CXX shared library libroshandmsg_pkg__rosidl_typesupport_fastrtps_c.so[0m
[0.267s] [ 35%] [32m[1mLinking C shared library libroshandmsg_pkg__rosidl_typesupport_introspection_c.so[0m
[0.267s] [ 35%] [32m[1mLinking CXX shared library libroshandmsg_pkg__rosidl_typesupport_cpp.so[0m
[0.270s] [ 38%] [32m[1mLinking CXX shared library libroshandmsg_pkg__rosidl_typesupport_c.so[0m
[0.313s] [ 44%] Built target roshandmsg_pkg__rosidl_typesupport_introspection_c
[0.329s] [ 55%] Built target roshandmsg_pkg__rosidl_typesupport_introspection_cpp
[0.329s] [ 55%] Built target roshandmsg_pkg__rosidl_typesupport_c
[0.338s] [ 61%] Built target roshandmsg_pkg__rosidl_typesupport_cpp
[0.341s] [ 67%] Built target roshandmsg_pkg__rosidl_typesupport_fastrtps_c
[0.354s] [ 73%] Built target roshandmsg_pkg__rosidl_typesupport_fastrtps_cpp
[0.380s] running egg_info
[0.380s] [ 73%] Built target roshandmsg_pkg
[0.394s] writing roshandmsg_pkg.egg-info/PKG-INFO
[0.395s] writing dependency_links to roshandmsg_pkg.egg-info/dependency_links.txt
[0.395s] writing top-level names to roshandmsg_pkg.egg-info/top_level.txt
[0.405s] [ 76%] Built target roshandmsg_pkg__py
[0.437s] [ 79%] [32m[1mLinking C shared library libroshandmsg_pkg__rosidl_generator_py.so[0m
[0.444s] reading manifest file 'roshandmsg_pkg.egg-info/SOURCES.txt'
[0.445s] writing manifest file 'roshandmsg_pkg.egg-info/SOURCES.txt'
[0.489s] [ 82%] Built target ament_cmake_python_build_roshandmsg_pkg_egg
[0.490s] [ 82%] Built target roshandmsg_pkg__rosidl_generator_py
[0.522s] [ 85%] [32m[1mLinking C shared module rosidl_generator_py/roshandmsg_pkg/roshandmsg_pkg_s__rosidl_typesupport_c.so[0m
[0.523s] [ 91%] [32m[1mLinking C shared module rosidl_generator_py/roshandmsg_pkg/roshandmsg_pkg_s__rosidl_typesupport_fastrtps_c.so[0m
[0.523s] [ 91%] [32m[1mLinking C shared module rosidl_generator_py/roshandmsg_pkg/roshandmsg_pkg_s__rosidl_typesupport_introspection_c.so[0m
[0.567s] [ 97%] Built target roshandmsg_pkg_s__rosidl_typesupport_introspection_c
[0.567s] [ 97%] Built target roshandmsg_pkg_s__rosidl_typesupport_c
[0.571s] [100%] Built target roshandmsg_pkg_s__rosidl_typesupport_fastrtps_c
[0.599s] Invoked command in '/home/daniel-robayo/handIA2/ros/build/roshandmsg_pkg' returned '0': CMAKE_PREFIX_PATH=${CMAKE_PREFIX_PATH}:/home/daniel-robayo/handIA2/ros/install/roshandia_pkg:/opt/ros/jazzy DEBUGINFOD_URLS=https://debuginfod.ubuntu.com VIRTUAL_ENV_PROMPT=(handIA2) /usr/bin/cmake --build /home/daniel-robayo/handIA2/ros/build/roshandmsg_pkg -- -j12 -l12
[0.626s] Invoking command in '/home/daniel-robayo/handIA2/ros/build/roshandmsg_pkg': CMAKE_PREFIX_PATH=${CMAKE_PREFIX_PATH}:/home/daniel-robayo/handIA2/ros/install/roshandia_pkg:/opt/ros/jazzy DEBUGINFOD_URLS=https://debuginfod.ubuntu.com VIRTUAL_ENV_PROMPT=(handIA2) /usr/bin/cmake --install /home/daniel-robayo/handIA2/ros/build/roshandmsg_pkg
[0.650s] -- Install configuration: ""
[0.651s] -- Up-to-date: /home/daniel-robayo/handIA2/ros/install/roshandmsg_pkg/share/ament_index/resource_index/rosidl_interfaces/roshandmsg_pkg
[0.651s] -- Up-to-date: /home/daniel-robayo/handIA2/ros/install/roshandmsg_pkg/share/roshandmsg_pkg/msg/MsgHand.json
[0.652s] -- Up-to-date: /home/daniel-robayo/handIA2/ros/install/roshandmsg_pkg/include/roshandmsg_pkg/roshandmsg_pkg
[0.652s] -- Up-to-date: /home/daniel-robayo/handIA2/ros/install/roshandmsg_pkg/include/roshandmsg_pkg/roshandmsg_pkg/msg
[0.652s] -- Up-to-date: /home/daniel-robayo/handIA2/ros/install/roshandmsg_pkg/include/roshandmsg_pkg/roshandmsg_pkg/msg/rosidl_generator_c__visibility_control.h
[0.653s] -- Up-to-date: /home/daniel-robayo/handIA2/ros/install/roshandmsg_pkg/include/roshandmsg_pkg/roshandmsg_pkg/msg/msg_hand.h
[0.653s] -- Up-to-date: /home/daniel-robayo/handIA2/ros/install/roshandmsg_pkg/include/roshandmsg_pkg/roshandmsg_pkg/msg/detail
[0.653s] -- Up-to-date: /home/daniel-robayo/handIA2/ros/install/roshandmsg_pkg/include/roshandmsg_pkg/roshandmsg_pkg/msg/detail/msg_hand__type_support.h
[0.654s] -- Up-to-date: /home/daniel-robayo/handIA2/ros/install/roshandmsg_pkg/include/roshandmsg_pkg/roshandmsg_pkg/msg/detail/msg_hand__functions.c
[0.654s] -- Up-to-date: /home/daniel-robayo/handIA2/ros/install/roshandmsg_pkg/include/roshandmsg_pkg/roshandmsg_pkg/msg/detail/msg_hand__description.c
[0.654s] -- Up-to-date: /home/daniel-robayo/handIA2/ros/install/roshandmsg_pkg/include/roshandmsg_pkg/roshandmsg_pkg/msg/detail/msg_hand__functions.h
[0.655s] -- Up-to-date: /home/daniel-robayo/handIA2/ros/install/roshandmsg_pkg/include/roshandmsg_pkg/roshandmsg_pkg/msg/detail/msg_hand__type_support.c
[0.655s] -- Up-to-date: /home/daniel-robayo/handIA2/ros/install/roshandmsg_pkg/include/roshandmsg_pkg/roshandmsg_pkg/msg/detail/msg_hand__struct.h
[0.656s] -- Up-to-date: /home/daniel-robayo/handIA2/ros/install/roshandmsg_pkg/share/roshandmsg_pkg/environment/library_path.sh
[0.656s] -- Up-to-date: /home/daniel-robayo/handIA2/ros/install/roshandmsg_pkg/share/roshandmsg_pkg/environment/library_path.dsv
[0.656s] -- Installing: /home/daniel-robayo/handIA2/ros/install/roshandmsg_pkg/lib/libroshandmsg_pkg__rosidl_generator_c.so
[0.656s] -- Set non-toolchain portion of runtime path of "/home/daniel-robayo/handIA2/ros/install/roshandmsg_pkg/lib/libroshandmsg_pkg__rosidl_generator_c.so" to ""
[0.657s] -- Up-to-date: /home/daniel-robayo/handIA2/ros/install/roshandmsg_pkg/include/roshandmsg_pkg/roshandmsg_pkg
[0.657s] -- Up-to-date: /home/daniel-robayo/handIA2/ros/install/roshandmsg_pkg/include/roshandmsg_pkg/roshandmsg_pkg/msg
[0.657s] -- Up-to-date: /home/daniel-robayo/handIA2/ros/install/roshandmsg_pkg/include/roshandmsg_pkg/roshandmsg_pkg/msg/rosidl_typesupport_fastrtps_c__visibility_control.h
[0.658s] -- Up-to-date: /home/daniel-robayo/handIA2/ros/install/roshandmsg_pkg/include/roshandmsg_pkg/roshandmsg_pkg/msg/detail
[0.658s] -- Up-to-date: /home/daniel-robayo/handIA2/ros/install/roshandmsg_pkg/include/roshandmsg_pkg/roshandmsg_pkg/msg/detail/msg_hand__rosidl_typesupport_fastrtps_c.h
[0.658s] -- Installing: /home/daniel-robayo/handIA2/ros/install/roshandmsg_pkg/lib/libroshandmsg_pkg__rosidl_typesupport_fastrtps_c.so
[0.658s] -- Set non-toolchain portion of runtime path of "/home/daniel-robayo/handIA2/ros/install/roshandmsg_pkg/lib/libroshandmsg_pkg__rosidl_typesupport_fastrtps_c.so" to ""
[0.658s] -- Up-to-date: /home/daniel-robayo/handIA2/ros/install/roshandmsg_pkg/include/roshandmsg_pkg/roshandmsg_pkg
[0.659s] -- Up-to-date: /home/daniel-robayo/handIA2/ros/install/roshandmsg_pkg/include/roshandmsg_pkg/roshandmsg_pkg/msg
[0.659s] -- Up-to-date: /home/daniel-robayo/handIA2/ros/install/roshandmsg_pkg/include/roshandmsg_pkg/roshandmsg_pkg/msg/detail
[0.659s] -- Up-to-date: /home/daniel-robayo/handIA2/ros/install/roshandmsg_pkg/include/roshandmsg_pkg/roshandmsg_pkg/msg/detail/msg_hand__rosidl_typesupport_introspection_c.h
[0.659s] -- Installing: /home/daniel-robayo/handIA2/ros/install/roshandmsg_pkg/include/roshandmsg_pkg/roshandmsg_pkg/msg/detail/msg_hand__type_support.c
[0.659s] -- Up-to-date: /home/daniel-robayo/handIA2/ros/install/roshandmsg_pkg/include/roshandmsg_pkg/roshandmsg_pkg/msg/rosidl_typesupport_introspection_c__visibility_control.h
[0.660s] -- Installing: /home/daniel-robayo/handIA2/ros/install/roshandmsg_pkg/lib/libroshandmsg_pkg__rosidl_typesupport_introspection_c.so
[0.660s] -- Set non-toolchain portion of runtime path of "/home/daniel-robayo/handIA2/ros/install/roshandmsg_pkg/lib/libroshandmsg_pkg__rosidl_typesupport_introspection_c.so" to ""
[0.660s] -- Installing: /home/daniel-robayo/handIA2/ros/install/roshandmsg_pkg/lib/libroshandmsg_pkg__rosidl_typesupport_c.so
[0.660s] -- Set non-toolchain portion of runtime path of "/home/daniel-robayo/handIA2/ros/install/roshandmsg_pkg/lib/libroshandmsg_pkg__rosidl_typesupport_c.so" to ""
[0.660s] -- Up-to-date: /home/daniel-robayo/handIA2/ros/install/roshandmsg_pkg/include/roshandmsg_pkg/roshandmsg_pkg
[0.660s] -- Up-to-date: /home/daniel-robayo/handIA2/ros/install/roshandmsg_pkg/include/roshandmsg_pkg/roshandmsg_pkg/msg
[0.660s] -- Up-to-date: /home/daniel-robayo/handIA2/ros/install/roshandmsg_pkg/include/roshandmsg_pkg/roshandmsg_pkg/msg/rosidl_generator_cpp__visibility_control.hpp
[0.661s] -- Up-to-date: /home/daniel-robayo/handIA2/ros/install/roshandmsg_pkg/include/roshandmsg_pkg/roshandmsg_pkg/msg/msg_hand.hpp
[0.661s] -- Up-to-date: /home/daniel-robayo/handIA2/ros/install/roshandmsg_pkg/include/roshandmsg_pkg/roshandmsg_pkg/msg/detail
[0.661s] -- Up-to-date: /home/daniel-robayo/handIA2/ros/install/roshandmsg_pkg/include/roshandmsg_pkg/roshandmsg_pkg/msg/detail/msg_hand__struct.hpp
[0.661s] -- Up-to-date: /home/daniel-robayo/handIA2/ros/install/roshandmsg_pkg/include/roshandmsg_pkg/roshandmsg_pkg/msg/detail/msg_hand__type_support.hpp
[0.662s] -- Up-to-date: /home/daniel-robayo/handIA2/ros/install/roshandmsg_pkg/include/roshandmsg_pkg/roshandmsg_pkg/msg/detail/msg_hand__builder.hpp
[0.662s] -- Up-to-date: /home/daniel-robayo/handIA2/ros/install/roshandmsg_pkg/include/roshandmsg_pkg/roshandmsg_pkg/msg/detail/msg_hand__traits.hpp
[0.662s] -- Up-to-date: /home/daniel-robayo/handIA2/ros/install/roshandmsg_pkg/include/roshandmsg_pkg/roshandmsg_pkg
[0.662s] -- Up-to-date: /home/daniel-robayo/handIA2/ros/install/roshandmsg_pkg/include/roshandmsg_pkg/roshandmsg_pkg/msg
[0.662s] -- Up-to-date: /home/daniel-robayo/handIA2/ros/install/roshandmsg_pkg/include/roshandmsg_pkg/roshandmsg_pkg/msg/detail
[0.663s] -- Up-to-date: /home/daniel-robayo/handIA2/ros/install/roshandmsg_pkg/include/roshandmsg_pkg/roshandmsg_pkg/msg/detail/dds_fastrtps
[0.663s] -- Up-to-date: /home/daniel-robayo/handIA2/ros/install/roshandmsg_pkg/include/roshandmsg_pkg/roshandmsg_pkg/msg/detail/msg_hand__rosidl_typesupport_fastrtps_cpp.hpp
[0.663s] -- Up-to-date: /home/daniel-robayo/handIA2/ros/install/roshandmsg_pkg/include/roshandmsg_pkg/roshandmsg_pkg/msg/rosidl_typesupport_fastrtps_cpp__visibility_control.h
[0.663s] -- Installing: /home/daniel-robayo/handIA2/ros/install/roshandmsg_pkg/lib/libroshandmsg_pkg__rosidl_typesupport_fastrtps_cpp.so
[0.663s] -- Set non-toolchain portion of runtime path of "/home/daniel-robayo/handIA2/ros/install/roshandmsg_pkg/lib/libroshandmsg_pkg__rosidl_typesupport_fastrtps_cpp.so" to ""
[0.663s] -- Up-to-date: /home/daniel-robayo/handIA2/ros/install/roshandmsg_pkg/include/roshandmsg_pkg/roshandmsg_pkg
[0.663s] -- Up-to-date: /home/daniel-robayo/handIA2/ros/install/roshandmsg_pkg/include/roshandmsg_pkg/roshandmsg_pkg/msg
[0.664s] -- Up-to-date: /home/daniel-robayo/handIA2/ros/install/roshandmsg_pkg/include/roshandmsg_pkg/roshandmsg_pkg/msg/detail
[0.664s] -- Up-to-date: /home/daniel-robayo/handIA2/ros/install/roshandmsg_pkg/include/roshandmsg_pkg/roshandmsg_pkg/msg/detail/msg_hand__rosidl_typesupport_introspection_cpp.hpp
[0.664s] -- Up-to-date: /home/daniel-robayo/handIA2/ros/install/roshandmsg_pkg/include/roshandmsg_pkg/roshandmsg_pkg/msg/detail/msg_hand__type_support.cpp
[0.664s] -- Installing: /home/daniel-robayo/handIA2/ros/install/roshandmsg_pkg/lib/libroshandmsg_pkg__rosidl_typesupport_introspection_cpp.so
[0.664s] -- Set non-toolchain portion of runtime path of "/home/daniel-robayo/handIA2/ros/install/roshandmsg_pkg/lib/libroshandmsg_pkg__rosidl_typesupport_introspection_cpp.so" to ""
[0.664s] -- Installing: /home/daniel-robayo/handIA2/ros/install/roshandmsg_pkg/lib/libroshandmsg_pkg__rosidl_typesupport_cpp.so
[0.664s] -- Set non-toolchain portion of runtime path of "/home/daniel-robayo/handIA2/ros/install/roshandmsg_pkg/lib/libroshandmsg_pkg__rosidl_typesupport_cpp.so" to ""
[0.665s] -- Up-to-date: /home/daniel-robayo/handIA2/ros/install/roshandmsg_pkg/share/roshandmsg_pkg/environment/pythonpath.sh
[0.665s] -- Up-to-date: /home/daniel-robayo/handIA2/ros/install/roshandmsg_pkg/share/roshandmsg_pkg/environment/pythonpath.dsv
[0.665s] -- Up-to-date: /home/daniel-robayo/handIA2/ros/install/roshandmsg_pkg/lib/python3.12/site-packages/roshandmsg_pkg-0.0.0-py3.12.egg-info
[0.665s] -- Installing: /home/daniel-robayo/handIA2/ros/install/roshandmsg_pkg/lib/python3.12/site-packages/roshandmsg_pkg-0.0.0-py3.12.egg-info/SOURCES.txt
[0.665s] -- Installing: /home/daniel-robayo/handIA2/ros/install/roshandmsg_pkg/lib/python3.12/site-packages/roshandmsg_pkg-0.0.0-py3.12.egg-info/dependency_links.txt
[0.665s] -- Installing: /home/daniel-robayo/handIA2/ros/install/roshandmsg_pkg/lib/python3.12/site-packages/roshandmsg_pkg-0.0.0-py3.12.egg-info/PKG-INFO
[0.665s] -- Installing: /home/daniel-robayo/handIA2/ros/install/roshandmsg_pkg/lib/python3.12/site-packages/roshandmsg_pkg-0.0.0-py3.12.egg-info/top_level.txt
[0.665s] -- Up-to-date: /home/daniel-robayo/handIA2/ros/install/roshandmsg_pkg/lib/python3.12/site-packages/roshandmsg_pkg
[0.666s] -- Up-to-date: /home/daniel-robayo/handIA2/ros/install/roshandmsg_pkg/lib/python3.12/site-packages/roshandmsg_pkg/_roshandmsg_pkg_s.ep.rosidl_typesupport_fastrtps_c.c
[0.666s] -- Installing: /home/daniel-robayo/handIA2/ros/install/roshandmsg_pkg/lib/python3.12/site-packages/roshandmsg_pkg/roshandmsg_pkg_s__rosidl_typesupport_introspection_c.so
[0.666s] -- Up-to-date: /home/daniel-robayo/handIA2/ros/install/roshandmsg_pkg/lib/python3.12/site-packages/roshandmsg_pkg/__init__.py
[0.666s] -- Installing: /home/daniel-robayo/handIA2/ros/install/roshandmsg_pkg/lib/python3.12/site-packages/roshandmsg_pkg/roshandmsg_pkg_s__rosidl_typesupport_fastrtps_c.so
[0.666s] -- Installing: /home/daniel-robayo/handIA2/ros/install/roshandmsg_pkg/lib/python3.12/site-packages/roshandmsg_pkg/roshandmsg_pkg_s__rosidl_typesupport_c.so
[0.666s] -- Up-to-date: /home/daniel-robayo/handIA2/ros/install/roshandmsg_pkg/lib/python3.12/site-packages/roshandmsg_pkg/_roshandmsg_pkg_s.ep.rosidl_typesupport_introspection_c.c
[0.666s] -- Up-to-date: /home/daniel-robayo/handIA2/ros/install/roshandmsg_pkg/lib/python3.12/site-packages/roshandmsg_pkg/msg
[0.666s] -- Up-to-date: /home/daniel-robayo/handIA2/ros/install/roshandmsg_pkg/lib/python3.12/site-packages/roshandmsg_pkg/msg/_msg_hand_s.c
[0.667s] -- Up-to-date: /home/daniel-robayo/handIA2/ros/install/roshandmsg_pkg/lib/python3.12/site-packages/roshandmsg_pkg/msg/__init__.py
[0.667s] -- Up-to-date: /home/daniel-robayo/handIA2/ros/install/roshandmsg_pkg/lib/python3.12/site-packages/roshandmsg_pkg/msg/_msg_hand.py
[0.667s] -- Up-to-date: /home/daniel-robayo/handIA2/ros/install/roshandmsg_pkg/lib/python3.12/site-packages/roshandmsg_pkg/_roshandmsg_pkg_s.ep.rosidl_typesupport_c.c
[0.731s] Listing '/home/daniel-robayo/handIA2/ros/install/roshandmsg_pkg/lib/python3.12/site-packages/roshandmsg_pkg'...
[0.731s] Listing '/home/daniel-robayo/handIA2/ros/install/roshandmsg_pkg/lib/python3.12/site-packages/roshandmsg_pkg/msg'...
[0.737s] -- Installing: /home/daniel-robayo/handIA2/ros/install/roshandmsg_pkg/lib/python3.12/site-packages/roshandmsg_pkg/roshandmsg_pkg_s__rosidl_typesupport_fastrtps_c.so
[0.737s] -- Set non-toolchain portion of runtime path of "/home/daniel-robayo/handIA2/ros/install/roshandmsg_pkg/lib/python3.12/site-packages/roshandmsg_pkg/roshandmsg_pkg_s__rosidl_typesupport_fastrtps_c.so" to ""
[0.738s] -- Installing: /home/daniel-robayo/handIA2/ros/install/roshandmsg_pkg/lib/python3.12/site-packages/roshandmsg_pkg/roshandmsg_pkg_s__rosidl_typesupport_introspection_c.so
[0.738s] -- Set non-toolchain portion of runtime path of "/home/daniel-robayo/handIA2/ros/install/roshandmsg_pkg/lib/python3.12/site-packages/roshandmsg_pkg/roshandmsg_pkg_s__rosidl_typesupport_introspection_c.so" to ""
[0.738s] -- Installing: /home/daniel-robayo/handIA2/ros/install/roshandmsg_pkg/lib/python3.12/site-packages/roshandmsg_pkg/roshandmsg_pkg_s__rosidl_typesupport_c.so
[0.738s] -- Set non-toolchain portion of runtime path of "/home/daniel-robayo/handIA2/ros/install/roshandmsg_pkg/lib/python3.12/site-packages/roshandmsg_pkg/roshandmsg_pkg_s__rosidl_typesupport_c.so" to ""
[0.739s] -- Installing: /home/daniel-robayo/handIA2/ros/install/roshandmsg_pkg/lib/libroshandmsg_pkg__rosidl_generator_py.so
[0.739s] -- Set non-toolchain portion of runtime path of "/home/daniel-robayo/handIA2/ros/install/roshandmsg_pkg/lib/libroshandmsg_pkg__rosidl_generator_py.so" to ""
[0.740s] -- Up-to-date: /home/daniel-robayo/handIA2/ros/install/roshandmsg_pkg/share/roshandmsg_pkg/msg/MsgHand.idl
[0.740s] -- Up-to-date: /home/daniel-robayo/handIA2/ros/install/roshandmsg_pkg/share/roshandmsg_pkg/msg/MsgHand.msg
[0.740s] -- Up-to-date: /home/daniel-robayo/handIA2/ros/install/roshandmsg_pkg/share/ament_index/resource_index/package_run_dependencies/roshandmsg_pkg
[0.740s] -- Up-to-date: /home/daniel-robayo/handIA2/ros/install/roshandmsg_pkg/share/ament_index/resource_index/parent_prefix_path/roshandmsg_pkg
[0.741s] -- Up-to-date: /home/daniel-robayo/handIA2/ros/install/roshandmsg_pkg/share/roshandmsg_pkg/environment/ament_prefix_path.sh
[0.741s] -- Up-to-date: /home/daniel-robayo/handIA2/ros/install/roshandmsg_pkg/share/roshandmsg_pkg/environment/ament_prefix_path.dsv
[0.741s] -- Up-to-date: /home/daniel-robayo/handIA2/ros/install/roshandmsg_pkg/share/roshandmsg_pkg/environment/path.sh
[0.741s] -- Up-to-date: /home/daniel-robayo/handIA2/ros/install/roshandmsg_pkg/share/roshandmsg_pkg/environment/path.dsv
[0.741s] -- Up-to-date: /home/daniel-robayo/handIA2/ros/install/roshandmsg_pkg/share/roshandmsg_pkg/local_setup.bash
[0.741s] -- Up-to-date: /home/daniel-robayo/handIA2/ros/install/roshandmsg_pkg/share/roshandmsg_pkg/local_setup.sh
[0.741s] -- Up-to-date: /home/daniel-robayo/handIA2/ros/install/roshandmsg_pkg/share/roshandmsg_pkg/local_setup.zsh
[0.742s] -- Up-to-date: /home/daniel-robayo/handIA2/ros/install/roshandmsg_pkg/share/roshandmsg_pkg/local_setup.dsv
[0.742s] -- Installing: /home/daniel-robayo/handIA2/ros/install/roshandmsg_pkg/share/roshandmsg_pkg/package.dsv
[0.742s] -- Up-to-date: /home/daniel-robayo/handIA2/ros/install/roshandmsg_pkg/share/ament_index/resource_index/packages/roshandmsg_pkg
[0.742s] -- Up-to-date: /home/daniel-robayo/handIA2/ros/install/roshandmsg_pkg/share/roshandmsg_pkg/cmake/export_roshandmsg_pkg__rosidl_generator_cExport.cmake
[0.742s] -- Up-to-date: /home/daniel-robayo/handIA2/ros/install/roshandmsg_pkg/share/roshandmsg_pkg/cmake/export_roshandmsg_pkg__rosidl_generator_cExport-noconfig.cmake
[0.742s] -- Up-to-date: /home/daniel-robayo/handIA2/ros/install/roshandmsg_pkg/share/roshandmsg_pkg/cmake/export_roshandmsg_pkg__rosidl_typesupport_fastrtps_cExport.cmake
[0.742s] -- Up-to-date: /home/daniel-robayo/handIA2/ros/install/roshandmsg_pkg/share/roshandmsg_pkg/cmake/export_roshandmsg_pkg__rosidl_typesupport_fastrtps_cExport-noconfig.cmake
[0.742s] -- Up-to-date: /home/daniel-robayo/handIA2/ros/install/roshandmsg_pkg/share/roshandmsg_pkg/cmake/roshandmsg_pkg__rosidl_typesupport_introspection_cExport.cmake
[0.743s] -- Up-to-date: /home/daniel-robayo/handIA2/ros/install/roshandmsg_pkg/share/roshandmsg_pkg/cmake/roshandmsg_pkg__rosidl_typesupport_introspection_cExport-noconfig.cmake
[0.743s] -- Up-to-date: /home/daniel-robayo/handIA2/ros/install/roshandmsg_pkg/share/roshandmsg_pkg/cmake/roshandmsg_pkg__rosidl_typesupport_cExport.cmake
[0.743s] -- Up-to-date: /home/daniel-robayo/handIA2/ros/install/roshandmsg_pkg/share/roshandmsg_pkg/cmake/roshandmsg_pkg__rosidl_typesupport_cExport-noconfig.cmake
[0.743s] -- Up-to-date: /home/daniel-robayo/handIA2/ros/install/roshandmsg_pkg/share/roshandmsg_pkg/cmake/export_roshandmsg_pkg__rosidl_generator_cppExport.cmake
[0.743s] -- Up-to-date: /home/daniel-robayo/handIA2/ros/install/roshandmsg_pkg/share/roshandmsg_pkg/cmake/export_roshandmsg_pkg__rosidl_typesupport_fastrtps_cppExport.cmake
[0.743s] -- Up-to-date: /home/daniel-robayo/handIA2/ros/install/roshandmsg_pkg/share/roshandmsg_pkg/cmake/export_roshandmsg_pkg__rosidl_typesupport_fastrtps_cppExport-noconfig.cmake
[0.743s] -- Up-to-date: /home/daniel-robayo/handIA2/ros/install/roshandmsg_pkg/share/roshandmsg_pkg/cmake/roshandmsg_pkg__rosidl_typesupport_introspection_cppExport.cmake
[0.743s] -- Up-to-date: /home/daniel-robayo/handIA2/ros/install/roshandmsg_pkg/share/roshandmsg_pkg/cmake/roshandmsg_pkg__rosidl_typesupport_introspection_cppExport-noconfig.cmake
[0.743s] -- Up-to-date: /home/daniel-robayo/handIA2/ros/install/roshandmsg_pkg/share/roshandmsg_pkg/cmake/roshandmsg_pkg__rosidl_typesupport_cppExport.cmake
[0.743s] -- Up-to-date: /home/daniel-robayo/handIA2/ros/install/roshandmsg_pkg/share/roshandmsg_pkg/cmake/roshandmsg_pkg__rosidl_typesupport_cppExport-noconfig.cmake
[0.743s] -- Up-to-date: /home/daniel-robayo/handIA2/ros/install/roshandmsg_pkg/share/roshandmsg_pkg/cmake/export_roshandmsg_pkg__rosidl_generator_pyExport.cmake
[0.744s] -- Up-to-date: /home/daniel-robayo/handIA2/ros/install/roshandmsg_pkg/share/roshandmsg_pkg/cmake/export_roshandmsg_pkg__rosidl_generator_pyExport-noconfig.cmake
[0.744s] -- Up-to-date: /home/daniel-robayo/handIA2/ros/install/roshandmsg_pkg/share/roshandmsg_pkg/cmake/rosidl_cmake-extras.cmake
[0.744s] -- Up-to-date: /home/daniel-robayo/handIA2/ros/install/roshandmsg_pkg/share/roshandmsg_pkg/cmake/ament_cmake_export_include_directories-extras.cmake
[0.744s] -- Up-to-date: /home/daniel-robayo/handIA2/ros/install/roshandmsg_pkg/share/roshandmsg_pkg/cmake/ament_cmake_export_libraries-extras.cmake
[0.744s] -- Up-to-date: /home/daniel-robayo/handIA2/ros/install/roshandmsg_pkg/share/roshandmsg_pkg/cmake/ament_cmake_export_targets-extras.cmake
[0.744s] -- Up-to-date: /home/daniel-robayo/handIA2/ros/install/roshandmsg_pkg/share/roshandmsg_pkg/cmake/rosidl_cmake_export_typesupport_targets-extras.cmake
[0.744s] -- Up-to-date: /home/daniel-robayo/handIA2/ros/install/roshandmsg_pkg/share/roshandmsg_pkg/cmake/ament_cmake_export_dependencies-extras.cmake
[0.744s] -- Up-to-date: /home/daniel-robayo/handIA2/ros/install/roshandmsg_pkg/share/roshandmsg_pkg/cmake/rosidl_cmake_export_typesupport_libraries-extras.cmake
[0.744s] -- Up-to-date: /home/daniel-robayo/handIA2/ros/install/roshandmsg_pkg/share/roshandmsg_pkg/cmake/roshandmsg_pkgConfig.cmake
[0.744s] -- Up-to-date: /home/daniel-robayo/handIA2/ros/install/roshandmsg_pkg/share/roshandmsg_pkg/cmake/roshandmsg_pkgConfig-version.cmake
[0.744s] -- Up-to-date: /home/daniel-robayo/handIA2/ros/install/roshandmsg_pkg/share/roshandmsg_pkg/package.xml
[0.746s] Invoked command in '/home/daniel-robayo/handIA2/ros/build/roshandmsg_pkg' returned '0': CMAKE_PREFIX_PATH=${CMAKE_PREFIX_PATH}:/home/daniel-robayo/handIA2/ros/install/roshandia_pkg:/opt/ros/jazzy DEBUGINFOD_URLS=https://debuginfod.ubuntu.com VIRTUAL_ENV_PROMPT=(handIA2) /usr/bin/cmake --install /home/daniel-robayo/handIA2/ros/build/roshandmsg_pkg
