[0.086s] DEBUG:colcon:Command line arguments: ['/usr/bin/colcon', 'build']
[0.086s] DEBUG:colcon:Parsed command line arguments: Namespace(log_base=None, log_level=None, verb_name='build', build_base='build', install_base='install', merge_install=False, symlink_install=False, test_result_base=None, continue_on_error=False, executor='parallel', parallel_workers=12, event_handlers=None, ignore_user_meta=False, metas=['./colcon.meta'], base_paths=['.'], packages_ignore=None, packages_ignore_regex=None, paths=None, packages_up_to=None, packages_up_to_regex=None, packages_above=None, packages_above_and_dependencies=None, packages_above_depth=None, packages_select_by_dep=None, packages_skip_by_dep=None, packages_skip_up_to=None, packages_select_build_failed=False, packages_skip_build_finished=False, packages_select_test_failures=False, packages_skip_test_passed=False, packages_select=None, packages_skip=None, packages_select_regex=None, packages_skip_regex=None, packages_start=None, packages_end=None, allow_overriding=[], cmake_args=None, cmake_target=None, cmake_target_skip_unavailable=False, cmake_clean_cache=False, cmake_clean_first=False, cmake_force_configure=False, ament_cmake_args=None, catkin_cmake_args=None, catkin_skip_building_tests=False, mixin_files=None, mixin=None, verb_parser=<colcon_mixin.mixin.mixin_argument.MixinArgumentDecorator object at 0x793fabea1790>, verb_extension=<colcon_core.verb.build.BuildVerb object at 0x793fabe55520>, main=<bound method BuildVerb.main of <colcon_core.verb.build.BuildVerb object at 0x793fabe55520>>, mixin_verb=('build',))
[0.115s] Level 1:colcon.colcon_core.package_discovery:discover_packages(colcon_meta) check parameters
[0.116s] Level 1:colcon.colcon_core.package_discovery:discover_packages(recursive) check parameters
[0.116s] Level 1:colcon.colcon_core.package_discovery:discover_packages(ignore) check parameters
[0.116s] Level 1:colcon.colcon_core.package_discovery:discover_packages(path) check parameters
[0.116s] Level 1:colcon.colcon_core.package_discovery:discover_packages(colcon_meta) discover
[0.116s] Level 1:colcon.colcon_core.package_discovery:discover_packages(recursive) discover
[0.116s] INFO:colcon.colcon_core.package_discovery:Crawling recursively for packages in '/home/daniel-robayo/handIA2/ros'
[0.116s] Level 1:colcon.colcon_core.package_identification:_identify(.) by extensions ['ignore', 'ignore_ament_install']
[0.116s] Level 1:colcon.colcon_core.package_identification:_identify(.) by extension 'ignore'
[0.116s] Level 1:colcon.colcon_core.package_identification:_identify(.) by extension 'ignore_ament_install'
[0.116s] Level 1:colcon.colcon_core.package_identification:_identify(.) by extensions ['colcon_pkg']
[0.116s] Level 1:colcon.colcon_core.package_identification:_identify(.) by extension 'colcon_pkg'
[0.116s] Level 1:colcon.colcon_core.package_identification:_identify(.) by extensions ['colcon_meta']
[0.116s] Level 1:colcon.colcon_core.package_identification:_identify(.) by extension 'colcon_meta'
[0.116s] Level 1:colcon.colcon_core.package_identification:_identify(.) by extensions ['ros']
[0.116s] Level 1:colcon.colcon_core.package_identification:_identify(.) by extension 'ros'
[0.135s] Level 1:colcon.colcon_core.package_identification:_identify(.) by extensions ['cmake', 'python']
[0.135s] Level 1:colcon.colcon_core.package_identification:_identify(.) by extension 'cmake'
[0.135s] Level 1:colcon.colcon_core.package_identification:_identify(.) by extension 'python'
[0.135s] Level 1:colcon.colcon_core.package_identification:_identify(.) by extensions ['python_setup_py']
[0.135s] Level 1:colcon.colcon_core.package_identification:_identify(.) by extension 'python_setup_py'
[0.136s] Level 1:colcon.colcon_core.package_identification:_identify(build) by extensions ['ignore', 'ignore_ament_install']
[0.136s] Level 1:colcon.colcon_core.package_identification:_identify(build) by extension 'ignore'
[0.136s] Level 1:colcon.colcon_core.package_identification:_identify(build) ignored
[0.136s] Level 1:colcon.colcon_core.package_identification:_identify(install) by extensions ['ignore', 'ignore_ament_install']
[0.136s] Level 1:colcon.colcon_core.package_identification:_identify(install) by extension 'ignore'
[0.136s] Level 1:colcon.colcon_core.package_identification:_identify(install) ignored
[0.136s] Level 1:colcon.colcon_core.package_identification:_identify(log) by extensions ['ignore', 'ignore_ament_install']
[0.136s] Level 1:colcon.colcon_core.package_identification:_identify(log) by extension 'ignore'
[0.136s] Level 1:colcon.colcon_core.package_identification:_identify(log) ignored
[0.136s] Level 1:colcon.colcon_core.package_identification:_identify(src) by extensions ['ignore', 'ignore_ament_install']
[0.136s] Level 1:colcon.colcon_core.package_identification:_identify(src) by extension 'ignore'
[0.136s] Level 1:colcon.colcon_core.package_identification:_identify(src) by extension 'ignore_ament_install'
[0.136s] Level 1:colcon.colcon_core.package_identification:_identify(src) by extensions ['colcon_pkg']
[0.137s] Level 1:colcon.colcon_core.package_identification:_identify(src) by extension 'colcon_pkg'
[0.137s] Level 1:colcon.colcon_core.package_identification:_identify(src) by extensions ['colcon_meta']
[0.137s] Level 1:colcon.colcon_core.package_identification:_identify(src) by extension 'colcon_meta'
[0.137s] Level 1:colcon.colcon_core.package_identification:_identify(src) by extensions ['ros']
[0.137s] Level 1:colcon.colcon_core.package_identification:_identify(src) by extension 'ros'
[0.137s] Level 1:colcon.colcon_core.package_identification:_identify(src) by extensions ['cmake', 'python']
[0.137s] Level 1:colcon.colcon_core.package_identification:_identify(src) by extension 'cmake'
[0.137s] Level 1:colcon.colcon_core.package_identification:_identify(src) by extension 'python'
[0.137s] Level 1:colcon.colcon_core.package_identification:_identify(src) by extensions ['python_setup_py']
[0.137s] Level 1:colcon.colcon_core.package_identification:_identify(src) by extension 'python_setup_py'
[0.137s] Level 1:colcon.colcon_core.package_identification:_identify(src/build) by extensions ['ignore', 'ignore_ament_install']
[0.137s] Level 1:colcon.colcon_core.package_identification:_identify(src/build) by extension 'ignore'
[0.137s] Level 1:colcon.colcon_core.package_identification:_identify(src/build) ignored
[0.137s] Level 1:colcon.colcon_core.package_identification:_identify(src/handesp) by extensions ['ignore', 'ignore_ament_install']
[0.137s] Level 1:colcon.colcon_core.package_identification:_identify(src/handesp) by extension 'ignore'
[0.137s] Level 1:colcon.colcon_core.package_identification:_identify(src/handesp) by extension 'ignore_ament_install'
[0.137s] Level 1:colcon.colcon_core.package_identification:_identify(src/handesp) by extensions ['colcon_pkg']
[0.137s] Level 1:colcon.colcon_core.package_identification:_identify(src/handesp) by extension 'colcon_pkg'
[0.137s] Level 1:colcon.colcon_core.package_identification:_identify(src/handesp) by extensions ['colcon_meta']
[0.137s] Level 1:colcon.colcon_core.package_identification:_identify(src/handesp) by extension 'colcon_meta'
[0.137s] Level 1:colcon.colcon_core.package_identification:_identify(src/handesp) by extensions ['ros']
[0.138s] Level 1:colcon.colcon_core.package_identification:_identify(src/handesp) by extension 'ros'
[0.138s] Level 1:colcon.colcon_core.package_identification:_identify(src/handesp) by extensions ['cmake', 'python']
[0.138s] Level 1:colcon.colcon_core.package_identification:_identify(src/handesp) by extension 'cmake'
[0.138s] Level 1:colcon.colcon_core.package_identification:_identify(src/handesp) by extension 'python'
[0.138s] Level 1:colcon.colcon_core.package_identification:_identify(src/handesp) by extensions ['python_setup_py']
[0.138s] Level 1:colcon.colcon_core.package_identification:_identify(src/handesp) by extension 'python_setup_py'
[0.138s] Level 1:colcon.colcon_core.package_identification:_identify(src/handesp/include) by extensions ['ignore', 'ignore_ament_install']
[0.138s] Level 1:colcon.colcon_core.package_identification:_identify(src/handesp/include) by extension 'ignore'
[0.138s] Level 1:colcon.colcon_core.package_identification:_identify(src/handesp/include) by extension 'ignore_ament_install'
[0.138s] Level 1:colcon.colcon_core.package_identification:_identify(src/handesp/include) by extensions ['colcon_pkg']
[0.138s] Level 1:colcon.colcon_core.package_identification:_identify(src/handesp/include) by extension 'colcon_pkg'
[0.138s] Level 1:colcon.colcon_core.package_identification:_identify(src/handesp/include) by extensions ['colcon_meta']
[0.138s] Level 1:colcon.colcon_core.package_identification:_identify(src/handesp/include) by extension 'colcon_meta'
[0.138s] Level 1:colcon.colcon_core.package_identification:_identify(src/handesp/include) by extensions ['ros']
[0.138s] Level 1:colcon.colcon_core.package_identification:_identify(src/handesp/include) by extension 'ros'
[0.138s] Level 1:colcon.colcon_core.package_identification:_identify(src/handesp/include) by extensions ['cmake', 'python']
[0.138s] Level 1:colcon.colcon_core.package_identification:_identify(src/handesp/include) by extension 'cmake'
[0.138s] Level 1:colcon.colcon_core.package_identification:_identify(src/handesp/include) by extension 'python'
[0.138s] Level 1:colcon.colcon_core.package_identification:_identify(src/handesp/include) by extensions ['python_setup_py']
[0.138s] Level 1:colcon.colcon_core.package_identification:_identify(src/handesp/include) by extension 'python_setup_py'
[0.139s] Level 1:colcon.colcon_core.package_identification:_identify(src/handesp/lib) by extensions ['ignore', 'ignore_ament_install']
[0.139s] Level 1:colcon.colcon_core.package_identification:_identify(src/handesp/lib) by extension 'ignore'
[0.139s] Level 1:colcon.colcon_core.package_identification:_identify(src/handesp/lib) by extension 'ignore_ament_install'
[0.139s] Level 1:colcon.colcon_core.package_identification:_identify(src/handesp/lib) by extensions ['colcon_pkg']
[0.139s] Level 1:colcon.colcon_core.package_identification:_identify(src/handesp/lib) by extension 'colcon_pkg'
[0.139s] Level 1:colcon.colcon_core.package_identification:_identify(src/handesp/lib) by extensions ['colcon_meta']
[0.139s] Level 1:colcon.colcon_core.package_identification:_identify(src/handesp/lib) by extension 'colcon_meta'
[0.139s] Level 1:colcon.colcon_core.package_identification:_identify(src/handesp/lib) by extensions ['ros']
[0.139s] Level 1:colcon.colcon_core.package_identification:_identify(src/handesp/lib) by extension 'ros'
[0.139s] Level 1:colcon.colcon_core.package_identification:_identify(src/handesp/lib) by extensions ['cmake', 'python']
[0.139s] Level 1:colcon.colcon_core.package_identification:_identify(src/handesp/lib) by extension 'cmake'
[0.139s] Level 1:colcon.colcon_core.package_identification:_identify(src/handesp/lib) by extension 'python'
[0.139s] Level 1:colcon.colcon_core.package_identification:_identify(src/handesp/lib) by extensions ['python_setup_py']
[0.139s] Level 1:colcon.colcon_core.package_identification:_identify(src/handesp/lib) by extension 'python_setup_py'
[0.139s] Level 1:colcon.colcon_core.package_identification:_identify(src/handesp/src) by extensions ['ignore', 'ignore_ament_install']
[0.139s] Level 1:colcon.colcon_core.package_identification:_identify(src/handesp/src) by extension 'ignore'
[0.139s] Level 1:colcon.colcon_core.package_identification:_identify(src/handesp/src) by extension 'ignore_ament_install'
[0.139s] Level 1:colcon.colcon_core.package_identification:_identify(src/handesp/src) by extensions ['colcon_pkg']
[0.139s] Level 1:colcon.colcon_core.package_identification:_identify(src/handesp/src) by extension 'colcon_pkg'
[0.139s] Level 1:colcon.colcon_core.package_identification:_identify(src/handesp/src) by extensions ['colcon_meta']
[0.139s] Level 1:colcon.colcon_core.package_identification:_identify(src/handesp/src) by extension 'colcon_meta'
[0.140s] Level 1:colcon.colcon_core.package_identification:_identify(src/handesp/src) by extensions ['ros']
[0.140s] Level 1:colcon.colcon_core.package_identification:_identify(src/handesp/src) by extension 'ros'
[0.140s] Level 1:colcon.colcon_core.package_identification:_identify(src/handesp/src) by extensions ['cmake', 'python']
[0.140s] Level 1:colcon.colcon_core.package_identification:_identify(src/handesp/src) by extension 'cmake'
[0.140s] Level 1:colcon.colcon_core.package_identification:_identify(src/handesp/src) by extension 'python'
[0.140s] Level 1:colcon.colcon_core.package_identification:_identify(src/handesp/src) by extensions ['python_setup_py']
[0.140s] Level 1:colcon.colcon_core.package_identification:_identify(src/handesp/src) by extension 'python_setup_py'
[0.140s] Level 1:colcon.colcon_core.package_identification:_identify(src/handesp/test) by extensions ['ignore', 'ignore_ament_install']
[0.140s] Level 1:colcon.colcon_core.package_identification:_identify(src/handesp/test) by extension 'ignore'
[0.140s] Level 1:colcon.colcon_core.package_identification:_identify(src/handesp/test) by extension 'ignore_ament_install'
[0.140s] Level 1:colcon.colcon_core.package_identification:_identify(src/handesp/test) by extensions ['colcon_pkg']
[0.140s] Level 1:colcon.colcon_core.package_identification:_identify(src/handesp/test) by extension 'colcon_pkg'
[0.140s] Level 1:colcon.colcon_core.package_identification:_identify(src/handesp/test) by extensions ['colcon_meta']
[0.140s] Level 1:colcon.colcon_core.package_identification:_identify(src/handesp/test) by extension 'colcon_meta'
[0.140s] Level 1:colcon.colcon_core.package_identification:_identify(src/handesp/test) by extensions ['ros']
[0.140s] Level 1:colcon.colcon_core.package_identification:_identify(src/handesp/test) by extension 'ros'
[0.140s] Level 1:colcon.colcon_core.package_identification:_identify(src/handesp/test) by extensions ['cmake', 'python']
[0.140s] Level 1:colcon.colcon_core.package_identification:_identify(src/handesp/test) by extension 'cmake'
[0.140s] Level 1:colcon.colcon_core.package_identification:_identify(src/handesp/test) by extension 'python'
[0.140s] Level 1:colcon.colcon_core.package_identification:_identify(src/handesp/test) by extensions ['python_setup_py']
[0.140s] Level 1:colcon.colcon_core.package_identification:_identify(src/handesp/test) by extension 'python_setup_py'
[0.141s] Level 1:colcon.colcon_core.package_identification:_identify(src/install) by extensions ['ignore', 'ignore_ament_install']
[0.141s] Level 1:colcon.colcon_core.package_identification:_identify(src/install) by extension 'ignore'
[0.141s] Level 1:colcon.colcon_core.package_identification:_identify(src/install) ignored
[0.141s] Level 1:colcon.colcon_core.package_identification:_identify(src/log) by extensions ['ignore', 'ignore_ament_install']
[0.141s] Level 1:colcon.colcon_core.package_identification:_identify(src/log) by extension 'ignore'
[0.141s] Level 1:colcon.colcon_core.package_identification:_identify(src/log) ignored
[0.141s] Level 1:colcon.colcon_core.package_identification:_identify(src/roshandia_pkg) by extensions ['ignore', 'ignore_ament_install']
[0.141s] Level 1:colcon.colcon_core.package_identification:_identify(src/roshandia_pkg) by extension 'ignore'
[0.141s] Level 1:colcon.colcon_core.package_identification:_identify(src/roshandia_pkg) by extension 'ignore_ament_install'
[0.141s] Level 1:colcon.colcon_core.package_identification:_identify(src/roshandia_pkg) by extensions ['colcon_pkg']
[0.141s] Level 1:colcon.colcon_core.package_identification:_identify(src/roshandia_pkg) by extension 'colcon_pkg'
[0.141s] Level 1:colcon.colcon_core.package_identification:_identify(src/roshandia_pkg) by extensions ['colcon_meta']
[0.141s] Level 1:colcon.colcon_core.package_identification:_identify(src/roshandia_pkg) by extension 'colcon_meta'
[0.141s] Level 1:colcon.colcon_core.package_identification:_identify(src/roshandia_pkg) by extensions ['ros']
[0.141s] Level 1:colcon.colcon_core.package_identification:_identify(src/roshandia_pkg) by extension 'ros'
[0.143s] DEBUG:colcon.colcon_core.package_identification:Package 'src/roshandia_pkg' with type 'ros.ament_python' and name 'roshandia_pkg'
[0.143s] Level 1:colcon.colcon_core.package_identification:_identify(src/roshandmsg_pkg) by extensions ['ignore', 'ignore_ament_install']
[0.143s] Level 1:colcon.colcon_core.package_identification:_identify(src/roshandmsg_pkg) by extension 'ignore'
[0.143s] Level 1:colcon.colcon_core.package_identification:_identify(src/roshandmsg_pkg) by extension 'ignore_ament_install'
[0.143s] Level 1:colcon.colcon_core.package_identification:_identify(src/roshandmsg_pkg) by extensions ['colcon_pkg']
[0.143s] Level 1:colcon.colcon_core.package_identification:_identify(src/roshandmsg_pkg) by extension 'colcon_pkg'
[0.143s] Level 1:colcon.colcon_core.package_identification:_identify(src/roshandmsg_pkg) by extensions ['colcon_meta']
[0.143s] Level 1:colcon.colcon_core.package_identification:_identify(src/roshandmsg_pkg) by extension 'colcon_meta'
[0.144s] Level 1:colcon.colcon_core.package_identification:_identify(src/roshandmsg_pkg) by extensions ['ros']
[0.144s] Level 1:colcon.colcon_core.package_identification:_identify(src/roshandmsg_pkg) by extension 'ros'
[0.144s] DEBUG:colcon.colcon_core.package_identification:Package 'src/roshandmsg_pkg' with type 'ros.ament_cmake' and name 'roshandmsg_pkg'
[0.144s] Level 1:colcon.colcon_core.package_discovery:discover_packages(recursive) using defaults
[0.144s] Level 1:colcon.colcon_core.package_discovery:discover_packages(ignore) discover
[0.144s] Level 1:colcon.colcon_core.package_discovery:discover_packages(ignore) using defaults
[0.144s] Level 1:colcon.colcon_core.package_discovery:discover_packages(path) discover
[0.144s] Level 1:colcon.colcon_core.package_discovery:discover_packages(path) using defaults
[0.157s] Level 1:colcon.colcon_core.package_discovery:discover_packages(prefix_path) check parameters
[0.157s] Level 1:colcon.colcon_core.package_discovery:discover_packages(prefix_path) discover
[0.159s] DEBUG:colcon.colcon_installed_package_information.package_discovery:Found 2 installed packages in /home/daniel-robayo/handIA2/ros/install
[0.160s] DEBUG:colcon.colcon_installed_package_information.package_discovery:Found 321 installed packages in /opt/ros/jazzy
[0.161s] Level 1:colcon.colcon_core.package_discovery:discover_packages(prefix_path) using defaults
[0.192s] Level 5:colcon.colcon_core.verb:set package 'roshandmsg_pkg' build argument 'cmake_args' from command line to 'None'
[0.192s] Level 5:colcon.colcon_core.verb:set package 'roshandmsg_pkg' build argument 'cmake_target' from command line to 'None'
[0.193s] Level 5:colcon.colcon_core.verb:set package 'roshandmsg_pkg' build argument 'cmake_target_skip_unavailable' from command line to 'False'
[0.193s] Level 5:colcon.colcon_core.verb:set package 'roshandmsg_pkg' build argument 'cmake_clean_cache' from command line to 'False'
[0.193s] Level 5:colcon.colcon_core.verb:set package 'roshandmsg_pkg' build argument 'cmake_clean_first' from command line to 'False'
[0.193s] Level 5:colcon.colcon_core.verb:set package 'roshandmsg_pkg' build argument 'cmake_force_configure' from command line to 'False'
[0.193s] Level 5:colcon.colcon_core.verb:set package 'roshandmsg_pkg' build argument 'ament_cmake_args' from command line to 'None'
[0.193s] Level 5:colcon.colcon_core.verb:set package 'roshandmsg_pkg' build argument 'catkin_cmake_args' from command line to 'None'
[0.193s] Level 5:colcon.colcon_core.verb:set package 'roshandmsg_pkg' build argument 'catkin_skip_building_tests' from command line to 'False'
[0.193s] DEBUG:colcon.colcon_core.verb:Building package 'roshandmsg_pkg' with the following arguments: {'ament_cmake_args': None, 'build_base': '/home/daniel-robayo/handIA2/ros/build/roshandmsg_pkg', 'catkin_cmake_args': None, 'catkin_skip_building_tests': False, 'cmake_args': None, 'cmake_clean_cache': False, 'cmake_clean_first': False, 'cmake_force_configure': False, 'cmake_target': None, 'cmake_target_skip_unavailable': False, 'install_base': '/home/daniel-robayo/handIA2/ros/install/roshandmsg_pkg', 'merge_install': False, 'path': '/home/daniel-robayo/handIA2/ros/src/roshandmsg_pkg', 'symlink_install': False, 'test_result_base': None}
[0.193s] Level 5:colcon.colcon_core.verb:set package 'roshandia_pkg' build argument 'cmake_args' from command line to 'None'
[0.193s] Level 5:colcon.colcon_core.verb:set package 'roshandia_pkg' build argument 'cmake_target' from command line to 'None'
[0.193s] Level 5:colcon.colcon_core.verb:set package 'roshandia_pkg' build argument 'cmake_target_skip_unavailable' from command line to 'False'
[0.193s] Level 5:colcon.colcon_core.verb:set package 'roshandia_pkg' build argument 'cmake_clean_cache' from command line to 'False'
[0.193s] Level 5:colcon.colcon_core.verb:set package 'roshandia_pkg' build argument 'cmake_clean_first' from command line to 'False'
[0.193s] Level 5:colcon.colcon_core.verb:set package 'roshandia_pkg' build argument 'cmake_force_configure' from command line to 'False'
[0.193s] Level 5:colcon.colcon_core.verb:set package 'roshandia_pkg' build argument 'ament_cmake_args' from command line to 'None'
[0.193s] Level 5:colcon.colcon_core.verb:set package 'roshandia_pkg' build argument 'catkin_cmake_args' from command line to 'None'
[0.193s] Level 5:colcon.colcon_core.verb:set package 'roshandia_pkg' build argument 'catkin_skip_building_tests' from command line to 'False'
[0.193s] DEBUG:colcon.colcon_core.verb:Building package 'roshandia_pkg' with the following arguments: {'ament_cmake_args': None, 'build_base': '/home/daniel-robayo/handIA2/ros/build/roshandia_pkg', 'catkin_cmake_args': None, 'catkin_skip_building_tests': False, 'cmake_args': None, 'cmake_clean_cache': False, 'cmake_clean_first': False, 'cmake_force_configure': False, 'cmake_target': None, 'cmake_target_skip_unavailable': False, 'install_base': '/home/daniel-robayo/handIA2/ros/install/roshandia_pkg', 'merge_install': False, 'path': '/home/daniel-robayo/handIA2/ros/src/roshandia_pkg', 'symlink_install': False, 'test_result_base': None}
[0.193s] INFO:colcon.colcon_core.executor:Executing jobs using 'parallel' executor
[0.194s] DEBUG:colcon.colcon_parallel_executor.executor.parallel:run_until_complete
[0.194s] INFO:colcon.colcon_ros.task.ament_cmake.build:Building ROS package in '/home/daniel-robayo/handIA2/ros/src/roshandmsg_pkg' with build type 'ament_cmake'
[0.194s] INFO:colcon.colcon_cmake.task.cmake.build:Building CMake package in '/home/daniel-robayo/handIA2/ros/src/roshandmsg_pkg'
[0.196s] INFO:colcon.colcon_core.plugin_system:Skipping extension 'colcon_core.shell.bat': Not used on non-Windows systems
[0.196s] INFO:colcon.colcon_core.shell:Skip shell extension 'powershell' for command environment: Not usable outside of PowerShell
[0.196s] DEBUG:colcon.colcon_core.shell:Skip shell extension 'dsv' for command environment
[0.202s] DEBUG:colcon.colcon_core.event_handler.log_command:Invoking command in '/home/daniel-robayo/handIA2/ros/build/roshandmsg_pkg': CMAKE_PREFIX_PATH=${CMAKE_PREFIX_PATH}:/home/daniel-robayo/handIA2/ros/install/roshandia_pkg:/opt/ros/jazzy DEBUGINFOD_URLS=https://debuginfod.ubuntu.com VIRTUAL_ENV_PROMPT=(handIA2) /usr/bin/cmake --build /home/daniel-robayo/handIA2/ros/build/roshandmsg_pkg -- -j12 -l12
[0.489s] DEBUG:colcon.colcon_core.event_handler.log_command:Invoked command in '/home/daniel-robayo/handIA2/ros/build/roshandmsg_pkg' returned '0': CMAKE_PREFIX_PATH=${CMAKE_PREFIX_PATH}:/home/daniel-robayo/handIA2/ros/install/roshandia_pkg:/opt/ros/jazzy DEBUGINFOD_URLS=https://debuginfod.ubuntu.com VIRTUAL_ENV_PROMPT=(handIA2) /usr/bin/cmake --build /home/daniel-robayo/handIA2/ros/build/roshandmsg_pkg -- -j12 -l12
[0.498s] DEBUG:colcon.colcon_core.event_handler.log_command:Invoking command in '/home/daniel-robayo/handIA2/ros/build/roshandmsg_pkg': CMAKE_PREFIX_PATH=${CMAKE_PREFIX_PATH}:/home/daniel-robayo/handIA2/ros/install/roshandia_pkg:/opt/ros/jazzy DEBUGINFOD_URLS=https://debuginfod.ubuntu.com VIRTUAL_ENV_PROMPT=(handIA2) /usr/bin/cmake --install /home/daniel-robayo/handIA2/ros/build/roshandmsg_pkg
[0.544s] Level 1:colcon.colcon_core.environment:create_environment_scripts_only(roshandmsg_pkg)
[0.544s] DEBUG:colcon.colcon_core.event_handler.log_command:Invoked command in '/home/daniel-robayo/handIA2/ros/build/roshandmsg_pkg' returned '0': CMAKE_PREFIX_PATH=${CMAKE_PREFIX_PATH}:/home/daniel-robayo/handIA2/ros/install/roshandia_pkg:/opt/ros/jazzy DEBUGINFOD_URLS=https://debuginfod.ubuntu.com VIRTUAL_ENV_PROMPT=(handIA2) /usr/bin/cmake --install /home/daniel-robayo/handIA2/ros/build/roshandmsg_pkg
[0.546s] Level 1:colcon.colcon_core.environment:checking '/home/daniel-robayo/handIA2/ros/install/roshandmsg_pkg' for CMake module files
[0.546s] Level 1:colcon.colcon_core.environment:checking '/home/daniel-robayo/handIA2/ros/install/roshandmsg_pkg' for CMake config files
[0.546s] Level 1:colcon.colcon_core.shell:create_environment_hook('roshandmsg_pkg', 'cmake_prefix_path')
[0.546s] INFO:colcon.colcon_core.shell:Creating environment hook '/home/daniel-robayo/handIA2/ros/install/roshandmsg_pkg/share/roshandmsg_pkg/hook/cmake_prefix_path.ps1'
[0.547s] INFO:colcon.colcon_core.shell:Creating environment descriptor '/home/daniel-robayo/handIA2/ros/install/roshandmsg_pkg/share/roshandmsg_pkg/hook/cmake_prefix_path.dsv'
[0.547s] INFO:colcon.colcon_core.shell:Creating environment hook '/home/daniel-robayo/handIA2/ros/install/roshandmsg_pkg/share/roshandmsg_pkg/hook/cmake_prefix_path.sh'
[0.548s] Level 1:colcon.colcon_core.environment:checking '/home/daniel-robayo/handIA2/ros/install/roshandmsg_pkg/lib'
[0.548s] Level 1:colcon.colcon_core.shell:create_environment_hook('roshandmsg_pkg', 'ld_library_path_lib')
[0.548s] INFO:colcon.colcon_core.shell:Creating environment hook '/home/daniel-robayo/handIA2/ros/install/roshandmsg_pkg/share/roshandmsg_pkg/hook/ld_library_path_lib.ps1'
[0.548s] INFO:colcon.colcon_core.shell:Creating environment descriptor '/home/daniel-robayo/handIA2/ros/install/roshandmsg_pkg/share/roshandmsg_pkg/hook/ld_library_path_lib.dsv'
[0.548s] INFO:colcon.colcon_core.shell:Creating environment hook '/home/daniel-robayo/handIA2/ros/install/roshandmsg_pkg/share/roshandmsg_pkg/hook/ld_library_path_lib.sh'
[0.549s] Level 1:colcon.colcon_core.environment:checking '/home/daniel-robayo/handIA2/ros/install/roshandmsg_pkg/bin'
[0.549s] Level 1:colcon.colcon_core.environment:checking '/home/daniel-robayo/handIA2/ros/install/roshandmsg_pkg/lib/pkgconfig/roshandmsg_pkg.pc'
[0.549s] Level 1:colcon.colcon_core.environment:checking '/home/daniel-robayo/handIA2/ros/install/roshandmsg_pkg/lib/python3.12/site-packages'
[0.549s] Level 1:colcon.colcon_core.shell:create_environment_hook('roshandmsg_pkg', 'pythonpath')
[0.549s] INFO:colcon.colcon_core.shell:Creating environment hook '/home/daniel-robayo/handIA2/ros/install/roshandmsg_pkg/share/roshandmsg_pkg/hook/pythonpath.ps1'
[0.549s] INFO:colcon.colcon_core.shell:Creating environment descriptor '/home/daniel-robayo/handIA2/ros/install/roshandmsg_pkg/share/roshandmsg_pkg/hook/pythonpath.dsv'
[0.549s] INFO:colcon.colcon_core.shell:Creating environment hook '/home/daniel-robayo/handIA2/ros/install/roshandmsg_pkg/share/roshandmsg_pkg/hook/pythonpath.sh'
[0.550s] Level 1:colcon.colcon_core.environment:checking '/home/daniel-robayo/handIA2/ros/install/roshandmsg_pkg/bin'
[0.550s] INFO:colcon.colcon_core.shell:Creating package script '/home/daniel-robayo/handIA2/ros/install/roshandmsg_pkg/share/roshandmsg_pkg/package.ps1'
[0.551s] INFO:colcon.colcon_core.shell:Creating package descriptor '/home/daniel-robayo/handIA2/ros/install/roshandmsg_pkg/share/roshandmsg_pkg/package.dsv'
[0.551s] INFO:colcon.colcon_core.shell:Creating package script '/home/daniel-robayo/handIA2/ros/install/roshandmsg_pkg/share/roshandmsg_pkg/package.sh'
[0.551s] INFO:colcon.colcon_core.shell:Creating package script '/home/daniel-robayo/handIA2/ros/install/roshandmsg_pkg/share/roshandmsg_pkg/package.bash'
[0.552s] INFO:colcon.colcon_core.shell:Creating package script '/home/daniel-robayo/handIA2/ros/install/roshandmsg_pkg/share/roshandmsg_pkg/package.zsh'
[0.552s] Level 1:colcon.colcon_core.environment:create_file_with_runtime_dependencies(/home/daniel-robayo/handIA2/ros/install/roshandmsg_pkg/share/colcon-core/packages/roshandmsg_pkg)
[0.552s] Level 1:colcon.colcon_core.environment:create_environment_scripts_only(roshandmsg_pkg)
[0.553s] Level 1:colcon.colcon_core.environment:checking '/home/daniel-robayo/handIA2/ros/install/roshandmsg_pkg' for CMake module files
[0.553s] Level 1:colcon.colcon_core.environment:checking '/home/daniel-robayo/handIA2/ros/install/roshandmsg_pkg' for CMake config files
[0.553s] Level 1:colcon.colcon_core.shell:create_environment_hook('roshandmsg_pkg', 'cmake_prefix_path')
[0.553s] INFO:colcon.colcon_core.shell:Creating environment hook '/home/daniel-robayo/handIA2/ros/install/roshandmsg_pkg/share/roshandmsg_pkg/hook/cmake_prefix_path.ps1'
[0.554s] INFO:colcon.colcon_core.shell:Creating environment descriptor '/home/daniel-robayo/handIA2/ros/install/roshandmsg_pkg/share/roshandmsg_pkg/hook/cmake_prefix_path.dsv'
[0.554s] INFO:colcon.colcon_core.shell:Creating environment hook '/home/daniel-robayo/handIA2/ros/install/roshandmsg_pkg/share/roshandmsg_pkg/hook/cmake_prefix_path.sh'
[0.554s] Level 1:colcon.colcon_core.environment:checking '/home/daniel-robayo/handIA2/ros/install/roshandmsg_pkg/lib'
[0.554s] Level 1:colcon.colcon_core.shell:create_environment_hook('roshandmsg_pkg', 'ld_library_path_lib')
[0.554s] INFO:colcon.colcon_core.shell:Creating environment hook '/home/daniel-robayo/handIA2/ros/install/roshandmsg_pkg/share/roshandmsg_pkg/hook/ld_library_path_lib.ps1'
[0.554s] INFO:colcon.colcon_core.shell:Creating environment descriptor '/home/daniel-robayo/handIA2/ros/install/roshandmsg_pkg/share/roshandmsg_pkg/hook/ld_library_path_lib.dsv'
[0.555s] INFO:colcon.colcon_core.shell:Creating environment hook '/home/daniel-robayo/handIA2/ros/install/roshandmsg_pkg/share/roshandmsg_pkg/hook/ld_library_path_lib.sh'
[0.555s] Level 1:colcon.colcon_core.environment:checking '/home/daniel-robayo/handIA2/ros/install/roshandmsg_pkg/bin'
[0.555s] Level 1:colcon.colcon_core.environment:checking '/home/daniel-robayo/handIA2/ros/install/roshandmsg_pkg/lib/pkgconfig/roshandmsg_pkg.pc'
[0.555s] Level 1:colcon.colcon_core.environment:checking '/home/daniel-robayo/handIA2/ros/install/roshandmsg_pkg/lib/python3.12/site-packages'
[0.555s] Level 1:colcon.colcon_core.shell:create_environment_hook('roshandmsg_pkg', 'pythonpath')
[0.555s] INFO:colcon.colcon_core.shell:Creating environment hook '/home/daniel-robayo/handIA2/ros/install/roshandmsg_pkg/share/roshandmsg_pkg/hook/pythonpath.ps1'
[0.556s] INFO:colcon.colcon_core.shell:Creating environment descriptor '/home/daniel-robayo/handIA2/ros/install/roshandmsg_pkg/share/roshandmsg_pkg/hook/pythonpath.dsv'
[0.556s] INFO:colcon.colcon_core.shell:Creating environment hook '/home/daniel-robayo/handIA2/ros/install/roshandmsg_pkg/share/roshandmsg_pkg/hook/pythonpath.sh'
[0.556s] Level 1:colcon.colcon_core.environment:checking '/home/daniel-robayo/handIA2/ros/install/roshandmsg_pkg/bin'
[0.556s] INFO:colcon.colcon_core.shell:Creating package script '/home/daniel-robayo/handIA2/ros/install/roshandmsg_pkg/share/roshandmsg_pkg/package.ps1'
[0.557s] INFO:colcon.colcon_core.shell:Creating package descriptor '/home/daniel-robayo/handIA2/ros/install/roshandmsg_pkg/share/roshandmsg_pkg/package.dsv'
[0.557s] INFO:colcon.colcon_core.shell:Creating package script '/home/daniel-robayo/handIA2/ros/install/roshandmsg_pkg/share/roshandmsg_pkg/package.sh'
[0.557s] INFO:colcon.colcon_core.shell:Creating package script '/home/daniel-robayo/handIA2/ros/install/roshandmsg_pkg/share/roshandmsg_pkg/package.bash'
[0.557s] INFO:colcon.colcon_core.shell:Creating package script '/home/daniel-robayo/handIA2/ros/install/roshandmsg_pkg/share/roshandmsg_pkg/package.zsh'
[0.558s] Level 1:colcon.colcon_core.environment:create_file_with_runtime_dependencies(/home/daniel-robayo/handIA2/ros/install/roshandmsg_pkg/share/colcon-core/packages/roshandmsg_pkg)
[0.558s] INFO:colcon.colcon_ros.task.ament_python.build:Building ROS package in '/home/daniel-robayo/handIA2/ros/src/roshandia_pkg' with build type 'ament_python'
[0.558s] Level 1:colcon.colcon_core.shell:create_environment_hook('roshandia_pkg', 'ament_prefix_path')
[0.558s] INFO:colcon.colcon_core.shell:Creating environment hook '/home/daniel-robayo/handIA2/ros/install/roshandia_pkg/share/roshandia_pkg/hook/ament_prefix_path.ps1'
[0.559s] INFO:colcon.colcon_core.shell:Creating environment descriptor '/home/daniel-robayo/handIA2/ros/install/roshandia_pkg/share/roshandia_pkg/hook/ament_prefix_path.dsv'
[0.559s] INFO:colcon.colcon_core.shell:Creating environment hook '/home/daniel-robayo/handIA2/ros/install/roshandia_pkg/share/roshandia_pkg/hook/ament_prefix_path.sh'
[0.560s] INFO:colcon.colcon_core.shell:Skip shell extension 'powershell' for command environment: Not usable outside of PowerShell
[0.560s] DEBUG:colcon.colcon_core.shell:Skip shell extension 'dsv' for command environment
[0.739s] INFO:colcon.colcon_core.task.python.build:Building Python package in '/home/daniel-robayo/handIA2/ros/src/roshandia_pkg'
[0.739s] INFO:colcon.colcon_core.shell:Skip shell extension 'powershell' for command environment: Not usable outside of PowerShell
[0.739s] DEBUG:colcon.colcon_core.shell:Skip shell extension 'dsv' for command environment
[1.217s] DEBUG:colcon.colcon_core.event_handler.log_command:Invoking command in '/home/daniel-robayo/handIA2/ros/src/roshandia_pkg': DEBUGINFOD_URLS=https://debuginfod.ubuntu.com PYTHONPATH=/home/daniel-robayo/handIA2/ros/build/roshandia_pkg/prefix_override:/usr/lib/python3/dist-packages/colcon_core/task/python/colcon_distutils_commands:/home/daniel-robayo/handIA2/ros/install/roshandia_pkg/lib/python3.12/site-packages:/home/daniel-robayo/handIA2/ros/install/roshandmsg_pkg/lib/python3.12/site-packages:/home/daniel-robayo/handIA2/ros/install/roshandia_pkg/lib/python3.12/site-packages:/opt/ros/jazzy/lib/python3.12/site-packages VIRTUAL_ENV_PROMPT=(handIA2) /usr/bin/python3 -W ignore:setup.py install is deprecated -W ignore:easy_install command is deprecated setup.py egg_info --egg-base ../../build/roshandia_pkg build --build-base /home/daniel-robayo/handIA2/ros/build/roshandia_pkg/build install --record /home/daniel-robayo/handIA2/ros/build/roshandia_pkg/install.log --single-version-externally-managed install_data
[1.658s] Level 1:colcon.colcon_core.environment:checking '/home/daniel-robayo/handIA2/ros/install/roshandia_pkg' for CMake module files
[1.658s] DEBUG:colcon.colcon_core.event_handler.log_command:Invoked command in '/home/daniel-robayo/handIA2/ros/src/roshandia_pkg' returned '0': DEBUGINFOD_URLS=https://debuginfod.ubuntu.com PYTHONPATH=/home/daniel-robayo/handIA2/ros/build/roshandia_pkg/prefix_override:/usr/lib/python3/dist-packages/colcon_core/task/python/colcon_distutils_commands:/home/daniel-robayo/handIA2/ros/install/roshandia_pkg/lib/python3.12/site-packages:/home/daniel-robayo/handIA2/ros/install/roshandmsg_pkg/lib/python3.12/site-packages:/home/daniel-robayo/handIA2/ros/install/roshandia_pkg/lib/python3.12/site-packages:/opt/ros/jazzy/lib/python3.12/site-packages VIRTUAL_ENV_PROMPT=(handIA2) /usr/bin/python3 -W ignore:setup.py install is deprecated -W ignore:easy_install command is deprecated setup.py egg_info --egg-base ../../build/roshandia_pkg build --build-base /home/daniel-robayo/handIA2/ros/build/roshandia_pkg/build install --record /home/daniel-robayo/handIA2/ros/build/roshandia_pkg/install.log --single-version-externally-managed install_data
[1.658s] Level 1:colcon.colcon_core.environment:checking '/home/daniel-robayo/handIA2/ros/install/roshandia_pkg' for CMake config files
[1.659s] Level 1:colcon.colcon_core.environment:checking '/home/daniel-robayo/handIA2/ros/install/roshandia_pkg/lib'
[1.659s] Level 1:colcon.colcon_core.environment:checking '/home/daniel-robayo/handIA2/ros/install/roshandia_pkg/bin'
[1.659s] Level 1:colcon.colcon_core.environment:checking '/home/daniel-robayo/handIA2/ros/install/roshandia_pkg/lib/pkgconfig/roshandia_pkg.pc'
[1.659s] Level 1:colcon.colcon_core.environment:checking '/home/daniel-robayo/handIA2/ros/install/roshandia_pkg/lib/python3.12/site-packages'
[1.659s] Level 1:colcon.colcon_core.shell:create_environment_hook('roshandia_pkg', 'pythonpath')
[1.659s] INFO:colcon.colcon_core.shell:Creating environment hook '/home/daniel-robayo/handIA2/ros/install/roshandia_pkg/share/roshandia_pkg/hook/pythonpath.ps1'
[1.660s] INFO:colcon.colcon_core.shell:Creating environment descriptor '/home/daniel-robayo/handIA2/ros/install/roshandia_pkg/share/roshandia_pkg/hook/pythonpath.dsv'
[1.660s] INFO:colcon.colcon_core.shell:Creating environment hook '/home/daniel-robayo/handIA2/ros/install/roshandia_pkg/share/roshandia_pkg/hook/pythonpath.sh'
[1.661s] Level 1:colcon.colcon_core.environment:checking '/home/daniel-robayo/handIA2/ros/install/roshandia_pkg/bin'
[1.661s] Level 1:colcon.colcon_core.environment:create_environment_scripts_only(roshandia_pkg)
[1.661s] INFO:colcon.colcon_core.shell:Creating package script '/home/daniel-robayo/handIA2/ros/install/roshandia_pkg/share/roshandia_pkg/package.ps1'
[1.661s] INFO:colcon.colcon_core.shell:Creating package descriptor '/home/daniel-robayo/handIA2/ros/install/roshandia_pkg/share/roshandia_pkg/package.dsv'
[1.661s] INFO:colcon.colcon_core.shell:Creating package script '/home/daniel-robayo/handIA2/ros/install/roshandia_pkg/share/roshandia_pkg/package.sh'
[1.662s] INFO:colcon.colcon_core.shell:Creating package script '/home/daniel-robayo/handIA2/ros/install/roshandia_pkg/share/roshandia_pkg/package.bash'
[1.662s] INFO:colcon.colcon_core.shell:Creating package script '/home/daniel-robayo/handIA2/ros/install/roshandia_pkg/share/roshandia_pkg/package.zsh'
[1.662s] Level 1:colcon.colcon_core.environment:create_file_with_runtime_dependencies(/home/daniel-robayo/handIA2/ros/install/roshandia_pkg/share/colcon-core/packages/roshandia_pkg)
[1.662s] DEBUG:colcon.colcon_parallel_executor.executor.parallel:closing loop
[1.662s] DEBUG:colcon.colcon_parallel_executor.executor.parallel:loop closed
[1.663s] DEBUG:colcon.colcon_parallel_executor.executor.parallel:run_until_complete finished with '0'
[1.663s] DEBUG:colcon.colcon_core.event_reactor:joining thread
[1.666s] INFO:colcon.colcon_core.plugin_system:Skipping extension 'colcon_notification.desktop_notification.terminal_notifier': Not used on non-Darwin systems
[1.666s] INFO:colcon.colcon_core.plugin_system:Skipping extension 'colcon_notification.desktop_notification.win32': Not used on non-Windows systems
[1.666s] INFO:colcon.colcon_notification.desktop_notification:Sending desktop notification using 'notify2'
[1.680s] DEBUG:colcon.colcon_core.event_reactor:joined thread
[1.680s] INFO:colcon.colcon_core.shell:Creating prefix script '/home/daniel-robayo/handIA2/ros/install/local_setup.ps1'
[1.681s] INFO:colcon.colcon_core.shell:Creating prefix util module '/home/daniel-robayo/handIA2/ros/install/_local_setup_util_ps1.py'
[1.682s] INFO:colcon.colcon_core.shell:Creating prefix chain script '/home/daniel-robayo/handIA2/ros/install/setup.ps1'
[1.682s] INFO:colcon.colcon_core.shell:Creating prefix script '/home/daniel-robayo/handIA2/ros/install/local_setup.sh'
[1.683s] INFO:colcon.colcon_core.shell:Creating prefix util module '/home/daniel-robayo/handIA2/ros/install/_local_setup_util_sh.py'
[1.683s] INFO:colcon.colcon_core.shell:Creating prefix chain script '/home/daniel-robayo/handIA2/ros/install/setup.sh'
[1.684s] INFO:colcon.colcon_core.shell:Creating prefix script '/home/daniel-robayo/handIA2/ros/install/local_setup.bash'
[1.684s] INFO:colcon.colcon_core.shell:Creating prefix chain script '/home/daniel-robayo/handIA2/ros/install/setup.bash'
[1.685s] INFO:colcon.colcon_core.shell:Creating prefix script '/home/daniel-robayo/handIA2/ros/install/local_setup.zsh'
[1.685s] INFO:colcon.colcon_core.shell:Creating prefix chain script '/home/daniel-robayo/handIA2/ros/install/setup.zsh'
