running egg_info
creating ../build/rosHandIa_pkg/rosHandIa_pkg.egg-info
writing ../build/rosHandIa_pkg/rosHandIa_pkg.egg-info/PKG-INFO
writing dependency_links to ../build/rosHandIa_pkg/rosHandIa_pkg.egg-info/dependency_links.txt
writing entry points to ../build/rosHandIa_pkg/rosHandIa_pkg.egg-info/entry_points.txt
writing requirements to ../build/rosHandIa_pkg/rosHandIa_pkg.egg-info/requires.txt
writing top-level names to ../build/rosHandIa_pkg/rosHandIa_pkg.egg-info/top_level.txt
writing manifest file '../build/rosHandIa_pkg/rosHandIa_pkg.egg-info/SOURCES.txt'
reading manifest file '../build/rosHandIa_pkg/rosHandIa_pkg.egg-info/SOURCES.txt'
writing manifest file '../build/rosHandIa_pkg/rosHandIa_pkg.egg-info/SOURCES.txt'
running build
running build_py
creating /home/daniel-robayo/handIA2/ros/src/build/rosHandIa_pkg/build
creating /home/daniel-robayo/handIA2/ros/src/build/rosHandIa_pkg/build/lib
creating /home/daniel-robayo/handIA2/ros/src/build/rosHandIa_pkg/build/lib/rosHandIa_pkg
copying rosHandIa_pkg/__init__.py -> /home/daniel-robayo/handIA2/ros/src/build/rosHandIa_pkg/build/lib/rosHandIa_pkg
copying rosHandIa_pkg/handRead01.py -> /home/daniel-robayo/handIA2/ros/src/build/rosHandIa_pkg/build/lib/rosHandIa_pkg
running install
running install_lib
creating /home/daniel-robayo/handIA2/ros/src/install/rosHandIa_pkg/lib/python3.12/site-packages/rosHandIa_pkg
copying /home/daniel-robayo/handIA2/ros/src/build/rosHandIa_pkg/build/lib/rosHandIa_pkg/__init__.py -> /home/daniel-robayo/handIA2/ros/src/install/rosHandIa_pkg/lib/python3.12/site-packages/rosHandIa_pkg
copying /home/daniel-robayo/handIA2/ros/src/build/rosHandIa_pkg/build/lib/rosHandIa_pkg/handRead01.py -> /home/daniel-robayo/handIA2/ros/src/install/rosHandIa_pkg/lib/python3.12/site-packages/rosHandIa_pkg
byte-compiling /home/daniel-robayo/handIA2/ros/src/install/rosHandIa_pkg/lib/python3.12/site-packages/rosHandIa_pkg/__init__.py to __init__.cpython-312.pyc
byte-compiling /home/daniel-robayo/handIA2/ros/src/install/rosHandIa_pkg/lib/python3.12/site-packages/rosHandIa_pkg/handRead01.py to handRead01.cpython-312.pyc
running install_data
creating /home/daniel-robayo/handIA2/ros/src/install/rosHandIa_pkg/share/ament_index
creating /home/daniel-robayo/handIA2/ros/src/install/rosHandIa_pkg/share/ament_index/resource_index
creating /home/daniel-robayo/handIA2/ros/src/install/rosHandIa_pkg/share/ament_index/resource_index/packages
copying resource/rosHandIa_pkg -> /home/daniel-robayo/handIA2/ros/src/install/rosHandIa_pkg/share/ament_index/resource_index/packages
copying package.xml -> /home/daniel-robayo/handIA2/ros/src/install/rosHandIa_pkg/share/rosHandIa_pkg
running install_egg_info
Copying ../build/rosHandIa_pkg/rosHandIa_pkg.egg-info to /home/daniel-robayo/handIA2/ros/src/install/rosHandIa_pkg/lib/python3.12/site-packages/rosHandIa_pkg-0.0.0-py3.12.egg-info
running install_scripts
Installing handRead01 script to /home/daniel-robayo/handIA2/ros/src/install/rosHandIa_pkg/lib/rosHandIa_pkg
writing list of installed files to '/home/daniel-robayo/handIA2/ros/src/build/rosHandIa_pkg/install.log'
