[0.636s] Invoking command in '/home/daniel-robayo/handIA2/ros/src/rosHandIa_pkg': DEBUGINFOD_URLS=https://debuginfod.ubuntu.com PYTHONPATH=/home/daniel-robayo/handIA2/ros/src/build/rosHandIa_pkg/prefix_override:/usr/lib/python3/dist-packages/colcon_core/task/python/colcon_distutils_commands:/home/daniel-robayo/handIA2/ros/src/install/rosHandIa_pkg/lib/python3.12/site-packages:${PYTHONPATH} /usr/bin/python3 -W ignore:setup.py install is deprecated -W ignore:easy_install command is deprecated setup.py egg_info --egg-base ../build/rosHandIa_pkg build --build-base /home/daniel-robayo/handIA2/ros/src/build/rosHandIa_pkg/build install --record /home/daniel-robayo/handIA2/ros/src/build/rosHandIa_pkg/install.log --single-version-externally-managed install_data
[0.840s] running egg_info
[0.841s] creating ../build/rosHandIa_pkg/rosHandIa_pkg.egg-info
[0.855s] writing ../build/rosHandIa_pkg/rosHandIa_pkg.egg-info/PKG-INFO
[0.856s] writing dependency_links to ../build/rosHandIa_pkg/rosHandIa_pkg.egg-info/dependency_links.txt
[0.856s] writing entry points to ../build/rosHandIa_pkg/rosHandIa_pkg.egg-info/entry_points.txt
[0.856s] writing requirements to ../build/rosHandIa_pkg/rosHandIa_pkg.egg-info/requires.txt
[0.856s] writing top-level names to ../build/rosHandIa_pkg/rosHandIa_pkg.egg-info/top_level.txt
[0.856s] writing manifest file '../build/rosHandIa_pkg/rosHandIa_pkg.egg-info/SOURCES.txt'
[0.885s] reading manifest file '../build/rosHandIa_pkg/rosHandIa_pkg.egg-info/SOURCES.txt'
[0.886s] writing manifest file '../build/rosHandIa_pkg/rosHandIa_pkg.egg-info/SOURCES.txt'
[0.886s] running build
[0.886s] running build_py
[0.886s] creating /home/daniel-robayo/handIA2/ros/src/build/rosHandIa_pkg/build
[0.886s] creating /home/daniel-robayo/handIA2/ros/src/build/rosHandIa_pkg/build/lib
[0.886s] creating /home/daniel-robayo/handIA2/ros/src/build/rosHandIa_pkg/build/lib/rosHandIa_pkg
[0.886s] copying rosHandIa_pkg/__init__.py -> /home/daniel-robayo/handIA2/ros/src/build/rosHandIa_pkg/build/lib/rosHandIa_pkg
[0.886s] copying rosHandIa_pkg/handRead01.py -> /home/daniel-robayo/handIA2/ros/src/build/rosHandIa_pkg/build/lib/rosHandIa_pkg
[0.887s] running install
[0.892s] running install_lib
[0.907s] creating /home/daniel-robayo/handIA2/ros/src/install/rosHandIa_pkg/lib/python3.12/site-packages/rosHandIa_pkg
[0.908s] copying /home/daniel-robayo/handIA2/ros/src/build/rosHandIa_pkg/build/lib/rosHandIa_pkg/__init__.py -> /home/daniel-robayo/handIA2/ros/src/install/rosHandIa_pkg/lib/python3.12/site-packages/rosHandIa_pkg
[0.908s] copying /home/daniel-robayo/handIA2/ros/src/build/rosHandIa_pkg/build/lib/rosHandIa_pkg/handRead01.py -> /home/daniel-robayo/handIA2/ros/src/install/rosHandIa_pkg/lib/python3.12/site-packages/rosHandIa_pkg
[0.908s] byte-compiling /home/daniel-robayo/handIA2/ros/src/install/rosHandIa_pkg/lib/python3.12/site-packages/rosHandIa_pkg/__init__.py to __init__.cpython-312.pyc
[0.908s] byte-compiling /home/daniel-robayo/handIA2/ros/src/install/rosHandIa_pkg/lib/python3.12/site-packages/rosHandIa_pkg/handRead01.py to handRead01.cpython-312.pyc
[0.909s] running install_data
[0.909s] creating /home/daniel-robayo/handIA2/ros/src/install/rosHandIa_pkg/share/ament_index
[0.909s] creating /home/daniel-robayo/handIA2/ros/src/install/rosHandIa_pkg/share/ament_index/resource_index
[0.909s] creating /home/daniel-robayo/handIA2/ros/src/install/rosHandIa_pkg/share/ament_index/resource_index/packages
[0.909s] copying resource/rosHandIa_pkg -> /home/daniel-robayo/handIA2/ros/src/install/rosHandIa_pkg/share/ament_index/resource_index/packages
[0.909s] copying package.xml -> /home/daniel-robayo/handIA2/ros/src/install/rosHandIa_pkg/share/rosHandIa_pkg
[0.909s] running install_egg_info
[0.926s] Copying ../build/rosHandIa_pkg/rosHandIa_pkg.egg-info to /home/daniel-robayo/handIA2/ros/src/install/rosHandIa_pkg/lib/python3.12/site-packages/rosHandIa_pkg-0.0.0-py3.12.egg-info
[0.927s] running install_scripts
[1.029s] Installing handRead01 script to /home/daniel-robayo/handIA2/ros/src/install/rosHandIa_pkg/lib/rosHandIa_pkg
[1.029s] writing list of installed files to '/home/daniel-robayo/handIA2/ros/src/build/rosHandIa_pkg/install.log'
