[0.137s] DEBUG:colcon:Command line arguments: ['/usr/bin/colcon', 'build']
[0.137s] DEBUG:colcon:Parsed command line arguments: Namespace(log_base=None, log_level=None, verb_name='build', build_base='build', install_base='install', merge_install=False, symlink_install=False, test_result_base=None, continue_on_error=False, executor='parallel', parallel_workers=12, event_handlers=None, ignore_user_meta=False, metas=['./colcon.meta'], base_paths=['.'], packages_ignore=None, packages_ignore_regex=None, paths=None, packages_up_to=None, packages_up_to_regex=None, packages_above=None, packages_above_and_dependencies=None, packages_above_depth=None, packages_select_by_dep=None, packages_skip_by_dep=None, packages_skip_up_to=None, packages_select_build_failed=False, packages_skip_build_finished=False, packages_select_test_failures=False, packages_skip_test_passed=False, packages_select=None, packages_skip=None, packages_select_regex=None, packages_skip_regex=None, packages_start=None, packages_end=None, allow_overriding=[], cmake_args=None, cmake_target=None, cmake_target_skip_unavailable=False, cmake_clean_cache=False, cmake_clean_first=False, cmake_force_configure=False, ament_cmake_args=None, catkin_cmake_args=None, catkin_skip_building_tests=False, mixin_files=None, mixin=None, verb_parser=<colcon_mixin.mixin.mixin_argument.MixinArgumentDecorator object at 0x794b893c2cf0>, verb_extension=<colcon_core.verb.build.BuildVerb object at 0x794b893987d0>, main=<bound method BuildVerb.main of <colcon_core.verb.build.BuildVerb object at 0x794b893987d0>>, mixin_verb=('build',))
[0.176s] Level 1:colcon.colcon_core.package_discovery:discover_packages(colcon_meta) check parameters
[0.177s] Level 1:colcon.colcon_core.package_discovery:discover_packages(recursive) check parameters
[0.177s] Level 1:colcon.colcon_core.package_discovery:discover_packages(ignore) check parameters
[0.177s] Level 1:colcon.colcon_core.package_discovery:discover_packages(path) check parameters
[0.177s] Level 1:colcon.colcon_core.package_discovery:discover_packages(colcon_meta) discover
[0.177s] Level 1:colcon.colcon_core.package_discovery:discover_packages(recursive) discover
[0.177s] INFO:colcon.colcon_core.package_discovery:Crawling recursively for packages in '/home/daniel-robayo/handIA2/ros'
[0.177s] Level 1:colcon.colcon_core.package_identification:_identify(.) by extensions ['ignore', 'ignore_ament_install']
[0.177s] Level 1:colcon.colcon_core.package_identification:_identify(.) by extension 'ignore'
[0.177s] Level 1:colcon.colcon_core.package_identification:_identify(.) by extension 'ignore_ament_install'
[0.177s] Level 1:colcon.colcon_core.package_identification:_identify(.) by extensions ['colcon_pkg']
[0.177s] Level 1:colcon.colcon_core.package_identification:_identify(.) by extension 'colcon_pkg'
[0.177s] Level 1:colcon.colcon_core.package_identification:_identify(.) by extensions ['colcon_meta']
[0.177s] Level 1:colcon.colcon_core.package_identification:_identify(.) by extension 'colcon_meta'
[0.177s] Level 1:colcon.colcon_core.package_identification:_identify(.) by extensions ['ros']
[0.177s] Level 1:colcon.colcon_core.package_identification:_identify(.) by extension 'ros'
[0.204s] Level 1:colcon.colcon_core.package_identification:_identify(.) by extensions ['cmake', 'python']
[0.204s] Level 1:colcon.colcon_core.package_identification:_identify(.) by extension 'cmake'
[0.205s] Level 1:colcon.colcon_core.package_identification:_identify(.) by extension 'python'
[0.205s] Level 1:colcon.colcon_core.package_identification:_identify(.) by extensions ['python_setup_py']
[0.205s] Level 1:colcon.colcon_core.package_identification:_identify(.) by extension 'python_setup_py'
[0.205s] Level 1:colcon.colcon_core.package_identification:_identify(build) by extensions ['ignore', 'ignore_ament_install']
[0.205s] Level 1:colcon.colcon_core.package_identification:_identify(build) by extension 'ignore'
[0.205s] Level 1:colcon.colcon_core.package_identification:_identify(build) ignored
[0.205s] Level 1:colcon.colcon_core.package_identification:_identify(install) by extensions ['ignore', 'ignore_ament_install']
[0.205s] Level 1:colcon.colcon_core.package_identification:_identify(install) by extension 'ignore'
[0.205s] Level 1:colcon.colcon_core.package_identification:_identify(install) ignored
[0.205s] Level 1:colcon.colcon_core.package_identification:_identify(log) by extensions ['ignore', 'ignore_ament_install']
[0.205s] Level 1:colcon.colcon_core.package_identification:_identify(log) by extension 'ignore'
[0.205s] Level 1:colcon.colcon_core.package_identification:_identify(log) ignored
[0.205s] Level 1:colcon.colcon_core.package_identification:_identify(src) by extensions ['ignore', 'ignore_ament_install']
[0.205s] Level 1:colcon.colcon_core.package_identification:_identify(src) by extension 'ignore'
[0.206s] Level 1:colcon.colcon_core.package_identification:_identify(src) by extension 'ignore_ament_install'
[0.206s] Level 1:colcon.colcon_core.package_identification:_identify(src) by extensions ['colcon_pkg']
[0.206s] Level 1:colcon.colcon_core.package_identification:_identify(src) by extension 'colcon_pkg'
[0.206s] Level 1:colcon.colcon_core.package_identification:_identify(src) by extensions ['colcon_meta']
[0.206s] Level 1:colcon.colcon_core.package_identification:_identify(src) by extension 'colcon_meta'
[0.206s] Level 1:colcon.colcon_core.package_identification:_identify(src) by extensions ['ros']
[0.206s] Level 1:colcon.colcon_core.package_identification:_identify(src) by extension 'ros'
[0.206s] Level 1:colcon.colcon_core.package_identification:_identify(src) by extensions ['cmake', 'python']
[0.206s] Level 1:colcon.colcon_core.package_identification:_identify(src) by extension 'cmake'
[0.206s] Level 1:colcon.colcon_core.package_identification:_identify(src) by extension 'python'
[0.206s] Level 1:colcon.colcon_core.package_identification:_identify(src) by extensions ['python_setup_py']
[0.206s] Level 1:colcon.colcon_core.package_identification:_identify(src) by extension 'python_setup_py'
[0.206s] Level 1:colcon.colcon_core.package_identification:_identify(src/build) by extensions ['ignore', 'ignore_ament_install']
[0.206s] Level 1:colcon.colcon_core.package_identification:_identify(src/build) by extension 'ignore'
[0.206s] Level 1:colcon.colcon_core.package_identification:_identify(src/build) ignored
[0.206s] Level 1:colcon.colcon_core.package_identification:_identify(src/handesp) by extensions ['ignore', 'ignore_ament_install']
[0.206s] Level 1:colcon.colcon_core.package_identification:_identify(src/handesp) by extension 'ignore'
[0.206s] Level 1:colcon.colcon_core.package_identification:_identify(src/handesp) by extension 'ignore_ament_install'
[0.206s] Level 1:colcon.colcon_core.package_identification:_identify(src/handesp) by extensions ['colcon_pkg']
[0.207s] Level 1:colcon.colcon_core.package_identification:_identify(src/handesp) by extension 'colcon_pkg'
[0.207s] Level 1:colcon.colcon_core.package_identification:_identify(src/handesp) by extensions ['colcon_meta']
[0.207s] Level 1:colcon.colcon_core.package_identification:_identify(src/handesp) by extension 'colcon_meta'
[0.207s] Level 1:colcon.colcon_core.package_identification:_identify(src/handesp) by extensions ['ros']
[0.207s] Level 1:colcon.colcon_core.package_identification:_identify(src/handesp) by extension 'ros'
[0.207s] Level 1:colcon.colcon_core.package_identification:_identify(src/handesp) by extensions ['cmake', 'python']
[0.207s] Level 1:colcon.colcon_core.package_identification:_identify(src/handesp) by extension 'cmake'
[0.207s] Level 1:colcon.colcon_core.package_identification:_identify(src/handesp) by extension 'python'
[0.207s] Level 1:colcon.colcon_core.package_identification:_identify(src/handesp) by extensions ['python_setup_py']
[0.207s] Level 1:colcon.colcon_core.package_identification:_identify(src/handesp) by extension 'python_setup_py'
[0.207s] Level 1:colcon.colcon_core.package_identification:_identify(src/handesp/include) by extensions ['ignore', 'ignore_ament_install']
[0.207s] Level 1:colcon.colcon_core.package_identification:_identify(src/handesp/include) by extension 'ignore'
[0.207s] Level 1:colcon.colcon_core.package_identification:_identify(src/handesp/include) by extension 'ignore_ament_install'
[0.207s] Level 1:colcon.colcon_core.package_identification:_identify(src/handesp/include) by extensions ['colcon_pkg']
[0.207s] Level 1:colcon.colcon_core.package_identification:_identify(src/handesp/include) by extension 'colcon_pkg'
[0.207s] Level 1:colcon.colcon_core.package_identification:_identify(src/handesp/include) by extensions ['colcon_meta']
[0.207s] Level 1:colcon.colcon_core.package_identification:_identify(src/handesp/include) by extension 'colcon_meta'
[0.207s] Level 1:colcon.colcon_core.package_identification:_identify(src/handesp/include) by extensions ['ros']
[0.207s] Level 1:colcon.colcon_core.package_identification:_identify(src/handesp/include) by extension 'ros'
[0.207s] Level 1:colcon.colcon_core.package_identification:_identify(src/handesp/include) by extensions ['cmake', 'python']
[0.207s] Level 1:colcon.colcon_core.package_identification:_identify(src/handesp/include) by extension 'cmake'
[0.207s] Level 1:colcon.colcon_core.package_identification:_identify(src/handesp/include) by extension 'python'
[0.207s] Level 1:colcon.colcon_core.package_identification:_identify(src/handesp/include) by extensions ['python_setup_py']
[0.207s] Level 1:colcon.colcon_core.package_identification:_identify(src/handesp/include) by extension 'python_setup_py'
[0.208s] Level 1:colcon.colcon_core.package_identification:_identify(src/handesp/lib) by extensions ['ignore', 'ignore_ament_install']
[0.208s] Level 1:colcon.colcon_core.package_identification:_identify(src/handesp/lib) by extension 'ignore'
[0.208s] Level 1:colcon.colcon_core.package_identification:_identify(src/handesp/lib) by extension 'ignore_ament_install'
[0.208s] Level 1:colcon.colcon_core.package_identification:_identify(src/handesp/lib) by extensions ['colcon_pkg']
[0.208s] Level 1:colcon.colcon_core.package_identification:_identify(src/handesp/lib) by extension 'colcon_pkg'
[0.208s] Level 1:colcon.colcon_core.package_identification:_identify(src/handesp/lib) by extensions ['colcon_meta']
[0.208s] Level 1:colcon.colcon_core.package_identification:_identify(src/handesp/lib) by extension 'colcon_meta'
[0.208s] Level 1:colcon.colcon_core.package_identification:_identify(src/handesp/lib) by extensions ['ros']
[0.208s] Level 1:colcon.colcon_core.package_identification:_identify(src/handesp/lib) by extension 'ros'
[0.208s] Level 1:colcon.colcon_core.package_identification:_identify(src/handesp/lib) by extensions ['cmake', 'python']
[0.208s] Level 1:colcon.colcon_core.package_identification:_identify(src/handesp/lib) by extension 'cmake'
[0.208s] Level 1:colcon.colcon_core.package_identification:_identify(src/handesp/lib) by extension 'python'
[0.208s] Level 1:colcon.colcon_core.package_identification:_identify(src/handesp/lib) by extensions ['python_setup_py']
[0.208s] Level 1:colcon.colcon_core.package_identification:_identify(src/handesp/lib) by extension 'python_setup_py'
[0.208s] Level 1:colcon.colcon_core.package_identification:_identify(src/handesp/src) by extensions ['ignore', 'ignore_ament_install']
[0.208s] Level 1:colcon.colcon_core.package_identification:_identify(src/handesp/src) by extension 'ignore'
[0.208s] Level 1:colcon.colcon_core.package_identification:_identify(src/handesp/src) by extension 'ignore_ament_install'
[0.208s] Level 1:colcon.colcon_core.package_identification:_identify(src/handesp/src) by extensions ['colcon_pkg']
[0.208s] Level 1:colcon.colcon_core.package_identification:_identify(src/handesp/src) by extension 'colcon_pkg'
[0.208s] Level 1:colcon.colcon_core.package_identification:_identify(src/handesp/src) by extensions ['colcon_meta']
[0.208s] Level 1:colcon.colcon_core.package_identification:_identify(src/handesp/src) by extension 'colcon_meta'
[0.208s] Level 1:colcon.colcon_core.package_identification:_identify(src/handesp/src) by extensions ['ros']
[0.208s] Level 1:colcon.colcon_core.package_identification:_identify(src/handesp/src) by extension 'ros'
[0.209s] Level 1:colcon.colcon_core.package_identification:_identify(src/handesp/src) by extensions ['cmake', 'python']
[0.209s] Level 1:colcon.colcon_core.package_identification:_identify(src/handesp/src) by extension 'cmake'
[0.209s] Level 1:colcon.colcon_core.package_identification:_identify(src/handesp/src) by extension 'python'
[0.209s] Level 1:colcon.colcon_core.package_identification:_identify(src/handesp/src) by extensions ['python_setup_py']
[0.209s] Level 1:colcon.colcon_core.package_identification:_identify(src/handesp/src) by extension 'python_setup_py'
[0.209s] Level 1:colcon.colcon_core.package_identification:_identify(src/handesp/test) by extensions ['ignore', 'ignore_ament_install']
[0.209s] Level 1:colcon.colcon_core.package_identification:_identify(src/handesp/test) by extension 'ignore'
[0.209s] Level 1:colcon.colcon_core.package_identification:_identify(src/handesp/test) by extension 'ignore_ament_install'
[0.209s] Level 1:colcon.colcon_core.package_identification:_identify(src/handesp/test) by extensions ['colcon_pkg']
[0.209s] Level 1:colcon.colcon_core.package_identification:_identify(src/handesp/test) by extension 'colcon_pkg'
[0.209s] Level 1:colcon.colcon_core.package_identification:_identify(src/handesp/test) by extensions ['colcon_meta']
[0.209s] Level 1:colcon.colcon_core.package_identification:_identify(src/handesp/test) by extension 'colcon_meta'
[0.209s] Level 1:colcon.colcon_core.package_identification:_identify(src/handesp/test) by extensions ['ros']
[0.209s] Level 1:colcon.colcon_core.package_identification:_identify(src/handesp/test) by extension 'ros'
[0.209s] Level 1:colcon.colcon_core.package_identification:_identify(src/handesp/test) by extensions ['cmake', 'python']
[0.209s] Level 1:colcon.colcon_core.package_identification:_identify(src/handesp/test) by extension 'cmake'
[0.209s] Level 1:colcon.colcon_core.package_identification:_identify(src/handesp/test) by extension 'python'
[0.209s] Level 1:colcon.colcon_core.package_identification:_identify(src/handesp/test) by extensions ['python_setup_py']
[0.209s] Level 1:colcon.colcon_core.package_identification:_identify(src/handesp/test) by extension 'python_setup_py'
[0.209s] Level 1:colcon.colcon_core.package_identification:_identify(src/install) by extensions ['ignore', 'ignore_ament_install']
[0.209s] Level 1:colcon.colcon_core.package_identification:_identify(src/install) by extension 'ignore'
[0.209s] Level 1:colcon.colcon_core.package_identification:_identify(src/install) ignored
[0.210s] Level 1:colcon.colcon_core.package_identification:_identify(src/log) by extensions ['ignore', 'ignore_ament_install']
[0.210s] Level 1:colcon.colcon_core.package_identification:_identify(src/log) by extension 'ignore'
[0.210s] Level 1:colcon.colcon_core.package_identification:_identify(src/log) ignored
[0.210s] Level 1:colcon.colcon_core.package_identification:_identify(src/roshandia_pkg) by extensions ['ignore', 'ignore_ament_install']
[0.210s] Level 1:colcon.colcon_core.package_identification:_identify(src/roshandia_pkg) by extension 'ignore'
[0.210s] Level 1:colcon.colcon_core.package_identification:_identify(src/roshandia_pkg) by extension 'ignore_ament_install'
[0.210s] Level 1:colcon.colcon_core.package_identification:_identify(src/roshandia_pkg) by extensions ['colcon_pkg']
[0.210s] Level 1:colcon.colcon_core.package_identification:_identify(src/roshandia_pkg) by extension 'colcon_pkg'
[0.210s] Level 1:colcon.colcon_core.package_identification:_identify(src/roshandia_pkg) by extensions ['colcon_meta']
[0.210s] Level 1:colcon.colcon_core.package_identification:_identify(src/roshandia_pkg) by extension 'colcon_meta'
[0.210s] Level 1:colcon.colcon_core.package_identification:_identify(src/roshandia_pkg) by extensions ['ros']
[0.210s] Level 1:colcon.colcon_core.package_identification:_identify(src/roshandia_pkg) by extension 'ros'
[0.213s] DEBUG:colcon.colcon_core.package_identification:Package 'src/roshandia_pkg' with type 'ros.ament_python' and name 'roshandia_pkg'
[0.213s] Level 1:colcon.colcon_core.package_identification:_identify(src/roshandmsg_pkg) by extensions ['ignore', 'ignore_ament_install']
[0.213s] Level 1:colcon.colcon_core.package_identification:_identify(src/roshandmsg_pkg) by extension 'ignore'
[0.213s] Level 1:colcon.colcon_core.package_identification:_identify(src/roshandmsg_pkg) by extension 'ignore_ament_install'
[0.213s] Level 1:colcon.colcon_core.package_identification:_identify(src/roshandmsg_pkg) by extensions ['colcon_pkg']
[0.213s] Level 1:colcon.colcon_core.package_identification:_identify(src/roshandmsg_pkg) by extension 'colcon_pkg'
[0.213s] Level 1:colcon.colcon_core.package_identification:_identify(src/roshandmsg_pkg) by extensions ['colcon_meta']
[0.213s] Level 1:colcon.colcon_core.package_identification:_identify(src/roshandmsg_pkg) by extension 'colcon_meta'
[0.213s] Level 1:colcon.colcon_core.package_identification:_identify(src/roshandmsg_pkg) by extensions ['ros']
[0.213s] Level 1:colcon.colcon_core.package_identification:_identify(src/roshandmsg_pkg) by extension 'ros'
[0.214s] DEBUG:colcon.colcon_core.package_identification:Package 'src/roshandmsg_pkg' with type 'ros.ament_cmake' and name 'roshandmsg_pkg'
[0.214s] Level 1:colcon.colcon_core.package_discovery:discover_packages(recursive) using defaults
[0.214s] Level 1:colcon.colcon_core.package_discovery:discover_packages(ignore) discover
[0.214s] Level 1:colcon.colcon_core.package_discovery:discover_packages(ignore) using defaults
[0.214s] Level 1:colcon.colcon_core.package_discovery:discover_packages(path) discover
[0.214s] Level 1:colcon.colcon_core.package_discovery:discover_packages(path) using defaults
[0.233s] Level 1:colcon.colcon_core.package_discovery:discover_packages(prefix_path) check parameters
[0.233s] Level 1:colcon.colcon_core.package_discovery:discover_packages(prefix_path) discover
[0.235s] DEBUG:colcon.colcon_installed_package_information.package_discovery:Found 2 installed packages in /home/daniel-robayo/handIA2/ros/install
[0.237s] DEBUG:colcon.colcon_installed_package_information.package_discovery:Found 404 installed packages in /opt/ros/jazzy
[0.238s] Level 1:colcon.colcon_core.package_discovery:discover_packages(prefix_path) using defaults
[0.290s] Level 5:colcon.colcon_core.verb:set package 'roshandmsg_pkg' build argument 'cmake_args' from command line to 'None'
[0.290s] Level 5:colcon.colcon_core.verb:set package 'roshandmsg_pkg' build argument 'cmake_target' from command line to 'None'
[0.290s] Level 5:colcon.colcon_core.verb:set package 'roshandmsg_pkg' build argument 'cmake_target_skip_unavailable' from command line to 'False'
[0.290s] Level 5:colcon.colcon_core.verb:set package 'roshandmsg_pkg' build argument 'cmake_clean_cache' from command line to 'False'
[0.290s] Level 5:colcon.colcon_core.verb:set package 'roshandmsg_pkg' build argument 'cmake_clean_first' from command line to 'False'
[0.290s] Level 5:colcon.colcon_core.verb:set package 'roshandmsg_pkg' build argument 'cmake_force_configure' from command line to 'False'
[0.290s] Level 5:colcon.colcon_core.verb:set package 'roshandmsg_pkg' build argument 'ament_cmake_args' from command line to 'None'
[0.290s] Level 5:colcon.colcon_core.verb:set package 'roshandmsg_pkg' build argument 'catkin_cmake_args' from command line to 'None'
[0.290s] Level 5:colcon.colcon_core.verb:set package 'roshandmsg_pkg' build argument 'catkin_skip_building_tests' from command line to 'False'
[0.290s] DEBUG:colcon.colcon_core.verb:Building package 'roshandmsg_pkg' with the following arguments: {'ament_cmake_args': None, 'build_base': '/home/daniel-robayo/handIA2/ros/build/roshandmsg_pkg', 'catkin_cmake_args': None, 'catkin_skip_building_tests': False, 'cmake_args': None, 'cmake_clean_cache': False, 'cmake_clean_first': False, 'cmake_force_configure': False, 'cmake_target': None, 'cmake_target_skip_unavailable': False, 'install_base': '/home/daniel-robayo/handIA2/ros/install/roshandmsg_pkg', 'merge_install': False, 'path': '/home/daniel-robayo/handIA2/ros/src/roshandmsg_pkg', 'symlink_install': False, 'test_result_base': None}
[0.290s] Level 5:colcon.colcon_core.verb:set package 'roshandia_pkg' build argument 'cmake_args' from command line to 'None'
[0.290s] Level 5:colcon.colcon_core.verb:set package 'roshandia_pkg' build argument 'cmake_target' from command line to 'None'
[0.291s] Level 5:colcon.colcon_core.verb:set package 'roshandia_pkg' build argument 'cmake_target_skip_unavailable' from command line to 'False'
[0.291s] Level 5:colcon.colcon_core.verb:set package 'roshandia_pkg' build argument 'cmake_clean_cache' from command line to 'False'
[0.291s] Level 5:colcon.colcon_core.verb:set package 'roshandia_pkg' build argument 'cmake_clean_first' from command line to 'False'
[0.291s] Level 5:colcon.colcon_core.verb:set package 'roshandia_pkg' build argument 'cmake_force_configure' from command line to 'False'
[0.291s] Level 5:colcon.colcon_core.verb:set package 'roshandia_pkg' build argument 'ament_cmake_args' from command line to 'None'
[0.291s] Level 5:colcon.colcon_core.verb:set package 'roshandia_pkg' build argument 'catkin_cmake_args' from command line to 'None'
[0.291s] Level 5:colcon.colcon_core.verb:set package 'roshandia_pkg' build argument 'catkin_skip_building_tests' from command line to 'False'
[0.291s] DEBUG:colcon.colcon_core.verb:Building package 'roshandia_pkg' with the following arguments: {'ament_cmake_args': None, 'build_base': '/home/daniel-robayo/handIA2/ros/build/roshandia_pkg', 'catkin_cmake_args': None, 'catkin_skip_building_tests': False, 'cmake_args': None, 'cmake_clean_cache': False, 'cmake_clean_first': False, 'cmake_force_configure': False, 'cmake_target': None, 'cmake_target_skip_unavailable': False, 'install_base': '/home/daniel-robayo/handIA2/ros/install/roshandia_pkg', 'merge_install': False, 'path': '/home/daniel-robayo/handIA2/ros/src/roshandia_pkg', 'symlink_install': False, 'test_result_base': None}
[0.291s] INFO:colcon.colcon_core.executor:Executing jobs using 'parallel' executor
[0.292s] DEBUG:colcon.colcon_parallel_executor.executor.parallel:run_until_complete
[0.292s] INFO:colcon.colcon_ros.task.ament_cmake.build:Building ROS package in '/home/daniel-robayo/handIA2/ros/src/roshandmsg_pkg' with build type 'ament_cmake'
[0.292s] INFO:colcon.colcon_cmake.task.cmake.build:Building CMake package in '/home/daniel-robayo/handIA2/ros/src/roshandmsg_pkg'
[0.294s] INFO:colcon.colcon_core.plugin_system:Skipping extension 'colcon_core.shell.bat': Not used on non-Windows systems
[0.294s] INFO:colcon.colcon_core.shell:Skip shell extension 'powershell' for command environment: Not usable outside of PowerShell
[0.294s] DEBUG:colcon.colcon_core.shell:Skip shell extension 'dsv' for command environment
[0.305s] DEBUG:colcon.colcon_core.event_handler.log_command:Invoking command in '/home/daniel-robayo/handIA2/ros/build/roshandmsg_pkg': CMAKE_PREFIX_PATH=${CMAKE_PREFIX_PATH}:/home/daniel-robayo/handIA2/ros/install/roshandia_pkg:/opt/ros/jazzy DEBUGINFOD_URLS=https://debuginfod.ubuntu.com VIRTUAL_ENV_PROMPT=(handIA2) /usr/bin/cmake --build /home/daniel-robayo/handIA2/ros/build/roshandmsg_pkg -- -j12 -l12
[0.868s] DEBUG:colcon.colcon_core.event_handler.log_command:Invoked command in '/home/daniel-robayo/handIA2/ros/build/roshandmsg_pkg' returned '0': CMAKE_PREFIX_PATH=${CMAKE_PREFIX_PATH}:/home/daniel-robayo/handIA2/ros/install/roshandia_pkg:/opt/ros/jazzy DEBUGINFOD_URLS=https://debuginfod.ubuntu.com VIRTUAL_ENV_PROMPT=(handIA2) /usr/bin/cmake --build /home/daniel-robayo/handIA2/ros/build/roshandmsg_pkg -- -j12 -l12
[0.880s] DEBUG:colcon.colcon_core.event_handler.log_command:Invoking command in '/home/daniel-robayo/handIA2/ros/build/roshandmsg_pkg': CMAKE_PREFIX_PATH=${CMAKE_PREFIX_PATH}:/home/daniel-robayo/handIA2/ros/install/roshandia_pkg:/opt/ros/jazzy DEBUGINFOD_URLS=https://debuginfod.ubuntu.com VIRTUAL_ENV_PROMPT=(handIA2) /usr/bin/cmake --install /home/daniel-robayo/handIA2/ros/build/roshandmsg_pkg
[0.956s] Level 1:colcon.colcon_core.environment:create_environment_scripts_only(roshandmsg_pkg)
[0.957s] DEBUG:colcon.colcon_core.event_handler.log_command:Invoked command in '/home/daniel-robayo/handIA2/ros/build/roshandmsg_pkg' returned '0': CMAKE_PREFIX_PATH=${CMAKE_PREFIX_PATH}:/home/daniel-robayo/handIA2/ros/install/roshandia_pkg:/opt/ros/jazzy DEBUGINFOD_URLS=https://debuginfod.ubuntu.com VIRTUAL_ENV_PROMPT=(handIA2) /usr/bin/cmake --install /home/daniel-robayo/handIA2/ros/build/roshandmsg_pkg
[0.960s] Level 1:colcon.colcon_core.environment:checking '/home/daniel-robayo/handIA2/ros/install/roshandmsg_pkg' for CMake module files
[0.961s] Level 1:colcon.colcon_core.environment:checking '/home/daniel-robayo/handIA2/ros/install/roshandmsg_pkg' for CMake config files
[0.961s] Level 1:colcon.colcon_core.shell:create_environment_hook('roshandmsg_pkg', 'cmake_prefix_path')
[0.962s] INFO:colcon.colcon_core.shell:Creating environment hook '/home/daniel-robayo/handIA2/ros/install/roshandmsg_pkg/share/roshandmsg_pkg/hook/cmake_prefix_path.ps1'
[0.963s] INFO:colcon.colcon_core.shell:Creating environment descriptor '/home/daniel-robayo/handIA2/ros/install/roshandmsg_pkg/share/roshandmsg_pkg/hook/cmake_prefix_path.dsv'
[0.963s] INFO:colcon.colcon_core.shell:Creating environment hook '/home/daniel-robayo/handIA2/ros/install/roshandmsg_pkg/share/roshandmsg_pkg/hook/cmake_prefix_path.sh'
[0.965s] Level 1:colcon.colcon_core.environment:checking '/home/daniel-robayo/handIA2/ros/install/roshandmsg_pkg/lib'
[0.965s] Level 1:colcon.colcon_core.shell:create_environment_hook('roshandmsg_pkg', 'ld_library_path_lib')
[0.965s] INFO:colcon.colcon_core.shell:Creating environment hook '/home/daniel-robayo/handIA2/ros/install/roshandmsg_pkg/share/roshandmsg_pkg/hook/ld_library_path_lib.ps1'
[0.966s] INFO:colcon.colcon_core.shell:Creating environment descriptor '/home/daniel-robayo/handIA2/ros/install/roshandmsg_pkg/share/roshandmsg_pkg/hook/ld_library_path_lib.dsv'
[0.966s] INFO:colcon.colcon_core.shell:Creating environment hook '/home/daniel-robayo/handIA2/ros/install/roshandmsg_pkg/share/roshandmsg_pkg/hook/ld_library_path_lib.sh'
[0.967s] Level 1:colcon.colcon_core.environment:checking '/home/daniel-robayo/handIA2/ros/install/roshandmsg_pkg/bin'
[0.967s] Level 1:colcon.colcon_core.environment:checking '/home/daniel-robayo/handIA2/ros/install/roshandmsg_pkg/lib/pkgconfig/roshandmsg_pkg.pc'
[0.967s] Level 1:colcon.colcon_core.environment:checking '/home/daniel-robayo/handIA2/ros/install/roshandmsg_pkg/lib/python3.12/site-packages'
[0.967s] Level 1:colcon.colcon_core.shell:create_environment_hook('roshandmsg_pkg', 'pythonpath')
[0.967s] INFO:colcon.colcon_core.shell:Creating environment hook '/home/daniel-robayo/handIA2/ros/install/roshandmsg_pkg/share/roshandmsg_pkg/hook/pythonpath.ps1'
[0.968s] INFO:colcon.colcon_core.shell:Creating environment descriptor '/home/daniel-robayo/handIA2/ros/install/roshandmsg_pkg/share/roshandmsg_pkg/hook/pythonpath.dsv'
[0.968s] INFO:colcon.colcon_core.shell:Creating environment hook '/home/daniel-robayo/handIA2/ros/install/roshandmsg_pkg/share/roshandmsg_pkg/hook/pythonpath.sh'
[0.969s] Level 1:colcon.colcon_core.environment:checking '/home/daniel-robayo/handIA2/ros/install/roshandmsg_pkg/bin'
[0.970s] INFO:colcon.colcon_core.shell:Creating package script '/home/daniel-robayo/handIA2/ros/install/roshandmsg_pkg/share/roshandmsg_pkg/package.ps1'
[0.971s] INFO:colcon.colcon_core.shell:Creating package descriptor '/home/daniel-robayo/handIA2/ros/install/roshandmsg_pkg/share/roshandmsg_pkg/package.dsv'
[0.972s] INFO:colcon.colcon_core.shell:Creating package script '/home/daniel-robayo/handIA2/ros/install/roshandmsg_pkg/share/roshandmsg_pkg/package.sh'
[0.972s] INFO:colcon.colcon_core.shell:Creating package script '/home/daniel-robayo/handIA2/ros/install/roshandmsg_pkg/share/roshandmsg_pkg/package.bash'
[0.973s] INFO:colcon.colcon_core.shell:Creating package script '/home/daniel-robayo/handIA2/ros/install/roshandmsg_pkg/share/roshandmsg_pkg/package.zsh'
[0.974s] Level 1:colcon.colcon_core.environment:create_file_with_runtime_dependencies(/home/daniel-robayo/handIA2/ros/install/roshandmsg_pkg/share/colcon-core/packages/roshandmsg_pkg)
[0.975s] Level 1:colcon.colcon_core.environment:create_environment_scripts_only(roshandmsg_pkg)
[0.975s] Level 1:colcon.colcon_core.environment:checking '/home/daniel-robayo/handIA2/ros/install/roshandmsg_pkg' for CMake module files
[0.976s] Level 1:colcon.colcon_core.environment:checking '/home/daniel-robayo/handIA2/ros/install/roshandmsg_pkg' for CMake config files
[0.976s] Level 1:colcon.colcon_core.shell:create_environment_hook('roshandmsg_pkg', 'cmake_prefix_path')
[0.977s] INFO:colcon.colcon_core.shell:Creating environment hook '/home/daniel-robayo/handIA2/ros/install/roshandmsg_pkg/share/roshandmsg_pkg/hook/cmake_prefix_path.ps1'
[0.977s] INFO:colcon.colcon_core.shell:Creating environment descriptor '/home/daniel-robayo/handIA2/ros/install/roshandmsg_pkg/share/roshandmsg_pkg/hook/cmake_prefix_path.dsv'
[0.978s] INFO:colcon.colcon_core.shell:Creating environment hook '/home/daniel-robayo/handIA2/ros/install/roshandmsg_pkg/share/roshandmsg_pkg/hook/cmake_prefix_path.sh'
[0.978s] Level 1:colcon.colcon_core.environment:checking '/home/daniel-robayo/handIA2/ros/install/roshandmsg_pkg/lib'
[0.979s] Level 1:colcon.colcon_core.shell:create_environment_hook('roshandmsg_pkg', 'ld_library_path_lib')
[0.979s] INFO:colcon.colcon_core.shell:Creating environment hook '/home/daniel-robayo/handIA2/ros/install/roshandmsg_pkg/share/roshandmsg_pkg/hook/ld_library_path_lib.ps1'
[0.979s] INFO:colcon.colcon_core.shell:Creating environment descriptor '/home/daniel-robayo/handIA2/ros/install/roshandmsg_pkg/share/roshandmsg_pkg/hook/ld_library_path_lib.dsv'
[0.980s] INFO:colcon.colcon_core.shell:Creating environment hook '/home/daniel-robayo/handIA2/ros/install/roshandmsg_pkg/share/roshandmsg_pkg/hook/ld_library_path_lib.sh'
[0.980s] Level 1:colcon.colcon_core.environment:checking '/home/daniel-robayo/handIA2/ros/install/roshandmsg_pkg/bin'
[0.980s] Level 1:colcon.colcon_core.environment:checking '/home/daniel-robayo/handIA2/ros/install/roshandmsg_pkg/lib/pkgconfig/roshandmsg_pkg.pc'
[0.980s] Level 1:colcon.colcon_core.environment:checking '/home/daniel-robayo/handIA2/ros/install/roshandmsg_pkg/lib/python3.12/site-packages'
[0.981s] Level 1:colcon.colcon_core.shell:create_environment_hook('roshandmsg_pkg', 'pythonpath')
[0.981s] INFO:colcon.colcon_core.shell:Creating environment hook '/home/daniel-robayo/handIA2/ros/install/roshandmsg_pkg/share/roshandmsg_pkg/hook/pythonpath.ps1'
[0.981s] INFO:colcon.colcon_core.shell:Creating environment descriptor '/home/daniel-robayo/handIA2/ros/install/roshandmsg_pkg/share/roshandmsg_pkg/hook/pythonpath.dsv'
[0.982s] INFO:colcon.colcon_core.shell:Creating environment hook '/home/daniel-robayo/handIA2/ros/install/roshandmsg_pkg/share/roshandmsg_pkg/hook/pythonpath.sh'
[0.982s] Level 1:colcon.colcon_core.environment:checking '/home/daniel-robayo/handIA2/ros/install/roshandmsg_pkg/bin'
[0.983s] INFO:colcon.colcon_core.shell:Creating package script '/home/daniel-robayo/handIA2/ros/install/roshandmsg_pkg/share/roshandmsg_pkg/package.ps1'
[0.983s] INFO:colcon.colcon_core.shell:Creating package descriptor '/home/daniel-robayo/handIA2/ros/install/roshandmsg_pkg/share/roshandmsg_pkg/package.dsv'
[0.984s] INFO:colcon.colcon_core.shell:Creating package script '/home/daniel-robayo/handIA2/ros/install/roshandmsg_pkg/share/roshandmsg_pkg/package.sh'
[0.984s] INFO:colcon.colcon_core.shell:Creating package script '/home/daniel-robayo/handIA2/ros/install/roshandmsg_pkg/share/roshandmsg_pkg/package.bash'
[0.985s] INFO:colcon.colcon_core.shell:Creating package script '/home/daniel-robayo/handIA2/ros/install/roshandmsg_pkg/share/roshandmsg_pkg/package.zsh'
[0.985s] Level 1:colcon.colcon_core.environment:create_file_with_runtime_dependencies(/home/daniel-robayo/handIA2/ros/install/roshandmsg_pkg/share/colcon-core/packages/roshandmsg_pkg)
[0.985s] INFO:colcon.colcon_ros.task.ament_python.build:Building ROS package in '/home/daniel-robayo/handIA2/ros/src/roshandia_pkg' with build type 'ament_python'
[0.986s] Level 1:colcon.colcon_core.shell:create_environment_hook('roshandia_pkg', 'ament_prefix_path')
[0.986s] INFO:colcon.colcon_core.shell:Creating environment hook '/home/daniel-robayo/handIA2/ros/install/roshandia_pkg/share/roshandia_pkg/hook/ament_prefix_path.ps1'
[0.987s] INFO:colcon.colcon_core.shell:Creating environment descriptor '/home/daniel-robayo/handIA2/ros/install/roshandia_pkg/share/roshandia_pkg/hook/ament_prefix_path.dsv'
[0.987s] INFO:colcon.colcon_core.shell:Creating environment hook '/home/daniel-robayo/handIA2/ros/install/roshandia_pkg/share/roshandia_pkg/hook/ament_prefix_path.sh'
[0.987s] INFO:colcon.colcon_core.shell:Skip shell extension 'powershell' for command environment: Not usable outside of PowerShell
[0.988s] DEBUG:colcon.colcon_core.shell:Skip shell extension 'dsv' for command environment
[1.296s] INFO:colcon.colcon_core.task.python.build:Building Python package in '/home/daniel-robayo/handIA2/ros/src/roshandia_pkg'
[1.296s] INFO:colcon.colcon_core.shell:Skip shell extension 'powershell' for command environment: Not usable outside of PowerShell
[1.296s] DEBUG:colcon.colcon_core.shell:Skip shell extension 'dsv' for command environment
[2.226s] DEBUG:colcon.colcon_core.event_handler.log_command:Invoking command in '/home/daniel-robayo/handIA2/ros/src/roshandia_pkg': DEBUGINFOD_URLS=https://debuginfod.ubuntu.com PYTHONPATH=/home/daniel-robayo/handIA2/ros/build/roshandia_pkg/prefix_override:/usr/lib/python3/dist-packages/colcon_core/task/python/colcon_distutils_commands:/home/daniel-robayo/handIA2/ros/install/roshandia_pkg/lib/python3.12/site-packages:/home/daniel-robayo/handIA2/ros/install/roshandmsg_pkg/lib/python3.12/site-packages:/home/daniel-robayo/handIA2/ros/install/roshandia_pkg/lib/python3.12/site-packages:/opt/ros/jazzy/lib/python3.12/site-packages VIRTUAL_ENV_PROMPT=(handIA2) /usr/bin/python3 -W ignore:setup.py install is deprecated -W ignore:easy_install command is deprecated setup.py egg_info --egg-base ../../build/roshandia_pkg build --build-base /home/daniel-robayo/handIA2/ros/build/roshandia_pkg/build install --record /home/daniel-robayo/handIA2/ros/build/roshandia_pkg/install.log --single-version-externally-managed install_data
[3.072s] Level 1:colcon.colcon_core.environment:checking '/home/daniel-robayo/handIA2/ros/install/roshandia_pkg' for CMake module files
[3.073s] DEBUG:colcon.colcon_core.event_handler.log_command:Invoked command in '/home/daniel-robayo/handIA2/ros/src/roshandia_pkg' returned '0': DEBUGINFOD_URLS=https://debuginfod.ubuntu.com PYTHONPATH=/home/daniel-robayo/handIA2/ros/build/roshandia_pkg/prefix_override:/usr/lib/python3/dist-packages/colcon_core/task/python/colcon_distutils_commands:/home/daniel-robayo/handIA2/ros/install/roshandia_pkg/lib/python3.12/site-packages:/home/daniel-robayo/handIA2/ros/install/roshandmsg_pkg/lib/python3.12/site-packages:/home/daniel-robayo/handIA2/ros/install/roshandia_pkg/lib/python3.12/site-packages:/opt/ros/jazzy/lib/python3.12/site-packages VIRTUAL_ENV_PROMPT=(handIA2) /usr/bin/python3 -W ignore:setup.py install is deprecated -W ignore:easy_install command is deprecated setup.py egg_info --egg-base ../../build/roshandia_pkg build --build-base /home/daniel-robayo/handIA2/ros/build/roshandia_pkg/build install --record /home/daniel-robayo/handIA2/ros/build/roshandia_pkg/install.log --single-version-externally-managed install_data
[3.073s] Level 1:colcon.colcon_core.environment:checking '/home/daniel-robayo/handIA2/ros/install/roshandia_pkg' for CMake config files
[3.074s] Level 1:colcon.colcon_core.environment:checking '/home/daniel-robayo/handIA2/ros/install/roshandia_pkg/lib'
[3.074s] Level 1:colcon.colcon_core.environment:checking '/home/daniel-robayo/handIA2/ros/install/roshandia_pkg/bin'
[3.074s] Level 1:colcon.colcon_core.environment:checking '/home/daniel-robayo/handIA2/ros/install/roshandia_pkg/lib/pkgconfig/roshandia_pkg.pc'
[3.075s] Level 1:colcon.colcon_core.environment:checking '/home/daniel-robayo/handIA2/ros/install/roshandia_pkg/lib/python3.12/site-packages'
[3.075s] Level 1:colcon.colcon_core.shell:create_environment_hook('roshandia_pkg', 'pythonpath')
[3.075s] INFO:colcon.colcon_core.shell:Creating environment hook '/home/daniel-robayo/handIA2/ros/install/roshandia_pkg/share/roshandia_pkg/hook/pythonpath.ps1'
[3.076s] INFO:colcon.colcon_core.shell:Creating environment descriptor '/home/daniel-robayo/handIA2/ros/install/roshandia_pkg/share/roshandia_pkg/hook/pythonpath.dsv'
[3.076s] INFO:colcon.colcon_core.shell:Creating environment hook '/home/daniel-robayo/handIA2/ros/install/roshandia_pkg/share/roshandia_pkg/hook/pythonpath.sh'
[3.077s] Level 1:colcon.colcon_core.environment:checking '/home/daniel-robayo/handIA2/ros/install/roshandia_pkg/bin'
[3.077s] Level 1:colcon.colcon_core.environment:create_environment_scripts_only(roshandia_pkg)
[3.078s] INFO:colcon.colcon_core.shell:Creating package script '/home/daniel-robayo/handIA2/ros/install/roshandia_pkg/share/roshandia_pkg/package.ps1'
[3.078s] INFO:colcon.colcon_core.shell:Creating package descriptor '/home/daniel-robayo/handIA2/ros/install/roshandia_pkg/share/roshandia_pkg/package.dsv'
[3.079s] INFO:colcon.colcon_core.shell:Creating package script '/home/daniel-robayo/handIA2/ros/install/roshandia_pkg/share/roshandia_pkg/package.sh'
[3.079s] INFO:colcon.colcon_core.shell:Creating package script '/home/daniel-robayo/handIA2/ros/install/roshandia_pkg/share/roshandia_pkg/package.bash'
[3.080s] INFO:colcon.colcon_core.shell:Creating package script '/home/daniel-robayo/handIA2/ros/install/roshandia_pkg/share/roshandia_pkg/package.zsh'
[3.080s] Level 1:colcon.colcon_core.environment:create_file_with_runtime_dependencies(/home/daniel-robayo/handIA2/ros/install/roshandia_pkg/share/colcon-core/packages/roshandia_pkg)
[3.080s] DEBUG:colcon.colcon_parallel_executor.executor.parallel:closing loop
[3.081s] DEBUG:colcon.colcon_parallel_executor.executor.parallel:loop closed
[3.081s] DEBUG:colcon.colcon_parallel_executor.executor.parallel:run_until_complete finished with '0'
[3.081s] DEBUG:colcon.colcon_core.event_reactor:joining thread
[3.087s] INFO:colcon.colcon_core.plugin_system:Skipping extension 'colcon_notification.desktop_notification.terminal_notifier': Not used on non-Darwin systems
[3.087s] INFO:colcon.colcon_core.plugin_system:Skipping extension 'colcon_notification.desktop_notification.win32': Not used on non-Windows systems
[3.087s] INFO:colcon.colcon_notification.desktop_notification:Sending desktop notification using 'notify2'
[3.107s] DEBUG:colcon.colcon_core.event_reactor:joined thread
[3.108s] INFO:colcon.colcon_core.shell:Creating prefix script '/home/daniel-robayo/handIA2/ros/install/local_setup.ps1'
[3.109s] INFO:colcon.colcon_core.shell:Creating prefix util module '/home/daniel-robayo/handIA2/ros/install/_local_setup_util_ps1.py'
[3.111s] INFO:colcon.colcon_core.shell:Creating prefix chain script '/home/daniel-robayo/handIA2/ros/install/setup.ps1'
[3.113s] INFO:colcon.colcon_core.shell:Creating prefix script '/home/daniel-robayo/handIA2/ros/install/local_setup.sh'
[3.113s] INFO:colcon.colcon_core.shell:Creating prefix util module '/home/daniel-robayo/handIA2/ros/install/_local_setup_util_sh.py'
[3.114s] INFO:colcon.colcon_core.shell:Creating prefix chain script '/home/daniel-robayo/handIA2/ros/install/setup.sh'
[3.115s] INFO:colcon.colcon_core.shell:Creating prefix script '/home/daniel-robayo/handIA2/ros/install/local_setup.bash'
[3.115s] INFO:colcon.colcon_core.shell:Creating prefix chain script '/home/daniel-robayo/handIA2/ros/install/setup.bash'
[3.116s] INFO:colcon.colcon_core.shell:Creating prefix script '/home/daniel-robayo/handIA2/ros/install/local_setup.zsh'
[3.117s] INFO:colcon.colcon_core.shell:Creating prefix chain script '/home/daniel-robayo/handIA2/ros/install/setup.zsh'
