[0.009s] Invoking command in '/home/daniel-robayo/handIA2/ros/build/roshandmsg_pkg': CMAKE_PREFIX_PATH=${CMAKE_PREFIX_PATH}:/home/daniel-robayo/handIA2/ros/install/roshandia_pkg:/opt/ros/jazzy DEBUGINFOD_URLS=https://debuginfod.ubuntu.com VIRTUAL_ENV_PROMPT=(handIA2) /usr/bin/cmake --build /home/daniel-robayo/handIA2/ros/build/roshandmsg_pkg -- -j12 -l12
[0.033s] -- Found ament_cmake: 2.5.4 (/opt/ros/jazzy/share/ament_cmake/cmake)
[0.049s] -- Found Python3: /home/daniel-robayo/handIA2/handIA2/bin/python3 (found version "3.12.3") found components: Interpreter 
[0.115s] -- Found rosidl_default_generators: 1.6.0 (/opt/ros/jazzy/share/rosidl_default_generators/cmake)
[0.118s] -- Using all available rosidl_typesupport_c: rosidl_typesupport_fastrtps_c;rosidl_typesupport_introspection_c
[0.158s] -- Using all available rosidl_typesupport_cpp: rosidl_typesupport_fastrtps_cpp;rosidl_typesupport_introspection_cpp
[0.189s] -- Found rosidl_adapter: 4.6.6 (/opt/ros/jazzy/share/rosidl_adapter/cmake)
[0.253s] [31mCMake Error at /opt/ros/jazzy/share/rosidl_adapter/cmake/rosidl_adapt_interfaces.cmake:57 (message):
[0.253s]   execute_process(/home/daniel-robayo/handIA2/handIA2/bin/python3 -m
[0.253s]   rosidl_adapter --package-name roshandmsg_pkg --arguments-file
[0.253s]   /home/daniel-robayo/handIA2/ros/build/roshandmsg_pkg/rosidl_adapter__arguments__roshandmsg_pkg.json
[0.253s]   --output-dir
[0.253s]   /home/daniel-robayo/handIA2/ros/build/roshandmsg_pkg/rosidl_adapter/roshandmsg_pkg
[0.253s]   --output-file
[0.253s]   /home/daniel-robayo/handIA2/ros/build/roshandmsg_pkg/rosidl_adapter/roshandmsg_pkg.idls)
[0.253s]   returned error code 1:
[0.253s] 
[0.253s]   Error processing 'fload32 s' of 'roshandmsg_pkg/MsgHand': ''fload32' is an
[0.253s]   invalid message name.  It should have the pattern '^[A-Z][A-Za-z0-9]*$''
[0.253s] 
[0.253s]   Traceback (most recent call last):
[0.253s] 
[0.253s]     File "<frozen runpy>", line 198, in _run_module_as_main
[0.253s]     File "<frozen runpy>", line 88, in _run_code
[0.253s]     File "/opt/ros/jazzy/lib/python3.12/site-packages/rosidl_adapter/__main__.py", line 19, in <module>
[0.253s]       sys.exit(main())
[0.253s]                ^^^^^^
[0.254s]     File "/opt/ros/jazzy/lib/python3.12/site-packages/rosidl_adapter/main.py", line 53, in main
[0.254s]       abs_idl_file = convert_to_idl(
[0.254s]                      ^^^^^^^^^^^^^^^
[0.254s]     File "/opt/ros/jazzy/lib/python3.12/site-packages/rosidl_adapter/__init__.py", line 19, in convert_to_idl
[0.254s]       return convert_msg_to_idl(
[0.254s]              ^^^^^^^^^^^^^^^^^^^
[0.254s]     File "/opt/ros/jazzy/lib/python3.12/site-packages/rosidl_adapter/msg/__init__.py", line 28, in convert_msg_to_idl
[0.254s]       msg = parse_message_string(package_name, input_file.stem, content)
[0.254s]             ^^^^^^^^^^^^^^^^^^^^^^^^^^^^^^^^^^^^^^^^^^^^^^^^^^^^^^^^^^^^
[0.254s]     File "/opt/ros/jazzy/lib/python3.12/site-packages/rosidl_adapter/parser.py", line 521, in parse_message_string
[0.254s]       Type(type_string, context_package_name=pkg_name),
[0.254s]       ^^^^^^^^^^^^^^^^^^^^^^^^^^^^^^^^^^^^^^^^^^^^^^^^
[0.254s]     File "/opt/ros/jazzy/lib/python3.12/site-packages/rosidl_adapter/parser.py", line 278, in __init__
[0.254s]       super(Type, self).__init__(
[0.254s]     File "/opt/ros/jazzy/lib/python3.12/site-packages/rosidl_adapter/parser.py", line 206, in __init__
[0.254s]       raise InvalidResourceName(
[0.254s] 
[0.254s]   rosidl_adapter.parser.InvalidResourceName: 'fload32' is an invalid message
[0.254s]   name.  It should have the pattern '^[A-Z][A-Za-z0-9]*$'
[0.254s] 
[0.254s] Call Stack (most recent call first):
[0.254s]   /opt/ros/jazzy/share/rosidl_cmake/cmake/rosidl_generate_interfaces.cmake:132 (rosidl_adapt_interfaces)
[0.255s]   CMakeLists.txt:11 (rosidl_generate_interfaces)
[0.255s] 
[0.255s] [0m
[0.255s] -- Configuring incomplete, errors occurred!
[0.257s] gmake: *** [Makefile:815: cmake_check_build_system] Error 1
[0.259s] Invoked command in '/home/daniel-robayo/handIA2/ros/build/roshandmsg_pkg' returned '2': CMAKE_PREFIX_PATH=${CMAKE_PREFIX_PATH}:/home/daniel-robayo/handIA2/ros/install/roshandia_pkg:/opt/ros/jazzy DEBUGINFOD_URLS=https://debuginfod.ubuntu.com VIRTUAL_ENV_PROMPT=(handIA2) /usr/bin/cmake --build /home/daniel-robayo/handIA2/ros/build/roshandmsg_pkg -- -j12 -l12
